=============================================
Dataset: lapras
Method:  Novel Human Activity
Mode:    supervised
=============================================
Data loaded ...
Training started ....

Epoch : 1
Train Loss     : 1.0646	 | 	Train Accuracy     : 0.5365
Valid Loss     : 1.3374	 | 	Valid Accuracy     : 0.4865 | 	Valid F1-score      : 0.3427

Epoch : 2
Train Loss     : 0.5735	 | 	Train Accuracy     : 0.8568
Valid Loss     : 1.2691	 | 	Valid Accuracy     : 0.4865 | 	Valid F1-score      : 0.3327

Epoch : 3
Train Loss     : 0.4801	 | 	Train Accuracy     : 0.8359
Valid Loss     : 1.1612	 | 	Valid Accuracy     : 0.5135 | 	Valid F1-score      : 0.3875

Epoch : 4
Train Loss     : 0.3715	 | 	Train Accuracy     : 0.9036
Valid Loss     : 1.0826	 | 	Valid Accuracy     : 0.5405 | 	Valid F1-score      : 0.4336

Epoch : 5
Train Loss     : 0.3272	 | 	Train Accuracy     : 0.9479
Valid Loss     : 0.9590	 | 	Valid Accuracy     : 0.6216 | 	Valid F1-score      : 0.5391

Epoch : 6
Train Loss     : 0.2084	 | 	Train Accuracy     : 0.9453
Valid Loss     : 0.7128	 | 	Valid Accuracy     : 0.6757 | 	Valid F1-score      : 0.6211

Epoch : 7
Train Loss     : 0.2269	 | 	Train Accuracy     : 0.9297
Valid Loss     : 0.5579	 | 	Valid Accuracy     : 0.7568 | 	Valid F1-score      : 0.7343

Epoch : 8
Train Loss     : 0.4408	 | 	Train Accuracy     : 0.8880
Valid Loss     : 0.3971	 | 	Valid Accuracy     : 0.8919 | 	Valid F1-score      : 0.8910

Epoch : 9
Train Loss     : 0.1649	 | 	Train Accuracy     : 0.9661
Valid Loss     : 0.4584	 | 	Valid Accuracy     : 0.8378 | 	Valid F1-score      : 0.8348

Epoch : 10
Train Loss     : 0.2065	 | 	Train Accuracy     : 0.9245
Valid Loss     : 0.4105	 | 	Valid Accuracy     : 0.8919 | 	Valid F1-score      : 0.8921

Epoch : 11
Train Loss     : 0.1639	 | 	Train Accuracy     : 0.9479
Valid Loss     : 0.3644	 | 	Valid Accuracy     : 0.9189 | 	Valid F1-score      : 0.9174

Epoch : 12
Train Loss     : 0.1441	 | 	Train Accuracy     : 0.9583
Valid Loss     : 0.3002	 | 	Valid Accuracy     : 0.9189 | 	Valid F1-score      : 0.9174

Epoch : 13
Train Loss     : 0.2345	 | 	Train Accuracy     : 0.9297
Valid Loss     : 0.2700	 | 	Valid Accuracy     : 0.9189 | 	Valid F1-score      : 0.9174

Epoch : 14
Train Loss     : 0.1971	 | 	Train Accuracy     : 0.8958
Valid Loss     : 0.2635	 | 	Valid Accuracy     : 0.9189 | 	Valid F1-score      : 0.9174

Epoch : 15
Train Loss     : 0.1150	 | 	Train Accuracy     : 0.9714
Valid Loss     : 0.2602	 | 	Valid Accuracy     : 0.9189 | 	Valid F1-score      : 0.9174

Epoch : 16
Train Loss     : 0.2345	 | 	Train Accuracy     : 0.9375
Valid Loss     : 0.2756	 | 	Valid Accuracy     : 0.9189 | 	Valid F1-score      : 0.9174

Epoch : 17
Train Loss     : 0.0980	 | 	Train Accuracy     : 0.9766
Valid Loss     : 0.2558	 | 	Valid Accuracy     : 0.9189 | 	Valid F1-score      : 0.9174

Epoch : 18
Train Loss     : 0.2996	 | 	Train Accuracy     : 0.8516
Valid Loss     : 0.2396	 | 	Valid Accuracy     : 0.9459 | 	Valid F1-score      : 0.9458

Epoch : 19
Train Loss     : 0.1168	 | 	Train Accuracy     : 0.9740
Valid Loss     : 0.3377	 | 	Valid Accuracy     : 0.8919 | 	Valid F1-score      : 0.8910

Epoch : 20
Train Loss     : 0.1557	 | 	Train Accuracy     : 0.9661
Valid Loss     : 0.3673	 | 	Valid Accuracy     : 0.8919 | 	Valid F1-score      : 0.8910

Epoch : 21
Train Loss     : 0.1942	 | 	Train Accuracy     : 0.9323
Valid Loss     : 0.2531	 | 	Valid Accuracy     : 0.9189 | 	Valid F1-score      : 0.9174

Epoch : 22
Train Loss     : 0.1020	 | 	Train Accuracy     : 0.9766
Valid Loss     : 0.2209	 | 	Valid Accuracy     : 0.9189 | 	Valid F1-score      : 0.9174

Epoch : 23
Train Loss     : 0.1459	 | 	Train Accuracy     : 0.9401
Valid Loss     : 0.1811	 | 	Valid Accuracy     : 0.9730 | 	Valid F1-score      : 0.9721

Epoch : 24
Train Loss     : 0.0967	 | 	Train Accuracy     : 0.9818
Valid Loss     : 0.1742	 | 	Valid Accuracy     : 0.9730 | 	Valid F1-score      : 0.9721

Epoch : 25
Train Loss     : 0.2552	 | 	Train Accuracy     : 0.8620
Valid Loss     : 0.1665	 | 	Valid Accuracy     : 0.9730 | 	Valid F1-score      : 0.9721

Epoch : 26
Train Loss     : 0.1138	 | 	Train Accuracy     : 0.9401
Valid Loss     : 0.2378	 | 	Valid Accuracy     : 0.8919 | 	Valid F1-score      : 0.8910

Epoch : 27
Train Loss     : 0.2453	 | 	Train Accuracy     : 0.9401
Valid Loss     : 0.2551	 | 	Valid Accuracy     : 0.9189 | 	Valid F1-score      : 0.9174

Epoch : 28
Train Loss     : 0.2164	 | 	Train Accuracy     : 0.9245
Valid Loss     : 0.2926	 | 	Valid Accuracy     : 0.9189 | 	Valid F1-score      : 0.9174

Epoch : 29
Train Loss     : 0.1229	 | 	Train Accuracy     : 0.9635
Valid Loss     : 0.4225	 | 	Valid Accuracy     : 0.8919 | 	Valid F1-score      : 0.8921

Epoch : 30
Train Loss     : 0.1580	 | 	Train Accuracy     : 0.9635
Valid Loss     : 0.5175	 | 	Valid Accuracy     : 0.8378 | 	Valid F1-score      : 0.8387

Epoch : 31
Train Loss     : 0.1468	 | 	Train Accuracy     : 0.9323
Valid Loss     : 0.3255	 | 	Valid Accuracy     : 0.9189 | 	Valid F1-score      : 0.9174

Epoch : 32
Train Loss     : 0.0639	 | 	Train Accuracy     : 0.9818
Valid Loss     : 0.2683	 | 	Valid Accuracy     : 0.9459 | 	Valid F1-score      : 0.9424

Epoch : 33
Train Loss     : 0.0783	 | 	Train Accuracy     : 0.9818
Valid Loss     : 0.2445	 | 	Valid Accuracy     : 0.9459 | 	Valid F1-score      : 0.9424

Epoch : 34
Train Loss     : 0.1641	 | 	Train Accuracy     : 0.9427
Valid Loss     : 0.2064	 | 	Valid Accuracy     : 0.9459 | 	Valid F1-score      : 0.9424

Epoch : 35
Train Loss     : 0.0714	 | 	Train Accuracy     : 0.9870
Valid Loss     : 0.1948	 | 	Valid Accuracy     : 0.9459 | 	Valid F1-score      : 0.9424

Epoch : 36
Train Loss     : 0.0676	 | 	Train Accuracy     : 0.9896
Valid Loss     : 0.1895	 | 	Valid Accuracy     : 0.9459 | 	Valid F1-score      : 0.9424

Epoch : 37
Train Loss     : 0.1221	 | 	Train Accuracy     : 0.9453
Valid Loss     : 0.1913	 | 	Valid Accuracy     : 0.9459 | 	Valid F1-score      : 0.9424

Epoch : 38
Train Loss     : 0.1105	 | 	Train Accuracy     : 0.9479
Valid Loss     : 0.2055	 | 	Valid Accuracy     : 0.9459 | 	Valid F1-score      : 0.9424

Epoch : 39
Train Loss     : 0.1018	 | 	Train Accuracy     : 0.9870
Valid Loss     : 0.2305	 | 	Valid Accuracy     : 0.9189 | 	Valid F1-score      : 0.9174

Epoch : 40
Train Loss     : 0.0511	 | 	Train Accuracy     : 0.9870
Valid Loss     : 0.2210	 | 	Valid Accuracy     : 0.9459 | 	Valid F1-score      : 0.9424

Epoch : 41
Train Loss     : 0.0701	 | 	Train Accuracy     : 0.9818
Valid Loss     : 0.2083	 | 	Valid Accuracy     : 0.9459 | 	Valid F1-score      : 0.9424

Epoch : 42
Train Loss     : 0.0579	 | 	Train Accuracy     : 0.9896
Valid Loss     : 0.2056	 | 	Valid Accuracy     : 0.9459 | 	Valid F1-score      : 0.9424

Epoch : 43
Train Loss     : 0.0901	 | 	Train Accuracy     : 0.9427
Valid Loss     : 0.1998	 | 	Valid Accuracy     : 0.9459 | 	Valid F1-score      : 0.9424

Epoch : 44
Train Loss     : 0.1658	 | 	Train Accuracy     : 0.9036
Valid Loss     : 0.2410	 | 	Valid Accuracy     : 0.9459 | 	Valid F1-score      : 0.9424

Epoch : 45
Train Loss     : 0.0605	 | 	Train Accuracy     : 0.9844
Valid Loss     : 0.2235	 | 	Valid Accuracy     : 0.9459 | 	Valid F1-score      : 0.9424

Epoch : 46
Train Loss     : 0.0746	 | 	Train Accuracy     : 0.9870
Valid Loss     : 0.2073	 | 	Valid Accuracy     : 0.9459 | 	Valid F1-score      : 0.9424

Epoch : 47
Train Loss     : 0.0502	 | 	Train Accuracy     : 0.9870
Valid Loss     : 0.2004	 | 	Valid Accuracy     : 0.9459 | 	Valid F1-score      : 0.9424

Epoch : 48
Train Loss     : 0.0706	 | 	Train Accuracy     : 0.9844
Valid Loss     : 0.1936	 | 	Valid Accuracy     : 0.9459 | 	Valid F1-score      : 0.9424

Epoch : 49
Train Loss     : 0.0559	 | 	Train Accuracy     : 0.9896
Valid Loss     : 0.2016	 | 	Valid Accuracy     : 0.9459 | 	Valid F1-score      : 0.9424

Epoch : 50
Train Loss     : 0.0674	 | 	Train Accuracy     : 0.9896
Valid Loss     : 0.2312	 | 	Valid Accuracy     : 0.9459 | 	Valid F1-score      : 0.9424

Epoch : 51
Train Loss     : 0.0877	 | 	Train Accuracy     : 0.9453
Valid Loss     : 0.2278	 | 	Valid Accuracy     : 0.9459 | 	Valid F1-score      : 0.9424

Epoch : 52
Train Loss     : 0.0743	 | 	Train Accuracy     : 0.9870
Valid Loss     : 0.2269	 | 	Valid Accuracy     : 0.9459 | 	Valid F1-score      : 0.9424

Epoch : 53
Train Loss     : 0.0802	 | 	Train Accuracy     : 0.9870
Valid Loss     : 0.2139	 | 	Valid Accuracy     : 0.9459 | 	Valid F1-score      : 0.9424

Epoch : 54
Train Loss     : 0.0545	 | 	Train Accuracy     : 0.9844
Valid Loss     : 0.2099	 | 	Valid Accuracy     : 0.9459 | 	Valid F1-score      : 0.9424

Epoch : 55
Train Loss     : 0.0681	 | 	Train Accuracy     : 0.9896
Valid Loss     : 0.1835	 | 	Valid Accuracy     : 0.9459 | 	Valid F1-score      : 0.9424

Epoch : 56
Train Loss     : 0.2519	 | 	Train Accuracy     : 0.8984
Valid Loss     : 0.1749	 | 	Valid Accuracy     : 0.9459 | 	Valid F1-score      : 0.9424

Epoch : 57
Train Loss     : 0.1231	 | 	Train Accuracy     : 0.9401
Valid Loss     : 0.1961	 | 	Valid Accuracy     : 0.9459 | 	Valid F1-score      : 0.9424

Epoch : 58
Train Loss     : 0.1832	 | 	Train Accuracy     : 0.9427
Valid Loss     : 0.2436	 | 	Valid Accuracy     : 0.9459 | 	Valid F1-score      : 0.9424

Epoch : 59
Train Loss     : 0.0549	 | 	Train Accuracy     : 0.9870
Valid Loss     : 0.2108	 | 	Valid Accuracy     : 0.9459 | 	Valid F1-score      : 0.9424

Epoch : 60
Train Loss     : 0.0798	 | 	Train Accuracy     : 0.9870
Valid Loss     : 0.2058	 | 	Valid Accuracy     : 0.9459 | 	Valid F1-score      : 0.9424

Epoch : 61
Train Loss     : 0.3566	 | 	Train Accuracy     : 0.8984
Valid Loss     : 0.2393	 | 	Valid Accuracy     : 0.9189 | 	Valid F1-score      : 0.9174

Epoch : 62
Train Loss     : 0.0563	 | 	Train Accuracy     : 0.9870
Valid Loss     : 0.2140	 | 	Valid Accuracy     : 0.9459 | 	Valid F1-score      : 0.9424

Epoch : 63
Train Loss     : 0.0602	 | 	Train Accuracy     : 0.9870
Valid Loss     : 0.2282	 | 	Valid Accuracy     : 0.9459 | 	Valid F1-score      : 0.9424

Epoch : 64
Train Loss     : 0.0633	 | 	Train Accuracy     : 0.9818
Valid Loss     : 0.2353	 | 	Valid Accuracy     : 0.9459 | 	Valid F1-score      : 0.9424

Epoch : 65
Train Loss     : 0.0683	 | 	Train Accuracy     : 0.9818
Valid Loss     : 0.2148	 | 	Valid Accuracy     : 0.9459 | 	Valid F1-score      : 0.9424

Epoch : 66
Train Loss     : 0.0818	 | 	Train Accuracy     : 0.9818
Valid Loss     : 0.2306	 | 	Valid Accuracy     : 0.9459 | 	Valid F1-score      : 0.9424

Epoch : 67
Train Loss     : 0.0893	 | 	Train Accuracy     : 0.9844
Valid Loss     : 0.2016	 | 	Valid Accuracy     : 0.9459 | 	Valid F1-score      : 0.9424

Epoch : 68
Train Loss     : 0.0512	 | 	Train Accuracy     : 0.9896
Valid Loss     : 0.2189	 | 	Valid Accuracy     : 0.9459 | 	Valid F1-score      : 0.9424

Epoch : 69
Train Loss     : 0.0554	 | 	Train Accuracy     : 0.9818
Valid Loss     : 0.2234	 | 	Valid Accuracy     : 0.9459 | 	Valid F1-score      : 0.9424

Epoch : 70
Train Loss     : 0.0534	 | 	Train Accuracy     : 0.9844
Valid Loss     : 0.2095	 | 	Valid Accuracy     : 0.9459 | 	Valid F1-score      : 0.9424

Epoch : 71
Train Loss     : 0.0565	 | 	Train Accuracy     : 0.9818
Valid Loss     : 0.1923	 | 	Valid Accuracy     : 0.9459 | 	Valid F1-score      : 0.9424

Epoch : 72
Train Loss     : 0.0654	 | 	Train Accuracy     : 0.9844
Valid Loss     : 0.1846	 | 	Valid Accuracy     : 0.9459 | 	Valid F1-score      : 0.9424

Epoch : 73
Train Loss     : 0.0525	 | 	Train Accuracy     : 0.9870
Valid Loss     : 0.2094	 | 	Valid Accuracy     : 0.9459 | 	Valid F1-score      : 0.9424

Epoch : 74
Train Loss     : 0.0501	 | 	Train Accuracy     : 0.9844
Valid Loss     : 0.2128	 | 	Valid Accuracy     : 0.9459 | 	Valid F1-score      : 0.9424

Epoch : 75
Train Loss     : 0.0656	 | 	Train Accuracy     : 0.9818
Valid Loss     : 0.2363	 | 	Valid Accuracy     : 0.9459 | 	Valid F1-score      : 0.9424

Epoch : 76
Train Loss     : 0.0721	 | 	Train Accuracy     : 0.9896
Valid Loss     : 0.2419	 | 	Valid Accuracy     : 0.9189 | 	Valid F1-score      : 0.9174

Epoch : 77
Train Loss     : 0.0602	 | 	Train Accuracy     : 0.9870
Valid Loss     : 0.2580	 | 	Valid Accuracy     : 0.9189 | 	Valid F1-score      : 0.9174

Epoch : 78
Train Loss     : 0.0573	 | 	Train Accuracy     : 0.9896
Valid Loss     : 0.2523	 | 	Valid Accuracy     : 0.9189 | 	Valid F1-score      : 0.9174

Epoch : 79
Train Loss     : 0.0495	 | 	Train Accuracy     : 0.9870
Valid Loss     : 0.2468	 | 	Valid Accuracy     : 0.9459 | 	Valid F1-score      : 0.9424

Epoch : 80
Train Loss     : 0.0611	 | 	Train Accuracy     : 0.9844
Valid Loss     : 0.2132	 | 	Valid Accuracy     : 0.9459 | 	Valid F1-score      : 0.9424

Epoch : 81
Train Loss     : 0.1357	 | 	Train Accuracy     : 0.9427
Valid Loss     : 0.2142	 | 	Valid Accuracy     : 0.9459 | 	Valid F1-score      : 0.9424

Epoch : 82
Train Loss     : 0.0773	 | 	Train Accuracy     : 0.9896
Valid Loss     : 0.2061	 | 	Valid Accuracy     : 0.9459 | 	Valid F1-score      : 0.9424

Epoch : 83
Train Loss     : 0.2299	 | 	Train Accuracy     : 0.8620
Valid Loss     : 0.1719	 | 	Valid Accuracy     : 0.9459 | 	Valid F1-score      : 0.9424

Epoch : 84
Train Loss     : 0.1843	 | 	Train Accuracy     : 0.9036
Valid Loss     : 0.2027	 | 	Valid Accuracy     : 0.9459 | 	Valid F1-score      : 0.9424

Epoch : 85
Train Loss     : 0.0552	 | 	Train Accuracy     : 0.9896
Valid Loss     : 0.2012	 | 	Valid Accuracy     : 0.9459 | 	Valid F1-score      : 0.9424

Epoch : 86
Train Loss     : 0.0559	 | 	Train Accuracy     : 0.9844
Valid Loss     : 0.1948	 | 	Valid Accuracy     : 0.9459 | 	Valid F1-score      : 0.9424

Epoch : 87
Train Loss     : 0.1290	 | 	Train Accuracy     : 0.9401
Valid Loss     : 0.2020	 | 	Valid Accuracy     : 0.9459 | 	Valid F1-score      : 0.9424

Epoch : 88
Train Loss     : 0.0576	 | 	Train Accuracy     : 0.9870
Valid Loss     : 0.2186	 | 	Valid Accuracy     : 0.9459 | 	Valid F1-score      : 0.9424

Epoch : 89
Train Loss     : 0.0574	 | 	Train Accuracy     : 0.9818
Valid Loss     : 0.2140	 | 	Valid Accuracy     : 0.9459 | 	Valid F1-score      : 0.9424

Epoch : 90
Train Loss     : 0.1499	 | 	Train Accuracy     : 0.9427
Valid Loss     : 0.1982	 | 	Valid Accuracy     : 0.9459 | 	Valid F1-score      : 0.9424

Epoch : 91
Train Loss     : 0.1086	 | 	Train Accuracy     : 0.9844
Valid Loss     : 0.1932	 | 	Valid Accuracy     : 0.9459 | 	Valid F1-score      : 0.9424

Epoch : 92
Train Loss     : 0.1048	 | 	Train Accuracy     : 0.9844
Valid Loss     : 0.2089	 | 	Valid Accuracy     : 0.9459 | 	Valid F1-score      : 0.9424

Epoch : 93
Train Loss     : 0.0732	 | 	Train Accuracy     : 0.9870
Valid Loss     : 0.2215	 | 	Valid Accuracy     : 0.9459 | 	Valid F1-score      : 0.9424

Epoch : 94
Train Loss     : 0.1485	 | 	Train Accuracy     : 0.9010
Valid Loss     : 0.2138	 | 	Valid Accuracy     : 0.9459 | 	Valid F1-score      : 0.9424

Epoch : 95
Train Loss     : 0.0567	 | 	Train Accuracy     : 0.9870
Valid Loss     : 0.1974	 | 	Valid Accuracy     : 0.9459 | 	Valid F1-score      : 0.9424

Epoch : 96
Train Loss     : 0.0548	 | 	Train Accuracy     : 0.9870
Valid Loss     : 0.2012	 | 	Valid Accuracy     : 0.9459 | 	Valid F1-score      : 0.9424

Epoch : 97
Train Loss     : 0.0576	 | 	Train Accuracy     : 0.9818
Valid Loss     : 0.2119	 | 	Valid Accuracy     : 0.9459 | 	Valid F1-score      : 0.9424

Epoch : 98
Train Loss     : 0.0556	 | 	Train Accuracy     : 0.9844
Valid Loss     : 0.2301	 | 	Valid Accuracy     : 0.9459 | 	Valid F1-score      : 0.9424

Epoch : 99
Train Loss     : 0.0794	 | 	Train Accuracy     : 0.9844
Valid Loss     : 0.2518	 | 	Valid Accuracy     : 0.9189 | 	Valid F1-score      : 0.9174

Epoch : 100
Train Loss     : 0.0671	 | 	Train Accuracy     : 0.9870
Valid Loss     : 0.2045	 | 	Valid Accuracy     : 0.9459 | 	Valid F1-score      : 0.9424

Evaluate on the Test set:
Test loss      :0.1782	 | Test Accuracy      : 0.9473	 | Test F1-score      : 0.9442

################## Training is Done! #########################
Training time is : 0:00:27.298600
