=============================================
Dataset: casas
Method:  Novel Human Activity
Mode:    random_init
=============================================
Data loaded ...
Training started ....

Epoch : 1
Train Loss     : 2.7426	 | 	Train Accuracy     : 0.0684
Valid Loss     : 2.7268	 | 	Valid Accuracy     : 0.0696 | 	Valid F1-score      : 0.0092

Epoch : 2
Train Loss     : 2.7233	 | 	Train Accuracy     : 0.0697
Valid Loss     : 2.7167	 | 	Valid Accuracy     : 0.0623 | 	Valid F1-score      : 0.0080

Epoch : 3
Train Loss     : 2.7052	 | 	Train Accuracy     : 0.0658
Valid Loss     : 2.6944	 | 	Valid Accuracy     : 0.0967 | 	Valid F1-score      : 0.0245

Epoch : 4
Train Loss     : 2.6838	 | 	Train Accuracy     : 0.0853
Valid Loss     : 2.6793	 | 	Valid Accuracy     : 0.0962 | 	Valid F1-score      : 0.0245

Epoch : 5
Train Loss     : 2.6717	 | 	Train Accuracy     : 0.0996
Valid Loss     : 2.6744	 | 	Valid Accuracy     : 0.1089 | 	Valid F1-score      : 0.0467

Epoch : 6
Train Loss     : 2.6603	 | 	Train Accuracy     : 0.1107
Valid Loss     : 2.6635	 | 	Valid Accuracy     : 0.1280 | 	Valid F1-score      : 0.0472

Epoch : 7
Train Loss     : 2.6484	 | 	Train Accuracy     : 0.1406
Valid Loss     : 2.6537	 | 	Valid Accuracy     : 0.1673 | 	Valid F1-score      : 0.0931

Epoch : 8
Train Loss     : 2.6349	 | 	Train Accuracy     : 0.2031
Valid Loss     : 2.6487	 | 	Valid Accuracy     : 0.2017 | 	Valid F1-score      : 0.1196

Epoch : 9
Train Loss     : 2.6281	 | 	Train Accuracy     : 0.2285
Valid Loss     : 2.6395	 | 	Valid Accuracy     : 0.2024 | 	Valid F1-score      : 0.1229

Epoch : 10
Train Loss     : 2.6208	 | 	Train Accuracy     : 0.2266
Valid Loss     : 2.6296	 | 	Valid Accuracy     : 0.1783 | 	Valid F1-score      : 0.1095

Epoch : 11
Train Loss     : 2.6066	 | 	Train Accuracy     : 0.2337
Valid Loss     : 2.6211	 | 	Valid Accuracy     : 0.1824 | 	Valid F1-score      : 0.1155

Epoch : 12
Train Loss     : 2.5957	 | 	Train Accuracy     : 0.2533
Valid Loss     : 2.6145	 | 	Valid Accuracy     : 0.2210 | 	Valid F1-score      : 0.1639

Epoch : 13
Train Loss     : 2.5826	 | 	Train Accuracy     : 0.2630
Valid Loss     : 2.6064	 | 	Valid Accuracy     : 0.2019 | 	Valid F1-score      : 0.1241

Epoch : 14
Train Loss     : 2.5706	 | 	Train Accuracy     : 0.2656
Valid Loss     : 2.5942	 | 	Valid Accuracy     : 0.1971 | 	Valid F1-score      : 0.1087

Epoch : 15
Train Loss     : 2.5696	 | 	Train Accuracy     : 0.2454
Valid Loss     : 2.5886	 | 	Valid Accuracy     : 0.1858 | 	Valid F1-score      : 0.1093

Epoch : 16
Train Loss     : 2.5531	 | 	Train Accuracy     : 0.2552
Valid Loss     : 2.5804	 | 	Valid Accuracy     : 0.1858 | 	Valid F1-score      : 0.1074

Epoch : 17
Train Loss     : 2.5494	 | 	Train Accuracy     : 0.2188
Valid Loss     : 2.5768	 | 	Valid Accuracy     : 0.1790 | 	Valid F1-score      : 0.1098

Epoch : 18
Train Loss     : 2.5448	 | 	Train Accuracy     : 0.2259
Valid Loss     : 2.5620	 | 	Valid Accuracy     : 0.1854 | 	Valid F1-score      : 0.1042

Epoch : 19
Train Loss     : 2.5281	 | 	Train Accuracy     : 0.2207
Valid Loss     : 2.5651	 | 	Valid Accuracy     : 0.1709 | 	Valid F1-score      : 0.1165

Epoch : 20
Train Loss     : 2.5182	 | 	Train Accuracy     : 0.2415
Valid Loss     : 2.5550	 | 	Valid Accuracy     : 0.2056 | 	Valid F1-score      : 0.1282

Epoch : 21
Train Loss     : 2.5103	 | 	Train Accuracy     : 0.2630
Valid Loss     : 2.5469	 | 	Valid Accuracy     : 0.1902 | 	Valid F1-score      : 0.1365

Epoch : 22
Train Loss     : 2.4934	 | 	Train Accuracy     : 0.2656
Valid Loss     : 2.5379	 | 	Valid Accuracy     : 0.2012 | 	Valid F1-score      : 0.1270

Epoch : 23
Train Loss     : 2.4947	 | 	Train Accuracy     : 0.2142
Valid Loss     : 2.5268	 | 	Valid Accuracy     : 0.1744 | 	Valid F1-score      : 0.1100

Epoch : 24
Train Loss     : 2.4800	 | 	Train Accuracy     : 0.2298
Valid Loss     : 2.5199	 | 	Valid Accuracy     : 0.2047 | 	Valid F1-score      : 0.1303

Epoch : 25
Train Loss     : 2.4670	 | 	Train Accuracy     : 0.2533
Valid Loss     : 2.5175	 | 	Valid Accuracy     : 0.2127 | 	Valid F1-score      : 0.1314

Epoch : 26
Train Loss     : 2.4644	 | 	Train Accuracy     : 0.2279
Valid Loss     : 2.5123	 | 	Valid Accuracy     : 0.1941 | 	Valid F1-score      : 0.1314

Epoch : 27
Train Loss     : 2.4516	 | 	Train Accuracy     : 0.2493
Valid Loss     : 2.5117	 | 	Valid Accuracy     : 0.1983 | 	Valid F1-score      : 0.1345

Epoch : 28
Train Loss     : 2.4436	 | 	Train Accuracy     : 0.2585
Valid Loss     : 2.4988	 | 	Valid Accuracy     : 0.2090 | 	Valid F1-score      : 0.1377

Epoch : 29
Train Loss     : 2.4340	 | 	Train Accuracy     : 0.2956
Valid Loss     : 2.4922	 | 	Valid Accuracy     : 0.2134 | 	Valid F1-score      : 0.1446

Epoch : 30
Train Loss     : 2.4349	 | 	Train Accuracy     : 0.2669
Valid Loss     : 2.4879	 | 	Valid Accuracy     : 0.2098 | 	Valid F1-score      : 0.1519

Epoch : 31
Train Loss     : 2.4222	 | 	Train Accuracy     : 0.2923
Valid Loss     : 2.4784	 | 	Valid Accuracy     : 0.2440 | 	Valid F1-score      : 0.1740

Epoch : 32
Train Loss     : 2.4081	 | 	Train Accuracy     : 0.3086
Valid Loss     : 2.4711	 | 	Valid Accuracy     : 0.2630 | 	Valid F1-score      : 0.1702

Epoch : 33
Train Loss     : 2.4021	 | 	Train Accuracy     : 0.3151
Valid Loss     : 2.4800	 | 	Valid Accuracy     : 0.2290 | 	Valid F1-score      : 0.1694

Epoch : 34
Train Loss     : 2.4043	 | 	Train Accuracy     : 0.2858
Valid Loss     : 2.4689	 | 	Valid Accuracy     : 0.2290 | 	Valid F1-score      : 0.1719

Epoch : 35
Train Loss     : 2.3910	 | 	Train Accuracy     : 0.2656
Valid Loss     : 2.4513	 | 	Valid Accuracy     : 0.2476 | 	Valid F1-score      : 0.1770

Epoch : 36
Train Loss     : 2.3885	 | 	Train Accuracy     : 0.2793
Valid Loss     : 2.4566	 | 	Valid Accuracy     : 0.2449 | 	Valid F1-score      : 0.1956

Epoch : 37
Train Loss     : 2.3766	 | 	Train Accuracy     : 0.3268
Valid Loss     : 2.4669	 | 	Valid Accuracy     : 0.2637 | 	Valid F1-score      : 0.1905

Epoch : 38
Train Loss     : 2.3713	 | 	Train Accuracy     : 0.3281
Valid Loss     : 2.4374	 | 	Valid Accuracy     : 0.2828 | 	Valid F1-score      : 0.2130

Epoch : 39
Train Loss     : 2.3638	 | 	Train Accuracy     : 0.3366
Valid Loss     : 2.4481	 | 	Valid Accuracy     : 0.2828 | 	Valid F1-score      : 0.1999

Epoch : 40
Train Loss     : 2.3661	 | 	Train Accuracy     : 0.3340
Valid Loss     : 2.4394	 | 	Valid Accuracy     : 0.2633 | 	Valid F1-score      : 0.1929

Epoch : 41
Train Loss     : 2.3525	 | 	Train Accuracy     : 0.3281
Valid Loss     : 2.4340	 | 	Valid Accuracy     : 0.2823 | 	Valid F1-score      : 0.1847

Epoch : 42
Train Loss     : 2.3378	 | 	Train Accuracy     : 0.3516
Valid Loss     : 2.4459	 | 	Valid Accuracy     : 0.2444 | 	Valid F1-score      : 0.1881

Epoch : 43
Train Loss     : 2.3336	 | 	Train Accuracy     : 0.3294
Valid Loss     : 2.4335	 | 	Valid Accuracy     : 0.2483 | 	Valid F1-score      : 0.1851

Epoch : 44
Train Loss     : 2.3315	 | 	Train Accuracy     : 0.3112
Valid Loss     : 2.4011	 | 	Valid Accuracy     : 0.2743 | 	Valid F1-score      : 0.2094

Epoch : 45
Train Loss     : 2.3225	 | 	Train Accuracy     : 0.3327
Valid Loss     : 2.4265	 | 	Valid Accuracy     : 0.2681 | 	Valid F1-score      : 0.2029

Epoch : 46
Train Loss     : 2.3283	 | 	Train Accuracy     : 0.3561
Valid Loss     : 2.4411	 | 	Valid Accuracy     : 0.2566 | 	Valid F1-score      : 0.1893

Epoch : 47
Train Loss     : 2.3110	 | 	Train Accuracy     : 0.3626
Valid Loss     : 2.4264	 | 	Valid Accuracy     : 0.2833 | 	Valid F1-score      : 0.2304

Epoch : 48
Train Loss     : 2.3093	 | 	Train Accuracy     : 0.3600
Valid Loss     : 2.4098	 | 	Valid Accuracy     : 0.2676 | 	Valid F1-score      : 0.1957

Epoch : 49
Train Loss     : 2.3001	 | 	Train Accuracy     : 0.3503
Valid Loss     : 2.4128	 | 	Valid Accuracy     : 0.2757 | 	Valid F1-score      : 0.1999

Epoch : 50
Train Loss     : 2.3123	 | 	Train Accuracy     : 0.3288
Valid Loss     : 2.4127	 | 	Valid Accuracy     : 0.2640 | 	Valid F1-score      : 0.1959

Epoch : 51
Train Loss     : 2.2984	 | 	Train Accuracy     : 0.3691
Valid Loss     : 2.4054	 | 	Valid Accuracy     : 0.2904 | 	Valid F1-score      : 0.2428

Epoch : 52
Train Loss     : 2.2865	 | 	Train Accuracy     : 0.3900
Valid Loss     : 2.4168	 | 	Valid Accuracy     : 0.3065 | 	Valid F1-score      : 0.2343

Epoch : 53
Train Loss     : 2.2794	 | 	Train Accuracy     : 0.3717
Valid Loss     : 2.4006	 | 	Valid Accuracy     : 0.2908 | 	Valid F1-score      : 0.2351

Epoch : 54
Train Loss     : 2.2782	 | 	Train Accuracy     : 0.4004
Valid Loss     : 2.3914	 | 	Valid Accuracy     : 0.2991 | 	Valid F1-score      : 0.2372

Epoch : 55
Train Loss     : 2.2635	 | 	Train Accuracy     : 0.4362
Valid Loss     : 2.3743	 | 	Valid Accuracy     : 0.3255 | 	Valid F1-score      : 0.2773

Epoch : 56
Train Loss     : 2.2521	 | 	Train Accuracy     : 0.3932
Valid Loss     : 2.3836	 | 	Valid Accuracy     : 0.3179 | 	Valid F1-score      : 0.2620

Epoch : 57
Train Loss     : 2.2486	 | 	Train Accuracy     : 0.3926
Valid Loss     : 2.3788	 | 	Valid Accuracy     : 0.3143 | 	Valid F1-score      : 0.2432

Epoch : 58
Train Loss     : 2.2566	 | 	Train Accuracy     : 0.3919
Valid Loss     : 2.3663	 | 	Valid Accuracy     : 0.3179 | 	Valid F1-score      : 0.2382

Epoch : 59
Train Loss     : 2.2471	 | 	Train Accuracy     : 0.4056
Valid Loss     : 2.3729	 | 	Valid Accuracy     : 0.3258 | 	Valid F1-score      : 0.2775

Epoch : 60
Train Loss     : 2.2347	 | 	Train Accuracy     : 0.4329
Valid Loss     : 2.3576	 | 	Valid Accuracy     : 0.3446 | 	Valid F1-score      : 0.2897

Epoch : 61
Train Loss     : 2.2424	 | 	Train Accuracy     : 0.3945
Valid Loss     : 2.3753	 | 	Valid Accuracy     : 0.3299 | 	Valid F1-score      : 0.2560

Epoch : 62
Train Loss     : 2.2495	 | 	Train Accuracy     : 0.3932
Valid Loss     : 2.3364	 | 	Valid Accuracy     : 0.3094 | 	Valid F1-score      : 0.2529

Epoch : 63
Train Loss     : 2.2394	 | 	Train Accuracy     : 0.4453
Valid Loss     : 2.3683	 | 	Valid Accuracy     : 0.3221 | 	Valid F1-score      : 0.2710

Epoch : 64
Train Loss     : 2.2273	 | 	Train Accuracy     : 0.4186
Valid Loss     : 2.3655	 | 	Valid Accuracy     : 0.3265 | 	Valid F1-score      : 0.2672

Epoch : 65
Train Loss     : 2.2324	 | 	Train Accuracy     : 0.4225
Valid Loss     : 2.3619	 | 	Valid Accuracy     : 0.3292 | 	Valid F1-score      : 0.2720

Epoch : 66
Train Loss     : 2.2279	 | 	Train Accuracy     : 0.4408
Valid Loss     : 2.3600	 | 	Valid Accuracy     : 0.3221 | 	Valid F1-score      : 0.2894

Epoch : 67
Train Loss     : 2.2133	 | 	Train Accuracy     : 0.4401
Valid Loss     : 2.3209	 | 	Valid Accuracy     : 0.3329 | 	Valid F1-score      : 0.2783

Epoch : 68
Train Loss     : 2.1983	 | 	Train Accuracy     : 0.4375
Valid Loss     : 2.3301	 | 	Valid Accuracy     : 0.3514 | 	Valid F1-score      : 0.2834

Epoch : 69
Train Loss     : 2.1944	 | 	Train Accuracy     : 0.4434
Valid Loss     : 2.3484	 | 	Valid Accuracy     : 0.3138 | 	Valid F1-score      : 0.2672

Epoch : 70
Train Loss     : 2.1886	 | 	Train Accuracy     : 0.4434
Valid Loss     : 2.3384	 | 	Valid Accuracy     : 0.3451 | 	Valid F1-score      : 0.3038

Epoch : 71
Train Loss     : 2.1918	 | 	Train Accuracy     : 0.4629
Valid Loss     : 2.3342	 | 	Valid Accuracy     : 0.3147 | 	Valid F1-score      : 0.2596

Epoch : 72
Train Loss     : 2.1882	 | 	Train Accuracy     : 0.4668
Valid Loss     : 2.3246	 | 	Valid Accuracy     : 0.3717 | 	Valid F1-score      : 0.3182

Epoch : 73
Train Loss     : 2.1904	 | 	Train Accuracy     : 0.4499
Valid Loss     : 2.3388	 | 	Valid Accuracy     : 0.3340 | 	Valid F1-score      : 0.2789

Epoch : 74
Train Loss     : 2.1863	 | 	Train Accuracy     : 0.4609
Valid Loss     : 2.3062	 | 	Valid Accuracy     : 0.3487 | 	Valid F1-score      : 0.3114

Epoch : 75
Train Loss     : 2.1689	 | 	Train Accuracy     : 0.4577
Valid Loss     : 2.3295	 | 	Valid Accuracy     : 0.3299 | 	Valid F1-score      : 0.2787

Epoch : 76
Train Loss     : 2.1719	 | 	Train Accuracy     : 0.4603
Valid Loss     : 2.3208	 | 	Valid Accuracy     : 0.3108 | 	Valid F1-score      : 0.2554

Epoch : 77
Train Loss     : 2.1510	 | 	Train Accuracy     : 0.4531
Valid Loss     : 2.3121	 | 	Valid Accuracy     : 0.3340 | 	Valid F1-score      : 0.2660

Epoch : 78
Train Loss     : 2.1529	 | 	Train Accuracy     : 0.4876
Valid Loss     : 2.2962	 | 	Valid Accuracy     : 0.3600 | 	Valid F1-score      : 0.2825

Epoch : 79
Train Loss     : 2.1340	 | 	Train Accuracy     : 0.4596
Valid Loss     : 2.3043	 | 	Valid Accuracy     : 0.3375 | 	Valid F1-score      : 0.3002

Epoch : 80
Train Loss     : 2.1327	 | 	Train Accuracy     : 0.4596
Valid Loss     : 2.2927	 | 	Valid Accuracy     : 0.3636 | 	Valid F1-score      : 0.3217

Epoch : 81
Train Loss     : 2.1346	 | 	Train Accuracy     : 0.4694
Valid Loss     : 2.2876	 | 	Valid Accuracy     : 0.3524 | 	Valid F1-score      : 0.3032

Epoch : 82
Train Loss     : 2.1356	 | 	Train Accuracy     : 0.4746
Valid Loss     : 2.2773	 | 	Valid Accuracy     : 0.3453 | 	Valid F1-score      : 0.2872

Epoch : 83
Train Loss     : 2.1266	 | 	Train Accuracy     : 0.4798
Valid Loss     : 2.2904	 | 	Valid Accuracy     : 0.3416 | 	Valid F1-score      : 0.2876

Epoch : 84
Train Loss     : 2.1165	 | 	Train Accuracy     : 0.5026
Valid Loss     : 2.2794	 | 	Valid Accuracy     : 0.3600 | 	Valid F1-score      : 0.2876

Epoch : 85
Train Loss     : 2.1124	 | 	Train Accuracy     : 0.4915
Valid Loss     : 2.2546	 | 	Valid Accuracy     : 0.3754 | 	Valid F1-score      : 0.3092

Epoch : 86
Train Loss     : 2.1083	 | 	Train Accuracy     : 0.4596
Valid Loss     : 2.2622	 | 	Valid Accuracy     : 0.3448 | 	Valid F1-score      : 0.2814

Epoch : 87
Train Loss     : 2.1035	 | 	Train Accuracy     : 0.4863
Valid Loss     : 2.2587	 | 	Valid Accuracy     : 0.3482 | 	Valid F1-score      : 0.2902

Epoch : 88
Train Loss     : 2.1002	 | 	Train Accuracy     : 0.4961
Valid Loss     : 2.2452	 | 	Valid Accuracy     : 0.3558 | 	Valid F1-score      : 0.2973

Epoch : 89
Train Loss     : 2.0960	 | 	Train Accuracy     : 0.4642
Valid Loss     : 2.2543	 | 	Valid Accuracy     : 0.3482 | 	Valid F1-score      : 0.2842

Epoch : 90
Train Loss     : 2.0830	 | 	Train Accuracy     : 0.4779
Valid Loss     : 2.2409	 | 	Valid Accuracy     : 0.3409 | 	Valid F1-score      : 0.2972

Epoch : 91
Train Loss     : 2.0807	 | 	Train Accuracy     : 0.4863
Valid Loss     : 2.2649	 | 	Valid Accuracy     : 0.3453 | 	Valid F1-score      : 0.2818

Epoch : 92
Train Loss     : 2.0928	 | 	Train Accuracy     : 0.4479
Valid Loss     : 2.2415	 | 	Valid Accuracy     : 0.3561 | 	Valid F1-score      : 0.2929

Epoch : 93
Train Loss     : 2.0918	 | 	Train Accuracy     : 0.4740
Valid Loss     : 2.2411	 | 	Valid Accuracy     : 0.3643 | 	Valid F1-score      : 0.3040

Epoch : 94
Train Loss     : 2.0801	 | 	Train Accuracy     : 0.4961
Valid Loss     : 2.2430	 | 	Valid Accuracy     : 0.3487 | 	Valid F1-score      : 0.3037

Epoch : 95
Train Loss     : 2.0540	 | 	Train Accuracy     : 0.4805
Valid Loss     : 2.2111	 | 	Valid Accuracy     : 0.3568 | 	Valid F1-score      : 0.3159

Epoch : 96
Train Loss     : 2.0576	 | 	Train Accuracy     : 0.4883
Valid Loss     : 2.2537	 | 	Valid Accuracy     : 0.3572 | 	Valid F1-score      : 0.3157

Epoch : 97
Train Loss     : 2.0500	 | 	Train Accuracy     : 0.4870
Valid Loss     : 2.2198	 | 	Valid Accuracy     : 0.3602 | 	Valid F1-score      : 0.3035

Epoch : 98
Train Loss     : 2.0425	 | 	Train Accuracy     : 0.4993
Valid Loss     : 2.2262	 | 	Valid Accuracy     : 0.3570 | 	Valid F1-score      : 0.2882

Epoch : 99
Train Loss     : 2.0458	 | 	Train Accuracy     : 0.4967
Valid Loss     : 2.2165	 | 	Valid Accuracy     : 0.3490 | 	Valid F1-score      : 0.3114

Epoch : 100
Train Loss     : 2.0279	 | 	Train Accuracy     : 0.5182
Valid Loss     : 2.2149	 | 	Valid Accuracy     : 0.3416 | 	Valid F1-score      : 0.2783

Evaluate on the Test set:
Test loss      :2.2276	 | Test Accuracy      : 0.3563	 | Test F1-score      : 0.3223

################## Training is Done! #########################
Training time is : 0:00:13.260663
