=============================================
Dataset: casas
Method:  Novel Human Activity
Mode:    fine_tune
=============================================
Data loaded ...
Training started ....

Epoch : 1
Train Loss     : 2.7056	 | 	Train Accuracy     : 0.0918
Valid Loss     : 2.6260	 | 	Valid Accuracy     : 0.1861 | 	Valid F1-score      : 0.1396

Epoch : 2
Train Loss     : 2.5852	 | 	Train Accuracy     : 0.2676
Valid Loss     : 2.5162	 | 	Valid Accuracy     : 0.3140 | 	Valid F1-score      : 0.2328

Epoch : 3
Train Loss     : 2.4614	 | 	Train Accuracy     : 0.3932
Valid Loss     : 2.4114	 | 	Valid Accuracy     : 0.4115 | 	Valid F1-score      : 0.3005

Epoch : 4
Train Loss     : 2.3558	 | 	Train Accuracy     : 0.5039
Valid Loss     : 2.2878	 | 	Valid Accuracy     : 0.5470 | 	Valid F1-score      : 0.4805

Epoch : 5
Train Loss     : 2.2324	 | 	Train Accuracy     : 0.5898
Valid Loss     : 2.1704	 | 	Valid Accuracy     : 0.5973 | 	Valid F1-score      : 0.5621

Epoch : 6
Train Loss     : 2.1062	 | 	Train Accuracy     : 0.6868
Valid Loss     : 2.0428	 | 	Valid Accuracy     : 0.6931 | 	Valid F1-score      : 0.6404

Epoch : 7
Train Loss     : 1.9925	 | 	Train Accuracy     : 0.7454
Valid Loss     : 1.9345	 | 	Valid Accuracy     : 0.7128 | 	Valid F1-score      : 0.6448

Epoch : 8
Train Loss     : 1.8672	 | 	Train Accuracy     : 0.8073
Valid Loss     : 1.8369	 | 	Valid Accuracy     : 0.7324 | 	Valid F1-score      : 0.6674

Epoch : 9
Train Loss     : 1.7633	 | 	Train Accuracy     : 0.8112
Valid Loss     : 1.7556	 | 	Valid Accuracy     : 0.7287 | 	Valid F1-score      : 0.6631

Epoch : 10
Train Loss     : 1.6660	 | 	Train Accuracy     : 0.8327
Valid Loss     : 1.6701	 | 	Valid Accuracy     : 0.7485 | 	Valid F1-score      : 0.6861

Epoch : 11
Train Loss     : 1.5687	 | 	Train Accuracy     : 0.8568
Valid Loss     : 1.6004	 | 	Valid Accuracy     : 0.7795 | 	Valid F1-score      : 0.7557

Epoch : 12
Train Loss     : 1.4820	 | 	Train Accuracy     : 0.8665
Valid Loss     : 1.5216	 | 	Valid Accuracy     : 0.7714 | 	Valid F1-score      : 0.7252

Epoch : 13
Train Loss     : 1.4013	 | 	Train Accuracy     : 0.8698
Valid Loss     : 1.4619	 | 	Valid Accuracy     : 0.7900 | 	Valid F1-score      : 0.7380

Epoch : 14
Train Loss     : 1.3306	 | 	Train Accuracy     : 0.8848
Valid Loss     : 1.4032	 | 	Valid Accuracy     : 0.7829 | 	Valid F1-score      : 0.7560

Epoch : 15
Train Loss     : 1.2502	 | 	Train Accuracy     : 0.8939
Valid Loss     : 1.3513	 | 	Valid Accuracy     : 0.7946 | 	Valid F1-score      : 0.7757

Epoch : 16
Train Loss     : 1.1909	 | 	Train Accuracy     : 0.9036
Valid Loss     : 1.3154	 | 	Valid Accuracy     : 0.8029 | 	Valid F1-score      : 0.7867

Epoch : 17
Train Loss     : 1.1356	 | 	Train Accuracy     : 0.9082
Valid Loss     : 1.2646	 | 	Valid Accuracy     : 0.8291 | 	Valid F1-score      : 0.8029

Epoch : 18
Train Loss     : 1.0745	 | 	Train Accuracy     : 0.9180
Valid Loss     : 1.2196	 | 	Valid Accuracy     : 0.8447 | 	Valid F1-score      : 0.8227

Epoch : 19
Train Loss     : 1.0265	 | 	Train Accuracy     : 0.9258
Valid Loss     : 1.1847	 | 	Valid Accuracy     : 0.8330 | 	Valid F1-score      : 0.8235

Epoch : 20
Train Loss     : 0.9662	 | 	Train Accuracy     : 0.9460
Valid Loss     : 1.1513	 | 	Valid Accuracy     : 0.8603 | 	Valid F1-score      : 0.8242

Epoch : 21
Train Loss     : 0.9226	 | 	Train Accuracy     : 0.9460
Valid Loss     : 1.1121	 | 	Valid Accuracy     : 0.8410 | 	Valid F1-score      : 0.8031

Epoch : 22
Train Loss     : 0.8793	 | 	Train Accuracy     : 0.9616
Valid Loss     : 1.0811	 | 	Valid Accuracy     : 0.8452 | 	Valid F1-score      : 0.8046

Epoch : 23
Train Loss     : 0.8434	 | 	Train Accuracy     : 0.9596
Valid Loss     : 1.0513	 | 	Valid Accuracy     : 0.8606 | 	Valid F1-score      : 0.8275

Epoch : 24
Train Loss     : 0.8036	 | 	Train Accuracy     : 0.9635
Valid Loss     : 0.9968	 | 	Valid Accuracy     : 0.8633 | 	Valid F1-score      : 0.8543

Epoch : 25
Train Loss     : 0.7696	 | 	Train Accuracy     : 0.9714
Valid Loss     : 0.9941	 | 	Valid Accuracy     : 0.8525 | 	Valid F1-score      : 0.8242

Epoch : 26
Train Loss     : 0.7351	 | 	Train Accuracy     : 0.9681
Valid Loss     : 0.9725	 | 	Valid Accuracy     : 0.8452 | 	Valid F1-score      : 0.8177

Epoch : 27
Train Loss     : 0.7007	 | 	Train Accuracy     : 0.9701
Valid Loss     : 0.9420	 | 	Valid Accuracy     : 0.8491 | 	Valid F1-score      : 0.8150

Epoch : 28
Train Loss     : 0.6706	 | 	Train Accuracy     : 0.9831
Valid Loss     : 0.9515	 | 	Valid Accuracy     : 0.8532 | 	Valid F1-score      : 0.8526

Epoch : 29
Train Loss     : 0.6392	 | 	Train Accuracy     : 0.9759
Valid Loss     : 0.9129	 | 	Valid Accuracy     : 0.8496 | 	Valid F1-score      : 0.8015

Epoch : 30
Train Loss     : 0.6197	 | 	Train Accuracy     : 0.9831
Valid Loss     : 0.9203	 | 	Valid Accuracy     : 0.8464 | 	Valid F1-score      : 0.8493

Epoch : 31
Train Loss     : 0.5826	 | 	Train Accuracy     : 0.9844
Valid Loss     : 0.8789	 | 	Valid Accuracy     : 0.8525 | 	Valid F1-score      : 0.8246

Epoch : 32
Train Loss     : 0.5560	 | 	Train Accuracy     : 0.9824
Valid Loss     : 0.8332	 | 	Valid Accuracy     : 0.8603 | 	Valid F1-score      : 0.8458

Epoch : 33
Train Loss     : 0.5320	 | 	Train Accuracy     : 0.9792
Valid Loss     : 0.8529	 | 	Valid Accuracy     : 0.8647 | 	Valid F1-score      : 0.8508

Epoch : 34
Train Loss     : 0.5170	 | 	Train Accuracy     : 0.9772
Valid Loss     : 0.7797	 | 	Valid Accuracy     : 0.8867 | 	Valid F1-score      : 0.8479

Epoch : 35
Train Loss     : 0.4974	 | 	Train Accuracy     : 0.9883
Valid Loss     : 0.8033	 | 	Valid Accuracy     : 0.8569 | 	Valid F1-score      : 0.8143

Epoch : 36
Train Loss     : 0.4751	 | 	Train Accuracy     : 0.9883
Valid Loss     : 0.8140	 | 	Valid Accuracy     : 0.8527 | 	Valid F1-score      : 0.8169

Epoch : 37
Train Loss     : 0.4611	 | 	Train Accuracy     : 0.9870
Valid Loss     : 0.7897	 | 	Valid Accuracy     : 0.8571 | 	Valid F1-score      : 0.8319

Epoch : 38
Train Loss     : 0.4399	 | 	Train Accuracy     : 0.9863
Valid Loss     : 0.7268	 | 	Valid Accuracy     : 0.8870 | 	Valid F1-score      : 0.8681

Epoch : 39
Train Loss     : 0.4232	 | 	Train Accuracy     : 0.9870
Valid Loss     : 0.7913	 | 	Valid Accuracy     : 0.8496 | 	Valid F1-score      : 0.8345

Epoch : 40
Train Loss     : 0.3968	 | 	Train Accuracy     : 0.9902
Valid Loss     : 0.7223	 | 	Valid Accuracy     : 0.8718 | 	Valid F1-score      : 0.8445

Epoch : 41
Train Loss     : 0.3822	 | 	Train Accuracy     : 0.9961
Valid Loss     : 0.7081	 | 	Valid Accuracy     : 0.8684 | 	Valid F1-score      : 0.8433

Epoch : 42
Train Loss     : 0.3706	 | 	Train Accuracy     : 0.9941
Valid Loss     : 0.6675	 | 	Valid Accuracy     : 0.8713 | 	Valid F1-score      : 0.8539

Epoch : 43
Train Loss     : 0.3599	 | 	Train Accuracy     : 0.9902
Valid Loss     : 0.6910	 | 	Valid Accuracy     : 0.8567 | 	Valid F1-score      : 0.8567

Epoch : 44
Train Loss     : 0.3376	 | 	Train Accuracy     : 0.9941
Valid Loss     : 0.7054	 | 	Valid Accuracy     : 0.8681 | 	Valid F1-score      : 0.8363

Epoch : 45
Train Loss     : 0.3265	 | 	Train Accuracy     : 0.9922
Valid Loss     : 0.7248	 | 	Valid Accuracy     : 0.8530 | 	Valid F1-score      : 0.8184

Epoch : 46
Train Loss     : 0.3135	 | 	Train Accuracy     : 0.9941
Valid Loss     : 0.6812	 | 	Valid Accuracy     : 0.8720 | 	Valid F1-score      : 0.8506

Epoch : 47
Train Loss     : 0.3071	 | 	Train Accuracy     : 0.9961
Valid Loss     : 0.6706	 | 	Valid Accuracy     : 0.8562 | 	Valid F1-score      : 0.8309

Epoch : 48
Train Loss     : 0.2943	 | 	Train Accuracy     : 0.9922
Valid Loss     : 0.6716	 | 	Valid Accuracy     : 0.8642 | 	Valid F1-score      : 0.8345

Epoch : 49
Train Loss     : 0.2833	 | 	Train Accuracy     : 0.9961
Valid Loss     : 0.6836	 | 	Valid Accuracy     : 0.8532 | 	Valid F1-score      : 0.8392

Epoch : 50
Train Loss     : 0.2738	 | 	Train Accuracy     : 0.9980
Valid Loss     : 0.6958	 | 	Valid Accuracy     : 0.8571 | 	Valid F1-score      : 0.8329

Epoch : 51
Train Loss     : 0.2610	 | 	Train Accuracy     : 0.9961
Valid Loss     : 0.6654	 | 	Valid Accuracy     : 0.8647 | 	Valid F1-score      : 0.8330

Epoch : 52
Train Loss     : 0.2565	 | 	Train Accuracy     : 0.9980
Valid Loss     : 0.6579	 | 	Valid Accuracy     : 0.8606 | 	Valid F1-score      : 0.8438

Epoch : 53
Train Loss     : 0.2445	 | 	Train Accuracy     : 0.9961
Valid Loss     : 0.7272	 | 	Valid Accuracy     : 0.8073 | 	Valid F1-score      : 0.8254

Epoch : 54
Train Loss     : 0.2375	 | 	Train Accuracy     : 0.9980
Valid Loss     : 0.6141	 | 	Valid Accuracy     : 0.8640 | 	Valid F1-score      : 0.8179

Epoch : 55
Train Loss     : 0.2305	 | 	Train Accuracy     : 0.9980
Valid Loss     : 0.5999	 | 	Valid Accuracy     : 0.8598 | 	Valid F1-score      : 0.8442

Epoch : 56
Train Loss     : 0.2201	 | 	Train Accuracy     : 1.0000
Valid Loss     : 0.6525	 | 	Valid Accuracy     : 0.8491 | 	Valid F1-score      : 0.8325

Epoch : 57
Train Loss     : 0.2118	 | 	Train Accuracy     : 0.9941
Valid Loss     : 0.5957	 | 	Valid Accuracy     : 0.8757 | 	Valid F1-score      : 0.8573

Epoch : 58
Train Loss     : 0.2026	 | 	Train Accuracy     : 0.9980
Valid Loss     : 0.6041	 | 	Valid Accuracy     : 0.8564 | 	Valid F1-score      : 0.8473

Epoch : 59
Train Loss     : 0.1945	 | 	Train Accuracy     : 0.9980
Valid Loss     : 0.6539	 | 	Valid Accuracy     : 0.8493 | 	Valid F1-score      : 0.8436

Epoch : 60
Train Loss     : 0.1901	 | 	Train Accuracy     : 0.9980
Valid Loss     : 0.6111	 | 	Valid Accuracy     : 0.8530 | 	Valid F1-score      : 0.8187

Epoch : 61
Train Loss     : 0.1805	 | 	Train Accuracy     : 0.9980
Valid Loss     : 0.5985	 | 	Valid Accuracy     : 0.8491 | 	Valid F1-score      : 0.8124

Epoch : 62
Train Loss     : 0.1782	 | 	Train Accuracy     : 0.9961
Valid Loss     : 0.5985	 | 	Valid Accuracy     : 0.8606 | 	Valid F1-score      : 0.8122

Epoch : 63
Train Loss     : 0.1693	 | 	Train Accuracy     : 1.0000
Valid Loss     : 0.6180	 | 	Valid Accuracy     : 0.8491 | 	Valid F1-score      : 0.8383

Epoch : 64
Train Loss     : 0.1690	 | 	Train Accuracy     : 0.9961
Valid Loss     : 0.6343	 | 	Valid Accuracy     : 0.8681 | 	Valid F1-score      : 0.8676

Epoch : 65
Train Loss     : 0.1643	 | 	Train Accuracy     : 0.9948
Valid Loss     : 0.6107	 | 	Valid Accuracy     : 0.8608 | 	Valid F1-score      : 0.8612

Epoch : 66
Train Loss     : 0.1549	 | 	Train Accuracy     : 1.0000
Valid Loss     : 0.5755	 | 	Valid Accuracy     : 0.8640 | 	Valid F1-score      : 0.8223

Epoch : 67
Train Loss     : 0.1512	 | 	Train Accuracy     : 0.9961
Valid Loss     : 0.6251	 | 	Valid Accuracy     : 0.8486 | 	Valid F1-score      : 0.8219

Epoch : 68
Train Loss     : 0.1432	 | 	Train Accuracy     : 1.0000
Valid Loss     : 0.5996	 | 	Valid Accuracy     : 0.8523 | 	Valid F1-score      : 0.8443

Epoch : 69
Train Loss     : 0.1402	 | 	Train Accuracy     : 0.9980
Valid Loss     : 0.5951	 | 	Valid Accuracy     : 0.8640 | 	Valid F1-score      : 0.8470

Epoch : 70
Train Loss     : 0.1346	 | 	Train Accuracy     : 0.9980
Valid Loss     : 0.5969	 | 	Valid Accuracy     : 0.8679 | 	Valid F1-score      : 0.8438

Epoch : 71
Train Loss     : 0.1300	 | 	Train Accuracy     : 0.9980
Valid Loss     : 0.6033	 | 	Valid Accuracy     : 0.8491 | 	Valid F1-score      : 0.8073

Epoch : 72
Train Loss     : 0.1287	 | 	Train Accuracy     : 0.9980
Valid Loss     : 0.5740	 | 	Valid Accuracy     : 0.8681 | 	Valid F1-score      : 0.8464

Epoch : 73
Train Loss     : 0.1205	 | 	Train Accuracy     : 1.0000
Valid Loss     : 0.6083	 | 	Valid Accuracy     : 0.8415 | 	Valid F1-score      : 0.8070

Epoch : 74
Train Loss     : 0.1198	 | 	Train Accuracy     : 0.9980
Valid Loss     : 0.5992	 | 	Valid Accuracy     : 0.8410 | 	Valid F1-score      : 0.8112

Epoch : 75
Train Loss     : 0.1137	 | 	Train Accuracy     : 1.0000
Valid Loss     : 0.5909	 | 	Valid Accuracy     : 0.8606 | 	Valid F1-score      : 0.8366

Epoch : 76
Train Loss     : 0.1099	 | 	Train Accuracy     : 1.0000
Valid Loss     : 0.5802	 | 	Valid Accuracy     : 0.8645 | 	Valid F1-score      : 0.8444

Epoch : 77
Train Loss     : 0.1071	 | 	Train Accuracy     : 1.0000
Valid Loss     : 0.5314	 | 	Valid Accuracy     : 0.8757 | 	Valid F1-score      : 0.8569

Epoch : 78
Train Loss     : 0.1052	 | 	Train Accuracy     : 1.0000
Valid Loss     : 0.5837	 | 	Valid Accuracy     : 0.8488 | 	Valid F1-score      : 0.8243

Epoch : 79
Train Loss     : 0.1002	 | 	Train Accuracy     : 1.0000
Valid Loss     : 0.5845	 | 	Valid Accuracy     : 0.8603 | 	Valid F1-score      : 0.8135

Epoch : 80
Train Loss     : 0.1021	 | 	Train Accuracy     : 0.9961
Valid Loss     : 0.5420	 | 	Valid Accuracy     : 0.8456 | 	Valid F1-score      : 0.8168

Epoch : 81
Train Loss     : 0.0934	 | 	Train Accuracy     : 1.0000
Valid Loss     : 0.6274	 | 	Valid Accuracy     : 0.8217 | 	Valid F1-score      : 0.8019

Epoch : 82
Train Loss     : 0.0922	 | 	Train Accuracy     : 1.0000
Valid Loss     : 0.6275	 | 	Valid Accuracy     : 0.8567 | 	Valid F1-score      : 0.8259

Epoch : 83
Train Loss     : 0.0887	 | 	Train Accuracy     : 1.0000
Valid Loss     : 0.5637	 | 	Valid Accuracy     : 0.8447 | 	Valid F1-score      : 0.8328

Epoch : 84
Train Loss     : 0.0871	 | 	Train Accuracy     : 1.0000
Valid Loss     : 0.5071	 | 	Valid Accuracy     : 0.8640 | 	Valid F1-score      : 0.8454

Epoch : 85
Train Loss     : 0.0822	 | 	Train Accuracy     : 1.0000
Valid Loss     : 0.5270	 | 	Valid Accuracy     : 0.8677 | 	Valid F1-score      : 0.8652

Epoch : 86
Train Loss     : 0.0803	 | 	Train Accuracy     : 1.0000
Valid Loss     : 0.5656	 | 	Valid Accuracy     : 0.8525 | 	Valid F1-score      : 0.8307

Epoch : 87
Train Loss     : 0.0797	 | 	Train Accuracy     : 1.0000
Valid Loss     : 0.5885	 | 	Valid Accuracy     : 0.8410 | 	Valid F1-score      : 0.8200

Epoch : 88
Train Loss     : 0.0792	 | 	Train Accuracy     : 0.9980
Valid Loss     : 0.5496	 | 	Valid Accuracy     : 0.8413 | 	Valid F1-score      : 0.8073

Epoch : 89
Train Loss     : 0.0742	 | 	Train Accuracy     : 1.0000
Valid Loss     : 0.6016	 | 	Valid Accuracy     : 0.8374 | 	Valid F1-score      : 0.8038

Epoch : 90
Train Loss     : 0.0724	 | 	Train Accuracy     : 1.0000
Valid Loss     : 0.5213	 | 	Valid Accuracy     : 0.8672 | 	Valid F1-score      : 0.8297

Epoch : 91
Train Loss     : 0.0710	 | 	Train Accuracy     : 1.0000
Valid Loss     : 0.6159	 | 	Valid Accuracy     : 0.8449 | 	Valid F1-score      : 0.8040

Epoch : 92
Train Loss     : 0.0723	 | 	Train Accuracy     : 1.0000
Valid Loss     : 0.6370	 | 	Valid Accuracy     : 0.8298 | 	Valid F1-score      : 0.7869

Epoch : 93
Train Loss     : 0.0794	 | 	Train Accuracy     : 0.9928
Valid Loss     : 0.6076	 | 	Valid Accuracy     : 0.8374 | 	Valid F1-score      : 0.8190

Epoch : 94
Train Loss     : 0.0690	 | 	Train Accuracy     : 1.0000
Valid Loss     : 0.6323	 | 	Valid Accuracy     : 0.8305 | 	Valid F1-score      : 0.8034

Epoch : 95
Train Loss     : 0.0752	 | 	Train Accuracy     : 0.9961
Valid Loss     : 0.5573	 | 	Valid Accuracy     : 0.8606 | 	Valid F1-score      : 0.8303

Epoch : 96
Train Loss     : 0.0655	 | 	Train Accuracy     : 1.0000
Valid Loss     : 0.5067	 | 	Valid Accuracy     : 0.8718 | 	Valid F1-score      : 0.8390

Epoch : 97
Train Loss     : 0.0632	 | 	Train Accuracy     : 1.0000
Valid Loss     : 0.5072	 | 	Valid Accuracy     : 0.8948 | 	Valid F1-score      : 0.8727

Epoch : 98
Train Loss     : 0.0594	 | 	Train Accuracy     : 1.0000
Valid Loss     : 0.5363	 | 	Valid Accuracy     : 0.8645 | 	Valid F1-score      : 0.8128

Epoch : 99
Train Loss     : 0.0581	 | 	Train Accuracy     : 0.9980
Valid Loss     : 0.5333	 | 	Valid Accuracy     : 0.8718 | 	Valid F1-score      : 0.8446

Epoch : 100
Train Loss     : 0.0582	 | 	Train Accuracy     : 1.0000
Valid Loss     : 0.5615	 | 	Valid Accuracy     : 0.8647 | 	Valid F1-score      : 0.8402

Evaluate on the Test set:
Test loss      :0.5809	 | Test Accuracy      : 0.8645	 | Test F1-score      : 0.8318

################## Training is Done! #########################
Training time is : 0:00:28.065682
