=============================================
Dataset: casas
Method:  Novel Human Activity
Mode:    fine_tune
=============================================
Data loaded ...
Training started ....

Epoch : 1
Train Loss     : 2.7071	 | 	Train Accuracy     : 0.0755
Valid Loss     : 2.6289	 | 	Valid Accuracy     : 0.1941 | 	Valid F1-score      : 0.1557

Epoch : 2
Train Loss     : 2.5833	 | 	Train Accuracy     : 0.2559
Valid Loss     : 2.5174	 | 	Valid Accuracy     : 0.3336 | 	Valid F1-score      : 0.2572

Epoch : 3
Train Loss     : 2.4589	 | 	Train Accuracy     : 0.4069
Valid Loss     : 2.4056	 | 	Valid Accuracy     : 0.4347 | 	Valid F1-score      : 0.3648

Epoch : 4
Train Loss     : 2.3486	 | 	Train Accuracy     : 0.5085
Valid Loss     : 2.2835	 | 	Valid Accuracy     : 0.5585 | 	Valid F1-score      : 0.5030

Epoch : 5
Train Loss     : 2.2241	 | 	Train Accuracy     : 0.6061
Valid Loss     : 2.1636	 | 	Valid Accuracy     : 0.5743 | 	Valid F1-score      : 0.5320

Epoch : 6
Train Loss     : 2.0956	 | 	Train Accuracy     : 0.6901
Valid Loss     : 2.0288	 | 	Valid Accuracy     : 0.6967 | 	Valid F1-score      : 0.6422

Epoch : 7
Train Loss     : 1.9813	 | 	Train Accuracy     : 0.7520
Valid Loss     : 1.9295	 | 	Valid Accuracy     : 0.7050 | 	Valid F1-score      : 0.6400

Epoch : 8
Train Loss     : 1.8561	 | 	Train Accuracy     : 0.8034
Valid Loss     : 1.8274	 | 	Valid Accuracy     : 0.7363 | 	Valid F1-score      : 0.6590

Epoch : 9
Train Loss     : 1.7519	 | 	Train Accuracy     : 0.8132
Valid Loss     : 1.7504	 | 	Valid Accuracy     : 0.7441 | 	Valid F1-score      : 0.7018

Epoch : 10
Train Loss     : 1.6558	 | 	Train Accuracy     : 0.8229
Valid Loss     : 1.6726	 | 	Valid Accuracy     : 0.7409 | 	Valid F1-score      : 0.6866

Epoch : 11
Train Loss     : 1.5658	 | 	Train Accuracy     : 0.8607
Valid Loss     : 1.5833	 | 	Valid Accuracy     : 0.7827 | 	Valid F1-score      : 0.7650

Epoch : 12
Train Loss     : 1.4799	 | 	Train Accuracy     : 0.8574
Valid Loss     : 1.5181	 | 	Valid Accuracy     : 0.7758 | 	Valid F1-score      : 0.7262

Epoch : 13
Train Loss     : 1.3974	 | 	Train Accuracy     : 0.8724
Valid Loss     : 1.4693	 | 	Valid Accuracy     : 0.7900 | 	Valid F1-score      : 0.7383

Epoch : 14
Train Loss     : 1.3300	 | 	Train Accuracy     : 0.8828
Valid Loss     : 1.4018	 | 	Valid Accuracy     : 0.7983 | 	Valid F1-score      : 0.7691

Epoch : 15
Train Loss     : 1.2552	 | 	Train Accuracy     : 0.8958
Valid Loss     : 1.3484	 | 	Valid Accuracy     : 0.7907 | 	Valid F1-score      : 0.7594

Epoch : 16
Train Loss     : 1.1919	 | 	Train Accuracy     : 0.9056
Valid Loss     : 1.3263	 | 	Valid Accuracy     : 0.7985 | 	Valid F1-score      : 0.7737

Epoch : 17
Train Loss     : 1.1384	 | 	Train Accuracy     : 0.9271
Valid Loss     : 1.2614	 | 	Valid Accuracy     : 0.8215 | 	Valid F1-score      : 0.7811

Epoch : 18
Train Loss     : 1.0753	 | 	Train Accuracy     : 0.9329
Valid Loss     : 1.2345	 | 	Valid Accuracy     : 0.8100 | 	Valid F1-score      : 0.7833

Epoch : 19
Train Loss     : 1.0260	 | 	Train Accuracy     : 0.9245
Valid Loss     : 1.1793	 | 	Valid Accuracy     : 0.8249 | 	Valid F1-score      : 0.8107

Epoch : 20
Train Loss     : 0.9661	 | 	Train Accuracy     : 0.9518
Valid Loss     : 1.1443	 | 	Valid Accuracy     : 0.8488 | 	Valid F1-score      : 0.8040

Epoch : 21
Train Loss     : 0.9172	 | 	Train Accuracy     : 0.9577
Valid Loss     : 1.1081	 | 	Valid Accuracy     : 0.8486 | 	Valid F1-score      : 0.7991

Epoch : 22
Train Loss     : 0.8768	 | 	Train Accuracy     : 0.9603
Valid Loss     : 1.0677	 | 	Valid Accuracy     : 0.8645 | 	Valid F1-score      : 0.8179

Epoch : 23
Train Loss     : 0.8407	 | 	Train Accuracy     : 0.9674
Valid Loss     : 1.0525	 | 	Valid Accuracy     : 0.8606 | 	Valid F1-score      : 0.8273

Epoch : 24
Train Loss     : 0.7987	 | 	Train Accuracy     : 0.9674
Valid Loss     : 0.9948	 | 	Valid Accuracy     : 0.8789 | 	Valid F1-score      : 0.8662

Epoch : 25
Train Loss     : 0.7685	 | 	Train Accuracy     : 0.9733
Valid Loss     : 0.9733	 | 	Valid Accuracy     : 0.8645 | 	Valid F1-score      : 0.8204

Epoch : 26
Train Loss     : 0.7348	 | 	Train Accuracy     : 0.9688
Valid Loss     : 0.9609	 | 	Valid Accuracy     : 0.8642 | 	Valid F1-score      : 0.8440

Epoch : 27
Train Loss     : 0.6971	 | 	Train Accuracy     : 0.9759
Valid Loss     : 0.9351	 | 	Valid Accuracy     : 0.8374 | 	Valid F1-score      : 0.8096

Epoch : 28
Train Loss     : 0.6694	 | 	Train Accuracy     : 0.9831
Valid Loss     : 0.9458	 | 	Valid Accuracy     : 0.8610 | 	Valid F1-score      : 0.8427

Epoch : 29
Train Loss     : 0.6356	 | 	Train Accuracy     : 0.9759
Valid Loss     : 0.8858	 | 	Valid Accuracy     : 0.8574 | 	Valid F1-score      : 0.8058

Epoch : 30
Train Loss     : 0.6207	 | 	Train Accuracy     : 0.9720
Valid Loss     : 0.9068	 | 	Valid Accuracy     : 0.8268 | 	Valid F1-score      : 0.8232

Epoch : 31
Train Loss     : 0.5777	 | 	Train Accuracy     : 0.9863
Valid Loss     : 0.8367	 | 	Valid Accuracy     : 0.8796 | 	Valid F1-score      : 0.8496

Epoch : 32
Train Loss     : 0.5542	 | 	Train Accuracy     : 0.9863
Valid Loss     : 0.8223	 | 	Valid Accuracy     : 0.8598 | 	Valid F1-score      : 0.8422

Epoch : 33
Train Loss     : 0.5297	 | 	Train Accuracy     : 0.9811
Valid Loss     : 0.8259	 | 	Valid Accuracy     : 0.8574 | 	Valid F1-score      : 0.8608

Epoch : 34
Train Loss     : 0.5120	 | 	Train Accuracy     : 0.9811
Valid Loss     : 0.7604	 | 	Valid Accuracy     : 0.8867 | 	Valid F1-score      : 0.8599

Epoch : 35
Train Loss     : 0.4944	 | 	Train Accuracy     : 0.9883
Valid Loss     : 0.8090	 | 	Valid Accuracy     : 0.8613 | 	Valid F1-score      : 0.8165

Epoch : 36
Train Loss     : 0.4719	 | 	Train Accuracy     : 0.9883
Valid Loss     : 0.7842	 | 	Valid Accuracy     : 0.8562 | 	Valid F1-score      : 0.8329

Epoch : 37
Train Loss     : 0.4558	 | 	Train Accuracy     : 0.9850
Valid Loss     : 0.7716	 | 	Valid Accuracy     : 0.8571 | 	Valid F1-score      : 0.8348

Epoch : 38
Train Loss     : 0.4389	 | 	Train Accuracy     : 0.9883
Valid Loss     : 0.7150	 | 	Valid Accuracy     : 0.8911 | 	Valid F1-score      : 0.8807

Epoch : 39
Train Loss     : 0.4213	 | 	Train Accuracy     : 0.9870
Valid Loss     : 0.7804	 | 	Valid Accuracy     : 0.8381 | 	Valid F1-score      : 0.8234

Epoch : 40
Train Loss     : 0.3937	 | 	Train Accuracy     : 0.9902
Valid Loss     : 0.6929	 | 	Valid Accuracy     : 0.8830 | 	Valid F1-score      : 0.8551

Epoch : 41
Train Loss     : 0.3814	 | 	Train Accuracy     : 0.9941
Valid Loss     : 0.6721	 | 	Valid Accuracy     : 0.8799 | 	Valid F1-score      : 0.8752

Epoch : 42
Train Loss     : 0.3663	 | 	Train Accuracy     : 0.9961
Valid Loss     : 0.6483	 | 	Valid Accuracy     : 0.8984 | 	Valid F1-score      : 0.8794

Epoch : 43
Train Loss     : 0.3570	 | 	Train Accuracy     : 0.9941
Valid Loss     : 0.6612	 | 	Valid Accuracy     : 0.8801 | 	Valid F1-score      : 0.8664

Epoch : 44
Train Loss     : 0.3363	 | 	Train Accuracy     : 0.9961
Valid Loss     : 0.6599	 | 	Valid Accuracy     : 0.8838 | 	Valid F1-score      : 0.8547

Epoch : 45
Train Loss     : 0.3247	 | 	Train Accuracy     : 0.9941
Valid Loss     : 0.6929	 | 	Valid Accuracy     : 0.8649 | 	Valid F1-score      : 0.8466

Epoch : 46
Train Loss     : 0.3138	 | 	Train Accuracy     : 0.9961
Valid Loss     : 0.6612	 | 	Valid Accuracy     : 0.8647 | 	Valid F1-score      : 0.8496

Epoch : 47
Train Loss     : 0.3018	 | 	Train Accuracy     : 0.9980
Valid Loss     : 0.6138	 | 	Valid Accuracy     : 0.8720 | 	Valid F1-score      : 0.8542

Epoch : 48
Train Loss     : 0.2928	 | 	Train Accuracy     : 0.9980
Valid Loss     : 0.6263	 | 	Valid Accuracy     : 0.8803 | 	Valid F1-score      : 0.8428

Epoch : 49
Train Loss     : 0.2808	 | 	Train Accuracy     : 0.9961
Valid Loss     : 0.6294	 | 	Valid Accuracy     : 0.8686 | 	Valid F1-score      : 0.8566

Epoch : 50
Train Loss     : 0.2770	 | 	Train Accuracy     : 0.9909
Valid Loss     : 0.6323	 | 	Valid Accuracy     : 0.8649 | 	Valid F1-score      : 0.8493

Epoch : 51
Train Loss     : 0.2604	 | 	Train Accuracy     : 0.9961
Valid Loss     : 0.6426	 | 	Valid Accuracy     : 0.8686 | 	Valid F1-score      : 0.8338

Epoch : 52
Train Loss     : 0.2580	 | 	Train Accuracy     : 0.9889
Valid Loss     : 0.6194	 | 	Valid Accuracy     : 0.8720 | 	Valid F1-score      : 0.8501

Epoch : 53
Train Loss     : 0.2477	 | 	Train Accuracy     : 0.9941
Valid Loss     : 0.6309	 | 	Valid Accuracy     : 0.8686 | 	Valid F1-score      : 0.8766

Epoch : 54
Train Loss     : 0.2391	 | 	Train Accuracy     : 0.9961
Valid Loss     : 0.5884	 | 	Valid Accuracy     : 0.8718 | 	Valid F1-score      : 0.8658

Epoch : 55
Train Loss     : 0.2274	 | 	Train Accuracy     : 0.9980
Valid Loss     : 0.5571	 | 	Valid Accuracy     : 0.8835 | 	Valid F1-score      : 0.8543

Epoch : 56
Train Loss     : 0.2216	 | 	Train Accuracy     : 0.9961
Valid Loss     : 0.5967	 | 	Valid Accuracy     : 0.8840 | 	Valid F1-score      : 0.8481

Epoch : 57
Train Loss     : 0.2116	 | 	Train Accuracy     : 0.9961
Valid Loss     : 0.5579	 | 	Valid Accuracy     : 0.8911 | 	Valid F1-score      : 0.8635

Epoch : 58
Train Loss     : 0.2040	 | 	Train Accuracy     : 0.9941
Valid Loss     : 0.5531	 | 	Valid Accuracy     : 0.8948 | 	Valid F1-score      : 0.8825

Epoch : 59
Train Loss     : 0.1976	 | 	Train Accuracy     : 0.9961
Valid Loss     : 0.5963	 | 	Valid Accuracy     : 0.8610 | 	Valid F1-score      : 0.8411

Epoch : 60
Train Loss     : 0.1940	 | 	Train Accuracy     : 0.9980
Valid Loss     : 0.5633	 | 	Valid Accuracy     : 0.8759 | 	Valid F1-score      : 0.8379

Epoch : 61
Train Loss     : 0.1856	 | 	Train Accuracy     : 0.9980
Valid Loss     : 0.5927	 | 	Valid Accuracy     : 0.8496 | 	Valid F1-score      : 0.8274

Epoch : 62
Train Loss     : 0.1819	 | 	Train Accuracy     : 0.9980
Valid Loss     : 0.5235	 | 	Valid Accuracy     : 0.8911 | 	Valid F1-score      : 0.8694

Epoch : 63
Train Loss     : 0.1754	 | 	Train Accuracy     : 0.9961
Valid Loss     : 0.5288	 | 	Valid Accuracy     : 0.8874 | 	Valid F1-score      : 0.8712

Epoch : 64
Train Loss     : 0.1687	 | 	Train Accuracy     : 1.0000
Valid Loss     : 0.5832	 | 	Valid Accuracy     : 0.8564 | 	Valid F1-score      : 0.8401

Epoch : 65
Train Loss     : 0.1672	 | 	Train Accuracy     : 0.9948
Valid Loss     : 0.5336	 | 	Valid Accuracy     : 0.8918 | 	Valid F1-score      : 0.8730

Epoch : 66
Train Loss     : 0.1585	 | 	Train Accuracy     : 0.9928
Valid Loss     : 0.5010	 | 	Valid Accuracy     : 0.8794 | 	Valid F1-score      : 0.8261

Epoch : 67
Train Loss     : 0.1528	 | 	Train Accuracy     : 0.9961
Valid Loss     : 0.5552	 | 	Valid Accuracy     : 0.8642 | 	Valid F1-score      : 0.8590

Epoch : 68
Train Loss     : 0.1466	 | 	Train Accuracy     : 0.9980
Valid Loss     : 0.5320	 | 	Valid Accuracy     : 0.8681 | 	Valid F1-score      : 0.8409

Epoch : 69
Train Loss     : 0.1413	 | 	Train Accuracy     : 0.9980
Valid Loss     : 0.5221	 | 	Valid Accuracy     : 0.8872 | 	Valid F1-score      : 0.8684

Epoch : 70
Train Loss     : 0.1336	 | 	Train Accuracy     : 1.0000
Valid Loss     : 0.5037	 | 	Valid Accuracy     : 0.8950 | 	Valid F1-score      : 0.8825

Epoch : 71
Train Loss     : 0.1301	 | 	Train Accuracy     : 0.9980
Valid Loss     : 0.4975	 | 	Valid Accuracy     : 0.8989 | 	Valid F1-score      : 0.8739

Epoch : 72
Train Loss     : 0.1268	 | 	Train Accuracy     : 0.9980
Valid Loss     : 0.4823	 | 	Valid Accuracy     : 0.9067 | 	Valid F1-score      : 0.8977

Epoch : 73
Train Loss     : 0.1213	 | 	Train Accuracy     : 1.0000
Valid Loss     : 0.5291	 | 	Valid Accuracy     : 0.8725 | 	Valid F1-score      : 0.8542

Epoch : 74
Train Loss     : 0.1203	 | 	Train Accuracy     : 0.9980
Valid Loss     : 0.5149	 | 	Valid Accuracy     : 0.8723 | 	Valid F1-score      : 0.8561

Epoch : 75
Train Loss     : 0.1148	 | 	Train Accuracy     : 0.9980
Valid Loss     : 0.5305	 | 	Valid Accuracy     : 0.8645 | 	Valid F1-score      : 0.8347

Epoch : 76
Train Loss     : 0.1123	 | 	Train Accuracy     : 0.9980
Valid Loss     : 0.5060	 | 	Valid Accuracy     : 0.8840 | 	Valid F1-score      : 0.8730

Epoch : 77
Train Loss     : 0.1074	 | 	Train Accuracy     : 1.0000
Valid Loss     : 0.4589	 | 	Valid Accuracy     : 0.9065 | 	Valid F1-score      : 0.8929

Epoch : 78
Train Loss     : 0.1065	 | 	Train Accuracy     : 0.9980
Valid Loss     : 0.4613	 | 	Valid Accuracy     : 0.8874 | 	Valid F1-score      : 0.8601

Epoch : 79
Train Loss     : 0.1028	 | 	Train Accuracy     : 0.9980
Valid Loss     : 0.5330	 | 	Valid Accuracy     : 0.8649 | 	Valid F1-score      : 0.8304

Epoch : 80
Train Loss     : 0.1074	 | 	Train Accuracy     : 0.9961
Valid Loss     : 0.5100	 | 	Valid Accuracy     : 0.8647 | 	Valid F1-score      : 0.8399

Epoch : 81
Train Loss     : 0.0966	 | 	Train Accuracy     : 0.9961
Valid Loss     : 0.5095	 | 	Valid Accuracy     : 0.8718 | 	Valid F1-score      : 0.8433

Epoch : 82
Train Loss     : 0.0947	 | 	Train Accuracy     : 0.9980
Valid Loss     : 0.5212	 | 	Valid Accuracy     : 0.8718 | 	Valid F1-score      : 0.8509

Epoch : 83
Train Loss     : 0.0923	 | 	Train Accuracy     : 0.9961
Valid Loss     : 0.5163	 | 	Valid Accuracy     : 0.8713 | 	Valid F1-score      : 0.8703

Epoch : 84
Train Loss     : 0.0867	 | 	Train Accuracy     : 1.0000
Valid Loss     : 0.4572	 | 	Valid Accuracy     : 0.8872 | 	Valid F1-score      : 0.8702

Epoch : 85
Train Loss     : 0.0841	 | 	Train Accuracy     : 1.0000
Valid Loss     : 0.4476	 | 	Valid Accuracy     : 0.8987 | 	Valid F1-score      : 0.8895

Epoch : 86
Train Loss     : 0.0856	 | 	Train Accuracy     : 0.9948
Valid Loss     : 0.4671	 | 	Valid Accuracy     : 0.8911 | 	Valid F1-score      : 0.8653

Epoch : 87
Train Loss     : 0.0907	 | 	Train Accuracy     : 0.9961
Valid Loss     : 0.4976	 | 	Valid Accuracy     : 0.8796 | 	Valid F1-score      : 0.8626

Epoch : 88
Train Loss     : 0.0861	 | 	Train Accuracy     : 1.0000
Valid Loss     : 0.5832	 | 	Valid Accuracy     : 0.8413 | 	Valid F1-score      : 0.8320

Epoch : 89
Train Loss     : 0.0823	 | 	Train Accuracy     : 1.0000
Valid Loss     : 0.5740	 | 	Valid Accuracy     : 0.8532 | 	Valid F1-score      : 0.8127

Epoch : 90
Train Loss     : 0.0806	 | 	Train Accuracy     : 0.9980
Valid Loss     : 0.4464	 | 	Valid Accuracy     : 0.9065 | 	Valid F1-score      : 0.8926

Epoch : 91
Train Loss     : 0.0796	 | 	Train Accuracy     : 0.9948
Valid Loss     : 0.4671	 | 	Valid Accuracy     : 0.8991 | 	Valid F1-score      : 0.8665

Epoch : 92
Train Loss     : 0.0771	 | 	Train Accuracy     : 1.0000
Valid Loss     : 0.6129	 | 	Valid Accuracy     : 0.8220 | 	Valid F1-score      : 0.7882

Epoch : 93
Train Loss     : 0.0727	 | 	Train Accuracy     : 1.0000
Valid Loss     : 0.4727	 | 	Valid Accuracy     : 0.8681 | 	Valid F1-score      : 0.8545

Epoch : 94
Train Loss     : 0.0717	 | 	Train Accuracy     : 0.9980
Valid Loss     : 0.4590	 | 	Valid Accuracy     : 0.8840 | 	Valid F1-score      : 0.8560

Epoch : 95
Train Loss     : 0.0655	 | 	Train Accuracy     : 1.0000
Valid Loss     : 0.5022	 | 	Valid Accuracy     : 0.8874 | 	Valid F1-score      : 0.8562

Epoch : 96
Train Loss     : 0.0622	 | 	Train Accuracy     : 1.0000
Valid Loss     : 0.4670	 | 	Valid Accuracy     : 0.8872 | 	Valid F1-score      : 0.8425

Epoch : 97
Train Loss     : 0.0600	 | 	Train Accuracy     : 1.0000
Valid Loss     : 0.4701	 | 	Valid Accuracy     : 0.8833 | 	Valid F1-score      : 0.8811

Epoch : 98
Train Loss     : 0.0572	 | 	Train Accuracy     : 1.0000
Valid Loss     : 0.4337	 | 	Valid Accuracy     : 0.8948 | 	Valid F1-score      : 0.8467

Epoch : 99
Train Loss     : 0.0568	 | 	Train Accuracy     : 0.9980
Valid Loss     : 0.4859	 | 	Valid Accuracy     : 0.8835 | 	Valid F1-score      : 0.8714

Epoch : 100
Train Loss     : 0.0553	 | 	Train Accuracy     : 0.9980
Valid Loss     : 0.4837	 | 	Valid Accuracy     : 0.8603 | 	Valid F1-score      : 0.8396

Evaluate on the Test set:
Test loss      :0.4940	 | Test Accuracy      : 0.8684	 | Test F1-score      : 0.8352

################## Training is Done! #########################
Training time is : 0:00:24.008507
