=============================================
Dataset: lapras
Method:  Novel Human Activity
Mode:    novelty_detection
=============================================
Data loaded ...
Training started ....

Epoch : 1
Train Loss     : 1.0775	 | 	Train Accuracy     : 0.0000
Valid Loss     : 0.0000	 | 	Valid Accuracy     : 0.0000 | 	Valid F1-score      : 0.0000

Epoch : 2
Train Loss     : 0.8166	 | 	Train Accuracy     : 0.0000
Valid Loss     : 0.0000	 | 	Valid Accuracy     : 0.0000 | 	Valid F1-score      : 0.0000

Epoch : 3
Train Loss     : 0.9052	 | 	Train Accuracy     : 0.0000
Valid Loss     : 0.0000	 | 	Valid Accuracy     : 0.0000 | 	Valid F1-score      : 0.0000

Epoch : 4
Train Loss     : 0.7503	 | 	Train Accuracy     : 0.0000
Valid Loss     : 0.0000	 | 	Valid Accuracy     : 0.0000 | 	Valid F1-score      : 0.0000

Epoch : 5
Train Loss     : 0.7934	 | 	Train Accuracy     : 0.0000
Valid Loss     : 0.0000	 | 	Valid Accuracy     : 0.0000 | 	Valid F1-score      : 0.0000

Epoch : 6
Train Loss     : 0.7146	 | 	Train Accuracy     : 0.0000
Valid Loss     : 0.0000	 | 	Valid Accuracy     : 0.0000 | 	Valid F1-score      : 0.0000

Epoch : 7
Train Loss     : 0.7251	 | 	Train Accuracy     : 0.0000
Valid Loss     : 0.0000	 | 	Valid Accuracy     : 0.0000 | 	Valid F1-score      : 0.0000

Epoch : 8
Train Loss     : 0.6961	 | 	Train Accuracy     : 0.0000
Valid Loss     : 0.0000	 | 	Valid Accuracy     : 0.0000 | 	Valid F1-score      : 0.0000

Epoch : 9
Train Loss     : 0.6584	 | 	Train Accuracy     : 0.0000
Valid Loss     : 0.0000	 | 	Valid Accuracy     : 0.0000 | 	Valid F1-score      : 0.0000

Epoch : 10
Train Loss     : 0.6538	 | 	Train Accuracy     : 0.0000
Valid Loss     : 0.0000	 | 	Valid Accuracy     : 0.0000 | 	Valid F1-score      : 0.0000

Epoch : 11
Train Loss     : 0.6429	 | 	Train Accuracy     : 0.0000
Valid Loss     : 0.0000	 | 	Valid Accuracy     : 0.0000 | 	Valid F1-score      : 0.0000

Epoch : 12
Train Loss     : 0.6217	 | 	Train Accuracy     : 0.0000
Valid Loss     : 0.0000	 | 	Valid Accuracy     : 0.0000 | 	Valid F1-score      : 0.0000

Epoch : 13
Train Loss     : 0.6143	 | 	Train Accuracy     : 0.0000
Valid Loss     : 0.0000	 | 	Valid Accuracy     : 0.0000 | 	Valid F1-score      : 0.0000

Epoch : 14
Train Loss     : 0.5867	 | 	Train Accuracy     : 0.0000
Valid Loss     : 0.0000	 | 	Valid Accuracy     : 0.0000 | 	Valid F1-score      : 0.0000

Epoch : 15
Train Loss     : 0.5820	 | 	Train Accuracy     : 0.0000
Valid Loss     : 0.0000	 | 	Valid Accuracy     : 0.0000 | 	Valid F1-score      : 0.0000

Epoch : 16
Train Loss     : 0.5640	 | 	Train Accuracy     : 0.0000
Valid Loss     : 0.0000	 | 	Valid Accuracy     : 0.0000 | 	Valid F1-score      : 0.0000

Epoch : 17
Train Loss     : 0.5229	 | 	Train Accuracy     : 0.0000
Valid Loss     : 0.0000	 | 	Valid Accuracy     : 0.0000 | 	Valid F1-score      : 0.0000

Epoch : 18
Train Loss     : 0.5153	 | 	Train Accuracy     : 0.0000
Valid Loss     : 0.0000	 | 	Valid Accuracy     : 0.0000 | 	Valid F1-score      : 0.0000

Epoch : 19
Train Loss     : 0.5075	 | 	Train Accuracy     : 0.0000
Valid Loss     : 0.0000	 | 	Valid Accuracy     : 0.0000 | 	Valid F1-score      : 0.0000

Epoch : 20
Train Loss     : 0.4546	 | 	Train Accuracy     : 0.0000
Valid Loss     : 0.0000	 | 	Valid Accuracy     : 0.0000 | 	Valid F1-score      : 0.0000

Epoch : 21
Train Loss     : 0.4715	 | 	Train Accuracy     : 0.0000
Valid Loss     : 0.0000	 | 	Valid Accuracy     : 0.0000 | 	Valid F1-score      : 0.0000

Epoch : 22
Train Loss     : 0.4313	 | 	Train Accuracy     : 0.0000
Valid Loss     : 0.0000	 | 	Valid Accuracy     : 0.0000 | 	Valid F1-score      : 0.0000

Epoch : 23
Train Loss     : 0.4563	 | 	Train Accuracy     : 0.0000
Valid Loss     : 0.0000	 | 	Valid Accuracy     : 0.0000 | 	Valid F1-score      : 0.0000

Epoch : 24
Train Loss     : 0.4220	 | 	Train Accuracy     : 0.0000
Valid Loss     : 0.0000	 | 	Valid Accuracy     : 0.0000 | 	Valid F1-score      : 0.0000

Epoch : 25
Train Loss     : 0.4012	 | 	Train Accuracy     : 0.0000
Valid Loss     : 0.0000	 | 	Valid Accuracy     : 0.0000 | 	Valid F1-score      : 0.0000

Epoch : 26
Train Loss     : 0.3808	 | 	Train Accuracy     : 0.0000
Valid Loss     : 0.0000	 | 	Valid Accuracy     : 0.0000 | 	Valid F1-score      : 0.0000

Epoch : 27
Train Loss     : 0.4055	 | 	Train Accuracy     : 0.0000
Valid Loss     : 0.0000	 | 	Valid Accuracy     : 0.0000 | 	Valid F1-score      : 0.0000

Epoch : 28
Train Loss     : 0.3445	 | 	Train Accuracy     : 0.0000
Valid Loss     : 0.0000	 | 	Valid Accuracy     : 0.0000 | 	Valid F1-score      : 0.0000

Epoch : 29
Train Loss     : 0.3393	 | 	Train Accuracy     : 0.0000
Valid Loss     : 0.0000	 | 	Valid Accuracy     : 0.0000 | 	Valid F1-score      : 0.0000

Epoch : 30
Train Loss     : 0.3614	 | 	Train Accuracy     : 0.0000
Valid Loss     : 0.0000	 | 	Valid Accuracy     : 0.0000 | 	Valid F1-score      : 0.0000

Epoch : 31
Train Loss     : 0.3544	 | 	Train Accuracy     : 0.0000
Valid Loss     : 0.0000	 | 	Valid Accuracy     : 0.0000 | 	Valid F1-score      : 0.0000

Epoch : 32
Train Loss     : 0.3195	 | 	Train Accuracy     : 0.0000
Valid Loss     : 0.0000	 | 	Valid Accuracy     : 0.0000 | 	Valid F1-score      : 0.0000

Epoch : 33
Train Loss     : 0.2969	 | 	Train Accuracy     : 0.0000
Valid Loss     : 0.0000	 | 	Valid Accuracy     : 0.0000 | 	Valid F1-score      : 0.0000

Epoch : 34
Train Loss     : 0.3139	 | 	Train Accuracy     : 0.0000
Valid Loss     : 0.0000	 | 	Valid Accuracy     : 0.0000 | 	Valid F1-score      : 0.0000

Epoch : 35
Train Loss     : 0.2931	 | 	Train Accuracy     : 0.0000
Valid Loss     : 0.0000	 | 	Valid Accuracy     : 0.0000 | 	Valid F1-score      : 0.0000

Epoch : 36
Train Loss     : 0.2681	 | 	Train Accuracy     : 0.0000
Valid Loss     : 0.0000	 | 	Valid Accuracy     : 0.0000 | 	Valid F1-score      : 0.0000

Epoch : 37
Train Loss     : 0.3546	 | 	Train Accuracy     : 0.0000
Valid Loss     : 0.0000	 | 	Valid Accuracy     : 0.0000 | 	Valid F1-score      : 0.0000

Epoch : 38
Train Loss     : 0.2881	 | 	Train Accuracy     : 0.0000
Valid Loss     : 0.0000	 | 	Valid Accuracy     : 0.0000 | 	Valid F1-score      : 0.0000

Epoch : 39
Train Loss     : 0.2922	 | 	Train Accuracy     : 0.0000
Valid Loss     : 0.0000	 | 	Valid Accuracy     : 0.0000 | 	Valid F1-score      : 0.0000

Epoch : 40
Train Loss     : 0.2382	 | 	Train Accuracy     : 0.0000
Valid Loss     : 0.0000	 | 	Valid Accuracy     : 0.0000 | 	Valid F1-score      : 0.0000

Epoch : 41
Train Loss     : 0.2523	 | 	Train Accuracy     : 0.0000
Valid Loss     : 0.0000	 | 	Valid Accuracy     : 0.0000 | 	Valid F1-score      : 0.0000

Epoch : 42
Train Loss     : 0.2544	 | 	Train Accuracy     : 0.0000
Valid Loss     : 0.0000	 | 	Valid Accuracy     : 0.0000 | 	Valid F1-score      : 0.0000

Epoch : 43
Train Loss     : 0.2412	 | 	Train Accuracy     : 0.0000
Valid Loss     : 0.0000	 | 	Valid Accuracy     : 0.0000 | 	Valid F1-score      : 0.0000

Epoch : 44
Train Loss     : 0.2302	 | 	Train Accuracy     : 0.0000
Valid Loss     : 0.0000	 | 	Valid Accuracy     : 0.0000 | 	Valid F1-score      : 0.0000

Epoch : 45
Train Loss     : 0.2268	 | 	Train Accuracy     : 0.0000
Valid Loss     : 0.0000	 | 	Valid Accuracy     : 0.0000 | 	Valid F1-score      : 0.0000

Epoch : 46
Train Loss     : 0.2559	 | 	Train Accuracy     : 0.0000
Valid Loss     : 0.0000	 | 	Valid Accuracy     : 0.0000 | 	Valid F1-score      : 0.0000

Epoch : 47
Train Loss     : 0.2323	 | 	Train Accuracy     : 0.0000
Valid Loss     : 0.0000	 | 	Valid Accuracy     : 0.0000 | 	Valid F1-score      : 0.0000

Epoch : 48
Train Loss     : 0.1990	 | 	Train Accuracy     : 0.0000
Valid Loss     : 0.0000	 | 	Valid Accuracy     : 0.0000 | 	Valid F1-score      : 0.0000

Epoch : 49
Train Loss     : 0.2003	 | 	Train Accuracy     : 0.0000
Valid Loss     : 0.0000	 | 	Valid Accuracy     : 0.0000 | 	Valid F1-score      : 0.0000

Epoch : 50
Train Loss     : 0.1948	 | 	Train Accuracy     : 0.0000
Valid Loss     : 0.0000	 | 	Valid Accuracy     : 0.0000 | 	Valid F1-score      : 0.0000

Epoch : 51
Train Loss     : 0.1859	 | 	Train Accuracy     : 0.0000
Valid Loss     : 0.0000	 | 	Valid Accuracy     : 0.0000 | 	Valid F1-score      : 0.0000

Epoch : 52
Train Loss     : 0.1974	 | 	Train Accuracy     : 0.0000
Valid Loss     : 0.0000	 | 	Valid Accuracy     : 0.0000 | 	Valid F1-score      : 0.0000

Epoch : 53
Train Loss     : 0.1954	 | 	Train Accuracy     : 0.0000
Valid Loss     : 0.0000	 | 	Valid Accuracy     : 0.0000 | 	Valid F1-score      : 0.0000

Epoch : 54
Train Loss     : 0.1706	 | 	Train Accuracy     : 0.0000
Valid Loss     : 0.0000	 | 	Valid Accuracy     : 0.0000 | 	Valid F1-score      : 0.0000

Epoch : 55
Train Loss     : 0.1516	 | 	Train Accuracy     : 0.0000
Valid Loss     : 0.0000	 | 	Valid Accuracy     : 0.0000 | 	Valid F1-score      : 0.0000

Epoch : 56
Train Loss     : 0.1637	 | 	Train Accuracy     : 0.0000
Valid Loss     : 0.0000	 | 	Valid Accuracy     : 0.0000 | 	Valid F1-score      : 0.0000

Epoch : 57
Train Loss     : 0.1593	 | 	Train Accuracy     : 0.0000
Valid Loss     : 0.0000	 | 	Valid Accuracy     : 0.0000 | 	Valid F1-score      : 0.0000

Epoch : 58
Train Loss     : 0.1443	 | 	Train Accuracy     : 0.0000
Valid Loss     : 0.0000	 | 	Valid Accuracy     : 0.0000 | 	Valid F1-score      : 0.0000

Epoch : 59
Train Loss     : 0.1403	 | 	Train Accuracy     : 0.0000
Valid Loss     : 0.0000	 | 	Valid Accuracy     : 0.0000 | 	Valid F1-score      : 0.0000

Epoch : 60
Train Loss     : 0.1467	 | 	Train Accuracy     : 0.0000
Valid Loss     : 0.0000	 | 	Valid Accuracy     : 0.0000 | 	Valid F1-score      : 0.0000

Epoch : 61
Train Loss     : 0.1443	 | 	Train Accuracy     : 0.0000
Valid Loss     : 0.0000	 | 	Valid Accuracy     : 0.0000 | 	Valid F1-score      : 0.0000

Epoch : 62
Train Loss     : 0.1464	 | 	Train Accuracy     : 0.0000
Valid Loss     : 0.0000	 | 	Valid Accuracy     : 0.0000 | 	Valid F1-score      : 0.0000

Epoch : 63
Train Loss     : 0.1244	 | 	Train Accuracy     : 0.0000
Valid Loss     : 0.0000	 | 	Valid Accuracy     : 0.0000 | 	Valid F1-score      : 0.0000

Epoch : 64
Train Loss     : 0.1402	 | 	Train Accuracy     : 0.0000
Valid Loss     : 0.0000	 | 	Valid Accuracy     : 0.0000 | 	Valid F1-score      : 0.0000

Epoch : 65
Train Loss     : 0.1488	 | 	Train Accuracy     : 0.0000
Valid Loss     : 0.0000	 | 	Valid Accuracy     : 0.0000 | 	Valid F1-score      : 0.0000

Epoch : 66
Train Loss     : 0.1235	 | 	Train Accuracy     : 0.0000
Valid Loss     : 0.0000	 | 	Valid Accuracy     : 0.0000 | 	Valid F1-score      : 0.0000

Epoch : 67
Train Loss     : 0.1389	 | 	Train Accuracy     : 0.0000
Valid Loss     : 0.0000	 | 	Valid Accuracy     : 0.0000 | 	Valid F1-score      : 0.0000

Epoch : 68
Train Loss     : 0.1500	 | 	Train Accuracy     : 0.0000
Valid Loss     : 0.0000	 | 	Valid Accuracy     : 0.0000 | 	Valid F1-score      : 0.0000

Epoch : 69
Train Loss     : 0.1062	 | 	Train Accuracy     : 0.0000
Valid Loss     : 0.0000	 | 	Valid Accuracy     : 0.0000 | 	Valid F1-score      : 0.0000

Epoch : 70
Train Loss     : 0.1232	 | 	Train Accuracy     : 0.0000
Valid Loss     : 0.0000	 | 	Valid Accuracy     : 0.0000 | 	Valid F1-score      : 0.0000

Epoch : 71
Train Loss     : 0.1220	 | 	Train Accuracy     : 0.0000
Valid Loss     : 0.0000	 | 	Valid Accuracy     : 0.0000 | 	Valid F1-score      : 0.0000

Epoch : 72
Train Loss     : 0.1376	 | 	Train Accuracy     : 0.0000
Valid Loss     : 0.0000	 | 	Valid Accuracy     : 0.0000 | 	Valid F1-score      : 0.0000

Epoch : 73
Train Loss     : 0.1219	 | 	Train Accuracy     : 0.0000
Valid Loss     : 0.0000	 | 	Valid Accuracy     : 0.0000 | 	Valid F1-score      : 0.0000

Epoch : 74
Train Loss     : 0.1377	 | 	Train Accuracy     : 0.0000
Valid Loss     : 0.0000	 | 	Valid Accuracy     : 0.0000 | 	Valid F1-score      : 0.0000

Epoch : 75
Train Loss     : 0.1044	 | 	Train Accuracy     : 0.0000
Valid Loss     : 0.0000	 | 	Valid Accuracy     : 0.0000 | 	Valid F1-score      : 0.0000

Epoch : 76
Train Loss     : 0.1093	 | 	Train Accuracy     : 0.0000
Valid Loss     : 0.0000	 | 	Valid Accuracy     : 0.0000 | 	Valid F1-score      : 0.0000

Epoch : 77
Train Loss     : 0.1044	 | 	Train Accuracy     : 0.0000
Valid Loss     : 0.0000	 | 	Valid Accuracy     : 0.0000 | 	Valid F1-score      : 0.0000

Epoch : 78
Train Loss     : 0.1148	 | 	Train Accuracy     : 0.0000
Valid Loss     : 0.0000	 | 	Valid Accuracy     : 0.0000 | 	Valid F1-score      : 0.0000

Epoch : 79
Train Loss     : 0.0989	 | 	Train Accuracy     : 0.0000
Valid Loss     : 0.0000	 | 	Valid Accuracy     : 0.0000 | 	Valid F1-score      : 0.0000

Epoch : 80
Train Loss     : 0.0848	 | 	Train Accuracy     : 0.0000
Valid Loss     : 0.0000	 | 	Valid Accuracy     : 0.0000 | 	Valid F1-score      : 0.0000

Epoch : 81
Train Loss     : 0.0988	 | 	Train Accuracy     : 0.0000
Valid Loss     : 0.0000	 | 	Valid Accuracy     : 0.0000 | 	Valid F1-score      : 0.0000

Epoch : 82
Train Loss     : 0.1005	 | 	Train Accuracy     : 0.0000
Valid Loss     : 0.0000	 | 	Valid Accuracy     : 0.0000 | 	Valid F1-score      : 0.0000

Epoch : 83
Train Loss     : 0.0800	 | 	Train Accuracy     : 0.0000
Valid Loss     : 0.0000	 | 	Valid Accuracy     : 0.0000 | 	Valid F1-score      : 0.0000

Epoch : 84
Train Loss     : 0.0927	 | 	Train Accuracy     : 0.0000
Valid Loss     : 0.0000	 | 	Valid Accuracy     : 0.0000 | 	Valid F1-score      : 0.0000

Epoch : 85
Train Loss     : 0.0816	 | 	Train Accuracy     : 0.0000
Valid Loss     : 0.0000	 | 	Valid Accuracy     : 0.0000 | 	Valid F1-score      : 0.0000

Epoch : 86
Train Loss     : 0.0893	 | 	Train Accuracy     : 0.0000
Valid Loss     : 0.0000	 | 	Valid Accuracy     : 0.0000 | 	Valid F1-score      : 0.0000

Epoch : 87
Train Loss     : 0.0951	 | 	Train Accuracy     : 0.0000
Valid Loss     : 0.0000	 | 	Valid Accuracy     : 0.0000 | 	Valid F1-score      : 0.0000

Epoch : 88
Train Loss     : 0.0935	 | 	Train Accuracy     : 0.0000
Valid Loss     : 0.0000	 | 	Valid Accuracy     : 0.0000 | 	Valid F1-score      : 0.0000

Epoch : 89
Train Loss     : 0.0961	 | 	Train Accuracy     : 0.0000
Valid Loss     : 0.0000	 | 	Valid Accuracy     : 0.0000 | 	Valid F1-score      : 0.0000

Epoch : 90
Train Loss     : 0.1123	 | 	Train Accuracy     : 0.0000
Valid Loss     : 0.0000	 | 	Valid Accuracy     : 0.0000 | 	Valid F1-score      : 0.0000

Epoch : 91
Train Loss     : 0.0794	 | 	Train Accuracy     : 0.0000
Valid Loss     : 0.0000	 | 	Valid Accuracy     : 0.0000 | 	Valid F1-score      : 0.0000

Epoch : 92
Train Loss     : 0.0986	 | 	Train Accuracy     : 0.0000
Valid Loss     : 0.0000	 | 	Valid Accuracy     : 0.0000 | 	Valid F1-score      : 0.0000

Epoch : 93
Train Loss     : 0.1980	 | 	Train Accuracy     : 0.0000
Valid Loss     : 0.0000	 | 	Valid Accuracy     : 0.0000 | 	Valid F1-score      : 0.0000

Epoch : 94
Train Loss     : 0.1815	 | 	Train Accuracy     : 0.0000
Valid Loss     : 0.0000	 | 	Valid Accuracy     : 0.0000 | 	Valid F1-score      : 0.0000

Epoch : 95
Train Loss     : 0.1490	 | 	Train Accuracy     : 0.0000
Valid Loss     : 0.0000	 | 	Valid Accuracy     : 0.0000 | 	Valid F1-score      : 0.0000

Epoch : 96
Train Loss     : 0.1866	 | 	Train Accuracy     : 0.0000
Valid Loss     : 0.0000	 | 	Valid Accuracy     : 0.0000 | 	Valid F1-score      : 0.0000

Epoch : 97
Train Loss     : 0.1200	 | 	Train Accuracy     : 0.0000
Valid Loss     : 0.0000	 | 	Valid Accuracy     : 0.0000 | 	Valid F1-score      : 0.0000

Epoch : 98
Train Loss     : 0.1839	 | 	Train Accuracy     : 0.0000
Valid Loss     : 0.0000	 | 	Valid Accuracy     : 0.0000 | 	Valid F1-score      : 0.0000

Epoch : 99
Train Loss     : 0.1295	 | 	Train Accuracy     : 0.0000
Valid Loss     : 0.0000	 | 	Valid Accuracy     : 0.0000 | 	Valid F1-score      : 0.0000

Epoch : 100
Train Loss     : 0.1424	 | 	Train Accuracy     : 0.0000
Valid Loss     : 0.0000	 | 	Valid Accuracy     : 0.0000 | 	Valid F1-score      : 0.0000

################## Training is Done! #########################
Training time is : 0:01:26.367917
