=============================================
Dataset: lapras
Method:  Novel Human Activity
Mode:    novelty_detection
=============================================
Data loaded ...
Training started ....

Epoch : 1
Train Loss     : 1.0892	 | 	Train Accuracy     : 0.0000
Valid Loss     : 0.0000	 | 	Valid Accuracy     : 0.0000 | 	Valid F1-score      : 0.0000

Epoch : 2
Train Loss     : 0.8181	 | 	Train Accuracy     : 0.0000
Valid Loss     : 0.0000	 | 	Valid Accuracy     : 0.0000 | 	Valid F1-score      : 0.0000

Epoch : 3
Train Loss     : 0.8652	 | 	Train Accuracy     : 0.0000
Valid Loss     : 0.0000	 | 	Valid Accuracy     : 0.0000 | 	Valid F1-score      : 0.0000

Epoch : 4
Train Loss     : 0.7587	 | 	Train Accuracy     : 0.0000
Valid Loss     : 0.0000	 | 	Valid Accuracy     : 0.0000 | 	Valid F1-score      : 0.0000

Epoch : 5
Train Loss     : 0.7784	 | 	Train Accuracy     : 0.0000
Valid Loss     : 0.0000	 | 	Valid Accuracy     : 0.0000 | 	Valid F1-score      : 0.0000

Epoch : 6
Train Loss     : 0.7300	 | 	Train Accuracy     : 0.0000
Valid Loss     : 0.0000	 | 	Valid Accuracy     : 0.0000 | 	Valid F1-score      : 0.0000

Epoch : 7
Train Loss     : 0.7138	 | 	Train Accuracy     : 0.0000
Valid Loss     : 0.0000	 | 	Valid Accuracy     : 0.0000 | 	Valid F1-score      : 0.0000
