=============================================
Dataset: casas
Method:  Novel Human Activity
Mode:    novelty_detection
=============================================
Data loaded ...
Training started ....

Epoch : 1
Train Loss     : nan	 | 	Train Accuracy     : 0.0000
Valid Loss     : 2.7754	 | 	Valid Accuracy     : 0.0714 | 	Valid F1-score      : 0.0095

Epoch : 2
Train Loss     : nan	 | 	Train Accuracy     : 0.0000
Valid Loss     : 2.7768	 | 	Valid Accuracy     : 0.0711 | 	Valid F1-score      : 0.0094

Epoch : 3
Train Loss     : nan	 | 	Train Accuracy     : 0.0000
Valid Loss     : 2.7775	 | 	Valid Accuracy     : 0.0713 | 	Valid F1-score      : 0.0098

Epoch : 4
Train Loss     : nan	 | 	Train Accuracy     : 0.0000
Valid Loss     : 2.7781	 | 	Valid Accuracy     : 0.0715 | 	Valid F1-score      : 0.0094

Epoch : 5
Train Loss     : nan	 | 	Train Accuracy     : 0.0000
Valid Loss     : 2.7777	 | 	Valid Accuracy     : 0.0716 | 	Valid F1-score      : 0.0095

Epoch : 6
Train Loss     : nan	 | 	Train Accuracy     : 0.0000
Valid Loss     : 2.7779	 | 	Valid Accuracy     : 0.0715 | 	Valid F1-score      : 0.0095

Epoch : 7
Train Loss     : nan	 | 	Train Accuracy     : 0.0000
Valid Loss     : 2.7778	 | 	Valid Accuracy     : 0.0716 | 	Valid F1-score      : 0.0094

Epoch : 8
Train Loss     : nan	 | 	Train Accuracy     : 0.0000
Valid Loss     : 2.7774	 | 	Valid Accuracy     : 0.0714 | 	Valid F1-score      : 0.0095

Epoch : 9
Train Loss     : nan	 | 	Train Accuracy     : 0.0000
Valid Loss     : 2.7779	 | 	Valid Accuracy     : 0.0715 | 	Valid F1-score      : 0.0095

Epoch : 10
Train Loss     : nan	 | 	Train Accuracy     : 0.0000
Valid Loss     : 2.7781	 | 	Valid Accuracy     : 0.0716 | 	Valid F1-score      : 0.0095

Epoch : 11
Train Loss     : nan	 | 	Train Accuracy     : 0.0000
Valid Loss     : 2.7779	 | 	Valid Accuracy     : 0.0713 | 	Valid F1-score      : 0.0095

Epoch : 12
Train Loss     : nan	 | 	Train Accuracy     : 0.0000
Valid Loss     : 2.7780	 | 	Valid Accuracy     : 0.0714 | 	Valid F1-score      : 0.0095

Epoch : 13
Train Loss     : nan	 | 	Train Accuracy     : 0.0000
Valid Loss     : 2.7778	 | 	Valid Accuracy     : 0.0715 | 	Valid F1-score      : 0.0095

Epoch : 14
Train Loss     : nan	 | 	Train Accuracy     : 0.0000
Valid Loss     : 2.7780	 | 	Valid Accuracy     : 0.0714 | 	Valid F1-score      : 0.0096

Epoch : 15
Train Loss     : nan	 | 	Train Accuracy     : 0.0000
Valid Loss     : 2.7780	 | 	Valid Accuracy     : 0.0717 | 	Valid F1-score      : 0.0095

Epoch : 16
Train Loss     : nan	 | 	Train Accuracy     : 0.0000
Valid Loss     : 2.7781	 | 	Valid Accuracy     : 0.0713 | 	Valid F1-score      : 0.0094

Epoch : 17
Train Loss     : nan	 | 	Train Accuracy     : 0.0000
Valid Loss     : 2.7783	 | 	Valid Accuracy     : 0.0712 | 	Valid F1-score      : 0.0094

Epoch : 18
Train Loss     : nan	 | 	Train Accuracy     : 0.0000
Valid Loss     : 2.7777	 | 	Valid Accuracy     : 0.0715 | 	Valid F1-score      : 0.0096
