=============================================
Dataset: casas
Method:  Novel Human Activity
Mode:    novelty_detection
=============================================
Data loaded ...
Training started ....

Epoch : 1
Train Loss     : nan	 | 	Train Accuracy     : 0.0000
Valid Loss     : 2.7802	 | 	Valid Accuracy     : 0.0714 | 	Valid F1-score      : 0.0097

Epoch : 2
Train Loss     : nan	 | 	Train Accuracy     : 0.0000
Valid Loss     : 2.7797	 | 	Valid Accuracy     : 0.0713 | 	Valid F1-score      : 0.0096

Epoch : 3
Train Loss     : nan	 | 	Train Accuracy     : 0.0000
Valid Loss     : 2.7800	 | 	Valid Accuracy     : 0.0713 | 	Valid F1-score      : 0.0096

Epoch : 4
Train Loss     : nan	 | 	Train Accuracy     : 0.0000
Valid Loss     : 2.7799	 | 	Valid Accuracy     : 0.0714 | 	Valid F1-score      : 0.0096

Epoch : 5
Train Loss     : nan	 | 	Train Accuracy     : 0.0000
Valid Loss     : 2.7800	 | 	Valid Accuracy     : 0.0716 | 	Valid F1-score      : 0.0093

Epoch : 6
Train Loss     : nan	 | 	Train Accuracy     : 0.0000
Valid Loss     : 2.7802	 | 	Valid Accuracy     : 0.0714 | 	Valid F1-score      : 0.0096

Epoch : 7
Train Loss     : nan	 | 	Train Accuracy     : 0.0000
Valid Loss     : 2.7809	 | 	Valid Accuracy     : 0.0712 | 	Valid F1-score      : 0.0097

Epoch : 8
Train Loss     : nan	 | 	Train Accuracy     : 0.0000
Valid Loss     : 2.7807	 | 	Valid Accuracy     : 0.0717 | 	Valid F1-score      : 0.0094

Epoch : 9
Train Loss     : nan	 | 	Train Accuracy     : 0.0000
Valid Loss     : 2.7810	 | 	Valid Accuracy     : 0.0718 | 	Valid F1-score      : 0.0094

Epoch : 10
Train Loss     : nan	 | 	Train Accuracy     : 0.0000
Valid Loss     : 2.7814	 | 	Valid Accuracy     : 0.0716 | 	Valid F1-score      : 0.0096

Epoch : 11
Train Loss     : nan	 | 	Train Accuracy     : 0.0000
Valid Loss     : 2.7824	 | 	Valid Accuracy     : 0.0713 | 	Valid F1-score      : 0.0094

Epoch : 12
Train Loss     : nan	 | 	Train Accuracy     : 0.0000
Valid Loss     : 2.7820	 | 	Valid Accuracy     : 0.0717 | 	Valid F1-score      : 0.0096

Epoch : 13
Train Loss     : nan	 | 	Train Accuracy     : 0.0000
Valid Loss     : 2.7826	 | 	Valid Accuracy     : 0.0711 | 	Valid F1-score      : 0.0093

Epoch : 14
Train Loss     : nan	 | 	Train Accuracy     : 0.0000
Valid Loss     : 2.7828	 | 	Valid Accuracy     : 0.0715 | 	Valid F1-score      : 0.0097

Epoch : 15
Train Loss     : nan	 | 	Train Accuracy     : 0.0000
Valid Loss     : 2.7832	 | 	Valid Accuracy     : 0.0716 | 	Valid F1-score      : 0.0095

Epoch : 16
Train Loss     : nan	 | 	Train Accuracy     : 0.0000
Valid Loss     : 2.7833	 | 	Valid Accuracy     : 0.0711 | 	Valid F1-score      : 0.0095

Epoch : 17
Train Loss     : nan	 | 	Train Accuracy     : 0.0000
Valid Loss     : 2.7832	 | 	Valid Accuracy     : 0.0716 | 	Valid F1-score      : 0.0095

Epoch : 18
Train Loss     : nan	 | 	Train Accuracy     : 0.0000
Valid Loss     : 2.7841	 | 	Valid Accuracy     : 0.0712 | 	Valid F1-score      : 0.0094

Epoch : 19
Train Loss     : nan	 | 	Train Accuracy     : 0.0000
Valid Loss     : 2.7840	 | 	Valid Accuracy     : 0.0716 | 	Valid F1-score      : 0.0096

Epoch : 20
Train Loss     : nan	 | 	Train Accuracy     : 0.0000
Valid Loss     : 2.7844	 | 	Valid Accuracy     : 0.0713 | 	Valid F1-score      : 0.0096

Epoch : 21
Train Loss     : nan	 | 	Train Accuracy     : 0.0000
Valid Loss     : 2.7850	 | 	Valid Accuracy     : 0.0713 | 	Valid F1-score      : 0.0095

Epoch : 22
Train Loss     : nan	 | 	Train Accuracy     : 0.0000
Valid Loss     : 2.7840	 | 	Valid Accuracy     : 0.0716 | 	Valid F1-score      : 0.0095

Epoch : 23
Train Loss     : nan	 | 	Train Accuracy     : 0.0000
Valid Loss     : 2.7847	 | 	Valid Accuracy     : 0.0714 | 	Valid F1-score      : 0.0093
