=============================================
Dataset: lapras
Method:  Novel Human Activity
Mode:    novelty_detection
=============================================
Data loaded ...
Training started ....

Epoch : 1
Train Loss     : 8.0994	 | 	Train Accuracy     : 0.0000
Valid Loss     : 1.3834	 | 	Valid Accuracy     : 0.3333 | 	Valid F1-score      : 0.1664

Epoch : 2
Train Loss     : 7.4010	 | 	Train Accuracy     : 0.0000
Valid Loss     : 1.4313	 | 	Valid Accuracy     : 0.2879 | 	Valid F1-score      : 0.1432

Epoch : 3
Train Loss     : 6.9209	 | 	Train Accuracy     : 0.0000
Valid Loss     : 1.3854	 | 	Valid Accuracy     : 0.3333 | 	Valid F1-score      : 0.1658

Epoch : 4
Train Loss     : 6.4993	 | 	Train Accuracy     : 0.0000
Valid Loss     : 1.3853	 | 	Valid Accuracy     : 0.3333 | 	Valid F1-score      : 0.1653

Epoch : 5
Train Loss     : 6.2165	 | 	Train Accuracy     : 0.0000
Valid Loss     : 1.3766	 | 	Valid Accuracy     : 0.3333 | 	Valid F1-score      : 0.1776

Epoch : 6
Train Loss     : 6.0233	 | 	Train Accuracy     : 0.0000
Valid Loss     : 1.4309	 | 	Valid Accuracy     : 0.2879 | 	Valid F1-score      : 0.1429

Epoch : 7
Train Loss     : 5.8295	 | 	Train Accuracy     : 0.0000
Valid Loss     : 1.3786	 | 	Valid Accuracy     : 0.3333 | 	Valid F1-score      : 0.1782

Epoch : 8
Train Loss     : 5.5854	 | 	Train Accuracy     : 0.0000
Valid Loss     : 1.3951	 | 	Valid Accuracy     : 0.3333 | 	Valid F1-score      : 0.1778

Epoch : 9
Train Loss     : 5.4944	 | 	Train Accuracy     : 0.0000
Valid Loss     : 1.4469	 | 	Valid Accuracy     : 0.2879 | 	Valid F1-score      : 0.1434

Epoch : 10
Train Loss     : 5.3772	 | 	Train Accuracy     : 0.0000
Valid Loss     : 1.3938	 | 	Valid Accuracy     : 0.3333 | 	Valid F1-score      : 0.1658

Epoch : 11
Train Loss     : 5.1721	 | 	Train Accuracy     : 0.0000
Valid Loss     : 1.3920	 | 	Valid Accuracy     : 0.3333 | 	Valid F1-score      : 0.1641

Epoch : 12
Train Loss     : 5.0795	 | 	Train Accuracy     : 0.0000
Valid Loss     : 1.3999	 | 	Valid Accuracy     : 0.3333 | 	Valid F1-score      : 0.1778

Epoch : 13
Train Loss     : 4.9692	 | 	Train Accuracy     : 0.0000
Valid Loss     : 1.3968	 | 	Valid Accuracy     : 0.3333 | 	Valid F1-score      : 0.1662

Epoch : 14
Train Loss     : 4.9049	 | 	Train Accuracy     : 0.0000
Valid Loss     : 1.4565	 | 	Valid Accuracy     : 0.2879 | 	Valid F1-score      : 0.1431

Epoch : 15
Train Loss     : 4.8644	 | 	Train Accuracy     : 0.0000
Valid Loss     : 1.3469	 | 	Valid Accuracy     : 0.3787 | 	Valid F1-score      : 0.1986

Epoch : 16
Train Loss     : 4.7144	 | 	Train Accuracy     : 0.0000
Valid Loss     : 1.4021	 | 	Valid Accuracy     : 0.3333 | 	Valid F1-score      : 0.1660

Epoch : 17
Train Loss     : 4.6657	 | 	Train Accuracy     : 0.0000
Valid Loss     : 1.4469	 | 	Valid Accuracy     : 0.2879 | 	Valid F1-score      : 0.1425

Epoch : 18
Train Loss     : 4.5583	 | 	Train Accuracy     : 0.0000
Valid Loss     : 1.4029	 | 	Valid Accuracy     : 0.3333 | 	Valid F1-score      : 0.1658

Epoch : 19
Train Loss     : 4.5810	 | 	Train Accuracy     : 0.0000
Valid Loss     : 1.4006	 | 	Valid Accuracy     : 0.3333 | 	Valid F1-score      : 0.1664

Epoch : 20
Train Loss     : 4.4726	 | 	Train Accuracy     : 0.0000
Valid Loss     : 1.3463	 | 	Valid Accuracy     : 0.3787 | 	Valid F1-score      : 0.1988

Epoch : 21
Train Loss     : 4.4114	 | 	Train Accuracy     : 0.0000
Valid Loss     : 1.4002	 | 	Valid Accuracy     : 0.3333 | 	Valid F1-score      : 0.1780

Epoch : 22
Train Loss     : 4.3369	 | 	Train Accuracy     : 0.0000
Valid Loss     : 1.4015	 | 	Valid Accuracy     : 0.3333 | 	Valid F1-score      : 0.1657

Epoch : 23
Train Loss     : 4.3110	 | 	Train Accuracy     : 0.0000
Valid Loss     : 1.3454	 | 	Valid Accuracy     : 0.3787 | 	Valid F1-score      : 0.1986

Epoch : 24
Train Loss     : 4.2345	 | 	Train Accuracy     : 0.0000
Valid Loss     : 1.3998	 | 	Valid Accuracy     : 0.3333 | 	Valid F1-score      : 0.1782

Epoch : 25
Train Loss     : 4.2069	 | 	Train Accuracy     : 0.0000
Valid Loss     : 1.4524	 | 	Valid Accuracy     : 0.2879 | 	Valid F1-score      : 0.1435

Epoch : 26
Train Loss     : 4.2168	 | 	Train Accuracy     : 0.0000
Valid Loss     : 1.4451	 | 	Valid Accuracy     : 0.2879 | 	Valid F1-score      : 0.1432

Epoch : 27
Train Loss     : 4.0713	 | 	Train Accuracy     : 0.0000
Valid Loss     : 1.4536	 | 	Valid Accuracy     : 0.2879 | 	Valid F1-score      : 0.1427

Epoch : 28
Train Loss     : 4.0393	 | 	Train Accuracy     : 0.0000
Valid Loss     : 1.3405	 | 	Valid Accuracy     : 0.3787 | 	Valid F1-score      : 0.1983

Epoch : 29
Train Loss     : 4.0696	 | 	Train Accuracy     : 0.0000
Valid Loss     : 1.4051	 | 	Valid Accuracy     : 0.3333 | 	Valid F1-score      : 0.1783

Epoch : 30
Train Loss     : 3.9682	 | 	Train Accuracy     : 0.0000
Valid Loss     : 1.4033	 | 	Valid Accuracy     : 0.3333 | 	Valid F1-score      : 0.1779

Epoch : 31
Train Loss     : 3.9117	 | 	Train Accuracy     : 0.0000
Valid Loss     : 1.4024	 | 	Valid Accuracy     : 0.3333 | 	Valid F1-score      : 0.1655

Epoch : 32
Train Loss     : 3.9048	 | 	Train Accuracy     : 0.0000
Valid Loss     : 1.4525	 | 	Valid Accuracy     : 0.2879 | 	Valid F1-score      : 0.1429

Epoch : 33
Train Loss     : 3.8420	 | 	Train Accuracy     : 0.0000
Valid Loss     : 1.4129	 | 	Valid Accuracy     : 0.3333 | 	Valid F1-score      : 0.1782

Epoch : 34
Train Loss     : 3.7830	 | 	Train Accuracy     : 0.0000
Valid Loss     : 1.4557	 | 	Valid Accuracy     : 0.2879 | 	Valid F1-score      : 0.1430

Epoch : 35
Train Loss     : 3.7385	 | 	Train Accuracy     : 0.0000
Valid Loss     : 1.4528	 | 	Valid Accuracy     : 0.2879 | 	Valid F1-score      : 0.1431

Epoch : 36
Train Loss     : 3.7206	 | 	Train Accuracy     : 0.0000
Valid Loss     : 1.3551	 | 	Valid Accuracy     : 0.3787 | 	Valid F1-score      : 0.1988

Epoch : 37
Train Loss     : 3.6583	 | 	Train Accuracy     : 0.0000
Valid Loss     : 1.4035	 | 	Valid Accuracy     : 0.3333 | 	Valid F1-score      : 0.1784

Epoch : 38
Train Loss     : 3.6887	 | 	Train Accuracy     : 0.0000
Valid Loss     : 1.4528	 | 	Valid Accuracy     : 0.2879 | 	Valid F1-score      : 0.1433

Epoch : 39
Train Loss     : 3.7509	 | 	Train Accuracy     : 0.0000
Valid Loss     : 1.4542	 | 	Valid Accuracy     : 0.2879 | 	Valid F1-score      : 0.1429

Epoch : 40
Train Loss     : 3.5484	 | 	Train Accuracy     : 0.0000
Valid Loss     : 1.3516	 | 	Valid Accuracy     : 0.3787 | 	Valid F1-score      : 0.1986

Epoch : 41
Train Loss     : 3.6115	 | 	Train Accuracy     : 0.0000
Valid Loss     : 1.3927	 | 	Valid Accuracy     : 0.3333 | 	Valid F1-score      : 0.1779

Epoch : 42
Train Loss     : 3.5243	 | 	Train Accuracy     : 0.0000
Valid Loss     : 1.4006	 | 	Valid Accuracy     : 0.3333 | 	Valid F1-score      : 0.1655

Epoch : 43
Train Loss     : 3.5583	 | 	Train Accuracy     : 0.0000
Valid Loss     : 1.4423	 | 	Valid Accuracy     : 0.2879 | 	Valid F1-score      : 0.1435

Epoch : 44
Train Loss     : 3.5534	 | 	Train Accuracy     : 0.0000
Valid Loss     : 1.4449	 | 	Valid Accuracy     : 0.2879 | 	Valid F1-score      : 0.1423

Epoch : 45
Train Loss     : 3.4580	 | 	Train Accuracy     : 0.0000
Valid Loss     : 1.4456	 | 	Valid Accuracy     : 0.2879 | 	Valid F1-score      : 0.1436

Epoch : 46
Train Loss     : 3.5601	 | 	Train Accuracy     : 0.0000
Valid Loss     : 1.4442	 | 	Valid Accuracy     : 0.2879 | 	Valid F1-score      : 0.1427

Epoch : 47
Train Loss     : 3.4853	 | 	Train Accuracy     : 0.0000
Valid Loss     : 1.3507	 | 	Valid Accuracy     : 0.3787 | 	Valid F1-score      : 0.1982

Epoch : 48
Train Loss     : 3.3960	 | 	Train Accuracy     : 0.0000
Valid Loss     : 1.2969	 | 	Valid Accuracy     : 0.4241 | 	Valid F1-score      : 0.2835

Epoch : 49
Train Loss     : 3.3551	 | 	Train Accuracy     : 0.0000
Valid Loss     : 1.3487	 | 	Valid Accuracy     : 0.3787 | 	Valid F1-score      : 0.1979

Epoch : 50
Train Loss     : 3.3281	 | 	Train Accuracy     : 0.0000
Valid Loss     : 1.4066	 | 	Valid Accuracy     : 0.3333 | 	Valid F1-score      : 0.1661

Epoch : 51
Train Loss     : 3.2754	 | 	Train Accuracy     : 0.0000
Valid Loss     : 1.3546	 | 	Valid Accuracy     : 0.3787 | 	Valid F1-score      : 0.1988

Epoch : 52
Train Loss     : 3.2594	 | 	Train Accuracy     : 0.0000
Valid Loss     : 1.4009	 | 	Valid Accuracy     : 0.3333 | 	Valid F1-score      : 0.1660

Epoch : 53
Train Loss     : 3.2374	 | 	Train Accuracy     : 0.0000
Valid Loss     : 1.4647	 | 	Valid Accuracy     : 0.2879 | 	Valid F1-score      : 0.1427

Epoch : 54
Train Loss     : 3.2208	 | 	Train Accuracy     : 0.0000
Valid Loss     : 1.3925	 | 	Valid Accuracy     : 0.3333 | 	Valid F1-score      : 0.1784

Epoch : 55
Train Loss     : 3.2150	 | 	Train Accuracy     : 0.0000
Valid Loss     : 1.4476	 | 	Valid Accuracy     : 0.2879 | 	Valid F1-score      : 0.1429

Epoch : 56
Train Loss     : 3.2876	 | 	Train Accuracy     : 0.0000
Valid Loss     : 1.4009	 | 	Valid Accuracy     : 0.3333 | 	Valid F1-score      : 0.1658

Epoch : 57
Train Loss     : 3.1813	 | 	Train Accuracy     : 0.0000
Valid Loss     : 1.4470	 | 	Valid Accuracy     : 0.2879 | 	Valid F1-score      : 0.1431

Epoch : 58
Train Loss     : 3.1273	 | 	Train Accuracy     : 0.0000
Valid Loss     : 1.4375	 | 	Valid Accuracy     : 0.2879 | 	Valid F1-score      : 0.1434

Epoch : 59
Train Loss     : 3.0795	 | 	Train Accuracy     : 0.0000
Valid Loss     : 1.4046	 | 	Valid Accuracy     : 0.3333 | 	Valid F1-score      : 0.1771

Epoch : 60
Train Loss     : 3.0504	 | 	Train Accuracy     : 0.0000
Valid Loss     : 1.3931	 | 	Valid Accuracy     : 0.3333 | 	Valid F1-score      : 0.1661

Epoch : 61
Train Loss     : 3.0530	 | 	Train Accuracy     : 0.0000
Valid Loss     : 1.4028	 | 	Valid Accuracy     : 0.3333 | 	Valid F1-score      : 0.1779

Epoch : 62
Train Loss     : 3.0312	 | 	Train Accuracy     : 0.0000
Valid Loss     : 1.4532	 | 	Valid Accuracy     : 0.2879 | 	Valid F1-score      : 0.1432

Epoch : 63
Train Loss     : 2.9311	 | 	Train Accuracy     : 0.0000
Valid Loss     : 1.4437	 | 	Valid Accuracy     : 0.2879 | 	Valid F1-score      : 0.1429

Epoch : 64
Train Loss     : 2.9694	 | 	Train Accuracy     : 0.0000
Valid Loss     : 1.3475	 | 	Valid Accuracy     : 0.3787 | 	Valid F1-score      : 0.1989

Epoch : 65
Train Loss     : 3.0201	 | 	Train Accuracy     : 0.0000
Valid Loss     : 1.3408	 | 	Valid Accuracy     : 0.3787 | 	Valid F1-score      : 0.1989

Epoch : 66
Train Loss     : 3.0394	 | 	Train Accuracy     : 0.0000
Valid Loss     : 1.4057	 | 	Valid Accuracy     : 0.3333 | 	Valid F1-score      : 0.1779

Epoch : 67
Train Loss     : 2.9571	 | 	Train Accuracy     : 0.0000
Valid Loss     : 1.3495	 | 	Valid Accuracy     : 0.3787 | 	Valid F1-score      : 0.1988

Epoch : 68
Train Loss     : 2.8961	 | 	Train Accuracy     : 0.0000
Valid Loss     : 1.3421	 | 	Valid Accuracy     : 0.3787 | 	Valid F1-score      : 0.1986

Epoch : 69
Train Loss     : 2.8843	 | 	Train Accuracy     : 0.0000
Valid Loss     : 1.4435	 | 	Valid Accuracy     : 0.2879 | 	Valid F1-score      : 0.1431

Epoch : 70
Train Loss     : 2.8711	 | 	Train Accuracy     : 0.0000
Valid Loss     : 1.3398	 | 	Valid Accuracy     : 0.3787 | 	Valid F1-score      : 0.1986

Epoch : 71
Train Loss     : 2.7820	 | 	Train Accuracy     : 0.0000
Valid Loss     : 1.3990	 | 	Valid Accuracy     : 0.3333 | 	Valid F1-score      : 0.1645

Epoch : 72
Train Loss     : 2.8853	 | 	Train Accuracy     : 0.0000
Valid Loss     : 1.3952	 | 	Valid Accuracy     : 0.3333 | 	Valid F1-score      : 0.1664

Epoch : 73
Train Loss     : 2.8001	 | 	Train Accuracy     : 0.0000
Valid Loss     : 1.4009	 | 	Valid Accuracy     : 0.3333 | 	Valid F1-score      : 0.1659

Epoch : 74
Train Loss     : 2.8054	 | 	Train Accuracy     : 0.0000
Valid Loss     : 1.3487	 | 	Valid Accuracy     : 0.3787 | 	Valid F1-score      : 0.1982

Epoch : 75
Train Loss     : 2.7834	 | 	Train Accuracy     : 0.0000
Valid Loss     : 1.3939	 | 	Valid Accuracy     : 0.3333 | 	Valid F1-score      : 0.1783

Epoch : 76
Train Loss     : 2.7267	 | 	Train Accuracy     : 0.0000
Valid Loss     : 1.4397	 | 	Valid Accuracy     : 0.2879 | 	Valid F1-score      : 0.1436

Epoch : 77
Train Loss     : 2.7788	 | 	Train Accuracy     : 0.0000
Valid Loss     : 1.3470	 | 	Valid Accuracy     : 0.3787 | 	Valid F1-score      : 0.1986

Epoch : 78
Train Loss     : 2.7375	 | 	Train Accuracy     : 0.0000
Valid Loss     : 1.3945	 | 	Valid Accuracy     : 0.3333 | 	Valid F1-score      : 0.1655

Epoch : 79
Train Loss     : 2.7200	 | 	Train Accuracy     : 0.0000
Valid Loss     : 1.3887	 | 	Valid Accuracy     : 0.3333 | 	Valid F1-score      : 0.1773

Epoch : 80
Train Loss     : 2.7616	 | 	Train Accuracy     : 0.0000
Valid Loss     : 1.3959	 | 	Valid Accuracy     : 0.3333 | 	Valid F1-score      : 0.1661

Epoch : 81
Train Loss     : 2.6332	 | 	Train Accuracy     : 0.0000
Valid Loss     : 1.4555	 | 	Valid Accuracy     : 0.2879 | 	Valid F1-score      : 0.1425

Epoch : 82
Train Loss     : 2.7291	 | 	Train Accuracy     : 0.0000
Valid Loss     : 1.3962	 | 	Valid Accuracy     : 0.3333 | 	Valid F1-score      : 0.1650

Epoch : 83
Train Loss     : 2.7695	 | 	Train Accuracy     : 0.0000
Valid Loss     : 1.3976	 | 	Valid Accuracy     : 0.3333 | 	Valid F1-score      : 0.1665

Epoch : 84
Train Loss     : 2.7475	 | 	Train Accuracy     : 0.0000
Valid Loss     : 1.4006	 | 	Valid Accuracy     : 0.3333 | 	Valid F1-score      : 0.1656

Epoch : 85
Train Loss     : 2.7249	 | 	Train Accuracy     : 0.0000
Valid Loss     : 1.4511	 | 	Valid Accuracy     : 0.2879 | 	Valid F1-score      : 0.1415

Epoch : 86
Train Loss     : 2.6205	 | 	Train Accuracy     : 0.0000
Valid Loss     : 1.4070	 | 	Valid Accuracy     : 0.3333 | 	Valid F1-score      : 0.1779

Epoch : 87
Train Loss     : 2.6567	 | 	Train Accuracy     : 0.0000
Valid Loss     : 1.3451	 | 	Valid Accuracy     : 0.3787 | 	Valid F1-score      : 0.1988

Epoch : 88
Train Loss     : 2.6686	 | 	Train Accuracy     : 0.0000
Valid Loss     : 1.3976	 | 	Valid Accuracy     : 0.3333 | 	Valid F1-score      : 0.1663

Epoch : 89
Train Loss     : 2.5905	 | 	Train Accuracy     : 0.0000
Valid Loss     : 1.2941	 | 	Valid Accuracy     : 0.4241 | 	Valid F1-score      : 0.2836

Epoch : 90
Train Loss     : 2.5680	 | 	Train Accuracy     : 0.0000
Valid Loss     : 1.4531	 | 	Valid Accuracy     : 0.2879 | 	Valid F1-score      : 0.1426

Epoch : 91
Train Loss     : 2.6381	 | 	Train Accuracy     : 0.0000
Valid Loss     : 1.4562	 | 	Valid Accuracy     : 0.2879 | 	Valid F1-score      : 0.1435

Epoch : 92
Train Loss     : 2.5883	 | 	Train Accuracy     : 0.0000
Valid Loss     : 1.4014	 | 	Valid Accuracy     : 0.3333 | 	Valid F1-score      : 0.1659

Epoch : 93
Train Loss     : 2.5436	 | 	Train Accuracy     : 0.0000
Valid Loss     : 1.4001	 | 	Valid Accuracy     : 0.3333 | 	Valid F1-score      : 0.1662

Epoch : 94
Train Loss     : 2.5586	 | 	Train Accuracy     : 0.0000
Valid Loss     : 1.4485	 | 	Valid Accuracy     : 0.2879 | 	Valid F1-score      : 0.1432

Epoch : 95
Train Loss     : 2.5770	 | 	Train Accuracy     : 0.0000
Valid Loss     : 1.3456	 | 	Valid Accuracy     : 0.3787 | 	Valid F1-score      : 0.1968

Epoch : 96
Train Loss     : 2.5193	 | 	Train Accuracy     : 0.0000
Valid Loss     : 1.2912	 | 	Valid Accuracy     : 0.4241 | 	Valid F1-score      : 0.2830

Epoch : 97
Train Loss     : 2.5155	 | 	Train Accuracy     : 0.0000
Valid Loss     : 1.4396	 | 	Valid Accuracy     : 0.2879 | 	Valid F1-score      : 0.1423

Epoch : 98
Train Loss     : 2.4879	 | 	Train Accuracy     : 0.0000
Valid Loss     : 1.3977	 | 	Valid Accuracy     : 0.3333 | 	Valid F1-score      : 0.1657

Epoch : 99
Train Loss     : 2.4690	 | 	Train Accuracy     : 0.0000
Valid Loss     : 1.3908	 | 	Valid Accuracy     : 0.3333 | 	Valid F1-score      : 0.1782

Epoch : 100
Train Loss     : 2.5649	 | 	Train Accuracy     : 0.0000
Valid Loss     : 1.4048	 | 	Valid Accuracy     : 0.3333 | 	Valid F1-score      : 0.1785

################## Training is Done! #########################
Training time is : 0:00:34.600691
