=============================================
Dataset: lapras
Method:  Novel Human Activity
Mode:    novelty_detection
=============================================
Data loaded ...
Training started ....

Epoch : 1
Train Loss     : nan	 | 	Train Accuracy     : 0.0000
Valid Loss     : 1.3830	 | 	Valid Accuracy     : 0.3333 | 	Valid F1-score      : 0.1664

Epoch : 2
Train Loss     : nan	 | 	Train Accuracy     : 0.0000
Valid Loss     : 1.4286	 | 	Valid Accuracy     : 0.2879 | 	Valid F1-score      : 0.1432

Epoch : 3
Train Loss     : nan	 | 	Train Accuracy     : 0.0000
Valid Loss     : 1.3813	 | 	Valid Accuracy     : 0.3333 | 	Valid F1-score      : 0.1658

Epoch : 4
Train Loss     : nan	 | 	Train Accuracy     : 0.0000
Valid Loss     : 1.3823	 | 	Valid Accuracy     : 0.3333 | 	Valid F1-score      : 0.1653

Epoch : 5
Train Loss     : nan	 | 	Train Accuracy     : 0.0000
Valid Loss     : 1.3729	 | 	Valid Accuracy     : 0.3333 | 	Valid F1-score      : 0.1776

Epoch : 6
Train Loss     : nan	 | 	Train Accuracy     : 0.0000
Valid Loss     : 1.4277	 | 	Valid Accuracy     : 0.2879 | 	Valid F1-score      : 0.1429

Epoch : 7
Train Loss     : nan	 | 	Train Accuracy     : 0.0000
Valid Loss     : 1.3742	 | 	Valid Accuracy     : 0.3333 | 	Valid F1-score      : 0.1782

Epoch : 8
Train Loss     : nan	 | 	Train Accuracy     : 0.0000
Valid Loss     : 1.3857	 | 	Valid Accuracy     : 0.3333 | 	Valid F1-score      : 0.1778

Epoch : 9
Train Loss     : nan	 | 	Train Accuracy     : 0.0000
Valid Loss     : 1.4365	 | 	Valid Accuracy     : 0.2879 | 	Valid F1-score      : 0.1434

Epoch : 10
Train Loss     : nan	 | 	Train Accuracy     : 0.0000
Valid Loss     : 1.3767	 | 	Valid Accuracy     : 0.3333 | 	Valid F1-score      : 0.1658

Epoch : 11
Train Loss     : nan	 | 	Train Accuracy     : 0.0000
Valid Loss     : 1.3785	 | 	Valid Accuracy     : 0.3333 | 	Valid F1-score      : 0.1641

Epoch : 12
Train Loss     : nan	 | 	Train Accuracy     : 0.0000
Valid Loss     : 1.3864	 | 	Valid Accuracy     : 0.3333 | 	Valid F1-score      : 0.1778

Epoch : 13
Train Loss     : nan	 | 	Train Accuracy     : 0.0000
Valid Loss     : 1.3774	 | 	Valid Accuracy     : 0.3333 | 	Valid F1-score      : 0.1662

Epoch : 14
Train Loss     : nan	 | 	Train Accuracy     : 0.0000
Valid Loss     : 1.4354	 | 	Valid Accuracy     : 0.2879 | 	Valid F1-score      : 0.1431

Epoch : 15
Train Loss     : nan	 | 	Train Accuracy     : 0.0000
Valid Loss     : 1.3284	 | 	Valid Accuracy     : 0.3787 | 	Valid F1-score      : 0.1986

Epoch : 16
Train Loss     : nan	 | 	Train Accuracy     : 0.0000
Valid Loss     : 1.3815	 | 	Valid Accuracy     : 0.3333 | 	Valid F1-score      : 0.1660

Epoch : 17
Train Loss     : nan	 | 	Train Accuracy     : 0.0000
Valid Loss     : 1.4275	 | 	Valid Accuracy     : 0.2879 | 	Valid F1-score      : 0.1425

Epoch : 18
Train Loss     : nan	 | 	Train Accuracy     : 0.0000
Valid Loss     : 1.3836	 | 	Valid Accuracy     : 0.3333 | 	Valid F1-score      : 0.1658

Epoch : 19
Train Loss     : nan	 | 	Train Accuracy     : 0.0000
Valid Loss     : 1.3794	 | 	Valid Accuracy     : 0.3333 | 	Valid F1-score      : 0.1664

Epoch : 20
Train Loss     : nan	 | 	Train Accuracy     : 0.0000
Valid Loss     : 1.3249	 | 	Valid Accuracy     : 0.3787 | 	Valid F1-score      : 0.1988

Epoch : 21
Train Loss     : nan	 | 	Train Accuracy     : 0.0000
Valid Loss     : 1.3819	 | 	Valid Accuracy     : 0.3333 | 	Valid F1-score      : 0.1780

Epoch : 22
Train Loss     : nan	 | 	Train Accuracy     : 0.0000
Valid Loss     : 1.3796	 | 	Valid Accuracy     : 0.3333 | 	Valid F1-score      : 0.1657

Epoch : 23
Train Loss     : nan	 | 	Train Accuracy     : 0.0000
Valid Loss     : 1.3328	 | 	Valid Accuracy     : 0.3787 | 	Valid F1-score      : 0.1986

Epoch : 24
Train Loss     : nan	 | 	Train Accuracy     : 0.0000
Valid Loss     : 1.3808	 | 	Valid Accuracy     : 0.3333 | 	Valid F1-score      : 0.1782

Epoch : 25
Train Loss     : nan	 | 	Train Accuracy     : 0.0000
Valid Loss     : 1.4319	 | 	Valid Accuracy     : 0.2879 | 	Valid F1-score      : 0.1435

Epoch : 26
Train Loss     : nan	 | 	Train Accuracy     : 0.0000
Valid Loss     : 1.4281	 | 	Valid Accuracy     : 0.2879 | 	Valid F1-score      : 0.1432

Epoch : 27
Train Loss     : nan	 | 	Train Accuracy     : 0.0000
Valid Loss     : 1.4264	 | 	Valid Accuracy     : 0.2879 | 	Valid F1-score      : 0.1427

Epoch : 28
Train Loss     : nan	 | 	Train Accuracy     : 0.0000
Valid Loss     : 1.3231	 | 	Valid Accuracy     : 0.3787 | 	Valid F1-score      : 0.1983

Epoch : 29
Train Loss     : nan	 | 	Train Accuracy     : 0.0000
Valid Loss     : 1.3883	 | 	Valid Accuracy     : 0.3333 | 	Valid F1-score      : 0.1783

Epoch : 30
Train Loss     : nan	 | 	Train Accuracy     : 0.0000
Valid Loss     : 1.3844	 | 	Valid Accuracy     : 0.3333 | 	Valid F1-score      : 0.1779

Epoch : 31
Train Loss     : nan	 | 	Train Accuracy     : 0.0000
Valid Loss     : 1.3805	 | 	Valid Accuracy     : 0.3333 | 	Valid F1-score      : 0.1655

Epoch : 32
Train Loss     : nan	 | 	Train Accuracy     : 0.0000
Valid Loss     : 1.4264	 | 	Valid Accuracy     : 0.2879 | 	Valid F1-score      : 0.1429

Epoch : 33
Train Loss     : nan	 | 	Train Accuracy     : 0.0000
Valid Loss     : 1.3888	 | 	Valid Accuracy     : 0.3333 | 	Valid F1-score      : 0.1782

Epoch : 34
Train Loss     : nan	 | 	Train Accuracy     : 0.0000
Valid Loss     : 1.4307	 | 	Valid Accuracy     : 0.2879 | 	Valid F1-score      : 0.1430

Epoch : 35
Train Loss     : nan	 | 	Train Accuracy     : 0.0000
Valid Loss     : 1.4327	 | 	Valid Accuracy     : 0.2879 | 	Valid F1-score      : 0.1431

Epoch : 36
Train Loss     : nan	 | 	Train Accuracy     : 0.0000
Valid Loss     : 1.3352	 | 	Valid Accuracy     : 0.3787 | 	Valid F1-score      : 0.1988

Epoch : 37
Train Loss     : nan	 | 	Train Accuracy     : 0.0000
Valid Loss     : 1.3853	 | 	Valid Accuracy     : 0.3333 | 	Valid F1-score      : 0.1784

Epoch : 38
Train Loss     : nan	 | 	Train Accuracy     : 0.0000
Valid Loss     : 1.4339	 | 	Valid Accuracy     : 0.2879 | 	Valid F1-score      : 0.1433

Epoch : 39
Train Loss     : nan	 | 	Train Accuracy     : 0.0000
Valid Loss     : 1.4340	 | 	Valid Accuracy     : 0.2879 | 	Valid F1-score      : 0.1429

Epoch : 40
Train Loss     : nan	 | 	Train Accuracy     : 0.0000
Valid Loss     : 1.3318	 | 	Valid Accuracy     : 0.3787 | 	Valid F1-score      : 0.1986

Epoch : 41
Train Loss     : nan	 | 	Train Accuracy     : 0.0000
Valid Loss     : 1.3736	 | 	Valid Accuracy     : 0.3333 | 	Valid F1-score      : 0.1779

Epoch : 42
Train Loss     : nan	 | 	Train Accuracy     : 0.0000
Valid Loss     : 1.3810	 | 	Valid Accuracy     : 0.3333 | 	Valid F1-score      : 0.1655

Epoch : 43
Train Loss     : nan	 | 	Train Accuracy     : 0.0000
Valid Loss     : 1.4286	 | 	Valid Accuracy     : 0.2879 | 	Valid F1-score      : 0.1435

Epoch : 44
Train Loss     : nan	 | 	Train Accuracy     : 0.0000
Valid Loss     : 1.4259	 | 	Valid Accuracy     : 0.2879 | 	Valid F1-score      : 0.1423

Epoch : 45
Train Loss     : nan	 | 	Train Accuracy     : 0.0000
Valid Loss     : 1.4242	 | 	Valid Accuracy     : 0.2879 | 	Valid F1-score      : 0.1436

Epoch : 46
Train Loss     : nan	 | 	Train Accuracy     : 0.0000
Valid Loss     : 1.4199	 | 	Valid Accuracy     : 0.2879 | 	Valid F1-score      : 0.1427

Epoch : 47
Train Loss     : nan	 | 	Train Accuracy     : 0.0000
Valid Loss     : 1.3304	 | 	Valid Accuracy     : 0.3787 | 	Valid F1-score      : 0.1982

Epoch : 48
Train Loss     : nan	 | 	Train Accuracy     : 0.0000
Valid Loss     : 1.2772	 | 	Valid Accuracy     : 0.4241 | 	Valid F1-score      : 0.2835

Epoch : 49
Train Loss     : nan	 | 	Train Accuracy     : 0.0000
Valid Loss     : 1.3242	 | 	Valid Accuracy     : 0.3787 | 	Valid F1-score      : 0.1979

Epoch : 50
Train Loss     : nan	 | 	Train Accuracy     : 0.0000
Valid Loss     : 1.3779	 | 	Valid Accuracy     : 0.3333 | 	Valid F1-score      : 0.1661

Epoch : 51
Train Loss     : nan	 | 	Train Accuracy     : 0.0000
Valid Loss     : 1.3318	 | 	Valid Accuracy     : 0.3787 | 	Valid F1-score      : 0.1988

Epoch : 52
Train Loss     : nan	 | 	Train Accuracy     : 0.0000
Valid Loss     : 1.3751	 | 	Valid Accuracy     : 0.3333 | 	Valid F1-score      : 0.1660

Epoch : 53
Train Loss     : nan	 | 	Train Accuracy     : 0.0000
Valid Loss     : 1.4347	 | 	Valid Accuracy     : 0.2879 | 	Valid F1-score      : 0.1427

Epoch : 54
Train Loss     : nan	 | 	Train Accuracy     : 0.0000
Valid Loss     : 1.3755	 | 	Valid Accuracy     : 0.3333 | 	Valid F1-score      : 0.1784

Epoch : 55
Train Loss     : nan	 | 	Train Accuracy     : 0.0000
Valid Loss     : 1.4244	 | 	Valid Accuracy     : 0.2879 | 	Valid F1-score      : 0.1429

Epoch : 56
Train Loss     : nan	 | 	Train Accuracy     : 0.0000
Valid Loss     : 1.3779	 | 	Valid Accuracy     : 0.3333 | 	Valid F1-score      : 0.1658

Epoch : 57
Train Loss     : nan	 | 	Train Accuracy     : 0.0000
Valid Loss     : 1.4238	 | 	Valid Accuracy     : 0.2879 | 	Valid F1-score      : 0.1431

Epoch : 58
Train Loss     : nan	 | 	Train Accuracy     : 0.0000
Valid Loss     : 1.4184	 | 	Valid Accuracy     : 0.2879 | 	Valid F1-score      : 0.1434

Epoch : 59
Train Loss     : nan	 | 	Train Accuracy     : 0.0000
Valid Loss     : 1.3844	 | 	Valid Accuracy     : 0.3333 | 	Valid F1-score      : 0.1771

Epoch : 60
Train Loss     : nan	 | 	Train Accuracy     : 0.0000
Valid Loss     : 1.3757	 | 	Valid Accuracy     : 0.3333 | 	Valid F1-score      : 0.1661

Epoch : 61
Train Loss     : nan	 | 	Train Accuracy     : 0.0000
Valid Loss     : 1.3818	 | 	Valid Accuracy     : 0.3333 | 	Valid F1-score      : 0.1779

Epoch : 62
Train Loss     : nan	 | 	Train Accuracy     : 0.0000
Valid Loss     : 1.4337	 | 	Valid Accuracy     : 0.2879 | 	Valid F1-score      : 0.1432

Epoch : 63
Train Loss     : nan	 | 	Train Accuracy     : 0.0000
Valid Loss     : 1.4281	 | 	Valid Accuracy     : 0.2879 | 	Valid F1-score      : 0.1429

Epoch : 64
Train Loss     : nan	 | 	Train Accuracy     : 0.0000
Valid Loss     : 1.3322	 | 	Valid Accuracy     : 0.3787 | 	Valid F1-score      : 0.1989

Epoch : 65
Train Loss     : nan	 | 	Train Accuracy     : 0.0000
Valid Loss     : 1.3247	 | 	Valid Accuracy     : 0.3787 | 	Valid F1-score      : 0.1989

Epoch : 66
Train Loss     : nan	 | 	Train Accuracy     : 0.0000
Valid Loss     : 1.3849	 | 	Valid Accuracy     : 0.3333 | 	Valid F1-score      : 0.1779

Epoch : 67
Train Loss     : nan	 | 	Train Accuracy     : 0.0000
Valid Loss     : 1.3280	 | 	Valid Accuracy     : 0.3787 | 	Valid F1-score      : 0.1988

Epoch : 68
Train Loss     : nan	 | 	Train Accuracy     : 0.0000
Valid Loss     : 1.3246	 | 	Valid Accuracy     : 0.3787 | 	Valid F1-score      : 0.1986

Epoch : 69
Train Loss     : nan	 | 	Train Accuracy     : 0.0000
Valid Loss     : 1.4280	 | 	Valid Accuracy     : 0.2879 | 	Valid F1-score      : 0.1431

Epoch : 70
Train Loss     : nan	 | 	Train Accuracy     : 0.0000
Valid Loss     : 1.3240	 | 	Valid Accuracy     : 0.3787 | 	Valid F1-score      : 0.1986

Epoch : 71
Train Loss     : nan	 | 	Train Accuracy     : 0.0000
Valid Loss     : 1.3780	 | 	Valid Accuracy     : 0.3333 | 	Valid F1-score      : 0.1645

Epoch : 72
Train Loss     : nan	 | 	Train Accuracy     : 0.0000
Valid Loss     : 1.3736	 | 	Valid Accuracy     : 0.3333 | 	Valid F1-score      : 0.1664

Epoch : 73
Train Loss     : nan	 | 	Train Accuracy     : 0.0000
Valid Loss     : 1.3802	 | 	Valid Accuracy     : 0.3333 | 	Valid F1-score      : 0.1659

Epoch : 74
Train Loss     : nan	 | 	Train Accuracy     : 0.0000
Valid Loss     : 1.3304	 | 	Valid Accuracy     : 0.3787 | 	Valid F1-score      : 0.1982

Epoch : 75
Train Loss     : nan	 | 	Train Accuracy     : 0.0000
Valid Loss     : 1.3742	 | 	Valid Accuracy     : 0.3333 | 	Valid F1-score      : 0.1783

Epoch : 76
Train Loss     : nan	 | 	Train Accuracy     : 0.0000
Valid Loss     : 1.4231	 | 	Valid Accuracy     : 0.2879 | 	Valid F1-score      : 0.1436

Epoch : 77
Train Loss     : nan	 | 	Train Accuracy     : 0.0000
Valid Loss     : 1.3291	 | 	Valid Accuracy     : 0.3787 | 	Valid F1-score      : 0.1986

Epoch : 78
Train Loss     : nan	 | 	Train Accuracy     : 0.0000
Valid Loss     : 1.3754	 | 	Valid Accuracy     : 0.3333 | 	Valid F1-score      : 0.1655

Epoch : 79
Train Loss     : nan	 | 	Train Accuracy     : 0.0000
Valid Loss     : 1.3731	 | 	Valid Accuracy     : 0.3333 | 	Valid F1-score      : 0.1773

Epoch : 80
Train Loss     : nan	 | 	Train Accuracy     : 0.0000
Valid Loss     : 1.3774	 | 	Valid Accuracy     : 0.3333 | 	Valid F1-score      : 0.1661

Epoch : 81
Train Loss     : nan	 | 	Train Accuracy     : 0.0000
Valid Loss     : 1.4344	 | 	Valid Accuracy     : 0.2879 | 	Valid F1-score      : 0.1425

Epoch : 82
Train Loss     : nan	 | 	Train Accuracy     : 0.0000
Valid Loss     : 1.3821	 | 	Valid Accuracy     : 0.3333 | 	Valid F1-score      : 0.1650

Epoch : 83
Train Loss     : nan	 | 	Train Accuracy     : 0.0000
Valid Loss     : 1.3754	 | 	Valid Accuracy     : 0.3333 | 	Valid F1-score      : 0.1665

Epoch : 84
Train Loss     : nan	 | 	Train Accuracy     : 0.0000
Valid Loss     : 1.3802	 | 	Valid Accuracy     : 0.3333 | 	Valid F1-score      : 0.1656

Epoch : 85
Train Loss     : nan	 | 	Train Accuracy     : 0.0000
Valid Loss     : 1.4322	 | 	Valid Accuracy     : 0.2879 | 	Valid F1-score      : 0.1415

Epoch : 86
Train Loss     : nan	 | 	Train Accuracy     : 0.0000
Valid Loss     : 1.3832	 | 	Valid Accuracy     : 0.3333 | 	Valid F1-score      : 0.1779

Epoch : 87
Train Loss     : nan	 | 	Train Accuracy     : 0.0000
Valid Loss     : 1.3236	 | 	Valid Accuracy     : 0.3787 | 	Valid F1-score      : 0.1988

Epoch : 88
Train Loss     : nan	 | 	Train Accuracy     : 0.0000
Valid Loss     : 1.3742	 | 	Valid Accuracy     : 0.3333 | 	Valid F1-score      : 0.1663

Epoch : 89
Train Loss     : nan	 | 	Train Accuracy     : 0.0000
Valid Loss     : 1.2772	 | 	Valid Accuracy     : 0.4241 | 	Valid F1-score      : 0.2836

Epoch : 90
Train Loss     : nan	 | 	Train Accuracy     : 0.0000
Valid Loss     : 1.4345	 | 	Valid Accuracy     : 0.2879 | 	Valid F1-score      : 0.1426

Epoch : 91
Train Loss     : nan	 | 	Train Accuracy     : 0.0000
Valid Loss     : 1.4290	 | 	Valid Accuracy     : 0.2879 | 	Valid F1-score      : 0.1435

Epoch : 92
Train Loss     : nan	 | 	Train Accuracy     : 0.0000
Valid Loss     : 1.3779	 | 	Valid Accuracy     : 0.3333 | 	Valid F1-score      : 0.1659

Epoch : 93
Train Loss     : nan	 | 	Train Accuracy     : 0.0000
Valid Loss     : 1.3805	 | 	Valid Accuracy     : 0.3333 | 	Valid F1-score      : 0.1662

Epoch : 94
Train Loss     : nan	 | 	Train Accuracy     : 0.0000
Valid Loss     : 1.4260	 | 	Valid Accuracy     : 0.2879 | 	Valid F1-score      : 0.1432

Epoch : 95
Train Loss     : nan	 | 	Train Accuracy     : 0.0000
Valid Loss     : 1.3284	 | 	Valid Accuracy     : 0.3787 | 	Valid F1-score      : 0.1968

Epoch : 96
Train Loss     : nan	 | 	Train Accuracy     : 0.0000
Valid Loss     : 1.2764	 | 	Valid Accuracy     : 0.4241 | 	Valid F1-score      : 0.2830

Epoch : 97
Train Loss     : nan	 | 	Train Accuracy     : 0.0000
Valid Loss     : 1.4241	 | 	Valid Accuracy     : 0.2879 | 	Valid F1-score      : 0.1423

Epoch : 98
Train Loss     : nan	 | 	Train Accuracy     : 0.0000
Valid Loss     : 1.3788	 | 	Valid Accuracy     : 0.3333 | 	Valid F1-score      : 0.1657

Epoch : 99
Train Loss     : nan	 | 	Train Accuracy     : 0.0000
Valid Loss     : 1.3730	 | 	Valid Accuracy     : 0.3333 | 	Valid F1-score      : 0.1782

Epoch : 100
Train Loss     : nan	 | 	Train Accuracy     : 0.0000
Valid Loss     : 1.3854	 | 	Valid Accuracy     : 0.3333 | 	Valid F1-score      : 0.1785

################## Training is Done! #########################
Training time is : 0:00:29.447559
