=============================================
Dataset: casas
Method:  Novel Human Activity
Mode:    novelty_detection
=============================================
Data loaded ...
Training started ....

Epoch : 1
Train Loss     : nan	 | 	Train Accuracy     : 0.0000
Valid Loss     : 2.7591	 | 	Valid Accuracy     : 0.0677 | 	Valid F1-score      : 0.0084

Epoch : 2
Train Loss     : nan	 | 	Train Accuracy     : 0.0000
Valid Loss     : 2.7610	 | 	Valid Accuracy     : 0.0656 | 	Valid F1-score      : 0.0083

Epoch : 3
Train Loss     : nan	 | 	Train Accuracy     : 0.0000
Valid Loss     : 2.7609	 | 	Valid Accuracy     : 0.0666 | 	Valid F1-score      : 0.0086

Epoch : 4
Train Loss     : nan	 | 	Train Accuracy     : 0.0000
Valid Loss     : 2.7613	 | 	Valid Accuracy     : 0.0671 | 	Valid F1-score      : 0.0084

Epoch : 5
Train Loss     : nan	 | 	Train Accuracy     : 0.0000
Valid Loss     : 2.7616	 | 	Valid Accuracy     : 0.0671 | 	Valid F1-score      : 0.0084

Epoch : 6
Train Loss     : nan	 | 	Train Accuracy     : 0.0000
Valid Loss     : 2.7608	 | 	Valid Accuracy     : 0.0666 | 	Valid F1-score      : 0.0085

Epoch : 7
Train Loss     : nan	 | 	Train Accuracy     : 0.0000
Valid Loss     : 2.7633	 | 	Valid Accuracy     : 0.0671 | 	Valid F1-score      : 0.0084

Epoch : 8
Train Loss     : nan	 | 	Train Accuracy     : 0.0000
Valid Loss     : 2.7621	 | 	Valid Accuracy     : 0.0666 | 	Valid F1-score      : 0.0085

Epoch : 9
Train Loss     : nan	 | 	Train Accuracy     : 0.0000
Valid Loss     : 2.7622	 | 	Valid Accuracy     : 0.0677 | 	Valid F1-score      : 0.0085

Epoch : 10
Train Loss     : nan	 | 	Train Accuracy     : 0.0000
Valid Loss     : 2.7639	 | 	Valid Accuracy     : 0.0656 | 	Valid F1-score      : 0.0082

Epoch : 11
Train Loss     : nan	 | 	Train Accuracy     : 0.0000
Valid Loss     : 2.7622	 | 	Valid Accuracy     : 0.0661 | 	Valid F1-score      : 0.0083

Epoch : 12
Train Loss     : nan	 | 	Train Accuracy     : 0.0000
Valid Loss     : 2.7615	 | 	Valid Accuracy     : 0.0666 | 	Valid F1-score      : 0.0085

Epoch : 13
Train Loss     : nan	 | 	Train Accuracy     : 0.0000
Valid Loss     : 2.7601	 | 	Valid Accuracy     : 0.0682 | 	Valid F1-score      : 0.0085
