=============================================
Dataset: casas
Method:  Novel Human Activity
Mode:    novelty_detection
=============================================
Data loaded ...
Training started ....

Epoch : 1
Train Loss     : nan	 | 	Train Accuracy     : 0.0000
Valid Loss     : 2.7595	 | 	Valid Accuracy     : 0.0677 | 	Valid F1-score      : 0.0084

Epoch : 2
Train Loss     : nan	 | 	Train Accuracy     : 0.0000
Valid Loss     : 2.7615	 | 	Valid Accuracy     : 0.0656 | 	Valid F1-score      : 0.0083

Epoch : 3
Train Loss     : nan	 | 	Train Accuracy     : 0.0000
Valid Loss     : 2.7613	 | 	Valid Accuracy     : 0.0666 | 	Valid F1-score      : 0.0086

Epoch : 4
Train Loss     : nan	 | 	Train Accuracy     : 0.0000
Valid Loss     : 2.7619	 | 	Valid Accuracy     : 0.0671 | 	Valid F1-score      : 0.0084

Epoch : 5
Train Loss     : nan	 | 	Train Accuracy     : 0.0000
Valid Loss     : 2.7621	 | 	Valid Accuracy     : 0.0671 | 	Valid F1-score      : 0.0084

Epoch : 6
Train Loss     : nan	 | 	Train Accuracy     : 0.0000
Valid Loss     : 2.7613	 | 	Valid Accuracy     : 0.0666 | 	Valid F1-score      : 0.0085

Epoch : 7
Train Loss     : nan	 | 	Train Accuracy     : 0.0000
Valid Loss     : 2.7642	 | 	Valid Accuracy     : 0.0671 | 	Valid F1-score      : 0.0084

Epoch : 8
Train Loss     : nan	 | 	Train Accuracy     : 0.0000
Valid Loss     : 2.7626	 | 	Valid Accuracy     : 0.0666 | 	Valid F1-score      : 0.0085

Epoch : 9
Train Loss     : nan	 | 	Train Accuracy     : 0.0000
Valid Loss     : 2.7626	 | 	Valid Accuracy     : 0.0677 | 	Valid F1-score      : 0.0085

Epoch : 10
Train Loss     : nan	 | 	Train Accuracy     : 0.0000
Valid Loss     : 2.7644	 | 	Valid Accuracy     : 0.0656 | 	Valid F1-score      : 0.0082

Epoch : 11
Train Loss     : nan	 | 	Train Accuracy     : 0.0000
Valid Loss     : 2.7625	 | 	Valid Accuracy     : 0.0661 | 	Valid F1-score      : 0.0083

Epoch : 12
Train Loss     : nan	 | 	Train Accuracy     : 0.0000
Valid Loss     : 2.7617	 | 	Valid Accuracy     : 0.0666 | 	Valid F1-score      : 0.0085

Epoch : 13
Train Loss     : nan	 | 	Train Accuracy     : 0.0000
Valid Loss     : 2.7602	 | 	Valid Accuracy     : 0.0682 | 	Valid F1-score      : 0.0085

Epoch : 14
Train Loss     : nan	 | 	Train Accuracy     : 0.0000
Valid Loss     : 2.7606	 | 	Valid Accuracy     : 0.0666 | 	Valid F1-score      : 0.0083

Epoch : 15
Train Loss     : nan	 | 	Train Accuracy     : 0.0000
Valid Loss     : 2.7618	 | 	Valid Accuracy     : 0.0661 | 	Valid F1-score      : 0.0083

Epoch : 16
Train Loss     : nan	 | 	Train Accuracy     : 0.0000
Valid Loss     : 2.7616	 | 	Valid Accuracy     : 0.0677 | 	Valid F1-score      : 0.0085
