=============================================
Dataset: casas
Method:  Novel Human Activity
Mode:    novelty_detection
=============================================
Data loaded ...
Training started ....

Epoch : 1
Train Loss     : nan	 | 	Train Accuracy     : 0.0000
Valid Loss     : 2.7965	 | 	Valid Accuracy     : 0.0000 | 	Valid F1-score      : 0.0000

Epoch : 2
Train Loss     : nan	 | 	Train Accuracy     : 0.0000
Valid Loss     : 2.8017	 | 	Valid Accuracy     : 0.0000 | 	Valid F1-score      : 0.0000

Epoch : 3
Train Loss     : nan	 | 	Train Accuracy     : 0.0000
Valid Loss     : 2.8095	 | 	Valid Accuracy     : 0.0000 | 	Valid F1-score      : 0.0000

Epoch : 4
Train Loss     : nan	 | 	Train Accuracy     : 0.0000
Valid Loss     : 2.8102	 | 	Valid Accuracy     : 0.0000 | 	Valid F1-score      : 0.0000

Epoch : 5
Train Loss     : nan	 | 	Train Accuracy     : 0.0000
Valid Loss     : 2.7992	 | 	Valid Accuracy     : 0.0000 | 	Valid F1-score      : 0.0000

Epoch : 6
Train Loss     : nan	 | 	Train Accuracy     : 0.0000
Valid Loss     : 2.8213	 | 	Valid Accuracy     : 0.0000 | 	Valid F1-score      : 0.0000

Epoch : 7
Train Loss     : nan	 | 	Train Accuracy     : 0.0000
Valid Loss     : 2.8153	 | 	Valid Accuracy     : 0.0000 | 	Valid F1-score      : 0.0000

Epoch : 8
Train Loss     : nan	 | 	Train Accuracy     : 0.0000
Valid Loss     : 2.8250	 | 	Valid Accuracy     : 0.0000 | 	Valid F1-score      : 0.0000

Epoch : 9
Train Loss     : nan	 | 	Train Accuracy     : 0.0000
Valid Loss     : 2.8050	 | 	Valid Accuracy     : 0.0000 | 	Valid F1-score      : 0.0000

Epoch : 10
Train Loss     : nan	 | 	Train Accuracy     : 0.0000
Valid Loss     : 2.8027	 | 	Valid Accuracy     : 0.0000 | 	Valid F1-score      : 0.0000

Epoch : 11
Train Loss     : nan	 | 	Train Accuracy     : 0.0000
Valid Loss     : 2.8246	 | 	Valid Accuracy     : 0.0000 | 	Valid F1-score      : 0.0000

Epoch : 12
Train Loss     : nan	 | 	Train Accuracy     : 0.0000
Valid Loss     : 2.8187	 | 	Valid Accuracy     : 0.0000 | 	Valid F1-score      : 0.0000

Epoch : 13
Train Loss     : nan	 | 	Train Accuracy     : 0.0000
Valid Loss     : 2.8180	 | 	Valid Accuracy     : 0.0000 | 	Valid F1-score      : 0.0000

Epoch : 14
Train Loss     : nan	 | 	Train Accuracy     : 0.0000
Valid Loss     : 2.7936	 | 	Valid Accuracy     : 0.0000 | 	Valid F1-score      : 0.0000

Epoch : 15
Train Loss     : nan	 | 	Train Accuracy     : 0.0000
Valid Loss     : 2.8120	 | 	Valid Accuracy     : 0.0000 | 	Valid F1-score      : 0.0000

Epoch : 16
Train Loss     : nan	 | 	Train Accuracy     : 0.0000
Valid Loss     : 2.8190	 | 	Valid Accuracy     : 0.0000 | 	Valid F1-score      : 0.0000

Epoch : 17
Train Loss     : nan	 | 	Train Accuracy     : 0.0000
Valid Loss     : 2.8107	 | 	Valid Accuracy     : 0.0000 | 	Valid F1-score      : 0.0000

Epoch : 18
Train Loss     : nan	 | 	Train Accuracy     : 0.0000
Valid Loss     : 2.8068	 | 	Valid Accuracy     : 0.0000 | 	Valid F1-score      : 0.0000

Epoch : 19
Train Loss     : nan	 | 	Train Accuracy     : 0.0000
Valid Loss     : 2.8187	 | 	Valid Accuracy     : 0.0000 | 	Valid F1-score      : 0.0000

Epoch : 20
Train Loss     : nan	 | 	Train Accuracy     : 0.0000
Valid Loss     : 2.8077	 | 	Valid Accuracy     : 0.0000 | 	Valid F1-score      : 0.0000
