=============================================
Dataset: casas
Method:  Novel Human Activity
Mode:    random_init
=============================================
Data loaded ...
Training started ....

Epoch : 1
Train Loss     : 2.7377	 | 	Train Accuracy     : 0.0664
Valid Loss     : 2.7249	 | 	Valid Accuracy     : 0.0735 | 	Valid F1-score      : 0.0171

Epoch : 2
Train Loss     : 2.7203	 | 	Train Accuracy     : 0.0605
Valid Loss     : 2.7143	 | 	Valid Accuracy     : 0.0701 | 	Valid F1-score      : 0.0153

Epoch : 3
Train Loss     : 2.7020	 | 	Train Accuracy     : 0.0814
Valid Loss     : 2.7022	 | 	Valid Accuracy     : 0.0855 | 	Valid F1-score      : 0.0297

Epoch : 4
Train Loss     : 2.6885	 | 	Train Accuracy     : 0.1055
Valid Loss     : 2.6855	 | 	Valid Accuracy     : 0.0850 | 	Valid F1-score      : 0.0244

Epoch : 5
Train Loss     : 2.6771	 | 	Train Accuracy     : 0.1172
Valid Loss     : 2.6757	 | 	Valid Accuracy     : 0.0969 | 	Valid F1-score      : 0.0299

Epoch : 6
Train Loss     : 2.6672	 | 	Train Accuracy     : 0.1439
Valid Loss     : 2.6653	 | 	Valid Accuracy     : 0.1162 | 	Valid F1-score      : 0.0503

Epoch : 7
Train Loss     : 2.6589	 | 	Train Accuracy     : 0.1641
Valid Loss     : 2.6558	 | 	Valid Accuracy     : 0.2164 | 	Valid F1-score      : 0.1460

Epoch : 8
Train Loss     : 2.6486	 | 	Train Accuracy     : 0.1966
Valid Loss     : 2.6478	 | 	Valid Accuracy     : 0.2711 | 	Valid F1-score      : 0.1979

Epoch : 9
Train Loss     : 2.6409	 | 	Train Accuracy     : 0.2480
Valid Loss     : 2.6421	 | 	Valid Accuracy     : 0.2649 | 	Valid F1-score      : 0.2146

Epoch : 10
Train Loss     : 2.6285	 | 	Train Accuracy     : 0.3477
Valid Loss     : 2.6315	 | 	Valid Accuracy     : 0.3255 | 	Valid F1-score      : 0.2583

Epoch : 11
Train Loss     : 2.6216	 | 	Train Accuracy     : 0.3438
Valid Loss     : 2.6244	 | 	Valid Accuracy     : 0.2872 | 	Valid F1-score      : 0.2189

Epoch : 12
Train Loss     : 2.6119	 | 	Train Accuracy     : 0.3652
Valid Loss     : 2.6160	 | 	Valid Accuracy     : 0.2869 | 	Valid F1-score      : 0.2069

Epoch : 13
Train Loss     : 2.6000	 | 	Train Accuracy     : 0.3346
Valid Loss     : 2.6050	 | 	Valid Accuracy     : 0.2943 | 	Valid F1-score      : 0.2191

Epoch : 14
Train Loss     : 2.5930	 | 	Train Accuracy     : 0.3555
Valid Loss     : 2.5994	 | 	Valid Accuracy     : 0.2752 | 	Valid F1-score      : 0.1733

Epoch : 15
Train Loss     : 2.5865	 | 	Train Accuracy     : 0.3366
Valid Loss     : 2.5918	 | 	Valid Accuracy     : 0.2837 | 	Valid F1-score      : 0.2005

Epoch : 16
Train Loss     : 2.5767	 | 	Train Accuracy     : 0.3424
Valid Loss     : 2.5817	 | 	Valid Accuracy     : 0.2982 | 	Valid F1-score      : 0.2177

Epoch : 17
Train Loss     : 2.5696	 | 	Train Accuracy     : 0.3529
Valid Loss     : 2.5705	 | 	Valid Accuracy     : 0.3211 | 	Valid F1-score      : 0.2192

Epoch : 18
Train Loss     : 2.5546	 | 	Train Accuracy     : 0.4062
Valid Loss     : 2.5715	 | 	Valid Accuracy     : 0.3145 | 	Valid F1-score      : 0.2247

Epoch : 19
Train Loss     : 2.5490	 | 	Train Accuracy     : 0.3639
Valid Loss     : 2.5567	 | 	Valid Accuracy     : 0.3026 | 	Valid F1-score      : 0.2312

Epoch : 20
Train Loss     : 2.5403	 | 	Train Accuracy     : 0.3880
Valid Loss     : 2.5460	 | 	Valid Accuracy     : 0.3331 | 	Valid F1-score      : 0.2354

Epoch : 21
Train Loss     : 2.5334	 | 	Train Accuracy     : 0.3828
Valid Loss     : 2.5407	 | 	Valid Accuracy     : 0.3258 | 	Valid F1-score      : 0.2312

Epoch : 22
Train Loss     : 2.5207	 | 	Train Accuracy     : 0.3672
Valid Loss     : 2.5316	 | 	Valid Accuracy     : 0.3329 | 	Valid F1-score      : 0.2380

Epoch : 23
Train Loss     : 2.5125	 | 	Train Accuracy     : 0.3600
Valid Loss     : 2.5227	 | 	Valid Accuracy     : 0.3099 | 	Valid F1-score      : 0.2322

Epoch : 24
Train Loss     : 2.5010	 | 	Train Accuracy     : 0.3555
Valid Loss     : 2.5121	 | 	Valid Accuracy     : 0.3370 | 	Valid F1-score      : 0.2557

Epoch : 25
Train Loss     : 2.4961	 | 	Train Accuracy     : 0.3835
Valid Loss     : 2.5071	 | 	Valid Accuracy     : 0.3255 | 	Valid F1-score      : 0.2581

Epoch : 26
Train Loss     : 2.4808	 | 	Train Accuracy     : 0.3874
Valid Loss     : 2.4977	 | 	Valid Accuracy     : 0.3299 | 	Valid F1-score      : 0.2554

Epoch : 27
Train Loss     : 2.4796	 | 	Train Accuracy     : 0.3464
Valid Loss     : 2.4835	 | 	Valid Accuracy     : 0.3287 | 	Valid F1-score      : 0.2391

Epoch : 28
Train Loss     : 2.4700	 | 	Train Accuracy     : 0.3587
Valid Loss     : 2.4845	 | 	Valid Accuracy     : 0.2987 | 	Valid F1-score      : 0.1851

Epoch : 29
Train Loss     : 2.4653	 | 	Train Accuracy     : 0.3411
Valid Loss     : 2.4696	 | 	Valid Accuracy     : 0.3136 | 	Valid F1-score      : 0.2524

Epoch : 30
Train Loss     : 2.4583	 | 	Train Accuracy     : 0.3659
Valid Loss     : 2.4603	 | 	Valid Accuracy     : 0.3216 | 	Valid F1-score      : 0.2526

Epoch : 31
Train Loss     : 2.4378	 | 	Train Accuracy     : 0.3841
Valid Loss     : 2.4673	 | 	Valid Accuracy     : 0.3226 | 	Valid F1-score      : 0.2429

Epoch : 32
Train Loss     : 2.4318	 | 	Train Accuracy     : 0.3978
Valid Loss     : 2.4509	 | 	Valid Accuracy     : 0.3294 | 	Valid F1-score      : 0.2496

Epoch : 33
Train Loss     : 2.4288	 | 	Train Accuracy     : 0.3796
Valid Loss     : 2.4488	 | 	Valid Accuracy     : 0.3561 | 	Valid F1-score      : 0.2836

Epoch : 34
Train Loss     : 2.4104	 | 	Train Accuracy     : 0.3945
Valid Loss     : 2.4362	 | 	Valid Accuracy     : 0.3675 | 	Valid F1-score      : 0.3134

Epoch : 35
Train Loss     : 2.4120	 | 	Train Accuracy     : 0.3854
Valid Loss     : 2.4312	 | 	Valid Accuracy     : 0.3299 | 	Valid F1-score      : 0.2555

Epoch : 36
Train Loss     : 2.3936	 | 	Train Accuracy     : 0.3854
Valid Loss     : 2.4278	 | 	Valid Accuracy     : 0.3182 | 	Valid F1-score      : 0.2359

Epoch : 37
Train Loss     : 2.3933	 | 	Train Accuracy     : 0.3854
Valid Loss     : 2.4344	 | 	Valid Accuracy     : 0.3297 | 	Valid F1-score      : 0.2550

Epoch : 38
Train Loss     : 2.3942	 | 	Train Accuracy     : 0.3919
Valid Loss     : 2.4166	 | 	Valid Accuracy     : 0.3375 | 	Valid F1-score      : 0.2548

Epoch : 39
Train Loss     : 2.3878	 | 	Train Accuracy     : 0.3704
Valid Loss     : 2.4100	 | 	Valid Accuracy     : 0.3221 | 	Valid F1-score      : 0.2490

Epoch : 40
Train Loss     : 2.3637	 | 	Train Accuracy     : 0.3893
Valid Loss     : 2.3996	 | 	Valid Accuracy     : 0.3331 | 	Valid F1-score      : 0.2407

Epoch : 41
Train Loss     : 2.3575	 | 	Train Accuracy     : 0.3802
Valid Loss     : 2.4032	 | 	Valid Accuracy     : 0.3292 | 	Valid F1-score      : 0.2580

Epoch : 42
Train Loss     : 2.3536	 | 	Train Accuracy     : 0.3600
Valid Loss     : 2.3946	 | 	Valid Accuracy     : 0.3184 | 	Valid F1-score      : 0.2424

Epoch : 43
Train Loss     : 2.3547	 | 	Train Accuracy     : 0.3711
Valid Loss     : 2.3902	 | 	Valid Accuracy     : 0.3441 | 	Valid F1-score      : 0.2703

Epoch : 44
Train Loss     : 2.3484	 | 	Train Accuracy     : 0.3704
Valid Loss     : 2.3778	 | 	Valid Accuracy     : 0.3294 | 	Valid F1-score      : 0.2505

Epoch : 45
Train Loss     : 2.3383	 | 	Train Accuracy     : 0.3919
Valid Loss     : 2.3796	 | 	Valid Accuracy     : 0.3563 | 	Valid F1-score      : 0.2778

Epoch : 46
Train Loss     : 2.3366	 | 	Train Accuracy     : 0.3776
Valid Loss     : 2.3718	 | 	Valid Accuracy     : 0.3639 | 	Valid F1-score      : 0.3059

Epoch : 47
Train Loss     : 2.3271	 | 	Train Accuracy     : 0.3848
Valid Loss     : 2.3572	 | 	Valid Accuracy     : 0.3636 | 	Valid F1-score      : 0.2787

Epoch : 48
Train Loss     : 2.3197	 | 	Train Accuracy     : 0.3893
Valid Loss     : 2.3624	 | 	Valid Accuracy     : 0.3522 | 	Valid F1-score      : 0.2904

Epoch : 49
Train Loss     : 2.3151	 | 	Train Accuracy     : 0.3646
Valid Loss     : 2.3394	 | 	Valid Accuracy     : 0.3634 | 	Valid F1-score      : 0.2748

Epoch : 50
Train Loss     : 2.3225	 | 	Train Accuracy     : 0.3796
Valid Loss     : 2.3495	 | 	Valid Accuracy     : 0.3443 | 	Valid F1-score      : 0.2496

Epoch : 51
Train Loss     : 2.3103	 | 	Train Accuracy     : 0.3952
Valid Loss     : 2.3517	 | 	Valid Accuracy     : 0.3678 | 	Valid F1-score      : 0.2970

Epoch : 52
Train Loss     : 2.3125	 | 	Train Accuracy     : 0.3835
Valid Loss     : 2.3317	 | 	Valid Accuracy     : 0.3712 | 	Valid F1-score      : 0.3043

Epoch : 53
Train Loss     : 2.2841	 | 	Train Accuracy     : 0.4336
Valid Loss     : 2.3471	 | 	Valid Accuracy     : 0.3568 | 	Valid F1-score      : 0.2848

Epoch : 54
Train Loss     : 2.2921	 | 	Train Accuracy     : 0.4062
Valid Loss     : 2.3645	 | 	Valid Accuracy     : 0.3421 | 	Valid F1-score      : 0.2736

Epoch : 55
Train Loss     : 2.2736	 | 	Train Accuracy     : 0.4173
Valid Loss     : 2.3298	 | 	Valid Accuracy     : 0.3756 | 	Valid F1-score      : 0.2884

Epoch : 56
Train Loss     : 2.2802	 | 	Train Accuracy     : 0.3900
Valid Loss     : 2.3395	 | 	Valid Accuracy     : 0.3690 | 	Valid F1-score      : 0.2986

Epoch : 57
Train Loss     : 2.2766	 | 	Train Accuracy     : 0.3978
Valid Loss     : 2.3208	 | 	Valid Accuracy     : 0.3646 | 	Valid F1-score      : 0.3010

Epoch : 58
Train Loss     : 2.2779	 | 	Train Accuracy     : 0.4115
Valid Loss     : 2.3126	 | 	Valid Accuracy     : 0.3673 | 	Valid F1-score      : 0.3113

Epoch : 59
Train Loss     : 2.2546	 | 	Train Accuracy     : 0.4036
Valid Loss     : 2.3299	 | 	Valid Accuracy     : 0.3678 | 	Valid F1-score      : 0.2804

Epoch : 60
Train Loss     : 2.2533	 | 	Train Accuracy     : 0.4147
Valid Loss     : 2.3220	 | 	Valid Accuracy     : 0.3793 | 	Valid F1-score      : 0.3179

Epoch : 61
Train Loss     : 2.2561	 | 	Train Accuracy     : 0.4121
Valid Loss     : 2.3134	 | 	Valid Accuracy     : 0.3687 | 	Valid F1-score      : 0.2926

Epoch : 62
Train Loss     : 2.2472	 | 	Train Accuracy     : 0.4401
Valid Loss     : 2.3080	 | 	Valid Accuracy     : 0.3453 | 	Valid F1-score      : 0.2781

Epoch : 63
Train Loss     : 2.2403	 | 	Train Accuracy     : 0.4245
Valid Loss     : 2.2989	 | 	Valid Accuracy     : 0.3795 | 	Valid F1-score      : 0.3084

Epoch : 64
Train Loss     : 2.2508	 | 	Train Accuracy     : 0.4238
Valid Loss     : 2.2817	 | 	Valid Accuracy     : 0.3944 | 	Valid F1-score      : 0.3350

Epoch : 65
Train Loss     : 2.2267	 | 	Train Accuracy     : 0.4336
Valid Loss     : 2.2924	 | 	Valid Accuracy     : 0.3912 | 	Valid F1-score      : 0.3395

Epoch : 66
Train Loss     : 2.2212	 | 	Train Accuracy     : 0.4368
Valid Loss     : 2.2821	 | 	Valid Accuracy     : 0.3795 | 	Valid F1-score      : 0.3179

Epoch : 67
Train Loss     : 2.2183	 | 	Train Accuracy     : 0.4128
Valid Loss     : 2.2762	 | 	Valid Accuracy     : 0.3990 | 	Valid F1-score      : 0.3259

Epoch : 68
Train Loss     : 2.2254	 | 	Train Accuracy     : 0.4290
Valid Loss     : 2.2602	 | 	Valid Accuracy     : 0.3983 | 	Valid F1-score      : 0.3319

Epoch : 69
Train Loss     : 2.2047	 | 	Train Accuracy     : 0.4342
Valid Loss     : 2.2691	 | 	Valid Accuracy     : 0.3912 | 	Valid F1-score      : 0.3417

Epoch : 70
Train Loss     : 2.2022	 | 	Train Accuracy     : 0.4421
Valid Loss     : 2.2711	 | 	Valid Accuracy     : 0.3951 | 	Valid F1-score      : 0.3037

Epoch : 71
Train Loss     : 2.1961	 | 	Train Accuracy     : 0.4264
Valid Loss     : 2.2624	 | 	Valid Accuracy     : 0.4142 | 	Valid F1-score      : 0.3535

Epoch : 72
Train Loss     : 2.1863	 | 	Train Accuracy     : 0.4303
Valid Loss     : 2.2553	 | 	Valid Accuracy     : 0.3910 | 	Valid F1-score      : 0.3294

Epoch : 73
Train Loss     : 2.1883	 | 	Train Accuracy     : 0.4668
Valid Loss     : 2.2597	 | 	Valid Accuracy     : 0.3726 | 	Valid F1-score      : 0.3097

Epoch : 74
Train Loss     : 2.1910	 | 	Train Accuracy     : 0.4115
Valid Loss     : 2.2468	 | 	Valid Accuracy     : 0.4066 | 	Valid F1-score      : 0.3480

Epoch : 75
Train Loss     : 2.1728	 | 	Train Accuracy     : 0.4544
Valid Loss     : 2.2395	 | 	Valid Accuracy     : 0.3758 | 	Valid F1-score      : 0.2945

Epoch : 76
Train Loss     : 2.1647	 | 	Train Accuracy     : 0.4492
Valid Loss     : 2.2540	 | 	Valid Accuracy     : 0.3956 | 	Valid F1-score      : 0.3351

Epoch : 77
Train Loss     : 2.1600	 | 	Train Accuracy     : 0.4564
Valid Loss     : 2.2410	 | 	Valid Accuracy     : 0.3997 | 	Valid F1-score      : 0.3280

Epoch : 78
Train Loss     : 2.1533	 | 	Train Accuracy     : 0.4388
Valid Loss     : 2.2323	 | 	Valid Accuracy     : 0.4144 | 	Valid F1-score      : 0.3464

Epoch : 79
Train Loss     : 2.1723	 | 	Train Accuracy     : 0.4505
Valid Loss     : 2.2437	 | 	Valid Accuracy     : 0.4002 | 	Valid F1-score      : 0.3209

Epoch : 80
Train Loss     : 2.1487	 | 	Train Accuracy     : 0.4525
Valid Loss     : 2.2250	 | 	Valid Accuracy     : 0.4066 | 	Valid F1-score      : 0.3509

Epoch : 81
Train Loss     : 2.1475	 | 	Train Accuracy     : 0.4648
Valid Loss     : 2.2122	 | 	Valid Accuracy     : 0.4029 | 	Valid F1-score      : 0.3491

Epoch : 82
Train Loss     : 2.1352	 | 	Train Accuracy     : 0.4440
Valid Loss     : 2.2231	 | 	Valid Accuracy     : 0.4154 | 	Valid F1-score      : 0.3787

Epoch : 83
Train Loss     : 2.1305	 | 	Train Accuracy     : 0.4505
Valid Loss     : 2.2195	 | 	Valid Accuracy     : 0.3844 | 	Valid F1-score      : 0.3265

Epoch : 84
Train Loss     : 2.1183	 | 	Train Accuracy     : 0.4603
Valid Loss     : 2.2140	 | 	Valid Accuracy     : 0.3990 | 	Valid F1-score      : 0.3458

Epoch : 85
Train Loss     : 2.1292	 | 	Train Accuracy     : 0.4609
Valid Loss     : 2.2272	 | 	Valid Accuracy     : 0.3885 | 	Valid F1-score      : 0.3392

Epoch : 86
Train Loss     : 2.1107	 | 	Train Accuracy     : 0.4766
Valid Loss     : 2.2165	 | 	Valid Accuracy     : 0.4227 | 	Valid F1-score      : 0.3605

Epoch : 87
Train Loss     : 2.1140	 | 	Train Accuracy     : 0.4655
Valid Loss     : 2.1946	 | 	Valid Accuracy     : 0.4139 | 	Valid F1-score      : 0.3806

Epoch : 88
Train Loss     : 2.1196	 | 	Train Accuracy     : 0.4375
Valid Loss     : 2.1973	 | 	Valid Accuracy     : 0.4222 | 	Valid F1-score      : 0.3739

Epoch : 89
Train Loss     : 2.0868	 | 	Train Accuracy     : 0.4557
Valid Loss     : 2.1865	 | 	Valid Accuracy     : 0.4034 | 	Valid F1-score      : 0.3589

Epoch : 90
Train Loss     : 2.0759	 | 	Train Accuracy     : 0.4785
Valid Loss     : 2.1782	 | 	Valid Accuracy     : 0.4335 | 	Valid F1-score      : 0.4153

Epoch : 91
Train Loss     : 2.0967	 | 	Train Accuracy     : 0.4525
Valid Loss     : 2.1754	 | 	Valid Accuracy     : 0.4107 | 	Valid F1-score      : 0.3597

Epoch : 92
Train Loss     : 2.0839	 | 	Train Accuracy     : 0.4746
Valid Loss     : 2.1721	 | 	Valid Accuracy     : 0.4266 | 	Valid F1-score      : 0.3753

Epoch : 93
Train Loss     : 2.0940	 | 	Train Accuracy     : 0.4753
Valid Loss     : 2.1556	 | 	Valid Accuracy     : 0.4454 | 	Valid F1-score      : 0.3979

Epoch : 94
Train Loss     : 2.0833	 | 	Train Accuracy     : 0.4655
Valid Loss     : 2.1650	 | 	Valid Accuracy     : 0.4332 | 	Valid F1-score      : 0.3906

Epoch : 95
Train Loss     : 2.0594	 | 	Train Accuracy     : 0.4883
Valid Loss     : 2.1809	 | 	Valid Accuracy     : 0.4154 | 	Valid F1-score      : 0.3688

Epoch : 96
Train Loss     : 2.0528	 | 	Train Accuracy     : 0.4902
Valid Loss     : 2.1459	 | 	Valid Accuracy     : 0.4225 | 	Valid F1-score      : 0.3709

Epoch : 97
Train Loss     : 2.0617	 | 	Train Accuracy     : 0.4694
Valid Loss     : 2.1663	 | 	Valid Accuracy     : 0.4041 | 	Valid F1-score      : 0.3650

Epoch : 98
Train Loss     : 2.0532	 | 	Train Accuracy     : 0.4798
Valid Loss     : 2.1427	 | 	Valid Accuracy     : 0.4036 | 	Valid F1-score      : 0.3819

Epoch : 99
Train Loss     : 2.0480	 | 	Train Accuracy     : 0.5078
Valid Loss     : 2.1348	 | 	Valid Accuracy     : 0.4261 | 	Valid F1-score      : 0.3743

Epoch : 100
Train Loss     : 2.0374	 | 	Train Accuracy     : 0.4915
Valid Loss     : 2.0879	 | 	Valid Accuracy     : 0.4635 | 	Valid F1-score      : 0.4007

Evaluate on the Test set:
Test loss      :2.1412	 | Test Accuracy      : 0.4151	 | Test F1-score      : 0.3749

################## Training is Done! #########################
Training time is : 0:00:13.367596
