=============================================
Dataset: casas
Method:  Novel Human Activity
Mode:    fine_tune
=============================================
Data loaded ...
Training started ....

Epoch : 1
Train Loss     : 2.6853	 | 	Train Accuracy     : 0.0905
Valid Loss     : 2.6220	 | 	Valid Accuracy     : 0.2281 | 	Valid F1-score      : 0.1467

Epoch : 2
Train Loss     : 2.5553	 | 	Train Accuracy     : 0.3646
Valid Loss     : 2.5287	 | 	Valid Accuracy     : 0.4225 | 	Valid F1-score      : 0.3421

Epoch : 3
Train Loss     : 2.4382	 | 	Train Accuracy     : 0.5339
Valid Loss     : 2.4165	 | 	Valid Accuracy     : 0.4962 | 	Valid F1-score      : 0.4301

Epoch : 4
Train Loss     : 2.3244	 | 	Train Accuracy     : 0.6374
Valid Loss     : 2.3041	 | 	Valid Accuracy     : 0.5470 | 	Valid F1-score      : 0.5032

Epoch : 5
Train Loss     : 2.1873	 | 	Train Accuracy     : 0.7409
Valid Loss     : 2.1975	 | 	Valid Accuracy     : 0.6286 | 	Valid F1-score      : 0.5939

Epoch : 6
Train Loss     : 2.0855	 | 	Train Accuracy     : 0.7643
Valid Loss     : 2.0747	 | 	Valid Accuracy     : 0.6747 | 	Valid F1-score      : 0.6381

Epoch : 7
Train Loss     : 1.9432	 | 	Train Accuracy     : 0.8184
Valid Loss     : 1.9820	 | 	Valid Accuracy     : 0.7167 | 	Valid F1-score      : 0.6810

Epoch : 8
Train Loss     : 1.8353	 | 	Train Accuracy     : 0.8359
Valid Loss     : 1.8856	 | 	Valid Accuracy     : 0.7096 | 	Valid F1-score      : 0.6930

Epoch : 9
Train Loss     : 1.7282	 | 	Train Accuracy     : 0.8418
Valid Loss     : 1.7886	 | 	Valid Accuracy     : 0.7392 | 	Valid F1-score      : 0.7324

Epoch : 10
Train Loss     : 1.6336	 | 	Train Accuracy     : 0.8581
Valid Loss     : 1.7215	 | 	Valid Accuracy     : 0.7214 | 	Valid F1-score      : 0.6932

Epoch : 11
Train Loss     : 1.5415	 | 	Train Accuracy     : 0.8724
Valid Loss     : 1.6276	 | 	Valid Accuracy     : 0.7367 | 	Valid F1-score      : 0.7233

Epoch : 12
Train Loss     : 1.4484	 | 	Train Accuracy     : 0.8854
Valid Loss     : 1.5793	 | 	Valid Accuracy     : 0.7292 | 	Valid F1-score      : 0.6996

Epoch : 13
Train Loss     : 1.3737	 | 	Train Accuracy     : 0.8952
Valid Loss     : 1.5088	 | 	Valid Accuracy     : 0.7517 | 	Valid F1-score      : 0.7055

Epoch : 14
Train Loss     : 1.3073	 | 	Train Accuracy     : 0.9115
Valid Loss     : 1.4497	 | 	Valid Accuracy     : 0.7670 | 	Valid F1-score      : 0.7376

Epoch : 15
Train Loss     : 1.2403	 | 	Train Accuracy     : 0.9134
Valid Loss     : 1.3946	 | 	Valid Accuracy     : 0.7863 | 	Valid F1-score      : 0.7647

Epoch : 16
Train Loss     : 1.1764	 | 	Train Accuracy     : 0.9264
Valid Loss     : 1.3775	 | 	Valid Accuracy     : 0.7602 | 	Valid F1-score      : 0.7252

Epoch : 17
Train Loss     : 1.1240	 | 	Train Accuracy     : 0.9115
Valid Loss     : 1.3103	 | 	Valid Accuracy     : 0.7863 | 	Valid F1-score      : 0.7480

Epoch : 18
Train Loss     : 1.0635	 | 	Train Accuracy     : 0.9355
Valid Loss     : 1.2784	 | 	Valid Accuracy     : 0.7714 | 	Valid F1-score      : 0.7235

Epoch : 19
Train Loss     : 1.0183	 | 	Train Accuracy     : 0.9388
Valid Loss     : 1.2573	 | 	Valid Accuracy     : 0.7871 | 	Valid F1-score      : 0.7448

Epoch : 20
Train Loss     : 0.9924	 | 	Train Accuracy     : 0.9395
Valid Loss     : 1.2451	 | 	Valid Accuracy     : 0.8022 | 	Valid F1-score      : 0.7652

Epoch : 21
Train Loss     : 0.9205	 | 	Train Accuracy     : 0.9596
Valid Loss     : 1.1993	 | 	Valid Accuracy     : 0.7799 | 	Valid F1-score      : 0.7690

Epoch : 22
Train Loss     : 0.8873	 | 	Train Accuracy     : 0.9564
Valid Loss     : 1.1653	 | 	Valid Accuracy     : 0.8061 | 	Valid F1-score      : 0.7821

Epoch : 23
Train Loss     : 0.8411	 | 	Train Accuracy     : 0.9707
Valid Loss     : 1.1212	 | 	Valid Accuracy     : 0.8100 | 	Valid F1-score      : 0.7650

Epoch : 24
Train Loss     : 0.7946	 | 	Train Accuracy     : 0.9746
Valid Loss     : 1.1022	 | 	Valid Accuracy     : 0.8178 | 	Valid F1-score      : 0.8059

Epoch : 25
Train Loss     : 0.7736	 | 	Train Accuracy     : 0.9622
Valid Loss     : 1.0872	 | 	Valid Accuracy     : 0.7990 | 	Valid F1-score      : 0.7848

Epoch : 26
Train Loss     : 0.7390	 | 	Train Accuracy     : 0.9674
Valid Loss     : 1.0729	 | 	Valid Accuracy     : 0.7988 | 	Valid F1-score      : 0.7433

Epoch : 27
Train Loss     : 0.7005	 | 	Train Accuracy     : 0.9766
Valid Loss     : 1.0159	 | 	Valid Accuracy     : 0.8252 | 	Valid F1-score      : 0.7604

Epoch : 28
Train Loss     : 0.6607	 | 	Train Accuracy     : 0.9727
Valid Loss     : 1.0156	 | 	Valid Accuracy     : 0.8098 | 	Valid F1-score      : 0.7802

Epoch : 29
Train Loss     : 0.6404	 | 	Train Accuracy     : 0.9811
Valid Loss     : 0.9726	 | 	Valid Accuracy     : 0.8406 | 	Valid F1-score      : 0.8066

Epoch : 30
Train Loss     : 0.6181	 | 	Train Accuracy     : 0.9870
Valid Loss     : 0.9563	 | 	Valid Accuracy     : 0.8213 | 	Valid F1-score      : 0.7920

Epoch : 31
Train Loss     : 0.5988	 | 	Train Accuracy     : 0.9811
Valid Loss     : 0.9528	 | 	Valid Accuracy     : 0.8254 | 	Valid F1-score      : 0.7532

Epoch : 32
Train Loss     : 0.5612	 | 	Train Accuracy     : 0.9850
Valid Loss     : 0.9660	 | 	Valid Accuracy     : 0.8107 | 	Valid F1-score      : 0.7568

Epoch : 33
Train Loss     : 0.5408	 | 	Train Accuracy     : 0.9831
Valid Loss     : 0.9274	 | 	Valid Accuracy     : 0.8254 | 	Valid F1-score      : 0.7758

Epoch : 34
Train Loss     : 0.5158	 | 	Train Accuracy     : 0.9902
Valid Loss     : 0.8976	 | 	Valid Accuracy     : 0.8410 | 	Valid F1-score      : 0.8342

Epoch : 35
Train Loss     : 0.4987	 | 	Train Accuracy     : 0.9902
Valid Loss     : 0.8838	 | 	Valid Accuracy     : 0.8254 | 	Valid F1-score      : 0.8146

Epoch : 36
Train Loss     : 0.4727	 | 	Train Accuracy     : 0.9883
Valid Loss     : 0.8902	 | 	Valid Accuracy     : 0.8139 | 	Valid F1-score      : 0.7773

Epoch : 37
Train Loss     : 0.4577	 | 	Train Accuracy     : 0.9922
Valid Loss     : 0.8974	 | 	Valid Accuracy     : 0.8185 | 	Valid F1-score      : 0.7836

Epoch : 38
Train Loss     : 0.4428	 | 	Train Accuracy     : 0.9902
Valid Loss     : 0.8704	 | 	Valid Accuracy     : 0.8066 | 	Valid F1-score      : 0.7749

Epoch : 39
Train Loss     : 0.4213	 | 	Train Accuracy     : 0.9980
Valid Loss     : 0.8490	 | 	Valid Accuracy     : 0.8410 | 	Valid F1-score      : 0.8256

Epoch : 40
Train Loss     : 0.3991	 | 	Train Accuracy     : 0.9922
Valid Loss     : 0.8402	 | 	Valid Accuracy     : 0.8295 | 	Valid F1-score      : 0.7940

Epoch : 41
Train Loss     : 0.3860	 | 	Train Accuracy     : 0.9909
Valid Loss     : 0.8224	 | 	Valid Accuracy     : 0.8254 | 	Valid F1-score      : 0.7842

Epoch : 42
Train Loss     : 0.3755	 | 	Train Accuracy     : 0.9909
Valid Loss     : 0.7605	 | 	Valid Accuracy     : 0.8557 | 	Valid F1-score      : 0.8400

Epoch : 43
Train Loss     : 0.3646	 | 	Train Accuracy     : 0.9909
Valid Loss     : 0.7749	 | 	Valid Accuracy     : 0.8445 | 	Valid F1-score      : 0.8393

Epoch : 44
Train Loss     : 0.3483	 | 	Train Accuracy     : 0.9980
Valid Loss     : 0.8011	 | 	Valid Accuracy     : 0.8259 | 	Valid F1-score      : 0.8040

Epoch : 45
Train Loss     : 0.3287	 | 	Train Accuracy     : 0.9980
Valid Loss     : 0.7913	 | 	Valid Accuracy     : 0.8256 | 	Valid F1-score      : 0.7810

Epoch : 46
Train Loss     : 0.3161	 | 	Train Accuracy     : 1.0000
Valid Loss     : 0.7663	 | 	Valid Accuracy     : 0.8603 | 	Valid F1-score      : 0.8119

Epoch : 47
Train Loss     : 0.3136	 | 	Train Accuracy     : 0.9928
Valid Loss     : 0.7788	 | 	Valid Accuracy     : 0.8371 | 	Valid F1-score      : 0.8148

Epoch : 48
Train Loss     : 0.2988	 | 	Train Accuracy     : 0.9961
Valid Loss     : 0.7427	 | 	Valid Accuracy     : 0.8369 | 	Valid F1-score      : 0.8156

Epoch : 49
Train Loss     : 0.2801	 | 	Train Accuracy     : 0.9980
Valid Loss     : 0.7573	 | 	Valid Accuracy     : 0.8410 | 	Valid F1-score      : 0.8047

Epoch : 50
Train Loss     : 0.2743	 | 	Train Accuracy     : 0.9961
Valid Loss     : 0.7469	 | 	Valid Accuracy     : 0.8486 | 	Valid F1-score      : 0.8339

Epoch : 51
Train Loss     : 0.2614	 | 	Train Accuracy     : 0.9980
Valid Loss     : 0.7353	 | 	Valid Accuracy     : 0.8295 | 	Valid F1-score      : 0.7786

Epoch : 52
Train Loss     : 0.2517	 | 	Train Accuracy     : 1.0000
Valid Loss     : 0.7329	 | 	Valid Accuracy     : 0.8332 | 	Valid F1-score      : 0.7876

Epoch : 53
Train Loss     : 0.2526	 | 	Train Accuracy     : 0.9941
Valid Loss     : 0.7601	 | 	Valid Accuracy     : 0.8303 | 	Valid F1-score      : 0.7819

Epoch : 54
Train Loss     : 0.2378	 | 	Train Accuracy     : 0.9980
Valid Loss     : 0.7078	 | 	Valid Accuracy     : 0.8295 | 	Valid F1-score      : 0.8156

Epoch : 55
Train Loss     : 0.2227	 | 	Train Accuracy     : 1.0000
Valid Loss     : 0.7391	 | 	Valid Accuracy     : 0.8181 | 	Valid F1-score      : 0.8224

Epoch : 56
Train Loss     : 0.2180	 | 	Train Accuracy     : 1.0000
Valid Loss     : 0.7162	 | 	Valid Accuracy     : 0.8293 | 	Valid F1-score      : 0.8270

Epoch : 57
Train Loss     : 0.2098	 | 	Train Accuracy     : 1.0000
Valid Loss     : 0.7337	 | 	Valid Accuracy     : 0.8410 | 	Valid F1-score      : 0.8450

Epoch : 58
Train Loss     : 0.2021	 | 	Train Accuracy     : 0.9980
Valid Loss     : 0.6862	 | 	Valid Accuracy     : 0.8403 | 	Valid F1-score      : 0.8325

Epoch : 59
Train Loss     : 0.1947	 | 	Train Accuracy     : 1.0000
Valid Loss     : 0.7377	 | 	Valid Accuracy     : 0.8220 | 	Valid F1-score      : 0.7739

Epoch : 60
Train Loss     : 0.1848	 | 	Train Accuracy     : 1.0000
Valid Loss     : 0.6801	 | 	Valid Accuracy     : 0.8447 | 	Valid F1-score      : 0.8175

Epoch : 61
Train Loss     : 0.1802	 | 	Train Accuracy     : 1.0000
Valid Loss     : 0.6375	 | 	Valid Accuracy     : 0.8635 | 	Valid F1-score      : 0.8475

Epoch : 62
Train Loss     : 0.1739	 | 	Train Accuracy     : 1.0000
Valid Loss     : 0.6877	 | 	Valid Accuracy     : 0.8449 | 	Valid F1-score      : 0.7982

Epoch : 63
Train Loss     : 0.1698	 | 	Train Accuracy     : 1.0000
Valid Loss     : 0.6813	 | 	Valid Accuracy     : 0.8488 | 	Valid F1-score      : 0.8059

Epoch : 64
Train Loss     : 0.1644	 | 	Train Accuracy     : 1.0000
Valid Loss     : 0.7103	 | 	Valid Accuracy     : 0.8525 | 	Valid F1-score      : 0.8296

Epoch : 65
Train Loss     : 0.1547	 | 	Train Accuracy     : 1.0000
Valid Loss     : 0.7311	 | 	Valid Accuracy     : 0.8376 | 	Valid F1-score      : 0.7963

Epoch : 66
Train Loss     : 0.1534	 | 	Train Accuracy     : 1.0000
Valid Loss     : 0.7046	 | 	Valid Accuracy     : 0.8217 | 	Valid F1-score      : 0.7939

Epoch : 67
Train Loss     : 0.1494	 | 	Train Accuracy     : 1.0000
Valid Loss     : 0.7035	 | 	Valid Accuracy     : 0.8261 | 	Valid F1-score      : 0.7889

Epoch : 68
Train Loss     : 0.1417	 | 	Train Accuracy     : 1.0000
Valid Loss     : 0.6866	 | 	Valid Accuracy     : 0.8442 | 	Valid F1-score      : 0.8183

Epoch : 69
Train Loss     : 0.1398	 | 	Train Accuracy     : 1.0000
Valid Loss     : 0.6975	 | 	Valid Accuracy     : 0.8295 | 	Valid F1-score      : 0.8008

Epoch : 70
Train Loss     : 0.1340	 | 	Train Accuracy     : 1.0000
Valid Loss     : 0.6960	 | 	Valid Accuracy     : 0.8178 | 	Valid F1-score      : 0.7879

Epoch : 71
Train Loss     : 0.1292	 | 	Train Accuracy     : 1.0000
Valid Loss     : 0.7519	 | 	Valid Accuracy     : 0.8146 | 	Valid F1-score      : 0.7710

Epoch : 72
Train Loss     : 0.1257	 | 	Train Accuracy     : 1.0000
Valid Loss     : 0.7016	 | 	Valid Accuracy     : 0.8408 | 	Valid F1-score      : 0.8176

Epoch : 73
Train Loss     : 0.1223	 | 	Train Accuracy     : 1.0000
Valid Loss     : 0.6895	 | 	Valid Accuracy     : 0.8332 | 	Valid F1-score      : 0.7910

Epoch : 74
Train Loss     : 0.1176	 | 	Train Accuracy     : 1.0000
Valid Loss     : 0.7089	 | 	Valid Accuracy     : 0.8259 | 	Valid F1-score      : 0.8038

Epoch : 75
Train Loss     : 0.1121	 | 	Train Accuracy     : 1.0000
Valid Loss     : 0.6897	 | 	Valid Accuracy     : 0.8181 | 	Valid F1-score      : 0.7915

Epoch : 76
Train Loss     : 0.1085	 | 	Train Accuracy     : 1.0000
Valid Loss     : 0.6657	 | 	Valid Accuracy     : 0.8518 | 	Valid F1-score      : 0.8420

Epoch : 77
Train Loss     : 0.1056	 | 	Train Accuracy     : 1.0000
Valid Loss     : 0.7019	 | 	Valid Accuracy     : 0.8261 | 	Valid F1-score      : 0.7979

Epoch : 78
Train Loss     : 0.1021	 | 	Train Accuracy     : 1.0000
Valid Loss     : 0.6637	 | 	Valid Accuracy     : 0.8449 | 	Valid F1-score      : 0.8210

Epoch : 79
Train Loss     : 0.0977	 | 	Train Accuracy     : 1.0000
Valid Loss     : 0.6747	 | 	Valid Accuracy     : 0.8408 | 	Valid F1-score      : 0.8258

Epoch : 80
Train Loss     : 0.0951	 | 	Train Accuracy     : 1.0000
Valid Loss     : 0.6940	 | 	Valid Accuracy     : 0.8222 | 	Valid F1-score      : 0.7991

Epoch : 81
Train Loss     : 0.0942	 | 	Train Accuracy     : 1.0000
Valid Loss     : 0.6865	 | 	Valid Accuracy     : 0.8335 | 	Valid F1-score      : 0.8119

Epoch : 82
Train Loss     : 0.0888	 | 	Train Accuracy     : 1.0000
Valid Loss     : 0.6472	 | 	Valid Accuracy     : 0.8520 | 	Valid F1-score      : 0.8359

Epoch : 83
Train Loss     : 0.0864	 | 	Train Accuracy     : 1.0000
Valid Loss     : 0.7120	 | 	Valid Accuracy     : 0.8222 | 	Valid F1-score      : 0.7913

Epoch : 84
Train Loss     : 0.0847	 | 	Train Accuracy     : 1.0000
Valid Loss     : 0.7084	 | 	Valid Accuracy     : 0.8298 | 	Valid F1-score      : 0.8172

Epoch : 85
Train Loss     : 0.0816	 | 	Train Accuracy     : 1.0000
Valid Loss     : 0.7010	 | 	Valid Accuracy     : 0.8220 | 	Valid F1-score      : 0.7853

Epoch : 86
Train Loss     : 0.0821	 | 	Train Accuracy     : 1.0000
Valid Loss     : 0.6978	 | 	Valid Accuracy     : 0.8303 | 	Valid F1-score      : 0.8095

Epoch : 87
Train Loss     : 0.0787	 | 	Train Accuracy     : 1.0000
Valid Loss     : 0.6676	 | 	Valid Accuracy     : 0.8371 | 	Valid F1-score      : 0.8156

Epoch : 88
Train Loss     : 0.0756	 | 	Train Accuracy     : 1.0000
Valid Loss     : 0.6920	 | 	Valid Accuracy     : 0.8259 | 	Valid F1-score      : 0.7988

Epoch : 89
Train Loss     : 0.0731	 | 	Train Accuracy     : 1.0000
Valid Loss     : 0.6816	 | 	Valid Accuracy     : 0.8371 | 	Valid F1-score      : 0.8238

Epoch : 90
Train Loss     : 0.0705	 | 	Train Accuracy     : 1.0000
Valid Loss     : 0.6304	 | 	Valid Accuracy     : 0.8598 | 	Valid F1-score      : 0.8223

Epoch : 91
Train Loss     : 0.0678	 | 	Train Accuracy     : 1.0000
Valid Loss     : 0.6430	 | 	Valid Accuracy     : 0.8520 | 	Valid F1-score      : 0.8383

Epoch : 92
Train Loss     : 0.0666	 | 	Train Accuracy     : 1.0000
Valid Loss     : 0.6767	 | 	Valid Accuracy     : 0.8293 | 	Valid F1-score      : 0.7798

Epoch : 93
Train Loss     : 0.0636	 | 	Train Accuracy     : 1.0000
Valid Loss     : 0.6733	 | 	Valid Accuracy     : 0.8293 | 	Valid F1-score      : 0.7897

Epoch : 94
Train Loss     : 0.0618	 | 	Train Accuracy     : 1.0000
Valid Loss     : 0.6611	 | 	Valid Accuracy     : 0.8291 | 	Valid F1-score      : 0.8128

Epoch : 95
Train Loss     : 0.0610	 | 	Train Accuracy     : 1.0000
Valid Loss     : 0.6913	 | 	Valid Accuracy     : 0.8181 | 	Valid F1-score      : 0.7877

Epoch : 96
Train Loss     : 0.0586	 | 	Train Accuracy     : 1.0000
Valid Loss     : 0.6858	 | 	Valid Accuracy     : 0.8183 | 	Valid F1-score      : 0.7657

Epoch : 97
Train Loss     : 0.0590	 | 	Train Accuracy     : 1.0000
Valid Loss     : 0.6719	 | 	Valid Accuracy     : 0.8374 | 	Valid F1-score      : 0.7897

Epoch : 98
Train Loss     : 0.0551	 | 	Train Accuracy     : 1.0000
Valid Loss     : 0.6553	 | 	Valid Accuracy     : 0.8408 | 	Valid F1-score      : 0.8135

Epoch : 99
Train Loss     : 0.0538	 | 	Train Accuracy     : 1.0000
Valid Loss     : 0.6638	 | 	Valid Accuracy     : 0.8371 | 	Valid F1-score      : 0.8153

Epoch : 100
Train Loss     : 0.0523	 | 	Train Accuracy     : 1.0000
Valid Loss     : 0.6724	 | 	Valid Accuracy     : 0.8452 | 	Valid F1-score      : 0.8101

Evaluate on the Test set:
Test loss      :0.6629	 | Test Accuracy      : 0.8449	 | Test F1-score      : 0.8240

################## Training is Done! #########################
Training time is : 0:00:24.128175
