=============================================
Dataset: casas
Method:  Novel Human Activity
Mode:    fine_tune
=============================================
Data loaded ...
Training started ....

Epoch : 1
Train Loss     : 2.6858	 | 	Train Accuracy     : 0.0996
Valid Loss     : 2.6237	 | 	Valid Accuracy     : 0.1783 | 	Valid F1-score      : 0.1060

Epoch : 2
Train Loss     : 2.5555	 | 	Train Accuracy     : 0.3633
Valid Loss     : 2.5263	 | 	Valid Accuracy     : 0.4413 | 	Valid F1-score      : 0.3472

Epoch : 3
Train Loss     : 2.4358	 | 	Train Accuracy     : 0.5436
Valid Loss     : 2.4086	 | 	Valid Accuracy     : 0.5617 | 	Valid F1-score      : 0.5327

Epoch : 4
Train Loss     : 2.3199	 | 	Train Accuracy     : 0.6803
Valid Loss     : 2.2938	 | 	Valid Accuracy     : 0.6012 | 	Valid F1-score      : 0.5652

Epoch : 5
Train Loss     : 2.1840	 | 	Train Accuracy     : 0.7493
Valid Loss     : 2.1866	 | 	Valid Accuracy     : 0.6403 | 	Valid F1-score      : 0.6053

Epoch : 6
Train Loss     : 2.0787	 | 	Train Accuracy     : 0.7643
Valid Loss     : 2.0656	 | 	Valid Accuracy     : 0.6899 | 	Valid F1-score      : 0.6607

Epoch : 7
Train Loss     : 1.9368	 | 	Train Accuracy     : 0.8333
Valid Loss     : 1.9710	 | 	Valid Accuracy     : 0.6938 | 	Valid F1-score      : 0.6620

Epoch : 8
Train Loss     : 1.8298	 | 	Train Accuracy     : 0.8346
Valid Loss     : 1.8795	 | 	Valid Accuracy     : 0.6982 | 	Valid F1-score      : 0.6854

Epoch : 9
Train Loss     : 1.7240	 | 	Train Accuracy     : 0.8424
Valid Loss     : 1.7780	 | 	Valid Accuracy     : 0.7353 | 	Valid F1-score      : 0.7294

Epoch : 10
Train Loss     : 1.6265	 | 	Train Accuracy     : 0.8587
Valid Loss     : 1.7090	 | 	Valid Accuracy     : 0.7292 | 	Valid F1-score      : 0.6904

Epoch : 11
Train Loss     : 1.5356	 | 	Train Accuracy     : 0.8783
Valid Loss     : 1.6200	 | 	Valid Accuracy     : 0.7287 | 	Valid F1-score      : 0.7041

Epoch : 12
Train Loss     : 1.4435	 | 	Train Accuracy     : 0.8835
Valid Loss     : 1.5717	 | 	Valid Accuracy     : 0.7292 | 	Valid F1-score      : 0.6983

Epoch : 13
Train Loss     : 1.3663	 | 	Train Accuracy     : 0.8965
Valid Loss     : 1.4991	 | 	Valid Accuracy     : 0.7397 | 	Valid F1-score      : 0.7004

Epoch : 14
Train Loss     : 1.3047	 | 	Train Accuracy     : 0.9004
Valid Loss     : 1.4469	 | 	Valid Accuracy     : 0.7634 | 	Valid F1-score      : 0.7327

Epoch : 15
Train Loss     : 1.2332	 | 	Train Accuracy     : 0.9303
Valid Loss     : 1.3896	 | 	Valid Accuracy     : 0.7824 | 	Valid F1-score      : 0.7535

Epoch : 16
Train Loss     : 1.1721	 | 	Train Accuracy     : 0.9303
Valid Loss     : 1.3681	 | 	Valid Accuracy     : 0.7602 | 	Valid F1-score      : 0.7236

Epoch : 17
Train Loss     : 1.1139	 | 	Train Accuracy     : 0.9160
Valid Loss     : 1.3042	 | 	Valid Accuracy     : 0.7783 | 	Valid F1-score      : 0.7342

Epoch : 18
Train Loss     : 1.0660	 | 	Train Accuracy     : 0.9264
Valid Loss     : 1.2709	 | 	Valid Accuracy     : 0.7829 | 	Valid F1-score      : 0.7393

Epoch : 19
Train Loss     : 1.0167	 | 	Train Accuracy     : 0.9382
Valid Loss     : 1.2428	 | 	Valid Accuracy     : 0.7788 | 	Valid F1-score      : 0.7520

Epoch : 20
Train Loss     : 0.9867	 | 	Train Accuracy     : 0.9473
Valid Loss     : 1.2306	 | 	Valid Accuracy     : 0.7756 | 	Valid F1-score      : 0.7176

Epoch : 21
Train Loss     : 0.9154	 | 	Train Accuracy     : 0.9557
Valid Loss     : 1.1995	 | 	Valid Accuracy     : 0.7680 | 	Valid F1-score      : 0.7531

Epoch : 22
Train Loss     : 0.8854	 | 	Train Accuracy     : 0.9577
Valid Loss     : 1.1549	 | 	Valid Accuracy     : 0.7942 | 	Valid F1-score      : 0.7744

Epoch : 23
Train Loss     : 0.8391	 | 	Train Accuracy     : 0.9727
Valid Loss     : 1.1191	 | 	Valid Accuracy     : 0.8098 | 	Valid F1-score      : 0.7673

Epoch : 24
Train Loss     : 0.7884	 | 	Train Accuracy     : 0.9668
Valid Loss     : 1.1009	 | 	Valid Accuracy     : 0.8176 | 	Valid F1-score      : 0.8127

Epoch : 25
Train Loss     : 0.7683	 | 	Train Accuracy     : 0.9603
Valid Loss     : 1.0962	 | 	Valid Accuracy     : 0.7760 | 	Valid F1-score      : 0.7634

Epoch : 26
Train Loss     : 0.7284	 | 	Train Accuracy     : 0.9805
Valid Loss     : 1.0756	 | 	Valid Accuracy     : 0.7792 | 	Valid F1-score      : 0.7145

Epoch : 27
Train Loss     : 0.6952	 | 	Train Accuracy     : 0.9766
Valid Loss     : 1.0174	 | 	Valid Accuracy     : 0.8100 | 	Valid F1-score      : 0.7372

Epoch : 28
Train Loss     : 0.6560	 | 	Train Accuracy     : 0.9766
Valid Loss     : 1.0282	 | 	Valid Accuracy     : 0.7910 | 	Valid F1-score      : 0.7526

Epoch : 29
Train Loss     : 0.6408	 | 	Train Accuracy     : 0.9753
Valid Loss     : 0.9824	 | 	Valid Accuracy     : 0.8093 | 	Valid F1-score      : 0.7852

Epoch : 30
Train Loss     : 0.6124	 | 	Train Accuracy     : 0.9831
Valid Loss     : 0.9470	 | 	Valid Accuracy     : 0.8171 | 	Valid F1-score      : 0.7842

Epoch : 31
Train Loss     : 0.5923	 | 	Train Accuracy     : 0.9850
Valid Loss     : 0.9515	 | 	Valid Accuracy     : 0.8059 | 	Valid F1-score      : 0.7287

Epoch : 32
Train Loss     : 0.5591	 | 	Train Accuracy     : 0.9792
Valid Loss     : 0.9710	 | 	Valid Accuracy     : 0.7953 | 	Valid F1-score      : 0.7342

Epoch : 33
Train Loss     : 0.5408	 | 	Train Accuracy     : 0.9850
Valid Loss     : 0.9336	 | 	Valid Accuracy     : 0.7944 | 	Valid F1-score      : 0.7653

Epoch : 34
Train Loss     : 0.5153	 | 	Train Accuracy     : 0.9863
Valid Loss     : 0.9168	 | 	Valid Accuracy     : 0.8100 | 	Valid F1-score      : 0.7694

Epoch : 35
Train Loss     : 0.4986	 | 	Train Accuracy     : 0.9863
Valid Loss     : 0.9137	 | 	Valid Accuracy     : 0.7907 | 	Valid F1-score      : 0.7740

Epoch : 36
Train Loss     : 0.4751	 | 	Train Accuracy     : 0.9863
Valid Loss     : 0.8949	 | 	Valid Accuracy     : 0.8022 | 	Valid F1-score      : 0.7581

Epoch : 37
Train Loss     : 0.4590	 | 	Train Accuracy     : 0.9902
Valid Loss     : 0.9148	 | 	Valid Accuracy     : 0.7760 | 	Valid F1-score      : 0.7289

Epoch : 38
Train Loss     : 0.4453	 | 	Train Accuracy     : 0.9883
Valid Loss     : 0.8770	 | 	Valid Accuracy     : 0.7985 | 	Valid F1-score      : 0.7801

Epoch : 39
Train Loss     : 0.4216	 | 	Train Accuracy     : 0.9902
Valid Loss     : 0.8709	 | 	Valid Accuracy     : 0.7912 | 	Valid F1-score      : 0.7645

Epoch : 40
Train Loss     : 0.4001	 | 	Train Accuracy     : 0.9902
Valid Loss     : 0.8538	 | 	Valid Accuracy     : 0.8024 | 	Valid F1-score      : 0.7769

Epoch : 41
Train Loss     : 0.3855	 | 	Train Accuracy     : 0.9941
Valid Loss     : 0.8377	 | 	Valid Accuracy     : 0.8022 | 	Valid F1-score      : 0.7505

Epoch : 42
Train Loss     : 0.3780	 | 	Train Accuracy     : 0.9928
Valid Loss     : 0.8007	 | 	Valid Accuracy     : 0.8171 | 	Valid F1-score      : 0.7637

Epoch : 43
Train Loss     : 0.3646	 | 	Train Accuracy     : 0.9928
Valid Loss     : 0.7740	 | 	Valid Accuracy     : 0.8327 | 	Valid F1-score      : 0.8191

Epoch : 44
Train Loss     : 0.3508	 | 	Train Accuracy     : 0.9941
Valid Loss     : 0.8338	 | 	Valid Accuracy     : 0.8142 | 	Valid F1-score      : 0.7763

Epoch : 45
Train Loss     : 0.3301	 | 	Train Accuracy     : 0.9941
Valid Loss     : 0.7994	 | 	Valid Accuracy     : 0.8291 | 	Valid F1-score      : 0.8023

Epoch : 46
Train Loss     : 0.3174	 | 	Train Accuracy     : 1.0000
Valid Loss     : 0.7825	 | 	Valid Accuracy     : 0.8293 | 	Valid F1-score      : 0.7810

Epoch : 47
Train Loss     : 0.3155	 | 	Train Accuracy     : 0.9928
Valid Loss     : 0.7981	 | 	Valid Accuracy     : 0.8178 | 	Valid F1-score      : 0.7933

Epoch : 48
Train Loss     : 0.2978	 | 	Train Accuracy     : 0.9941
Valid Loss     : 0.7479	 | 	Valid Accuracy     : 0.8364 | 	Valid F1-score      : 0.8097

Epoch : 49
Train Loss     : 0.2794	 | 	Train Accuracy     : 1.0000
Valid Loss     : 0.7919	 | 	Valid Accuracy     : 0.8100 | 	Valid F1-score      : 0.7729

Epoch : 50
Train Loss     : 0.2740	 | 	Train Accuracy     : 0.9980
Valid Loss     : 0.7763	 | 	Valid Accuracy     : 0.8176 | 	Valid F1-score      : 0.8036

Epoch : 51
Train Loss     : 0.2607	 | 	Train Accuracy     : 1.0000
Valid Loss     : 0.7639	 | 	Valid Accuracy     : 0.8027 | 	Valid F1-score      : 0.7461

Epoch : 52
Train Loss     : 0.2547	 | 	Train Accuracy     : 1.0000
Valid Loss     : 0.7558	 | 	Valid Accuracy     : 0.8139 | 	Valid F1-score      : 0.7678

Epoch : 53
Train Loss     : 0.2514	 | 	Train Accuracy     : 1.0000
Valid Loss     : 0.8138	 | 	Valid Accuracy     : 0.8031 | 	Valid F1-score      : 0.7601

Epoch : 54
Train Loss     : 0.2340	 | 	Train Accuracy     : 0.9980
Valid Loss     : 0.7406	 | 	Valid Accuracy     : 0.8217 | 	Valid F1-score      : 0.7925

Epoch : 55
Train Loss     : 0.2215	 | 	Train Accuracy     : 1.0000
Valid Loss     : 0.7608	 | 	Valid Accuracy     : 0.8142 | 	Valid F1-score      : 0.8100

Epoch : 56
Train Loss     : 0.2151	 | 	Train Accuracy     : 1.0000
Valid Loss     : 0.7587	 | 	Valid Accuracy     : 0.8059 | 	Valid F1-score      : 0.7964

Epoch : 57
Train Loss     : 0.2086	 | 	Train Accuracy     : 1.0000
Valid Loss     : 0.7587	 | 	Valid Accuracy     : 0.8061 | 	Valid F1-score      : 0.8050

Epoch : 58
Train Loss     : 0.1997	 | 	Train Accuracy     : 1.0000
Valid Loss     : 0.7116	 | 	Valid Accuracy     : 0.8249 | 	Valid F1-score      : 0.8142

Epoch : 59
Train Loss     : 0.1939	 | 	Train Accuracy     : 1.0000
Valid Loss     : 0.7519	 | 	Valid Accuracy     : 0.8027 | 	Valid F1-score      : 0.7740

Epoch : 60
Train Loss     : 0.1852	 | 	Train Accuracy     : 1.0000
Valid Loss     : 0.7049	 | 	Valid Accuracy     : 0.8215 | 	Valid F1-score      : 0.8063

Epoch : 61
Train Loss     : 0.1788	 | 	Train Accuracy     : 1.0000
Valid Loss     : 0.6637	 | 	Valid Accuracy     : 0.8325 | 	Valid F1-score      : 0.8042

Epoch : 62
Train Loss     : 0.1729	 | 	Train Accuracy     : 1.0000
Valid Loss     : 0.7115	 | 	Valid Accuracy     : 0.8288 | 	Valid F1-score      : 0.7893

Epoch : 63
Train Loss     : 0.1682	 | 	Train Accuracy     : 1.0000
Valid Loss     : 0.7029	 | 	Valid Accuracy     : 0.8215 | 	Valid F1-score      : 0.7697

Epoch : 64
Train Loss     : 0.1638	 | 	Train Accuracy     : 1.0000
Valid Loss     : 0.7101	 | 	Valid Accuracy     : 0.8061 | 	Valid F1-score      : 0.7816

Epoch : 65
Train Loss     : 0.1541	 | 	Train Accuracy     : 1.0000
Valid Loss     : 0.7268	 | 	Valid Accuracy     : 0.8024 | 	Valid F1-score      : 0.7479

Epoch : 66
Train Loss     : 0.1510	 | 	Train Accuracy     : 1.0000
Valid Loss     : 0.7454	 | 	Valid Accuracy     : 0.7912 | 	Valid F1-score      : 0.7686

Epoch : 67
Train Loss     : 0.1495	 | 	Train Accuracy     : 1.0000
Valid Loss     : 0.7259	 | 	Valid Accuracy     : 0.8022 | 	Valid F1-score      : 0.7718

Epoch : 68
Train Loss     : 0.1414	 | 	Train Accuracy     : 1.0000
Valid Loss     : 0.7003	 | 	Valid Accuracy     : 0.7978 | 	Valid F1-score      : 0.7394

Epoch : 69
Train Loss     : 0.1406	 | 	Train Accuracy     : 1.0000
Valid Loss     : 0.7369	 | 	Valid Accuracy     : 0.8029 | 	Valid F1-score      : 0.7659

Epoch : 70
Train Loss     : 0.1332	 | 	Train Accuracy     : 1.0000
Valid Loss     : 0.7554	 | 	Valid Accuracy     : 0.8024 | 	Valid F1-score      : 0.7620

Epoch : 71
Train Loss     : 0.1290	 | 	Train Accuracy     : 1.0000
Valid Loss     : 0.7342	 | 	Valid Accuracy     : 0.8144 | 	Valid F1-score      : 0.7638

Epoch : 72
Train Loss     : 0.1255	 | 	Train Accuracy     : 1.0000
Valid Loss     : 0.7488	 | 	Valid Accuracy     : 0.7910 | 	Valid F1-score      : 0.7743

Epoch : 73
Train Loss     : 0.1281	 | 	Train Accuracy     : 0.9948
Valid Loss     : 0.7075	 | 	Valid Accuracy     : 0.8100 | 	Valid F1-score      : 0.7497

Epoch : 74
Train Loss     : 0.1182	 | 	Train Accuracy     : 1.0000
Valid Loss     : 0.7351	 | 	Valid Accuracy     : 0.8066 | 	Valid F1-score      : 0.7651

Epoch : 75
Train Loss     : 0.1129	 | 	Train Accuracy     : 1.0000
Valid Loss     : 0.7030	 | 	Valid Accuracy     : 0.8059 | 	Valid F1-score      : 0.7778

Epoch : 76
Train Loss     : 0.1088	 | 	Train Accuracy     : 1.0000
Valid Loss     : 0.6714	 | 	Valid Accuracy     : 0.8210 | 	Valid F1-score      : 0.7922

Epoch : 77
Train Loss     : 0.1056	 | 	Train Accuracy     : 1.0000
Valid Loss     : 0.7172	 | 	Valid Accuracy     : 0.7995 | 	Valid F1-score      : 0.7515

Epoch : 78
Train Loss     : 0.1019	 | 	Train Accuracy     : 1.0000
Valid Loss     : 0.6797	 | 	Valid Accuracy     : 0.8210 | 	Valid F1-score      : 0.7950

Epoch : 79
Train Loss     : 0.0981	 | 	Train Accuracy     : 1.0000
Valid Loss     : 0.6947	 | 	Valid Accuracy     : 0.8137 | 	Valid F1-score      : 0.7999

Epoch : 80
Train Loss     : 0.0957	 | 	Train Accuracy     : 1.0000
Valid Loss     : 0.7328	 | 	Valid Accuracy     : 0.8142 | 	Valid F1-score      : 0.7820

Epoch : 81
Train Loss     : 0.0936	 | 	Train Accuracy     : 1.0000
Valid Loss     : 0.7108	 | 	Valid Accuracy     : 0.8024 | 	Valid F1-score      : 0.7930

Epoch : 82
Train Loss     : 0.0888	 | 	Train Accuracy     : 1.0000
Valid Loss     : 0.6452	 | 	Valid Accuracy     : 0.8438 | 	Valid F1-score      : 0.8316

Epoch : 83
Train Loss     : 0.0864	 | 	Train Accuracy     : 1.0000
Valid Loss     : 0.7102	 | 	Valid Accuracy     : 0.8103 | 	Valid F1-score      : 0.7635

Epoch : 84
Train Loss     : 0.0841	 | 	Train Accuracy     : 1.0000
Valid Loss     : 0.7188	 | 	Valid Accuracy     : 0.8027 | 	Valid F1-score      : 0.7845

Epoch : 85
Train Loss     : 0.0816	 | 	Train Accuracy     : 1.0000
Valid Loss     : 0.7219	 | 	Valid Accuracy     : 0.8066 | 	Valid F1-score      : 0.7748

Epoch : 86
Train Loss     : 0.0825	 | 	Train Accuracy     : 1.0000
Valid Loss     : 0.7218	 | 	Valid Accuracy     : 0.8183 | 	Valid F1-score      : 0.7911

Epoch : 87
Train Loss     : 0.0783	 | 	Train Accuracy     : 1.0000
Valid Loss     : 0.6875	 | 	Valid Accuracy     : 0.8178 | 	Valid F1-score      : 0.7811

Epoch : 88
Train Loss     : 0.0736	 | 	Train Accuracy     : 1.0000
Valid Loss     : 0.7249	 | 	Valid Accuracy     : 0.7988 | 	Valid F1-score      : 0.7666

Epoch : 89
Train Loss     : 0.0730	 | 	Train Accuracy     : 1.0000
Valid Loss     : 0.7327	 | 	Valid Accuracy     : 0.7912 | 	Valid F1-score      : 0.7434

Epoch : 90
Train Loss     : 0.0708	 | 	Train Accuracy     : 1.0000
Valid Loss     : 0.6471	 | 	Valid Accuracy     : 0.8247 | 	Valid F1-score      : 0.7701

Epoch : 91
Train Loss     : 0.0683	 | 	Train Accuracy     : 1.0000
Valid Loss     : 0.6636	 | 	Valid Accuracy     : 0.8208 | 	Valid F1-score      : 0.7964

Epoch : 92
Train Loss     : 0.0668	 | 	Train Accuracy     : 1.0000
Valid Loss     : 0.6990	 | 	Valid Accuracy     : 0.8061 | 	Valid F1-score      : 0.7449

Epoch : 93
Train Loss     : 0.0639	 | 	Train Accuracy     : 1.0000
Valid Loss     : 0.7009	 | 	Valid Accuracy     : 0.8103 | 	Valid F1-score      : 0.7480

Epoch : 94
Train Loss     : 0.0616	 | 	Train Accuracy     : 1.0000
Valid Loss     : 0.6550	 | 	Valid Accuracy     : 0.8252 | 	Valid F1-score      : 0.8199

Epoch : 95
Train Loss     : 0.0610	 | 	Train Accuracy     : 1.0000
Valid Loss     : 0.7404	 | 	Valid Accuracy     : 0.7953 | 	Valid F1-score      : 0.7618

Epoch : 96
Train Loss     : 0.0586	 | 	Train Accuracy     : 1.0000
Valid Loss     : 0.6843	 | 	Valid Accuracy     : 0.8139 | 	Valid F1-score      : 0.7571

Epoch : 97
Train Loss     : 0.0604	 | 	Train Accuracy     : 1.0000
Valid Loss     : 0.7061	 | 	Valid Accuracy     : 0.8105 | 	Valid F1-score      : 0.7601

Epoch : 98
Train Loss     : 0.0552	 | 	Train Accuracy     : 1.0000
Valid Loss     : 0.6658	 | 	Valid Accuracy     : 0.8252 | 	Valid F1-score      : 0.7864

Epoch : 99
Train Loss     : 0.0540	 | 	Train Accuracy     : 1.0000
Valid Loss     : 0.6761	 | 	Valid Accuracy     : 0.8137 | 	Valid F1-score      : 0.7845

Epoch : 100
Train Loss     : 0.0522	 | 	Train Accuracy     : 1.0000
Valid Loss     : 0.6888	 | 	Valid Accuracy     : 0.8293 | 	Valid F1-score      : 0.7906

Evaluate on the Test set:
Test loss      :0.6668	 | Test Accuracy      : 0.8252	 | Test F1-score      : 0.8026

################## Training is Done! #########################
Training time is : 0:00:28.433155
