=============================================
Dataset: casas
Method:  Novel Human Activity
Mode:    fine_tune
=============================================
Data loaded ...
Training started ....

Epoch : 1
Train Loss     : 2.6867	 | 	Train Accuracy     : 0.0924
Valid Loss     : 2.6243	 | 	Valid Accuracy     : 0.1744 | 	Valid F1-score      : 0.0999

Epoch : 2
Train Loss     : 2.5565	 | 	Train Accuracy     : 0.3535
Valid Loss     : 2.5273	 | 	Valid Accuracy     : 0.4181 | 	Valid F1-score      : 0.3342

Epoch : 3
Train Loss     : 2.4378	 | 	Train Accuracy     : 0.5456
Valid Loss     : 2.4125	 | 	Valid Accuracy     : 0.5463 | 	Valid F1-score      : 0.5003

Epoch : 4
Train Loss     : 2.3231	 | 	Train Accuracy     : 0.6777
Valid Loss     : 2.2967	 | 	Valid Accuracy     : 0.6049 | 	Valid F1-score      : 0.5643

Epoch : 5
Train Loss     : 2.1876	 | 	Train Accuracy     : 0.7604
Valid Loss     : 2.1903	 | 	Valid Accuracy     : 0.6518 | 	Valid F1-score      : 0.6220

Epoch : 6
Train Loss     : 2.0832	 | 	Train Accuracy     : 0.7624
Valid Loss     : 2.0697	 | 	Valid Accuracy     : 0.6899 | 	Valid F1-score      : 0.6569

Epoch : 7
Train Loss     : 1.9409	 | 	Train Accuracy     : 0.8359
Valid Loss     : 1.9749	 | 	Valid Accuracy     : 0.6899 | 	Valid F1-score      : 0.6533

Epoch : 8
Train Loss     : 1.8346	 | 	Train Accuracy     : 0.8366
Valid Loss     : 1.8864	 | 	Valid Accuracy     : 0.6789 | 	Valid F1-score      : 0.6697

Epoch : 9
Train Loss     : 1.7289	 | 	Train Accuracy     : 0.8496
Valid Loss     : 1.7889	 | 	Valid Accuracy     : 0.7392 | 	Valid F1-score      : 0.7341

Epoch : 10
Train Loss     : 1.6314	 | 	Train Accuracy     : 0.8750
Valid Loss     : 1.7190	 | 	Valid Accuracy     : 0.7135 | 	Valid F1-score      : 0.6865

Epoch : 11
Train Loss     : 1.5444	 | 	Train Accuracy     : 0.8828
Valid Loss     : 1.6242	 | 	Valid Accuracy     : 0.7248 | 	Valid F1-score      : 0.7016

Epoch : 12
Train Loss     : 1.4487	 | 	Train Accuracy     : 0.9010
Valid Loss     : 1.5863	 | 	Valid Accuracy     : 0.7135 | 	Valid F1-score      : 0.6808

Epoch : 13
Train Loss     : 1.3707	 | 	Train Accuracy     : 0.9102
Valid Loss     : 1.5118	 | 	Valid Accuracy     : 0.7399 | 	Valid F1-score      : 0.6976

Epoch : 14
Train Loss     : 1.3056	 | 	Train Accuracy     : 0.9115
Valid Loss     : 1.4649	 | 	Valid Accuracy     : 0.7402 | 	Valid F1-score      : 0.7110

Epoch : 15
Train Loss     : 1.2399	 | 	Train Accuracy     : 0.9180
Valid Loss     : 1.4011	 | 	Valid Accuracy     : 0.7788 | 	Valid F1-score      : 0.7658

Epoch : 16
Train Loss     : 1.1746	 | 	Train Accuracy     : 0.9232
Valid Loss     : 1.3785	 | 	Valid Accuracy     : 0.7411 | 	Valid F1-score      : 0.7112

Epoch : 17
Train Loss     : 1.1217	 | 	Train Accuracy     : 0.9238
Valid Loss     : 1.3230	 | 	Valid Accuracy     : 0.7707 | 	Valid F1-score      : 0.7266

Epoch : 18
Train Loss     : 1.0650	 | 	Train Accuracy     : 0.9355
Valid Loss     : 1.2852	 | 	Valid Accuracy     : 0.7751 | 	Valid F1-score      : 0.7205

Epoch : 19
Train Loss     : 1.0136	 | 	Train Accuracy     : 0.9479
Valid Loss     : 1.2558	 | 	Valid Accuracy     : 0.7595 | 	Valid F1-score      : 0.7295

Epoch : 20
Train Loss     : 0.9868	 | 	Train Accuracy     : 0.9525
Valid Loss     : 1.2386	 | 	Valid Accuracy     : 0.7751 | 	Valid F1-score      : 0.7428

Epoch : 21
Train Loss     : 0.9168	 | 	Train Accuracy     : 0.9629
Valid Loss     : 1.2165	 | 	Valid Accuracy     : 0.7450 | 	Valid F1-score      : 0.7352

Epoch : 22
Train Loss     : 0.8884	 | 	Train Accuracy     : 0.9622
Valid Loss     : 1.1825	 | 	Valid Accuracy     : 0.7638 | 	Valid F1-score      : 0.7523

Epoch : 23
Train Loss     : 0.8396	 | 	Train Accuracy     : 0.9727
Valid Loss     : 1.1378	 | 	Valid Accuracy     : 0.7902 | 	Valid F1-score      : 0.7565

Epoch : 24
Train Loss     : 0.7910	 | 	Train Accuracy     : 0.9648
Valid Loss     : 1.1169	 | 	Valid Accuracy     : 0.7714 | 	Valid F1-score      : 0.7700

Epoch : 25
Train Loss     : 0.7707	 | 	Train Accuracy     : 0.9642
Valid Loss     : 1.1090	 | 	Valid Accuracy     : 0.7721 | 	Valid F1-score      : 0.7450

Epoch : 26
Train Loss     : 0.7326	 | 	Train Accuracy     : 0.9707
Valid Loss     : 1.0934	 | 	Valid Accuracy     : 0.7834 | 	Valid F1-score      : 0.7181

Epoch : 27
Train Loss     : 0.6982	 | 	Train Accuracy     : 0.9746
Valid Loss     : 1.0343	 | 	Valid Accuracy     : 0.7942 | 	Valid F1-score      : 0.7235

Epoch : 28
Train Loss     : 0.6593	 | 	Train Accuracy     : 0.9805
Valid Loss     : 1.0411	 | 	Valid Accuracy     : 0.7714 | 	Valid F1-score      : 0.7415

Epoch : 29
Train Loss     : 0.6418	 | 	Train Accuracy     : 0.9792
Valid Loss     : 1.0100	 | 	Valid Accuracy     : 0.8174 | 	Valid F1-score      : 0.7885

Epoch : 30
Train Loss     : 0.6156	 | 	Train Accuracy     : 0.9850
Valid Loss     : 0.9820	 | 	Valid Accuracy     : 0.8132 | 	Valid F1-score      : 0.7776

Epoch : 31
Train Loss     : 0.5936	 | 	Train Accuracy     : 0.9850
Valid Loss     : 0.9676	 | 	Valid Accuracy     : 0.7985 | 	Valid F1-score      : 0.7213

Epoch : 32
Train Loss     : 0.5602	 | 	Train Accuracy     : 0.9870
Valid Loss     : 0.9812	 | 	Valid Accuracy     : 0.8066 | 	Valid F1-score      : 0.7562

Epoch : 33
Train Loss     : 0.5407	 | 	Train Accuracy     : 0.9759
Valid Loss     : 0.9474	 | 	Valid Accuracy     : 0.8020 | 	Valid F1-score      : 0.7562

Epoch : 34
Train Loss     : 0.5140	 | 	Train Accuracy     : 0.9902
Valid Loss     : 0.9367	 | 	Valid Accuracy     : 0.8024 | 	Valid F1-score      : 0.7960

Epoch : 35
Train Loss     : 0.4989	 | 	Train Accuracy     : 0.9863
Valid Loss     : 0.9215	 | 	Valid Accuracy     : 0.8178 | 	Valid F1-score      : 0.8034

Epoch : 36
Train Loss     : 0.4753	 | 	Train Accuracy     : 0.9902
Valid Loss     : 0.9160	 | 	Valid Accuracy     : 0.8215 | 	Valid F1-score      : 0.7940

Epoch : 37
Train Loss     : 0.4575	 | 	Train Accuracy     : 0.9922
Valid Loss     : 0.9179	 | 	Valid Accuracy     : 0.7995 | 	Valid F1-score      : 0.7681

Epoch : 38
Train Loss     : 0.4430	 | 	Train Accuracy     : 0.9922
Valid Loss     : 0.8978	 | 	Valid Accuracy     : 0.8068 | 	Valid F1-score      : 0.7742

Epoch : 39
Train Loss     : 0.4211	 | 	Train Accuracy     : 0.9941
Valid Loss     : 0.8565	 | 	Valid Accuracy     : 0.8103 | 	Valid F1-score      : 0.7871

Epoch : 40
Train Loss     : 0.3979	 | 	Train Accuracy     : 0.9922
Valid Loss     : 0.8539	 | 	Valid Accuracy     : 0.8176 | 	Valid F1-score      : 0.7960

Epoch : 41
Train Loss     : 0.3843	 | 	Train Accuracy     : 0.9889
Valid Loss     : 0.8397	 | 	Valid Accuracy     : 0.8254 | 	Valid F1-score      : 0.7587

Epoch : 42
Train Loss     : 0.3765	 | 	Train Accuracy     : 0.9928
Valid Loss     : 0.8001	 | 	Valid Accuracy     : 0.8327 | 	Valid F1-score      : 0.7708

Epoch : 43
Train Loss     : 0.3712	 | 	Train Accuracy     : 0.9876
Valid Loss     : 0.7900	 | 	Valid Accuracy     : 0.8366 | 	Valid F1-score      : 0.8207

Epoch : 44
Train Loss     : 0.3491	 | 	Train Accuracy     : 0.9941
Valid Loss     : 0.8311	 | 	Valid Accuracy     : 0.8256 | 	Valid F1-score      : 0.7998

Epoch : 45
Train Loss     : 0.3277	 | 	Train Accuracy     : 0.9961
Valid Loss     : 0.8191	 | 	Valid Accuracy     : 0.8176 | 	Valid F1-score      : 0.7492

Epoch : 46
Train Loss     : 0.3188	 | 	Train Accuracy     : 0.9941
Valid Loss     : 0.8055	 | 	Valid Accuracy     : 0.8217 | 	Valid F1-score      : 0.7630

Epoch : 47
Train Loss     : 0.3212	 | 	Train Accuracy     : 0.9909
Valid Loss     : 0.8117	 | 	Valid Accuracy     : 0.8103 | 	Valid F1-score      : 0.7813

Epoch : 48
Train Loss     : 0.2985	 | 	Train Accuracy     : 0.9902
Valid Loss     : 0.7667	 | 	Valid Accuracy     : 0.8252 | 	Valid F1-score      : 0.7953

Epoch : 49
Train Loss     : 0.2842	 | 	Train Accuracy     : 0.9961
Valid Loss     : 0.7932	 | 	Valid Accuracy     : 0.8103 | 	Valid F1-score      : 0.7718

Epoch : 50
Train Loss     : 0.2803	 | 	Train Accuracy     : 0.9941
Valid Loss     : 0.7899	 | 	Valid Accuracy     : 0.8217 | 	Valid F1-score      : 0.8170

Epoch : 51
Train Loss     : 0.2636	 | 	Train Accuracy     : 0.9961
Valid Loss     : 0.7992	 | 	Valid Accuracy     : 0.8142 | 	Valid F1-score      : 0.7712

Epoch : 52
Train Loss     : 0.2617	 | 	Train Accuracy     : 0.9961
Valid Loss     : 0.7632	 | 	Valid Accuracy     : 0.8178 | 	Valid F1-score      : 0.7623

Epoch : 53
Train Loss     : 0.2576	 | 	Train Accuracy     : 0.9922
Valid Loss     : 0.8240	 | 	Valid Accuracy     : 0.8031 | 	Valid F1-score      : 0.7431

Epoch : 54
Train Loss     : 0.2396	 | 	Train Accuracy     : 0.9980
Valid Loss     : 0.7372	 | 	Valid Accuracy     : 0.8254 | 	Valid F1-score      : 0.8087

Epoch : 55
Train Loss     : 0.2270	 | 	Train Accuracy     : 0.9980
Valid Loss     : 0.7739	 | 	Valid Accuracy     : 0.8103 | 	Valid F1-score      : 0.7997

Epoch : 56
Train Loss     : 0.2210	 | 	Train Accuracy     : 0.9980
Valid Loss     : 0.7610	 | 	Valid Accuracy     : 0.8059 | 	Valid F1-score      : 0.8010

Epoch : 57
Train Loss     : 0.2141	 | 	Train Accuracy     : 0.9961
Valid Loss     : 0.7490	 | 	Valid Accuracy     : 0.7951 | 	Valid F1-score      : 0.7995

Epoch : 58
Train Loss     : 0.2023	 | 	Train Accuracy     : 0.9980
Valid Loss     : 0.6965	 | 	Valid Accuracy     : 0.8438 | 	Valid F1-score      : 0.8366

Epoch : 59
Train Loss     : 0.1982	 | 	Train Accuracy     : 0.9980
Valid Loss     : 0.7555	 | 	Valid Accuracy     : 0.7988 | 	Valid F1-score      : 0.7453

Epoch : 60
Train Loss     : 0.1877	 | 	Train Accuracy     : 0.9980
Valid Loss     : 0.7396	 | 	Valid Accuracy     : 0.8178 | 	Valid F1-score      : 0.7966

Epoch : 61
Train Loss     : 0.1820	 | 	Train Accuracy     : 1.0000
Valid Loss     : 0.6784	 | 	Valid Accuracy     : 0.8440 | 	Valid F1-score      : 0.8300

Epoch : 62
Train Loss     : 0.1758	 | 	Train Accuracy     : 1.0000
Valid Loss     : 0.7183	 | 	Valid Accuracy     : 0.8171 | 	Valid F1-score      : 0.7748

Epoch : 63
Train Loss     : 0.1739	 | 	Train Accuracy     : 1.0000
Valid Loss     : 0.7338	 | 	Valid Accuracy     : 0.8217 | 	Valid F1-score      : 0.7683

Epoch : 64
Train Loss     : 0.1657	 | 	Train Accuracy     : 1.0000
Valid Loss     : 0.7202	 | 	Valid Accuracy     : 0.8105 | 	Valid F1-score      : 0.7851

Epoch : 65
Train Loss     : 0.1558	 | 	Train Accuracy     : 1.0000
Valid Loss     : 0.7366	 | 	Valid Accuracy     : 0.8178 | 	Valid F1-score      : 0.7590

Epoch : 66
Train Loss     : 0.1528	 | 	Train Accuracy     : 1.0000
Valid Loss     : 0.7512	 | 	Valid Accuracy     : 0.7949 | 	Valid F1-score      : 0.7676

Epoch : 67
Train Loss     : 0.1491	 | 	Train Accuracy     : 1.0000
Valid Loss     : 0.7600	 | 	Valid Accuracy     : 0.8139 | 	Valid F1-score      : 0.7805

Epoch : 68
Train Loss     : 0.1414	 | 	Train Accuracy     : 1.0000
Valid Loss     : 0.7125	 | 	Valid Accuracy     : 0.8174 | 	Valid F1-score      : 0.7759

Epoch : 69
Train Loss     : 0.1397	 | 	Train Accuracy     : 1.0000
Valid Loss     : 0.7064	 | 	Valid Accuracy     : 0.8176 | 	Valid F1-score      : 0.7788

Epoch : 70
Train Loss     : 0.1332	 | 	Train Accuracy     : 1.0000
Valid Loss     : 0.7455	 | 	Valid Accuracy     : 0.8137 | 	Valid F1-score      : 0.7759

Epoch : 71
Train Loss     : 0.1298	 | 	Train Accuracy     : 1.0000
Valid Loss     : 0.7460	 | 	Valid Accuracy     : 0.8029 | 	Valid F1-score      : 0.7349

Epoch : 72
Train Loss     : 0.1255	 | 	Train Accuracy     : 1.0000
Valid Loss     : 0.7329	 | 	Valid Accuracy     : 0.8176 | 	Valid F1-score      : 0.7864

Epoch : 73
Train Loss     : 0.1217	 | 	Train Accuracy     : 1.0000
Valid Loss     : 0.7263	 | 	Valid Accuracy     : 0.8181 | 	Valid F1-score      : 0.7699

Epoch : 74
Train Loss     : 0.1175	 | 	Train Accuracy     : 1.0000
Valid Loss     : 0.7439	 | 	Valid Accuracy     : 0.8220 | 	Valid F1-score      : 0.7982

Epoch : 75
Train Loss     : 0.1119	 | 	Train Accuracy     : 1.0000
Valid Loss     : 0.7307	 | 	Valid Accuracy     : 0.8254 | 	Valid F1-score      : 0.7882

Epoch : 76
Train Loss     : 0.1088	 | 	Train Accuracy     : 1.0000
Valid Loss     : 0.6881	 | 	Valid Accuracy     : 0.8171 | 	Valid F1-score      : 0.7889

Epoch : 77
Train Loss     : 0.1063	 | 	Train Accuracy     : 1.0000
Valid Loss     : 0.7236	 | 	Valid Accuracy     : 0.8066 | 	Valid F1-score      : 0.7552

Epoch : 78
Train Loss     : 0.1018	 | 	Train Accuracy     : 1.0000
Valid Loss     : 0.7062	 | 	Valid Accuracy     : 0.8098 | 	Valid F1-score      : 0.7662

Epoch : 79
Train Loss     : 0.0981	 | 	Train Accuracy     : 1.0000
Valid Loss     : 0.7133	 | 	Valid Accuracy     : 0.8252 | 	Valid F1-score      : 0.8112

Epoch : 80
Train Loss     : 0.0951	 | 	Train Accuracy     : 1.0000
Valid Loss     : 0.7445	 | 	Valid Accuracy     : 0.8105 | 	Valid F1-score      : 0.7873

Epoch : 81
Train Loss     : 0.0942	 | 	Train Accuracy     : 1.0000
Valid Loss     : 0.7119	 | 	Valid Accuracy     : 0.8100 | 	Valid F1-score      : 0.8017

Epoch : 82
Train Loss     : 0.0890	 | 	Train Accuracy     : 1.0000
Valid Loss     : 0.6721	 | 	Valid Accuracy     : 0.8249 | 	Valid F1-score      : 0.8052

Epoch : 83
Train Loss     : 0.0862	 | 	Train Accuracy     : 1.0000
Valid Loss     : 0.7320	 | 	Valid Accuracy     : 0.8066 | 	Valid F1-score      : 0.7857

Epoch : 84
Train Loss     : 0.0841	 | 	Train Accuracy     : 1.0000
Valid Loss     : 0.7361	 | 	Valid Accuracy     : 0.8103 | 	Valid F1-score      : 0.7843

Epoch : 85
Train Loss     : 0.0817	 | 	Train Accuracy     : 1.0000
Valid Loss     : 0.7348	 | 	Valid Accuracy     : 0.8103 | 	Valid F1-score      : 0.7653

Epoch : 86
Train Loss     : 0.0816	 | 	Train Accuracy     : 1.0000
Valid Loss     : 0.7577	 | 	Valid Accuracy     : 0.8144 | 	Valid F1-score      : 0.7888

Epoch : 87
Train Loss     : 0.0779	 | 	Train Accuracy     : 1.0000
Valid Loss     : 0.7374	 | 	Valid Accuracy     : 0.8103 | 	Valid F1-score      : 0.7891

Epoch : 88
Train Loss     : 0.0738	 | 	Train Accuracy     : 1.0000
Valid Loss     : 0.7650	 | 	Valid Accuracy     : 0.7990 | 	Valid F1-score      : 0.7683

Epoch : 89
Train Loss     : 0.0734	 | 	Train Accuracy     : 1.0000
Valid Loss     : 0.7437	 | 	Valid Accuracy     : 0.8061 | 	Valid F1-score      : 0.7900

Epoch : 90
Train Loss     : 0.0705	 | 	Train Accuracy     : 1.0000
Valid Loss     : 0.6801	 | 	Valid Accuracy     : 0.8171 | 	Valid F1-score      : 0.7656

Epoch : 91
Train Loss     : 0.0681	 | 	Train Accuracy     : 1.0000
Valid Loss     : 0.7094	 | 	Valid Accuracy     : 0.7946 | 	Valid F1-score      : 0.7526

Epoch : 92
Train Loss     : 0.0670	 | 	Train Accuracy     : 1.0000
Valid Loss     : 0.7456	 | 	Valid Accuracy     : 0.7951 | 	Valid F1-score      : 0.7364

Epoch : 93
Train Loss     : 0.0641	 | 	Train Accuracy     : 1.0000
Valid Loss     : 0.7159	 | 	Valid Accuracy     : 0.8063 | 	Valid F1-score      : 0.7422

Epoch : 94
Train Loss     : 0.0616	 | 	Train Accuracy     : 1.0000
Valid Loss     : 0.6822	 | 	Valid Accuracy     : 0.8325 | 	Valid F1-score      : 0.8156

Epoch : 95
Train Loss     : 0.0603	 | 	Train Accuracy     : 1.0000
Valid Loss     : 0.7331	 | 	Valid Accuracy     : 0.8027 | 	Valid F1-score      : 0.7714

Epoch : 96
Train Loss     : 0.0586	 | 	Train Accuracy     : 1.0000
Valid Loss     : 0.7114	 | 	Valid Accuracy     : 0.8100 | 	Valid F1-score      : 0.7613

Epoch : 97
Train Loss     : 0.0615	 | 	Train Accuracy     : 1.0000
Valid Loss     : 0.7320	 | 	Valid Accuracy     : 0.8027 | 	Valid F1-score      : 0.7542

Epoch : 98
Train Loss     : 0.0550	 | 	Train Accuracy     : 1.0000
Valid Loss     : 0.7068	 | 	Valid Accuracy     : 0.8098 | 	Valid F1-score      : 0.7914

Epoch : 99
Train Loss     : 0.0537	 | 	Train Accuracy     : 1.0000
Valid Loss     : 0.6949	 | 	Valid Accuracy     : 0.8063 | 	Valid F1-score      : 0.7945

Epoch : 100
Train Loss     : 0.0523	 | 	Train Accuracy     : 1.0000
Valid Loss     : 0.7305	 | 	Valid Accuracy     : 0.8063 | 	Valid F1-score      : 0.7688

Evaluate on the Test set:
Test loss      :0.7246	 | Test Accuracy      : 0.7988	 | Test F1-score      : 0.7790

################## Training is Done! #########################
Training time is : 0:00:25.655250
