=============================================
Dataset: lapras
Method:  Novel Human Activity
Mode:    random_init
=============================================
Data loaded ...
Training started ....

Epoch : 1
Train Loss     : 1.2580	 | 	Train Accuracy     : 0.4167
Valid Loss     : 1.3531	 | 	Valid Accuracy     : 0.3514 | 	Valid F1-score      : 0.2458

Epoch : 2
Train Loss     : 0.8736	 | 	Train Accuracy     : 0.7396
Valid Loss     : 1.2979	 | 	Valid Accuracy     : 0.3784 | 	Valid F1-score      : 0.2566

Epoch : 3
Train Loss     : 0.6504	 | 	Train Accuracy     : 0.7969
Valid Loss     : 1.2298	 | 	Valid Accuracy     : 0.3243 | 	Valid F1-score      : 0.2169

Epoch : 4
Train Loss     : 0.5515	 | 	Train Accuracy     : 0.8307
Valid Loss     : 1.1744	 | 	Valid Accuracy     : 0.3784 | 	Valid F1-score      : 0.2566

Epoch : 5
Train Loss     : 0.6537	 | 	Train Accuracy     : 0.7630
Valid Loss     : 1.0323	 | 	Valid Accuracy     : 0.4595 | 	Valid F1-score      : 0.3473

Epoch : 6
Train Loss     : 0.4042	 | 	Train Accuracy     : 0.9010
Valid Loss     : 0.8441	 | 	Valid Accuracy     : 0.5946 | 	Valid F1-score      : 0.5498

Epoch : 7
Train Loss     : 0.4075	 | 	Train Accuracy     : 0.9141
Valid Loss     : 0.7582	 | 	Valid Accuracy     : 0.6486 | 	Valid F1-score      : 0.6039

Epoch : 8
Train Loss     : 0.4855	 | 	Train Accuracy     : 0.8750
Valid Loss     : 0.6521	 | 	Valid Accuracy     : 0.7568 | 	Valid F1-score      : 0.7488

Epoch : 9
Train Loss     : 0.4041	 | 	Train Accuracy     : 0.8646
Valid Loss     : 0.5400	 | 	Valid Accuracy     : 0.8919 | 	Valid F1-score      : 0.8944

Epoch : 10
Train Loss     : 0.4525	 | 	Train Accuracy     : 0.8880
Valid Loss     : 0.5412	 | 	Valid Accuracy     : 0.9189 | 	Valid F1-score      : 0.9195

Epoch : 11
Train Loss     : 0.3647	 | 	Train Accuracy     : 0.9010
Valid Loss     : 0.5103	 | 	Valid Accuracy     : 0.8919 | 	Valid F1-score      : 0.8944

Epoch : 12
Train Loss     : 0.2783	 | 	Train Accuracy     : 0.9505
Valid Loss     : 0.4389	 | 	Valid Accuracy     : 0.9189 | 	Valid F1-score      : 0.9195

Epoch : 13
Train Loss     : 0.3129	 | 	Train Accuracy     : 0.9479
Valid Loss     : 0.4093	 | 	Valid Accuracy     : 0.9459 | 	Valid F1-score      : 0.9444

Epoch : 14
Train Loss     : 0.3402	 | 	Train Accuracy     : 0.9167
Valid Loss     : 0.3994	 | 	Valid Accuracy     : 0.9459 | 	Valid F1-score      : 0.9444

Epoch : 15
Train Loss     : 0.3426	 | 	Train Accuracy     : 0.8620
Valid Loss     : 0.3972	 | 	Valid Accuracy     : 0.9189 | 	Valid F1-score      : 0.9195

Epoch : 16
Train Loss     : 0.3671	 | 	Train Accuracy     : 0.9062
Valid Loss     : 0.4243	 | 	Valid Accuracy     : 0.9459 | 	Valid F1-score      : 0.9444

Epoch : 17
Train Loss     : 0.3186	 | 	Train Accuracy     : 0.9010
Valid Loss     : 0.4216	 | 	Valid Accuracy     : 0.9189 | 	Valid F1-score      : 0.9195

Epoch : 18
Train Loss     : 0.4380	 | 	Train Accuracy     : 0.8203
Valid Loss     : 0.3346	 | 	Valid Accuracy     : 0.9459 | 	Valid F1-score      : 0.9444

Epoch : 19
Train Loss     : 0.2516	 | 	Train Accuracy     : 0.9141
Valid Loss     : 0.3696	 | 	Valid Accuracy     : 0.9189 | 	Valid F1-score      : 0.9195

Epoch : 20
Train Loss     : 0.1969	 | 	Train Accuracy     : 0.9609
Valid Loss     : 0.3590	 | 	Valid Accuracy     : 0.9189 | 	Valid F1-score      : 0.9195

Epoch : 21
Train Loss     : 0.2020	 | 	Train Accuracy     : 0.9635
Valid Loss     : 0.3334	 | 	Valid Accuracy     : 0.9459 | 	Valid F1-score      : 0.9444

Epoch : 22
Train Loss     : 0.4738	 | 	Train Accuracy     : 0.8828
Valid Loss     : 0.3336	 | 	Valid Accuracy     : 0.9459 | 	Valid F1-score      : 0.9444

Epoch : 23
Train Loss     : 0.2927	 | 	Train Accuracy     : 0.9167
Valid Loss     : 0.3135	 | 	Valid Accuracy     : 0.9459 | 	Valid F1-score      : 0.9444

Epoch : 24
Train Loss     : 0.3029	 | 	Train Accuracy     : 0.9193
Valid Loss     : 0.2994	 | 	Valid Accuracy     : 0.9459 | 	Valid F1-score      : 0.9444

Epoch : 25
Train Loss     : 0.1996	 | 	Train Accuracy     : 0.9609
Valid Loss     : 0.3335	 | 	Valid Accuracy     : 0.9189 | 	Valid F1-score      : 0.9195

Epoch : 26
Train Loss     : 0.2288	 | 	Train Accuracy     : 0.9141
Valid Loss     : 0.3584	 | 	Valid Accuracy     : 0.8919 | 	Valid F1-score      : 0.8924

Epoch : 27
Train Loss     : 0.2392	 | 	Train Accuracy     : 0.9141
Valid Loss     : 0.3448	 | 	Valid Accuracy     : 0.8919 | 	Valid F1-score      : 0.8944

Epoch : 28
Train Loss     : 0.2373	 | 	Train Accuracy     : 0.9089
Valid Loss     : 0.3514	 | 	Valid Accuracy     : 0.8919 | 	Valid F1-score      : 0.8944

Epoch : 29
Train Loss     : 0.3133	 | 	Train Accuracy     : 0.8359
Valid Loss     : 0.2886	 | 	Valid Accuracy     : 0.9459 | 	Valid F1-score      : 0.9444

Epoch : 30
Train Loss     : 0.1587	 | 	Train Accuracy     : 0.9583
Valid Loss     : 0.3305	 | 	Valid Accuracy     : 0.8919 | 	Valid F1-score      : 0.8944

Epoch : 31
Train Loss     : 0.3483	 | 	Train Accuracy     : 0.8698
Valid Loss     : 0.3672	 | 	Valid Accuracy     : 0.8919 | 	Valid F1-score      : 0.8944

Epoch : 32
Train Loss     : 0.1549	 | 	Train Accuracy     : 0.9609
Valid Loss     : 0.2999	 | 	Valid Accuracy     : 0.9459 | 	Valid F1-score      : 0.9444

Epoch : 33
Train Loss     : 0.2926	 | 	Train Accuracy     : 0.9271
Valid Loss     : 0.2668	 | 	Valid Accuracy     : 0.9459 | 	Valid F1-score      : 0.9444

Epoch : 34
Train Loss     : 0.2739	 | 	Train Accuracy     : 0.8854
Valid Loss     : 0.3118	 | 	Valid Accuracy     : 0.8919 | 	Valid F1-score      : 0.8944

Epoch : 35
Train Loss     : 0.1470	 | 	Train Accuracy     : 0.9688
Valid Loss     : 0.3498	 | 	Valid Accuracy     : 0.8919 | 	Valid F1-score      : 0.8944

Epoch : 36
Train Loss     : 0.2271	 | 	Train Accuracy     : 0.9115
Valid Loss     : 0.3518	 | 	Valid Accuracy     : 0.8919 | 	Valid F1-score      : 0.8944

Epoch : 37
Train Loss     : 0.1859	 | 	Train Accuracy     : 0.9219
Valid Loss     : 0.2990	 | 	Valid Accuracy     : 0.9459 | 	Valid F1-score      : 0.9444

Epoch : 38
Train Loss     : 0.2206	 | 	Train Accuracy     : 0.9323
Valid Loss     : 0.2734	 | 	Valid Accuracy     : 0.9459 | 	Valid F1-score      : 0.9444

Epoch : 39
Train Loss     : 0.1302	 | 	Train Accuracy     : 0.9740
Valid Loss     : 0.3146	 | 	Valid Accuracy     : 0.8919 | 	Valid F1-score      : 0.8944

Epoch : 40
Train Loss     : 0.2266	 | 	Train Accuracy     : 0.8958
Valid Loss     : 0.3275	 | 	Valid Accuracy     : 0.8919 | 	Valid F1-score      : 0.8944

Epoch : 41
Train Loss     : 0.3120	 | 	Train Accuracy     : 0.9245
Valid Loss     : 0.2886	 | 	Valid Accuracy     : 0.9459 | 	Valid F1-score      : 0.9444

Epoch : 42
Train Loss     : 0.1294	 | 	Train Accuracy     : 0.9714
Valid Loss     : 0.2873	 | 	Valid Accuracy     : 0.9459 | 	Valid F1-score      : 0.9444

Epoch : 43
Train Loss     : 0.2441	 | 	Train Accuracy     : 0.9323
Valid Loss     : 0.2958	 | 	Valid Accuracy     : 0.8919 | 	Valid F1-score      : 0.8944

Epoch : 44
Train Loss     : 0.1354	 | 	Train Accuracy     : 0.9661
Valid Loss     : 0.3395	 | 	Valid Accuracy     : 0.9189 | 	Valid F1-score      : 0.9218

Epoch : 45
Train Loss     : 0.1647	 | 	Train Accuracy     : 0.9583
Valid Loss     : 0.3583	 | 	Valid Accuracy     : 0.8919 | 	Valid F1-score      : 0.8955

Epoch : 46
Train Loss     : 0.2107	 | 	Train Accuracy     : 0.9193
Valid Loss     : 0.3039	 | 	Valid Accuracy     : 0.9189 | 	Valid F1-score      : 0.9195

Epoch : 47
Train Loss     : 0.1496	 | 	Train Accuracy     : 0.9635
Valid Loss     : 0.3226	 | 	Valid Accuracy     : 0.8919 | 	Valid F1-score      : 0.8944

Epoch : 48
Train Loss     : 0.1398	 | 	Train Accuracy     : 0.9740
Valid Loss     : 0.3266	 | 	Valid Accuracy     : 0.8919 | 	Valid F1-score      : 0.8944

Epoch : 49
Train Loss     : 0.2074	 | 	Train Accuracy     : 0.8854
Valid Loss     : 0.2916	 | 	Valid Accuracy     : 0.9189 | 	Valid F1-score      : 0.9195

Epoch : 50
Train Loss     : 0.1325	 | 	Train Accuracy     : 0.9635
Valid Loss     : 0.2972	 | 	Valid Accuracy     : 0.9189 | 	Valid F1-score      : 0.9195

Epoch : 51
Train Loss     : 0.1604	 | 	Train Accuracy     : 0.9688
Valid Loss     : 0.3221	 | 	Valid Accuracy     : 0.8919 | 	Valid F1-score      : 0.8944

Epoch : 52
Train Loss     : 0.1332	 | 	Train Accuracy     : 0.9661
Valid Loss     : 0.3149	 | 	Valid Accuracy     : 0.8919 | 	Valid F1-score      : 0.8944

Epoch : 53
Train Loss     : 0.1332	 | 	Train Accuracy     : 0.9609
Valid Loss     : 0.3010	 | 	Valid Accuracy     : 0.9189 | 	Valid F1-score      : 0.9195

Epoch : 54
Train Loss     : 0.1558	 | 	Train Accuracy     : 0.9271
Valid Loss     : 0.3038	 | 	Valid Accuracy     : 0.9189 | 	Valid F1-score      : 0.9195

Epoch : 55
Train Loss     : 0.1200	 | 	Train Accuracy     : 0.9714
Valid Loss     : 0.2937	 | 	Valid Accuracy     : 0.9189 | 	Valid F1-score      : 0.9195

Epoch : 56
Train Loss     : 0.1225	 | 	Train Accuracy     : 0.9688
Valid Loss     : 0.2950	 | 	Valid Accuracy     : 0.9189 | 	Valid F1-score      : 0.9195

Epoch : 57
Train Loss     : 0.1347	 | 	Train Accuracy     : 0.9635
Valid Loss     : 0.2813	 | 	Valid Accuracy     : 0.9189 | 	Valid F1-score      : 0.9195

Epoch : 58
Train Loss     : 0.1892	 | 	Train Accuracy     : 0.9271
Valid Loss     : 0.3129	 | 	Valid Accuracy     : 0.8919 | 	Valid F1-score      : 0.8944

Epoch : 59
Train Loss     : 0.1322	 | 	Train Accuracy     : 0.9688
Valid Loss     : 0.3099	 | 	Valid Accuracy     : 0.8919 | 	Valid F1-score      : 0.8944

Epoch : 60
Train Loss     : 0.1175	 | 	Train Accuracy     : 0.9766
Valid Loss     : 0.3178	 | 	Valid Accuracy     : 0.8919 | 	Valid F1-score      : 0.8944

Epoch : 61
Train Loss     : 0.1254	 | 	Train Accuracy     : 0.9714
Valid Loss     : 0.2998	 | 	Valid Accuracy     : 0.8919 | 	Valid F1-score      : 0.8944

Epoch : 62
Train Loss     : 0.1126	 | 	Train Accuracy     : 0.9688
Valid Loss     : 0.3155	 | 	Valid Accuracy     : 0.8919 | 	Valid F1-score      : 0.8944

Epoch : 63
Train Loss     : 0.2279	 | 	Train Accuracy     : 0.8906
Valid Loss     : 0.3358	 | 	Valid Accuracy     : 0.8919 | 	Valid F1-score      : 0.8944

Epoch : 64
Train Loss     : 0.1921	 | 	Train Accuracy     : 0.9323
Valid Loss     : 0.3236	 | 	Valid Accuracy     : 0.8919 | 	Valid F1-score      : 0.8944

Epoch : 65
Train Loss     : 0.1299	 | 	Train Accuracy     : 0.9661
Valid Loss     : 0.3244	 | 	Valid Accuracy     : 0.8919 | 	Valid F1-score      : 0.8944

Epoch : 66
Train Loss     : 0.1449	 | 	Train Accuracy     : 0.9740
Valid Loss     : 0.2980	 | 	Valid Accuracy     : 0.9189 | 	Valid F1-score      : 0.9195

Epoch : 67
Train Loss     : 0.1338	 | 	Train Accuracy     : 0.9714
Valid Loss     : 0.2686	 | 	Valid Accuracy     : 0.9189 | 	Valid F1-score      : 0.9195

Epoch : 68
Train Loss     : 0.5112	 | 	Train Accuracy     : 0.8932
Valid Loss     : 0.2506	 | 	Valid Accuracy     : 0.9459 | 	Valid F1-score      : 0.9444

Epoch : 69
Train Loss     : 0.2128	 | 	Train Accuracy     : 0.9323
Valid Loss     : 0.2924	 | 	Valid Accuracy     : 0.9189 | 	Valid F1-score      : 0.9195

Epoch : 70
Train Loss     : 0.1191	 | 	Train Accuracy     : 0.9714
Valid Loss     : 0.2875	 | 	Valid Accuracy     : 0.9189 | 	Valid F1-score      : 0.9195

Epoch : 71
Train Loss     : 0.1455	 | 	Train Accuracy     : 0.9688
Valid Loss     : 0.3055	 | 	Valid Accuracy     : 0.9189 | 	Valid F1-score      : 0.9195

Epoch : 72
Train Loss     : 0.1247	 | 	Train Accuracy     : 0.9714
Valid Loss     : 0.2923	 | 	Valid Accuracy     : 0.9189 | 	Valid F1-score      : 0.9195

Epoch : 73
Train Loss     : 0.1158	 | 	Train Accuracy     : 0.9661
Valid Loss     : 0.3035	 | 	Valid Accuracy     : 0.9189 | 	Valid F1-score      : 0.9195

Epoch : 74
Train Loss     : 0.1324	 | 	Train Accuracy     : 0.9740
Valid Loss     : 0.3142	 | 	Valid Accuracy     : 0.8919 | 	Valid F1-score      : 0.8944

Epoch : 75
Train Loss     : 0.1413	 | 	Train Accuracy     : 0.9714
Valid Loss     : 0.3268	 | 	Valid Accuracy     : 0.8919 | 	Valid F1-score      : 0.8944

Epoch : 76
Train Loss     : 0.1338	 | 	Train Accuracy     : 0.9688
Valid Loss     : 0.3237	 | 	Valid Accuracy     : 0.8919 | 	Valid F1-score      : 0.8944

Epoch : 77
Train Loss     : 0.1251	 | 	Train Accuracy     : 0.9740
Valid Loss     : 0.3240	 | 	Valid Accuracy     : 0.8919 | 	Valid F1-score      : 0.8944

Epoch : 78
Train Loss     : 0.1138	 | 	Train Accuracy     : 0.9766
Valid Loss     : 0.3091	 | 	Valid Accuracy     : 0.9189 | 	Valid F1-score      : 0.9195

Epoch : 79
Train Loss     : 0.1246	 | 	Train Accuracy     : 0.9688
Valid Loss     : 0.2958	 | 	Valid Accuracy     : 0.9189 | 	Valid F1-score      : 0.9195

Epoch : 80
Train Loss     : 0.1383	 | 	Train Accuracy     : 0.9661
Valid Loss     : 0.3139	 | 	Valid Accuracy     : 0.8919 | 	Valid F1-score      : 0.8944

Epoch : 81
Train Loss     : 0.1447	 | 	Train Accuracy     : 0.9792
Valid Loss     : 0.2891	 | 	Valid Accuracy     : 0.9189 | 	Valid F1-score      : 0.9195

Epoch : 82
Train Loss     : 0.1092	 | 	Train Accuracy     : 0.9740
Valid Loss     : 0.2815	 | 	Valid Accuracy     : 0.9189 | 	Valid F1-score      : 0.9195

Epoch : 83
Train Loss     : 0.1214	 | 	Train Accuracy     : 0.9714
Valid Loss     : 0.3043	 | 	Valid Accuracy     : 0.8919 | 	Valid F1-score      : 0.8944

Epoch : 84
Train Loss     : 0.1272	 | 	Train Accuracy     : 0.9714
Valid Loss     : 0.2928	 | 	Valid Accuracy     : 0.9189 | 	Valid F1-score      : 0.9195

Epoch : 85
Train Loss     : 0.1442	 | 	Train Accuracy     : 0.9740
Valid Loss     : 0.2850	 | 	Valid Accuracy     : 0.9189 | 	Valid F1-score      : 0.9195

Epoch : 86
Train Loss     : 0.1363	 | 	Train Accuracy     : 0.9688
Valid Loss     : 0.2738	 | 	Valid Accuracy     : 0.9189 | 	Valid F1-score      : 0.9195

Epoch : 87
Train Loss     : 0.1117	 | 	Train Accuracy     : 0.9688
Valid Loss     : 0.2869	 | 	Valid Accuracy     : 0.9189 | 	Valid F1-score      : 0.9195

Epoch : 88
Train Loss     : 0.1395	 | 	Train Accuracy     : 0.9714
Valid Loss     : 0.2848	 | 	Valid Accuracy     : 0.9189 | 	Valid F1-score      : 0.9195

Epoch : 89
Train Loss     : 0.1710	 | 	Train Accuracy     : 0.9297
Valid Loss     : 0.2811	 | 	Valid Accuracy     : 0.9189 | 	Valid F1-score      : 0.9195

Epoch : 90
Train Loss     : 0.1620	 | 	Train Accuracy     : 0.9688
Valid Loss     : 0.3207	 | 	Valid Accuracy     : 0.8919 | 	Valid F1-score      : 0.8944

Epoch : 91
Train Loss     : 0.1197	 | 	Train Accuracy     : 0.9635
Valid Loss     : 0.3001	 | 	Valid Accuracy     : 0.8919 | 	Valid F1-score      : 0.8944

Epoch : 92
Train Loss     : 0.1872	 | 	Train Accuracy     : 0.9323
Valid Loss     : 0.3174	 | 	Valid Accuracy     : 0.8919 | 	Valid F1-score      : 0.8944

Epoch : 93
Train Loss     : 0.1181	 | 	Train Accuracy     : 0.9740
Valid Loss     : 0.3142	 | 	Valid Accuracy     : 0.8919 | 	Valid F1-score      : 0.8944

Epoch : 94
Train Loss     : 0.1247	 | 	Train Accuracy     : 0.9688
Valid Loss     : 0.3228	 | 	Valid Accuracy     : 0.8919 | 	Valid F1-score      : 0.8944

Epoch : 95
Train Loss     : 0.1754	 | 	Train Accuracy     : 0.9323
Valid Loss     : 0.2907	 | 	Valid Accuracy     : 0.9189 | 	Valid F1-score      : 0.9195

Epoch : 96
Train Loss     : 0.1320	 | 	Train Accuracy     : 0.9714
Valid Loss     : 0.2985	 | 	Valid Accuracy     : 0.9189 | 	Valid F1-score      : 0.9195

Epoch : 97
Train Loss     : 0.2055	 | 	Train Accuracy     : 0.9297
Valid Loss     : 0.3079	 | 	Valid Accuracy     : 0.8919 | 	Valid F1-score      : 0.8944

Epoch : 98
Train Loss     : 0.1322	 | 	Train Accuracy     : 0.9766
Valid Loss     : 0.3199	 | 	Valid Accuracy     : 0.8919 | 	Valid F1-score      : 0.8944

Epoch : 99
Train Loss     : 0.1163	 | 	Train Accuracy     : 0.9714
Valid Loss     : 0.3019	 | 	Valid Accuracy     : 0.9189 | 	Valid F1-score      : 0.9195

Epoch : 100
Train Loss     : 0.1050	 | 	Train Accuracy     : 0.9740
Valid Loss     : 0.3009	 | 	Valid Accuracy     : 0.9189 | 	Valid F1-score      : 0.9195

Evaluate on the Test set:
Test loss      :0.2881	 | Test Accuracy      : 0.9219	 | Test F1-score      : 0.9218

################## Training is Done! #########################
Training time is : 0:00:26.472226
