=============================================
Dataset: casas
Method:  Novel Human Activity
Mode:    supervised
=============================================
Data loaded ...
Training started ....

Epoch : 1
Train Loss     : 2.6921	 | 	Train Accuracy     : 0.0690
Valid Loss     : 2.6389	 | 	Valid Accuracy     : 0.1204 | 	Valid F1-score      : 0.0765

Epoch : 2
Train Loss     : 2.5927	 | 	Train Accuracy     : 0.1230
Valid Loss     : 2.5533	 | 	Valid Accuracy     : 0.1587 | 	Valid F1-score      : 0.0759

Epoch : 3
Train Loss     : 2.5004	 | 	Train Accuracy     : 0.2474
Valid Loss     : 2.4813	 | 	Valid Accuracy     : 0.3018 | 	Valid F1-score      : 0.2027

Epoch : 4
Train Loss     : 2.4245	 | 	Train Accuracy     : 0.3418
Valid Loss     : 2.4178	 | 	Valid Accuracy     : 0.3648 | 	Valid F1-score      : 0.3276

Epoch : 5
Train Loss     : 2.3408	 | 	Train Accuracy     : 0.4232
Valid Loss     : 2.3329	 | 	Valid Accuracy     : 0.4227 | 	Valid F1-score      : 0.3736

Epoch : 6
Train Loss     : 2.2540	 | 	Train Accuracy     : 0.4818
Valid Loss     : 2.2570	 | 	Valid Accuracy     : 0.4615 | 	Valid F1-score      : 0.3988

Epoch : 7
Train Loss     : 2.1577	 | 	Train Accuracy     : 0.5605
Valid Loss     : 2.1554	 | 	Valid Accuracy     : 0.4845 | 	Valid F1-score      : 0.4460

Epoch : 8
Train Loss     : 2.0615	 | 	Train Accuracy     : 0.6048
Valid Loss     : 2.0745	 | 	Valid Accuracy     : 0.5656 | 	Valid F1-score      : 0.5549

Epoch : 9
Train Loss     : 1.9681	 | 	Train Accuracy     : 0.6654
Valid Loss     : 1.9995	 | 	Valid Accuracy     : 0.6093 | 	Valid F1-score      : 0.6032

Epoch : 10
Train Loss     : 1.8653	 | 	Train Accuracy     : 0.7389
Valid Loss     : 1.8860	 | 	Valid Accuracy     : 0.6547 | 	Valid F1-score      : 0.6031

Epoch : 11
Train Loss     : 1.7653	 | 	Train Accuracy     : 0.7721
Valid Loss     : 1.8216	 | 	Valid Accuracy     : 0.6630 | 	Valid F1-score      : 0.6217

Epoch : 12
Train Loss     : 1.6726	 | 	Train Accuracy     : 0.8118
Valid Loss     : 1.7554	 | 	Valid Accuracy     : 0.7018 | 	Valid F1-score      : 0.6508

Epoch : 13
Train Loss     : 1.5960	 | 	Train Accuracy     : 0.8145
Valid Loss     : 1.6583	 | 	Valid Accuracy     : 0.7636 | 	Valid F1-score      : 0.7342

Epoch : 14
Train Loss     : 1.5017	 | 	Train Accuracy     : 0.8555
Valid Loss     : 1.5912	 | 	Valid Accuracy     : 0.7749 | 	Valid F1-score      : 0.7573

Epoch : 15
Train Loss     : 1.4120	 | 	Train Accuracy     : 0.8913
Valid Loss     : 1.5194	 | 	Valid Accuracy     : 0.8056 | 	Valid F1-score      : 0.7370

Epoch : 16
Train Loss     : 1.3430	 | 	Train Accuracy     : 0.8965
Valid Loss     : 1.4943	 | 	Valid Accuracy     : 0.8061 | 	Valid F1-score      : 0.7789

Epoch : 17
Train Loss     : 1.2756	 | 	Train Accuracy     : 0.9160
Valid Loss     : 1.4339	 | 	Valid Accuracy     : 0.8098 | 	Valid F1-score      : 0.7865

Epoch : 18
Train Loss     : 1.2234	 | 	Train Accuracy     : 0.9134
Valid Loss     : 1.3595	 | 	Valid Accuracy     : 0.8327 | 	Valid F1-score      : 0.7936

Epoch : 19
Train Loss     : 1.1451	 | 	Train Accuracy     : 0.9479
Valid Loss     : 1.3335	 | 	Valid Accuracy     : 0.8134 | 	Valid F1-score      : 0.7983

Epoch : 20
Train Loss     : 1.0846	 | 	Train Accuracy     : 0.9499
Valid Loss     : 1.2981	 | 	Valid Accuracy     : 0.8029 | 	Valid F1-score      : 0.7778

Epoch : 21
Train Loss     : 1.0434	 | 	Train Accuracy     : 0.9447
Valid Loss     : 1.2322	 | 	Valid Accuracy     : 0.8406 | 	Valid F1-score      : 0.8282

Epoch : 22
Train Loss     : 0.9941	 | 	Train Accuracy     : 0.9538
Valid Loss     : 1.2334	 | 	Valid Accuracy     : 0.7919 | 	Valid F1-score      : 0.7850

Epoch : 23
Train Loss     : 0.9500	 | 	Train Accuracy     : 0.9570
Valid Loss     : 1.1732	 | 	Valid Accuracy     : 0.8254 | 	Valid F1-score      : 0.8216

Epoch : 24
Train Loss     : 0.9067	 | 	Train Accuracy     : 0.9655
Valid Loss     : 1.1355	 | 	Valid Accuracy     : 0.8261 | 	Valid F1-score      : 0.8286

Epoch : 25
Train Loss     : 0.8816	 | 	Train Accuracy     : 0.9616
Valid Loss     : 1.0985	 | 	Valid Accuracy     : 0.8559 | 	Valid F1-score      : 0.8537

Epoch : 26
Train Loss     : 0.8300	 | 	Train Accuracy     : 0.9674
Valid Loss     : 1.0761	 | 	Valid Accuracy     : 0.8523 | 	Valid F1-score      : 0.8455

Epoch : 27
Train Loss     : 0.7892	 | 	Train Accuracy     : 0.9753
Valid Loss     : 1.0501	 | 	Valid Accuracy     : 0.8413 | 	Valid F1-score      : 0.8353

Epoch : 28
Train Loss     : 0.7566	 | 	Train Accuracy     : 0.9668
Valid Loss     : 1.0215	 | 	Valid Accuracy     : 0.8598 | 	Valid F1-score      : 0.8385

Epoch : 29
Train Loss     : 0.7279	 | 	Train Accuracy     : 0.9772
Valid Loss     : 0.9960	 | 	Valid Accuracy     : 0.8525 | 	Valid F1-score      : 0.8286

Epoch : 30
Train Loss     : 0.6920	 | 	Train Accuracy     : 0.9753
Valid Loss     : 0.9981	 | 	Valid Accuracy     : 0.8378 | 	Valid F1-score      : 0.8137

Epoch : 31
Train Loss     : 0.6639	 | 	Train Accuracy     : 0.9811
Valid Loss     : 0.9447	 | 	Valid Accuracy     : 0.8486 | 	Valid F1-score      : 0.8320

Epoch : 32
Train Loss     : 0.6387	 | 	Train Accuracy     : 0.9694
Valid Loss     : 0.9291	 | 	Valid Accuracy     : 0.8486 | 	Valid F1-score      : 0.8473

Epoch : 33
Train Loss     : 0.6042	 | 	Train Accuracy     : 0.9844
Valid Loss     : 0.9125	 | 	Valid Accuracy     : 0.8454 | 	Valid F1-score      : 0.8142

Epoch : 34
Train Loss     : 0.5854	 | 	Train Accuracy     : 0.9792
Valid Loss     : 0.9015	 | 	Valid Accuracy     : 0.8527 | 	Valid F1-score      : 0.8573

Epoch : 35
Train Loss     : 0.5549	 | 	Train Accuracy     : 0.9772
Valid Loss     : 0.8588	 | 	Valid Accuracy     : 0.8601 | 	Valid F1-score      : 0.8440

Epoch : 36
Train Loss     : 0.5237	 | 	Train Accuracy     : 0.9805
Valid Loss     : 0.8576	 | 	Valid Accuracy     : 0.8564 | 	Valid F1-score      : 0.8241

Epoch : 37
Train Loss     : 0.5301	 | 	Train Accuracy     : 0.9883
Valid Loss     : 0.8956	 | 	Valid Accuracy     : 0.8493 | 	Valid F1-score      : 0.8398

Epoch : 38
Train Loss     : 0.5016	 | 	Train Accuracy     : 0.9792
Valid Loss     : 0.8270	 | 	Valid Accuracy     : 0.8681 | 	Valid F1-score      : 0.8697

Epoch : 39
Train Loss     : 0.4761	 | 	Train Accuracy     : 0.9863
Valid Loss     : 0.8333	 | 	Valid Accuracy     : 0.8564 | 	Valid F1-score      : 0.8441

Epoch : 40
Train Loss     : 0.4506	 | 	Train Accuracy     : 0.9902
Valid Loss     : 0.8281	 | 	Valid Accuracy     : 0.8645 | 	Valid F1-score      : 0.8665

Epoch : 41
Train Loss     : 0.4336	 | 	Train Accuracy     : 0.9870
Valid Loss     : 0.8056	 | 	Valid Accuracy     : 0.8413 | 	Valid F1-score      : 0.8287

Epoch : 42
Train Loss     : 0.4160	 | 	Train Accuracy     : 0.9889
Valid Loss     : 0.7670	 | 	Valid Accuracy     : 0.8564 | 	Valid F1-score      : 0.8655

Epoch : 43
Train Loss     : 0.3909	 | 	Train Accuracy     : 1.0000
Valid Loss     : 0.7534	 | 	Valid Accuracy     : 0.8567 | 	Valid F1-score      : 0.8296

Epoch : 44
Train Loss     : 0.3798	 | 	Train Accuracy     : 0.9941
Valid Loss     : 0.7276	 | 	Valid Accuracy     : 0.8713 | 	Valid F1-score      : 0.8594

Epoch : 45
Train Loss     : 0.3655	 | 	Train Accuracy     : 0.9941
Valid Loss     : 0.7364	 | 	Valid Accuracy     : 0.8567 | 	Valid F1-score      : 0.8413

Epoch : 46
Train Loss     : 0.3539	 | 	Train Accuracy     : 0.9902
Valid Loss     : 0.7388	 | 	Valid Accuracy     : 0.8488 | 	Valid F1-score      : 0.8055

Epoch : 47
Train Loss     : 0.3372	 | 	Train Accuracy     : 0.9961
Valid Loss     : 0.7573	 | 	Valid Accuracy     : 0.8574 | 	Valid F1-score      : 0.8639

Epoch : 48
Train Loss     : 0.3280	 | 	Train Accuracy     : 0.9941
Valid Loss     : 0.7346	 | 	Valid Accuracy     : 0.8527 | 	Valid F1-score      : 0.8328

Epoch : 49
Train Loss     : 0.3208	 | 	Train Accuracy     : 0.9941
Valid Loss     : 0.7402	 | 	Valid Accuracy     : 0.8300 | 	Valid F1-score      : 0.8097

Epoch : 50
Train Loss     : 0.3014	 | 	Train Accuracy     : 0.9961
Valid Loss     : 0.6784	 | 	Valid Accuracy     : 0.8677 | 	Valid F1-score      : 0.8689

Epoch : 51
Train Loss     : 0.2936	 | 	Train Accuracy     : 0.9941
Valid Loss     : 0.6922	 | 	Valid Accuracy     : 0.8530 | 	Valid F1-score      : 0.8228

Epoch : 52
Train Loss     : 0.2791	 | 	Train Accuracy     : 1.0000
Valid Loss     : 0.6778	 | 	Valid Accuracy     : 0.8567 | 	Valid F1-score      : 0.8447

Epoch : 53
Train Loss     : 0.2694	 | 	Train Accuracy     : 0.9961
Valid Loss     : 0.6428	 | 	Valid Accuracy     : 0.8647 | 	Valid F1-score      : 0.8584

Epoch : 54
Train Loss     : 0.2624	 | 	Train Accuracy     : 0.9980
Valid Loss     : 0.6437	 | 	Valid Accuracy     : 0.8796 | 	Valid F1-score      : 0.8601

Epoch : 55
Train Loss     : 0.2496	 | 	Train Accuracy     : 0.9980
Valid Loss     : 0.6865	 | 	Valid Accuracy     : 0.8456 | 	Valid F1-score      : 0.8168

Epoch : 56
Train Loss     : 0.2445	 | 	Train Accuracy     : 0.9980
Valid Loss     : 0.6838	 | 	Valid Accuracy     : 0.8613 | 	Valid F1-score      : 0.8349

Epoch : 57
Train Loss     : 0.2342	 | 	Train Accuracy     : 0.9961
Valid Loss     : 0.6367	 | 	Valid Accuracy     : 0.8757 | 	Valid F1-score      : 0.8510

Epoch : 58
Train Loss     : 0.2219	 | 	Train Accuracy     : 0.9980
Valid Loss     : 0.6452	 | 	Valid Accuracy     : 0.8642 | 	Valid F1-score      : 0.8426

Epoch : 59
Train Loss     : 0.2166	 | 	Train Accuracy     : 1.0000
Valid Loss     : 0.6070	 | 	Valid Accuracy     : 0.8796 | 	Valid F1-score      : 0.8446

Epoch : 60
Train Loss     : 0.2086	 | 	Train Accuracy     : 0.9980
Valid Loss     : 0.6037	 | 	Valid Accuracy     : 0.8757 | 	Valid F1-score      : 0.8590

Epoch : 61
Train Loss     : 0.2066	 | 	Train Accuracy     : 0.9928
Valid Loss     : 0.6061	 | 	Valid Accuracy     : 0.8681 | 	Valid F1-score      : 0.8579

Epoch : 62
Train Loss     : 0.2029	 | 	Train Accuracy     : 0.9922
Valid Loss     : 0.5783	 | 	Valid Accuracy     : 0.8789 | 	Valid F1-score      : 0.8810

Epoch : 63
Train Loss     : 0.2022	 | 	Train Accuracy     : 0.9896
Valid Loss     : 0.5913	 | 	Valid Accuracy     : 0.8640 | 	Valid F1-score      : 0.8382

Epoch : 64
Train Loss     : 0.1832	 | 	Train Accuracy     : 0.9961
Valid Loss     : 0.6296	 | 	Valid Accuracy     : 0.8493 | 	Valid F1-score      : 0.8118

Epoch : 65
Train Loss     : 0.1758	 | 	Train Accuracy     : 0.9961
Valid Loss     : 0.6078	 | 	Valid Accuracy     : 0.8535 | 	Valid F1-score      : 0.8171

Epoch : 66
Train Loss     : 0.1688	 | 	Train Accuracy     : 0.9980
Valid Loss     : 0.5922	 | 	Valid Accuracy     : 0.8530 | 	Valid F1-score      : 0.8408

Epoch : 67
Train Loss     : 0.1631	 | 	Train Accuracy     : 0.9980
Valid Loss     : 0.5694	 | 	Valid Accuracy     : 0.8598 | 	Valid F1-score      : 0.8567

Epoch : 68
Train Loss     : 0.1560	 | 	Train Accuracy     : 1.0000
Valid Loss     : 0.5988	 | 	Valid Accuracy     : 0.8527 | 	Valid F1-score      : 0.8428

Epoch : 69
Train Loss     : 0.1599	 | 	Train Accuracy     : 0.9928
Valid Loss     : 0.5577	 | 	Valid Accuracy     : 0.8679 | 	Valid F1-score      : 0.8449

Epoch : 70
Train Loss     : 0.1539	 | 	Train Accuracy     : 0.9948
Valid Loss     : 0.6430	 | 	Valid Accuracy     : 0.8535 | 	Valid F1-score      : 0.8154

Epoch : 71
Train Loss     : 0.1418	 | 	Train Accuracy     : 1.0000
Valid Loss     : 0.6182	 | 	Valid Accuracy     : 0.8527 | 	Valid F1-score      : 0.8311

Epoch : 72
Train Loss     : 0.1441	 | 	Train Accuracy     : 0.9980
Valid Loss     : 0.5621	 | 	Valid Accuracy     : 0.8796 | 	Valid F1-score      : 0.8514

Epoch : 73
Train Loss     : 0.1412	 | 	Train Accuracy     : 0.9909
Valid Loss     : 0.5847	 | 	Valid Accuracy     : 0.8496 | 	Valid F1-score      : 0.8150

Epoch : 74
Train Loss     : 0.1322	 | 	Train Accuracy     : 0.9980
Valid Loss     : 0.5861	 | 	Valid Accuracy     : 0.8569 | 	Valid F1-score      : 0.8410

Epoch : 75
Train Loss     : 0.1322	 | 	Train Accuracy     : 0.9961
Valid Loss     : 0.6062	 | 	Valid Accuracy     : 0.8452 | 	Valid F1-score      : 0.8255

Epoch : 76
Train Loss     : 0.1246	 | 	Train Accuracy     : 0.9961
Valid Loss     : 0.6000	 | 	Valid Accuracy     : 0.8491 | 	Valid F1-score      : 0.8330

Epoch : 77
Train Loss     : 0.1179	 | 	Train Accuracy     : 0.9980
Valid Loss     : 0.5482	 | 	Valid Accuracy     : 0.8679 | 	Valid F1-score      : 0.8259

Epoch : 78
Train Loss     : 0.1166	 | 	Train Accuracy     : 0.9980
Valid Loss     : 0.5625	 | 	Valid Accuracy     : 0.8720 | 	Valid F1-score      : 0.8590

Epoch : 79
Train Loss     : 0.1102	 | 	Train Accuracy     : 1.0000
Valid Loss     : 0.5604	 | 	Valid Accuracy     : 0.8681 | 	Valid F1-score      : 0.8436

Epoch : 80
Train Loss     : 0.1121	 | 	Train Accuracy     : 0.9980
Valid Loss     : 0.5964	 | 	Valid Accuracy     : 0.8608 | 	Valid F1-score      : 0.8632

Epoch : 81
Train Loss     : 0.1166	 | 	Train Accuracy     : 0.9980
Valid Loss     : 0.5538	 | 	Valid Accuracy     : 0.8640 | 	Valid F1-score      : 0.8523

Epoch : 82
Train Loss     : 0.1064	 | 	Train Accuracy     : 0.9980
Valid Loss     : 0.5970	 | 	Valid Accuracy     : 0.8415 | 	Valid F1-score      : 0.8051

Epoch : 83
Train Loss     : 0.1072	 | 	Train Accuracy     : 0.9980
Valid Loss     : 0.6169	 | 	Valid Accuracy     : 0.8610 | 	Valid F1-score      : 0.8144

Epoch : 84
Train Loss     : 0.0997	 | 	Train Accuracy     : 1.0000
Valid Loss     : 0.5518	 | 	Valid Accuracy     : 0.8567 | 	Valid F1-score      : 0.8452

Epoch : 85
Train Loss     : 0.0944	 | 	Train Accuracy     : 0.9980
Valid Loss     : 0.5088	 | 	Valid Accuracy     : 0.8716 | 	Valid F1-score      : 0.8449

Epoch : 86
Train Loss     : 0.0918	 | 	Train Accuracy     : 1.0000
Valid Loss     : 0.5788	 | 	Valid Accuracy     : 0.8723 | 	Valid F1-score      : 0.8464

Epoch : 87
Train Loss     : 0.0859	 | 	Train Accuracy     : 1.0000
Valid Loss     : 0.5432	 | 	Valid Accuracy     : 0.8640 | 	Valid F1-score      : 0.8629

Epoch : 88
Train Loss     : 0.0829	 | 	Train Accuracy     : 1.0000
Valid Loss     : 0.5773	 | 	Valid Accuracy     : 0.8569 | 	Valid F1-score      : 0.8353

Epoch : 89
Train Loss     : 0.0808	 | 	Train Accuracy     : 1.0000
Valid Loss     : 0.5563	 | 	Valid Accuracy     : 0.8491 | 	Valid F1-score      : 0.8158

Epoch : 90
Train Loss     : 0.0802	 | 	Train Accuracy     : 0.9980
Valid Loss     : 0.5207	 | 	Valid Accuracy     : 0.8681 | 	Valid F1-score      : 0.8447

Epoch : 91
Train Loss     : 0.0746	 | 	Train Accuracy     : 1.0000
Valid Loss     : 0.5821	 | 	Valid Accuracy     : 0.8530 | 	Valid F1-score      : 0.8139

Epoch : 92
Train Loss     : 0.0733	 | 	Train Accuracy     : 1.0000
Valid Loss     : 0.5542	 | 	Valid Accuracy     : 0.8603 | 	Valid F1-score      : 0.8357

Epoch : 93
Train Loss     : 0.0756	 | 	Train Accuracy     : 0.9980
Valid Loss     : 0.5893	 | 	Valid Accuracy     : 0.8452 | 	Valid F1-score      : 0.8124

Epoch : 94
Train Loss     : 0.0804	 | 	Train Accuracy     : 0.9961
Valid Loss     : 0.5598	 | 	Valid Accuracy     : 0.8645 | 	Valid F1-score      : 0.8430

Epoch : 95
Train Loss     : 0.0763	 | 	Train Accuracy     : 0.9961
Valid Loss     : 0.5408	 | 	Valid Accuracy     : 0.8759 | 	Valid F1-score      : 0.8596

Epoch : 96
Train Loss     : 0.0745	 | 	Train Accuracy     : 0.9961
Valid Loss     : 0.5463	 | 	Valid Accuracy     : 0.8525 | 	Valid F1-score      : 0.8425

Epoch : 97
Train Loss     : 0.0663	 | 	Train Accuracy     : 0.9980
Valid Loss     : 0.5770	 | 	Valid Accuracy     : 0.8527 | 	Valid F1-score      : 0.8382

Epoch : 98
Train Loss     : 0.0632	 | 	Train Accuracy     : 1.0000
Valid Loss     : 0.5618	 | 	Valid Accuracy     : 0.8491 | 	Valid F1-score      : 0.8268

Epoch : 99
Train Loss     : 0.0614	 | 	Train Accuracy     : 1.0000
Valid Loss     : 0.5242	 | 	Valid Accuracy     : 0.8606 | 	Valid F1-score      : 0.8350

Epoch : 100
Train Loss     : 0.0608	 | 	Train Accuracy     : 1.0000
Valid Loss     : 0.5140	 | 	Valid Accuracy     : 0.8757 | 	Valid F1-score      : 0.8587

Evaluate on the Test set:
Test loss      :0.5638	 | Test Accuracy      : 0.8608	 | Test F1-score      : 0.8301

################## Training is Done! #########################
Training time is : 0:00:27.706865
