=============================================
Dataset: casas
Method:  Novel Human Activity
Mode:    random_init
=============================================
Data loaded ...
Training started ....

Epoch : 1
Train Loss     : 2.7396	 | 	Train Accuracy     : 0.0618
Valid Loss     : 2.7236	 | 	Valid Accuracy     : 0.0659 | 	Valid F1-score      : 0.0084

Epoch : 2
Train Loss     : 2.7188	 | 	Train Accuracy     : 0.0586
Valid Loss     : 2.7055	 | 	Valid Accuracy     : 0.0852 | 	Valid F1-score      : 0.0205

Epoch : 3
Train Loss     : 2.6972	 | 	Train Accuracy     : 0.0638
Valid Loss     : 2.6914	 | 	Valid Accuracy     : 0.1009 | 	Valid F1-score      : 0.0417

Epoch : 4
Train Loss     : 2.6905	 | 	Train Accuracy     : 0.0885
Valid Loss     : 2.6786	 | 	Valid Accuracy     : 0.1392 | 	Valid F1-score      : 0.0487

Epoch : 5
Train Loss     : 2.6755	 | 	Train Accuracy     : 0.1159
Valid Loss     : 2.6637	 | 	Valid Accuracy     : 0.1399 | 	Valid F1-score      : 0.0498

Epoch : 6
Train Loss     : 2.6618	 | 	Train Accuracy     : 0.1452
Valid Loss     : 2.6543	 | 	Valid Accuracy     : 0.1394 | 	Valid F1-score      : 0.0405

Epoch : 7
Train Loss     : 2.6570	 | 	Train Accuracy     : 0.1504
Valid Loss     : 2.6418	 | 	Valid Accuracy     : 0.1622 | 	Valid F1-score      : 0.0624

Epoch : 8
Train Loss     : 2.6417	 | 	Train Accuracy     : 0.1608
Valid Loss     : 2.6321	 | 	Valid Accuracy     : 0.1548 | 	Valid F1-score      : 0.0563

Epoch : 9
Train Loss     : 2.6346	 | 	Train Accuracy     : 0.1549
Valid Loss     : 2.6233	 | 	Valid Accuracy     : 0.1553 | 	Valid F1-score      : 0.0653

Epoch : 10
Train Loss     : 2.6270	 | 	Train Accuracy     : 0.1523
Valid Loss     : 2.6187	 | 	Valid Accuracy     : 0.1590 | 	Valid F1-score      : 0.0748

Epoch : 11
Train Loss     : 2.6169	 | 	Train Accuracy     : 0.1510
Valid Loss     : 2.6122	 | 	Valid Accuracy     : 0.1438 | 	Valid F1-score      : 0.0543

Epoch : 12
Train Loss     : 2.6094	 | 	Train Accuracy     : 0.1426
Valid Loss     : 2.5945	 | 	Valid Accuracy     : 0.1512 | 	Valid F1-score      : 0.0554

Epoch : 13
Train Loss     : 2.6000	 | 	Train Accuracy     : 0.1426
Valid Loss     : 2.5890	 | 	Valid Accuracy     : 0.1392 | 	Valid F1-score      : 0.0438

Epoch : 14
Train Loss     : 2.5943	 | 	Train Accuracy     : 0.1497
Valid Loss     : 2.5818	 | 	Valid Accuracy     : 0.1397 | 	Valid F1-score      : 0.0534

Epoch : 15
Train Loss     : 2.5853	 | 	Train Accuracy     : 0.1673
Valid Loss     : 2.5691	 | 	Valid Accuracy     : 0.1707 | 	Valid F1-score      : 0.0793

Epoch : 16
Train Loss     : 2.5709	 | 	Train Accuracy     : 0.1725
Valid Loss     : 2.5561	 | 	Valid Accuracy     : 0.1590 | 	Valid F1-score      : 0.0869

Epoch : 17
Train Loss     : 2.5695	 | 	Train Accuracy     : 0.1816
Valid Loss     : 2.5538	 | 	Valid Accuracy     : 0.1748 | 	Valid F1-score      : 0.0836

Epoch : 18
Train Loss     : 2.5563	 | 	Train Accuracy     : 0.1836
Valid Loss     : 2.5416	 | 	Valid Accuracy     : 0.2166 | 	Valid F1-score      : 0.1499

Epoch : 19
Train Loss     : 2.5512	 | 	Train Accuracy     : 0.2025
Valid Loss     : 2.5268	 | 	Valid Accuracy     : 0.1980 | 	Valid F1-score      : 0.1230

Epoch : 20
Train Loss     : 2.5389	 | 	Train Accuracy     : 0.2051
Valid Loss     : 2.5212	 | 	Valid Accuracy     : 0.2169 | 	Valid F1-score      : 0.1392

Epoch : 21
Train Loss     : 2.5311	 | 	Train Accuracy     : 0.2305
Valid Loss     : 2.5171	 | 	Valid Accuracy     : 0.2327 | 	Valid F1-score      : 0.1857

Epoch : 22
Train Loss     : 2.5200	 | 	Train Accuracy     : 0.2441
Valid Loss     : 2.4993	 | 	Valid Accuracy     : 0.2249 | 	Valid F1-score      : 0.1542

Epoch : 23
Train Loss     : 2.5172	 | 	Train Accuracy     : 0.2435
Valid Loss     : 2.4955	 | 	Valid Accuracy     : 0.2559 | 	Valid F1-score      : 0.1629

Epoch : 24
Train Loss     : 2.5140	 | 	Train Accuracy     : 0.2643
Valid Loss     : 2.4842	 | 	Valid Accuracy     : 0.2786 | 	Valid F1-score      : 0.1904

Epoch : 25
Train Loss     : 2.5031	 | 	Train Accuracy     : 0.2845
Valid Loss     : 2.4752	 | 	Valid Accuracy     : 0.2865 | 	Valid F1-score      : 0.1943

Epoch : 26
Train Loss     : 2.4938	 | 	Train Accuracy     : 0.2962
Valid Loss     : 2.4614	 | 	Valid Accuracy     : 0.3204 | 	Valid F1-score      : 0.2139

Epoch : 27
Train Loss     : 2.4922	 | 	Train Accuracy     : 0.2865
Valid Loss     : 2.4600	 | 	Valid Accuracy     : 0.2823 | 	Valid F1-score      : 0.1894

Epoch : 28
Train Loss     : 2.4777	 | 	Train Accuracy     : 0.2760
Valid Loss     : 2.4691	 | 	Valid Accuracy     : 0.2686 | 	Valid F1-score      : 0.1721

Epoch : 29
Train Loss     : 2.4706	 | 	Train Accuracy     : 0.2930
Valid Loss     : 2.4593	 | 	Valid Accuracy     : 0.2835 | 	Valid F1-score      : 0.1893

Epoch : 30
Train Loss     : 2.4541	 | 	Train Accuracy     : 0.3138
Valid Loss     : 2.4504	 | 	Valid Accuracy     : 0.2796 | 	Valid F1-score      : 0.2126

Epoch : 31
Train Loss     : 2.4500	 | 	Train Accuracy     : 0.2949
Valid Loss     : 2.4309	 | 	Valid Accuracy     : 0.3058 | 	Valid F1-score      : 0.2251

Epoch : 32
Train Loss     : 2.4536	 | 	Train Accuracy     : 0.2962
Valid Loss     : 2.4197	 | 	Valid Accuracy     : 0.3060 | 	Valid F1-score      : 0.2320

Epoch : 33
Train Loss     : 2.4422	 | 	Train Accuracy     : 0.2734
Valid Loss     : 2.4107	 | 	Valid Accuracy     : 0.3175 | 	Valid F1-score      : 0.2385

Epoch : 34
Train Loss     : 2.4370	 | 	Train Accuracy     : 0.2904
Valid Loss     : 2.3971	 | 	Valid Accuracy     : 0.3250 | 	Valid F1-score      : 0.2465

Epoch : 35
Train Loss     : 2.4291	 | 	Train Accuracy     : 0.2780
Valid Loss     : 2.4107	 | 	Valid Accuracy     : 0.3072 | 	Valid F1-score      : 0.2277

Epoch : 36
Train Loss     : 2.4241	 | 	Train Accuracy     : 0.3112
Valid Loss     : 2.4004	 | 	Valid Accuracy     : 0.3336 | 	Valid F1-score      : 0.2495

Epoch : 37
Train Loss     : 2.4188	 | 	Train Accuracy     : 0.3359
Valid Loss     : 2.4005	 | 	Valid Accuracy     : 0.3372 | 	Valid F1-score      : 0.2335

Epoch : 38
Train Loss     : 2.4232	 | 	Train Accuracy     : 0.3210
Valid Loss     : 2.3911	 | 	Valid Accuracy     : 0.3260 | 	Valid F1-score      : 0.2408

Epoch : 39
Train Loss     : 2.4113	 | 	Train Accuracy     : 0.3379
Valid Loss     : 2.3796	 | 	Valid Accuracy     : 0.3375 | 	Valid F1-score      : 0.2516

Epoch : 40
Train Loss     : 2.4024	 | 	Train Accuracy     : 0.3405
Valid Loss     : 2.3568	 | 	Valid Accuracy     : 0.3643 | 	Valid F1-score      : 0.2705

Epoch : 41
Train Loss     : 2.3881	 | 	Train Accuracy     : 0.3464
Valid Loss     : 2.3598	 | 	Valid Accuracy     : 0.3678 | 	Valid F1-score      : 0.2744

Epoch : 42
Train Loss     : 2.3856	 | 	Train Accuracy     : 0.3503
Valid Loss     : 2.3519	 | 	Valid Accuracy     : 0.3561 | 	Valid F1-score      : 0.2886

Epoch : 43
Train Loss     : 2.3864	 | 	Train Accuracy     : 0.3190
Valid Loss     : 2.3570	 | 	Valid Accuracy     : 0.3333 | 	Valid F1-score      : 0.2413

Epoch : 44
Train Loss     : 2.3767	 | 	Train Accuracy     : 0.3568
Valid Loss     : 2.3487	 | 	Valid Accuracy     : 0.3451 | 	Valid F1-score      : 0.2692

Epoch : 45
Train Loss     : 2.3750	 | 	Train Accuracy     : 0.3496
Valid Loss     : 2.3520	 | 	Valid Accuracy     : 0.3379 | 	Valid F1-score      : 0.2565

Epoch : 46
Train Loss     : 2.3747	 | 	Train Accuracy     : 0.3288
Valid Loss     : 2.3425	 | 	Valid Accuracy     : 0.3492 | 	Valid F1-score      : 0.2696

Epoch : 47
Train Loss     : 2.3733	 | 	Train Accuracy     : 0.3398
Valid Loss     : 2.3391	 | 	Valid Accuracy     : 0.3299 | 	Valid F1-score      : 0.2320

Epoch : 48
Train Loss     : 2.3686	 | 	Train Accuracy     : 0.3457
Valid Loss     : 2.3251	 | 	Valid Accuracy     : 0.3414 | 	Valid F1-score      : 0.2577

Epoch : 49
Train Loss     : 2.3501	 | 	Train Accuracy     : 0.3770
Valid Loss     : 2.3217	 | 	Valid Accuracy     : 0.3446 | 	Valid F1-score      : 0.2621

Epoch : 50
Train Loss     : 2.3426	 | 	Train Accuracy     : 0.3529
Valid Loss     : 2.3331	 | 	Valid Accuracy     : 0.3451 | 	Valid F1-score      : 0.2661

Epoch : 51
Train Loss     : 2.3407	 | 	Train Accuracy     : 0.3542
Valid Loss     : 2.3305	 | 	Valid Accuracy     : 0.3683 | 	Valid F1-score      : 0.2751

Epoch : 52
Train Loss     : 2.3425	 | 	Train Accuracy     : 0.3288
Valid Loss     : 2.3079	 | 	Valid Accuracy     : 0.3683 | 	Valid F1-score      : 0.2921

Epoch : 53
Train Loss     : 2.3318	 | 	Train Accuracy     : 0.3737
Valid Loss     : 2.3108	 | 	Valid Accuracy     : 0.3604 | 	Valid F1-score      : 0.2821

Epoch : 54
Train Loss     : 2.3347	 | 	Train Accuracy     : 0.3581
Valid Loss     : 2.2986	 | 	Valid Accuracy     : 0.3377 | 	Valid F1-score      : 0.2640

Epoch : 55
Train Loss     : 2.3327	 | 	Train Accuracy     : 0.3672
Valid Loss     : 2.2870	 | 	Valid Accuracy     : 0.3448 | 	Valid F1-score      : 0.2530

Epoch : 56
Train Loss     : 2.3196	 | 	Train Accuracy     : 0.3730
Valid Loss     : 2.2889	 | 	Valid Accuracy     : 0.3568 | 	Valid F1-score      : 0.2926

Epoch : 57
Train Loss     : 2.3087	 | 	Train Accuracy     : 0.3848
Valid Loss     : 2.2851	 | 	Valid Accuracy     : 0.3643 | 	Valid F1-score      : 0.2646

Epoch : 58
Train Loss     : 2.3094	 | 	Train Accuracy     : 0.3743
Valid Loss     : 2.2850	 | 	Valid Accuracy     : 0.3379 | 	Valid F1-score      : 0.2519

Epoch : 59
Train Loss     : 2.3193	 | 	Train Accuracy     : 0.3633
Valid Loss     : 2.2839	 | 	Valid Accuracy     : 0.3460 | 	Valid F1-score      : 0.2735

Epoch : 60
Train Loss     : 2.3064	 | 	Train Accuracy     : 0.3763
Valid Loss     : 2.2863	 | 	Valid Accuracy     : 0.3883 | 	Valid F1-score      : 0.3077

Epoch : 61
Train Loss     : 2.3032	 | 	Train Accuracy     : 0.3724
Valid Loss     : 2.2850	 | 	Valid Accuracy     : 0.3497 | 	Valid F1-score      : 0.2603

Epoch : 62
Train Loss     : 2.3039	 | 	Train Accuracy     : 0.3776
Valid Loss     : 2.2651	 | 	Valid Accuracy     : 0.3577 | 	Valid F1-score      : 0.2595

Epoch : 63
Train Loss     : 2.2944	 | 	Train Accuracy     : 0.4154
Valid Loss     : 2.2688	 | 	Valid Accuracy     : 0.3648 | 	Valid F1-score      : 0.2658

Epoch : 64
Train Loss     : 2.3054	 | 	Train Accuracy     : 0.3776
Valid Loss     : 2.2533	 | 	Valid Accuracy     : 0.3763 | 	Valid F1-score      : 0.2974

Epoch : 65
Train Loss     : 2.2948	 | 	Train Accuracy     : 0.3730
Valid Loss     : 2.2441	 | 	Valid Accuracy     : 0.3990 | 	Valid F1-score      : 0.3279

Epoch : 66
Train Loss     : 2.2817	 | 	Train Accuracy     : 0.4323
Valid Loss     : 2.2371	 | 	Valid Accuracy     : 0.3990 | 	Valid F1-score      : 0.3184

Epoch : 67
Train Loss     : 2.2761	 | 	Train Accuracy     : 0.3835
Valid Loss     : 2.2275	 | 	Valid Accuracy     : 0.3910 | 	Valid F1-score      : 0.2952

Epoch : 68
Train Loss     : 2.2676	 | 	Train Accuracy     : 0.4069
Valid Loss     : 2.2510	 | 	Valid Accuracy     : 0.3919 | 	Valid F1-score      : 0.3098

Epoch : 69
Train Loss     : 2.2615	 | 	Train Accuracy     : 0.3991
Valid Loss     : 2.2394	 | 	Valid Accuracy     : 0.3986 | 	Valid F1-score      : 0.3092

Epoch : 70
Train Loss     : 2.2684	 | 	Train Accuracy     : 0.4069
Valid Loss     : 2.2174	 | 	Valid Accuracy     : 0.3802 | 	Valid F1-score      : 0.2931

Epoch : 71
Train Loss     : 2.2595	 | 	Train Accuracy     : 0.3939
Valid Loss     : 2.2251	 | 	Valid Accuracy     : 0.3949 | 	Valid F1-score      : 0.2960

Epoch : 72
Train Loss     : 2.2494	 | 	Train Accuracy     : 0.4089
Valid Loss     : 2.2276	 | 	Valid Accuracy     : 0.3919 | 	Valid F1-score      : 0.3187

Epoch : 73
Train Loss     : 2.2483	 | 	Train Accuracy     : 0.3887
Valid Loss     : 2.2292	 | 	Valid Accuracy     : 0.3995 | 	Valid F1-score      : 0.3285

Epoch : 74
Train Loss     : 2.2456	 | 	Train Accuracy     : 0.4049
Valid Loss     : 2.2062	 | 	Valid Accuracy     : 0.4147 | 	Valid F1-score      : 0.3445

Epoch : 75
Train Loss     : 2.2472	 | 	Train Accuracy     : 0.4082
Valid Loss     : 2.2145	 | 	Valid Accuracy     : 0.4112 | 	Valid F1-score      : 0.3367

Epoch : 76
Train Loss     : 2.2170	 | 	Train Accuracy     : 0.4251
Valid Loss     : 2.2008	 | 	Valid Accuracy     : 0.4188 | 	Valid F1-score      : 0.3482

Epoch : 77
Train Loss     : 2.2425	 | 	Train Accuracy     : 0.3984
Valid Loss     : 2.2062	 | 	Valid Accuracy     : 0.4034 | 	Valid F1-score      : 0.3212

Epoch : 78
Train Loss     : 2.2255	 | 	Train Accuracy     : 0.4089
Valid Loss     : 2.1954	 | 	Valid Accuracy     : 0.4149 | 	Valid F1-score      : 0.3670

Epoch : 79
Train Loss     : 2.2167	 | 	Train Accuracy     : 0.4023
Valid Loss     : 2.1867	 | 	Valid Accuracy     : 0.4369 | 	Valid F1-score      : 0.3485

Epoch : 80
Train Loss     : 2.2280	 | 	Train Accuracy     : 0.4167
Valid Loss     : 2.1961	 | 	Valid Accuracy     : 0.4147 | 	Valid F1-score      : 0.3352

Epoch : 81
Train Loss     : 2.1973	 | 	Train Accuracy     : 0.4154
Valid Loss     : 2.1900	 | 	Valid Accuracy     : 0.4105 | 	Valid F1-score      : 0.3497

Epoch : 82
Train Loss     : 2.2111	 | 	Train Accuracy     : 0.4062
Valid Loss     : 2.1885	 | 	Valid Accuracy     : 0.4381 | 	Valid F1-score      : 0.3995

Epoch : 83
Train Loss     : 2.2052	 | 	Train Accuracy     : 0.4329
Valid Loss     : 2.1834	 | 	Valid Accuracy     : 0.4413 | 	Valid F1-score      : 0.3662

Epoch : 84
Train Loss     : 2.2020	 | 	Train Accuracy     : 0.3900
Valid Loss     : 2.1777	 | 	Valid Accuracy     : 0.4381 | 	Valid F1-score      : 0.3796

Epoch : 85
Train Loss     : 2.1953	 | 	Train Accuracy     : 0.4401
Valid Loss     : 2.1826	 | 	Valid Accuracy     : 0.4459 | 	Valid F1-score      : 0.3834

Epoch : 86
Train Loss     : 2.1867	 | 	Train Accuracy     : 0.4251
Valid Loss     : 2.1506	 | 	Valid Accuracy     : 0.4450 | 	Valid F1-score      : 0.3765

Epoch : 87
Train Loss     : 2.1888	 | 	Train Accuracy     : 0.4395
Valid Loss     : 2.1446	 | 	Valid Accuracy     : 0.4298 | 	Valid F1-score      : 0.3672

Epoch : 88
Train Loss     : 2.1807	 | 	Train Accuracy     : 0.4102
Valid Loss     : 2.1596	 | 	Valid Accuracy     : 0.4339 | 	Valid F1-score      : 0.3816

Epoch : 89
Train Loss     : 2.1774	 | 	Train Accuracy     : 0.4479
Valid Loss     : 2.1723	 | 	Valid Accuracy     : 0.3846 | 	Valid F1-score      : 0.3171

Epoch : 90
Train Loss     : 2.1782	 | 	Train Accuracy     : 0.4336
Valid Loss     : 2.1416	 | 	Valid Accuracy     : 0.4420 | 	Valid F1-score      : 0.3647

Epoch : 91
Train Loss     : 2.1636	 | 	Train Accuracy     : 0.4186
Valid Loss     : 2.1583	 | 	Valid Accuracy     : 0.4195 | 	Valid F1-score      : 0.3504

Epoch : 92
Train Loss     : 2.1807	 | 	Train Accuracy     : 0.4173
Valid Loss     : 2.1410	 | 	Valid Accuracy     : 0.4339 | 	Valid F1-score      : 0.3774

Epoch : 93
Train Loss     : 2.1598	 | 	Train Accuracy     : 0.4349
Valid Loss     : 2.1345	 | 	Valid Accuracy     : 0.4496 | 	Valid F1-score      : 0.3652

Epoch : 94
Train Loss     : 2.1532	 | 	Train Accuracy     : 0.4564
Valid Loss     : 2.1278	 | 	Valid Accuracy     : 0.4459 | 	Valid F1-score      : 0.3850

Epoch : 95
Train Loss     : 2.1560	 | 	Train Accuracy     : 0.4499
Valid Loss     : 2.1099	 | 	Valid Accuracy     : 0.4413 | 	Valid F1-score      : 0.3602

Epoch : 96
Train Loss     : 2.1254	 | 	Train Accuracy     : 0.4837
Valid Loss     : 2.1146	 | 	Valid Accuracy     : 0.4374 | 	Valid F1-score      : 0.3523

Epoch : 97
Train Loss     : 2.1518	 | 	Train Accuracy     : 0.4329
Valid Loss     : 2.1310	 | 	Valid Accuracy     : 0.4308 | 	Valid F1-score      : 0.3404

Epoch : 98
Train Loss     : 2.1287	 | 	Train Accuracy     : 0.4427
Valid Loss     : 2.1279	 | 	Valid Accuracy     : 0.4225 | 	Valid F1-score      : 0.3117

Epoch : 99
Train Loss     : 2.1418	 | 	Train Accuracy     : 0.4225
Valid Loss     : 2.1224	 | 	Valid Accuracy     : 0.4339 | 	Valid F1-score      : 0.3708

Epoch : 100
Train Loss     : 2.1310	 | 	Train Accuracy     : 0.4336
Valid Loss     : 2.1053	 | 	Valid Accuracy     : 0.4273 | 	Valid F1-score      : 0.3602

Evaluate on the Test set:
Test loss      :2.1172	 | Test Accuracy      : 0.4496	 | Test F1-score      : 0.3532

################## Training is Done! #########################
Training time is : 0:00:14.870396
