=============================================
Dataset: casas
Method:  Novel Human Activity
Mode:    random_init
=============================================
Data loaded ...
Training started ....

Epoch : 1
Train Loss     : 2.7325	 | 	Train Accuracy     : 0.0690
Valid Loss     : 2.7191	 | 	Valid Accuracy     : 0.0659 | 	Valid F1-score      : 0.0084

Epoch : 2
Train Loss     : 2.7071	 | 	Train Accuracy     : 0.0690
Valid Loss     : 2.6977	 | 	Valid Accuracy     : 0.0696 | 	Valid F1-score      : 0.0090

Epoch : 3
Train Loss     : 2.6897	 | 	Train Accuracy     : 0.0690
Valid Loss     : 2.6834	 | 	Valid Accuracy     : 0.0659 | 	Valid F1-score      : 0.0084

Epoch : 4
Train Loss     : 2.6748	 | 	Train Accuracy     : 0.0684
Valid Loss     : 2.6641	 | 	Valid Accuracy     : 0.1001 | 	Valid F1-score      : 0.0345

Epoch : 5
Train Loss     : 2.6594	 | 	Train Accuracy     : 0.1061
Valid Loss     : 2.6556	 | 	Valid Accuracy     : 0.1087 | 	Valid F1-score      : 0.0354

Epoch : 6
Train Loss     : 2.6451	 | 	Train Accuracy     : 0.1172
Valid Loss     : 2.6452	 | 	Valid Accuracy     : 0.1468 | 	Valid F1-score      : 0.0536

Epoch : 7
Train Loss     : 2.6357	 | 	Train Accuracy     : 0.1432
Valid Loss     : 2.6341	 | 	Valid Accuracy     : 0.1709 | 	Valid F1-score      : 0.1043

Epoch : 8
Train Loss     : 2.6230	 | 	Train Accuracy     : 0.1790
Valid Loss     : 2.6247	 | 	Valid Accuracy     : 0.2010 | 	Valid F1-score      : 0.1242

Epoch : 9
Train Loss     : 2.6119	 | 	Train Accuracy     : 0.2214
Valid Loss     : 2.6134	 | 	Valid Accuracy     : 0.2279 | 	Valid F1-score      : 0.1524

Epoch : 10
Train Loss     : 2.6004	 | 	Train Accuracy     : 0.2578
Valid Loss     : 2.5990	 | 	Valid Accuracy     : 0.2596 | 	Valid F1-score      : 0.1711

Epoch : 11
Train Loss     : 2.5902	 | 	Train Accuracy     : 0.2852
Valid Loss     : 2.5946	 | 	Valid Accuracy     : 0.2322 | 	Valid F1-score      : 0.1583

Epoch : 12
Train Loss     : 2.5776	 | 	Train Accuracy     : 0.2852
Valid Loss     : 2.5858	 | 	Valid Accuracy     : 0.2674 | 	Valid F1-score      : 0.1792

Epoch : 13
Train Loss     : 2.5657	 | 	Train Accuracy     : 0.3314
Valid Loss     : 2.5801	 | 	Valid Accuracy     : 0.2366 | 	Valid F1-score      : 0.1681

Epoch : 14
Train Loss     : 2.5547	 | 	Train Accuracy     : 0.3034
Valid Loss     : 2.5671	 | 	Valid Accuracy     : 0.2290 | 	Valid F1-score      : 0.1449

Epoch : 15
Train Loss     : 2.5459	 | 	Train Accuracy     : 0.2839
Valid Loss     : 2.5569	 | 	Valid Accuracy     : 0.2476 | 	Valid F1-score      : 0.1624

Epoch : 16
Train Loss     : 2.5342	 | 	Train Accuracy     : 0.2786
Valid Loss     : 2.5496	 | 	Valid Accuracy     : 0.2454 | 	Valid F1-score      : 0.1674

Epoch : 17
Train Loss     : 2.5333	 | 	Train Accuracy     : 0.2923
Valid Loss     : 2.5372	 | 	Valid Accuracy     : 0.2708 | 	Valid F1-score      : 0.1969

Epoch : 18
Train Loss     : 2.5095	 | 	Train Accuracy     : 0.3177
Valid Loss     : 2.5207	 | 	Valid Accuracy     : 0.2821 | 	Valid F1-score      : 0.1920

Epoch : 19
Train Loss     : 2.5026	 | 	Train Accuracy     : 0.3145
Valid Loss     : 2.5227	 | 	Valid Accuracy     : 0.2708 | 	Valid F1-score      : 0.1846

Epoch : 20
Train Loss     : 2.4874	 | 	Train Accuracy     : 0.3060
Valid Loss     : 2.5056	 | 	Valid Accuracy     : 0.2554 | 	Valid F1-score      : 0.1616

Epoch : 21
Train Loss     : 2.4818	 | 	Train Accuracy     : 0.2982
Valid Loss     : 2.5044	 | 	Valid Accuracy     : 0.2747 | 	Valid F1-score      : 0.1854

Epoch : 22
Train Loss     : 2.4655	 | 	Train Accuracy     : 0.3008
Valid Loss     : 2.4982	 | 	Valid Accuracy     : 0.2672 | 	Valid F1-score      : 0.1900

Epoch : 23
Train Loss     : 2.4598	 | 	Train Accuracy     : 0.3177
Valid Loss     : 2.4774	 | 	Valid Accuracy     : 0.2596 | 	Valid F1-score      : 0.1725

Epoch : 24
Train Loss     : 2.4481	 | 	Train Accuracy     : 0.2806
Valid Loss     : 2.4821	 | 	Valid Accuracy     : 0.2596 | 	Valid F1-score      : 0.1794

Epoch : 25
Train Loss     : 2.4411	 | 	Train Accuracy     : 0.3099
Valid Loss     : 2.4663	 | 	Valid Accuracy     : 0.2747 | 	Valid F1-score      : 0.2072

Epoch : 26
Train Loss     : 2.4278	 | 	Train Accuracy     : 0.3073
Valid Loss     : 2.4627	 | 	Valid Accuracy     : 0.2522 | 	Valid F1-score      : 0.1649

Epoch : 27
Train Loss     : 2.4224	 | 	Train Accuracy     : 0.3118
Valid Loss     : 2.4513	 | 	Valid Accuracy     : 0.2823 | 	Valid F1-score      : 0.2030

Epoch : 28
Train Loss     : 2.4096	 | 	Train Accuracy     : 0.3112
Valid Loss     : 2.4419	 | 	Valid Accuracy     : 0.2782 | 	Valid F1-score      : 0.2022

Epoch : 29
Train Loss     : 2.4140	 | 	Train Accuracy     : 0.2956
Valid Loss     : 2.4459	 | 	Valid Accuracy     : 0.2681 | 	Valid F1-score      : 0.2067

Epoch : 30
Train Loss     : 2.3988	 | 	Train Accuracy     : 0.3236
Valid Loss     : 2.4306	 | 	Valid Accuracy     : 0.2676 | 	Valid F1-score      : 0.1912

Epoch : 31
Train Loss     : 2.3829	 | 	Train Accuracy     : 0.3613
Valid Loss     : 2.4194	 | 	Valid Accuracy     : 0.3055 | 	Valid F1-score      : 0.2307

Epoch : 32
Train Loss     : 2.3719	 | 	Train Accuracy     : 0.3535
Valid Loss     : 2.4164	 | 	Valid Accuracy     : 0.2989 | 	Valid F1-score      : 0.2372

Epoch : 33
Train Loss     : 2.3610	 | 	Train Accuracy     : 0.3542
Valid Loss     : 2.4209	 | 	Valid Accuracy     : 0.2762 | 	Valid F1-score      : 0.1925

Epoch : 34
Train Loss     : 2.3691	 | 	Train Accuracy     : 0.3262
Valid Loss     : 2.3987	 | 	Valid Accuracy     : 0.2752 | 	Valid F1-score      : 0.1909

Epoch : 35
Train Loss     : 2.3572	 | 	Train Accuracy     : 0.3464
Valid Loss     : 2.4014	 | 	Valid Accuracy     : 0.3026 | 	Valid F1-score      : 0.2313

Epoch : 36
Train Loss     : 2.3354	 | 	Train Accuracy     : 0.3802
Valid Loss     : 2.3956	 | 	Valid Accuracy     : 0.3561 | 	Valid F1-score      : 0.3036

Epoch : 37
Train Loss     : 2.3308	 | 	Train Accuracy     : 0.3542
Valid Loss     : 2.3899	 | 	Valid Accuracy     : 0.3297 | 	Valid F1-score      : 0.2459

Epoch : 38
Train Loss     : 2.3307	 | 	Train Accuracy     : 0.3828
Valid Loss     : 2.3838	 | 	Valid Accuracy     : 0.3028 | 	Valid F1-score      : 0.2354

Epoch : 39
Train Loss     : 2.3249	 | 	Train Accuracy     : 0.3783
Valid Loss     : 2.3788	 | 	Valid Accuracy     : 0.3297 | 	Valid F1-score      : 0.2550

Epoch : 40
Train Loss     : 2.3145	 | 	Train Accuracy     : 0.3737
Valid Loss     : 2.3745	 | 	Valid Accuracy     : 0.3490 | 	Valid F1-score      : 0.2743

Epoch : 41
Train Loss     : 2.3024	 | 	Train Accuracy     : 0.3763
Valid Loss     : 2.3688	 | 	Valid Accuracy     : 0.3565 | 	Valid F1-score      : 0.2696

Epoch : 42
Train Loss     : 2.3002	 | 	Train Accuracy     : 0.4004
Valid Loss     : 2.3729	 | 	Valid Accuracy     : 0.3343 | 	Valid F1-score      : 0.2732

Epoch : 43
Train Loss     : 2.2911	 | 	Train Accuracy     : 0.4160
Valid Loss     : 2.3566	 | 	Valid Accuracy     : 0.3453 | 	Valid F1-score      : 0.2826

Epoch : 44
Train Loss     : 2.2742	 | 	Train Accuracy     : 0.4271
Valid Loss     : 2.3500	 | 	Valid Accuracy     : 0.3607 | 	Valid F1-score      : 0.2936

Epoch : 45
Train Loss     : 2.2745	 | 	Train Accuracy     : 0.4264
Valid Loss     : 2.3479	 | 	Valid Accuracy     : 0.3262 | 	Valid F1-score      : 0.2796

Epoch : 46
Train Loss     : 2.2863	 | 	Train Accuracy     : 0.4264
Valid Loss     : 2.3401	 | 	Valid Accuracy     : 0.3377 | 	Valid F1-score      : 0.2982

Epoch : 47
Train Loss     : 2.2675	 | 	Train Accuracy     : 0.4023
Valid Loss     : 2.3281	 | 	Valid Accuracy     : 0.3607 | 	Valid F1-score      : 0.3199

Epoch : 48
Train Loss     : 2.2716	 | 	Train Accuracy     : 0.4206
Valid Loss     : 2.3047	 | 	Valid Accuracy     : 0.3790 | 	Valid F1-score      : 0.3251

Epoch : 49
Train Loss     : 2.2448	 | 	Train Accuracy     : 0.4401
Valid Loss     : 2.3175	 | 	Valid Accuracy     : 0.3526 | 	Valid F1-score      : 0.2992

Epoch : 50
Train Loss     : 2.2421	 | 	Train Accuracy     : 0.4238
Valid Loss     : 2.3074	 | 	Valid Accuracy     : 0.3563 | 	Valid F1-score      : 0.2870

Epoch : 51
Train Loss     : 2.2314	 | 	Train Accuracy     : 0.4141
Valid Loss     : 2.3398	 | 	Valid Accuracy     : 0.3568 | 	Valid F1-score      : 0.3144

Epoch : 52
Train Loss     : 2.2299	 | 	Train Accuracy     : 0.4062
Valid Loss     : 2.2927	 | 	Valid Accuracy     : 0.3602 | 	Valid F1-score      : 0.2949

Epoch : 53
Train Loss     : 2.2113	 | 	Train Accuracy     : 0.4577
Valid Loss     : 2.3040	 | 	Valid Accuracy     : 0.3419 | 	Valid F1-score      : 0.3097

Epoch : 54
Train Loss     : 2.2183	 | 	Train Accuracy     : 0.4102
Valid Loss     : 2.2963	 | 	Valid Accuracy     : 0.3529 | 	Valid F1-score      : 0.3049

Epoch : 55
Train Loss     : 2.2047	 | 	Train Accuracy     : 0.4349
Valid Loss     : 2.2786	 | 	Valid Accuracy     : 0.3756 | 	Valid F1-score      : 0.2953

Epoch : 56
Train Loss     : 2.1975	 | 	Train Accuracy     : 0.4284
Valid Loss     : 2.2818	 | 	Valid Accuracy     : 0.3868 | 	Valid F1-score      : 0.3447

Epoch : 57
Train Loss     : 2.2001	 | 	Train Accuracy     : 0.4316
Valid Loss     : 2.2852	 | 	Valid Accuracy     : 0.3604 | 	Valid F1-score      : 0.3081

Epoch : 58
Train Loss     : 2.1826	 | 	Train Accuracy     : 0.4505
Valid Loss     : 2.2704	 | 	Valid Accuracy     : 0.3607 | 	Valid F1-score      : 0.2996

Epoch : 59
Train Loss     : 2.1729	 | 	Train Accuracy     : 0.4544
Valid Loss     : 2.2771	 | 	Valid Accuracy     : 0.3685 | 	Valid F1-score      : 0.3195

Epoch : 60
Train Loss     : 2.1702	 | 	Train Accuracy     : 0.4570
Valid Loss     : 2.2427	 | 	Valid Accuracy     : 0.3724 | 	Valid F1-score      : 0.3333

Epoch : 61
Train Loss     : 2.1731	 | 	Train Accuracy     : 0.4238
Valid Loss     : 2.2544	 | 	Valid Accuracy     : 0.3761 | 	Valid F1-score      : 0.3254

Epoch : 62
Train Loss     : 2.1662	 | 	Train Accuracy     : 0.4694
Valid Loss     : 2.2487	 | 	Valid Accuracy     : 0.3793 | 	Valid F1-score      : 0.3182

Epoch : 63
Train Loss     : 2.1570	 | 	Train Accuracy     : 0.4421
Valid Loss     : 2.2500	 | 	Valid Accuracy     : 0.3841 | 	Valid F1-score      : 0.3368

Epoch : 64
Train Loss     : 2.1299	 | 	Train Accuracy     : 0.4792
Valid Loss     : 2.2497	 | 	Valid Accuracy     : 0.3800 | 	Valid F1-score      : 0.3347

Epoch : 65
Train Loss     : 2.1344	 | 	Train Accuracy     : 0.4375
Valid Loss     : 2.2368	 | 	Valid Accuracy     : 0.3949 | 	Valid F1-score      : 0.3443

Epoch : 66
Train Loss     : 2.1222	 | 	Train Accuracy     : 0.4648
Valid Loss     : 2.2349	 | 	Valid Accuracy     : 0.3646 | 	Valid F1-score      : 0.3069

Epoch : 67
Train Loss     : 2.1156	 | 	Train Accuracy     : 0.4609
Valid Loss     : 2.2379	 | 	Valid Accuracy     : 0.3758 | 	Valid F1-score      : 0.3331

Epoch : 68
Train Loss     : 2.1083	 | 	Train Accuracy     : 0.4609
Valid Loss     : 2.2221	 | 	Valid Accuracy     : 0.4025 | 	Valid F1-score      : 0.3440

Epoch : 69
Train Loss     : 2.1274	 | 	Train Accuracy     : 0.4538
Valid Loss     : 2.2201	 | 	Valid Accuracy     : 0.3807 | 	Valid F1-score      : 0.3583

Epoch : 70
Train Loss     : 2.1143	 | 	Train Accuracy     : 0.4447
Valid Loss     : 2.1931	 | 	Valid Accuracy     : 0.4208 | 	Valid F1-score      : 0.3838

Epoch : 71
Train Loss     : 2.1018	 | 	Train Accuracy     : 0.4694
Valid Loss     : 2.1994	 | 	Valid Accuracy     : 0.3915 | 	Valid F1-score      : 0.3612

Epoch : 72
Train Loss     : 2.1006	 | 	Train Accuracy     : 0.4655
Valid Loss     : 2.1959	 | 	Valid Accuracy     : 0.3839 | 	Valid F1-score      : 0.3143

Epoch : 73
Train Loss     : 2.0917	 | 	Train Accuracy     : 0.4603
Valid Loss     : 2.1863	 | 	Valid Accuracy     : 0.3643 | 	Valid F1-score      : 0.3259

Epoch : 74
Train Loss     : 2.0698	 | 	Train Accuracy     : 0.4902
Valid Loss     : 2.1783	 | 	Valid Accuracy     : 0.3910 | 	Valid F1-score      : 0.3509

Epoch : 75
Train Loss     : 2.0836	 | 	Train Accuracy     : 0.4518
Valid Loss     : 2.1837	 | 	Valid Accuracy     : 0.3986 | 	Valid F1-score      : 0.3445

Epoch : 76
Train Loss     : 2.0761	 | 	Train Accuracy     : 0.4707
Valid Loss     : 2.1880	 | 	Valid Accuracy     : 0.3726 | 	Valid F1-score      : 0.3417

Epoch : 77
Train Loss     : 2.0402	 | 	Train Accuracy     : 0.4798
Valid Loss     : 2.1813	 | 	Valid Accuracy     : 0.3880 | 	Valid F1-score      : 0.3534

Epoch : 78
Train Loss     : 2.0696	 | 	Train Accuracy     : 0.4570
Valid Loss     : 2.1686	 | 	Valid Accuracy     : 0.3717 | 	Valid F1-score      : 0.3186

Epoch : 79
Train Loss     : 2.0456	 | 	Train Accuracy     : 0.4772
Valid Loss     : 2.1674	 | 	Valid Accuracy     : 0.4029 | 	Valid F1-score      : 0.3668

Epoch : 80
Train Loss     : 2.0458	 | 	Train Accuracy     : 0.4616
Valid Loss     : 2.1613	 | 	Valid Accuracy     : 0.3875 | 	Valid F1-score      : 0.3420

Epoch : 81
Train Loss     : 2.0268	 | 	Train Accuracy     : 0.4707
Valid Loss     : 2.1766	 | 	Valid Accuracy     : 0.3768 | 	Valid F1-score      : 0.3537

Epoch : 82
Train Loss     : 2.0116	 | 	Train Accuracy     : 0.4967
Valid Loss     : 2.1449	 | 	Valid Accuracy     : 0.3993 | 	Valid F1-score      : 0.3678

Epoch : 83
Train Loss     : 1.9954	 | 	Train Accuracy     : 0.4733
Valid Loss     : 2.1296	 | 	Valid Accuracy     : 0.3988 | 	Valid F1-score      : 0.3314

Epoch : 84
Train Loss     : 2.0230	 | 	Train Accuracy     : 0.4811
Valid Loss     : 2.1374	 | 	Valid Accuracy     : 0.4293 | 	Valid F1-score      : 0.3672

Epoch : 85
Train Loss     : 2.0107	 | 	Train Accuracy     : 0.4779
Valid Loss     : 2.1317	 | 	Valid Accuracy     : 0.3997 | 	Valid F1-score      : 0.3581

Epoch : 86
Train Loss     : 1.9882	 | 	Train Accuracy     : 0.4746
Valid Loss     : 2.1445	 | 	Valid Accuracy     : 0.3731 | 	Valid F1-score      : 0.3547

Epoch : 87
Train Loss     : 1.9959	 | 	Train Accuracy     : 0.4707
Valid Loss     : 2.1336	 | 	Valid Accuracy     : 0.3841 | 	Valid F1-score      : 0.3433

Epoch : 88
Train Loss     : 1.9728	 | 	Train Accuracy     : 0.4844
Valid Loss     : 2.1210	 | 	Valid Accuracy     : 0.4036 | 	Valid F1-score      : 0.3567

Epoch : 89
Train Loss     : 1.9738	 | 	Train Accuracy     : 0.4798
Valid Loss     : 2.1101	 | 	Valid Accuracy     : 0.4066 | 	Valid F1-score      : 0.3631

Epoch : 90
Train Loss     : 1.9624	 | 	Train Accuracy     : 0.4759
Valid Loss     : 2.0903	 | 	Valid Accuracy     : 0.4179 | 	Valid F1-score      : 0.3985

Epoch : 91
Train Loss     : 1.9645	 | 	Train Accuracy     : 0.4798
Valid Loss     : 2.1153	 | 	Valid Accuracy     : 0.3844 | 	Valid F1-score      : 0.3520

Epoch : 92
Train Loss     : 1.9743	 | 	Train Accuracy     : 0.4688
Valid Loss     : 2.1058	 | 	Valid Accuracy     : 0.3958 | 	Valid F1-score      : 0.3439

Epoch : 93
Train Loss     : 1.9316	 | 	Train Accuracy     : 0.4896
Valid Loss     : 2.1145	 | 	Valid Accuracy     : 0.3694 | 	Valid F1-score      : 0.3325

Epoch : 94
Train Loss     : 1.9426	 | 	Train Accuracy     : 0.4811
Valid Loss     : 2.0735	 | 	Valid Accuracy     : 0.4029 | 	Valid F1-score      : 0.3466

Epoch : 95
Train Loss     : 1.9456	 | 	Train Accuracy     : 0.4681
Valid Loss     : 2.1012	 | 	Valid Accuracy     : 0.4029 | 	Valid F1-score      : 0.3582

Epoch : 96
Train Loss     : 1.9397	 | 	Train Accuracy     : 0.4759
Valid Loss     : 2.0816	 | 	Valid Accuracy     : 0.4220 | 	Valid F1-score      : 0.3667

Epoch : 97
Train Loss     : 1.9182	 | 	Train Accuracy     : 0.4772
Valid Loss     : 2.0877	 | 	Valid Accuracy     : 0.3951 | 	Valid F1-score      : 0.3212

Epoch : 98
Train Loss     : 1.9225	 | 	Train Accuracy     : 0.4805
Valid Loss     : 2.0894	 | 	Valid Accuracy     : 0.4032 | 	Valid F1-score      : 0.3812

Epoch : 99
Train Loss     : 1.9017	 | 	Train Accuracy     : 0.5033
Valid Loss     : 2.0636	 | 	Valid Accuracy     : 0.4261 | 	Valid F1-score      : 0.4047

Epoch : 100
Train Loss     : 1.9184	 | 	Train Accuracy     : 0.4694
Valid Loss     : 2.0666	 | 	Valid Accuracy     : 0.4303 | 	Valid F1-score      : 0.4050

Evaluate on the Test set:
Test loss      :2.0686	 | Test Accuracy      : 0.4186	 | Test F1-score      : 0.3692

################## Training is Done! #########################
Training time is : 0:00:14.739235
