=============================================
Dataset: casas
Method:  Novel Human Activity
Mode:    fine_tune
=============================================
Data loaded ...
Training started ....

Epoch : 1
Train Loss     : 2.6981	 | 	Train Accuracy     : 0.0781
Valid Loss     : 2.6301	 | 	Valid Accuracy     : 0.1048 | 	Valid F1-score      : 0.0518

Epoch : 2
Train Loss     : 2.5594	 | 	Train Accuracy     : 0.1510
Valid Loss     : 2.5215	 | 	Valid Accuracy     : 0.2481 | 	Valid F1-score      : 0.1728

Epoch : 3
Train Loss     : 2.4373	 | 	Train Accuracy     : 0.3249
Valid Loss     : 2.4081	 | 	Valid Accuracy     : 0.3761 | 	Valid F1-score      : 0.2990

Epoch : 4
Train Loss     : 2.3132	 | 	Train Accuracy     : 0.5234
Valid Loss     : 2.2704	 | 	Valid Accuracy     : 0.5072 | 	Valid F1-score      : 0.4157

Epoch : 5
Train Loss     : 2.1823	 | 	Train Accuracy     : 0.6647
Valid Loss     : 2.1558	 | 	Valid Accuracy     : 0.5932 | 	Valid F1-score      : 0.5229

Epoch : 6
Train Loss     : 2.0570	 | 	Train Accuracy     : 0.7240
Valid Loss     : 2.0567	 | 	Valid Accuracy     : 0.6593 | 	Valid F1-score      : 0.5790

Epoch : 7
Train Loss     : 1.9373	 | 	Train Accuracy     : 0.7591
Valid Loss     : 1.9423	 | 	Valid Accuracy     : 0.6862 | 	Valid F1-score      : 0.6438

Epoch : 8
Train Loss     : 1.8216	 | 	Train Accuracy     : 0.7962
Valid Loss     : 1.8464	 | 	Valid Accuracy     : 0.7248 | 	Valid F1-score      : 0.6620

Epoch : 9
Train Loss     : 1.7276	 | 	Train Accuracy     : 0.8086
Valid Loss     : 1.7384	 | 	Valid Accuracy     : 0.7287 | 	Valid F1-score      : 0.6487

Epoch : 10
Train Loss     : 1.6339	 | 	Train Accuracy     : 0.8268
Valid Loss     : 1.6537	 | 	Valid Accuracy     : 0.7441 | 	Valid F1-score      : 0.6957

Epoch : 11
Train Loss     : 1.5491	 | 	Train Accuracy     : 0.8359
Valid Loss     : 1.6014	 | 	Valid Accuracy     : 0.7446 | 	Valid F1-score      : 0.6932

Epoch : 12
Train Loss     : 1.4717	 | 	Train Accuracy     : 0.8385
Valid Loss     : 1.5252	 | 	Valid Accuracy     : 0.7629 | 	Valid F1-score      : 0.7337

Epoch : 13
Train Loss     : 1.3905	 | 	Train Accuracy     : 0.8783
Valid Loss     : 1.4880	 | 	Valid Accuracy     : 0.7751 | 	Valid F1-score      : 0.7213

Epoch : 14
Train Loss     : 1.3086	 | 	Train Accuracy     : 0.8913
Valid Loss     : 1.4148	 | 	Valid Accuracy     : 0.8066 | 	Valid F1-score      : 0.7466

Epoch : 15
Train Loss     : 1.2533	 | 	Train Accuracy     : 0.8971
Valid Loss     : 1.3796	 | 	Valid Accuracy     : 0.8061 | 	Valid F1-score      : 0.7560

Epoch : 16
Train Loss     : 1.2000	 | 	Train Accuracy     : 0.9193
Valid Loss     : 1.3163	 | 	Valid Accuracy     : 0.8178 | 	Valid F1-score      : 0.7754

Epoch : 17
Train Loss     : 1.1670	 | 	Train Accuracy     : 0.9147
Valid Loss     : 1.2850	 | 	Valid Accuracy     : 0.7756 | 	Valid F1-score      : 0.7403

Epoch : 18
Train Loss     : 1.0878	 | 	Train Accuracy     : 0.9186
Valid Loss     : 1.2268	 | 	Valid Accuracy     : 0.8103 | 	Valid F1-score      : 0.7748

Epoch : 19
Train Loss     : 1.0332	 | 	Train Accuracy     : 0.9329
Valid Loss     : 1.2126	 | 	Valid Accuracy     : 0.8142 | 	Valid F1-score      : 0.7847

Epoch : 20
Train Loss     : 0.9757	 | 	Train Accuracy     : 0.9499
Valid Loss     : 1.1597	 | 	Valid Accuracy     : 0.7949 | 	Valid F1-score      : 0.7685

Epoch : 21
Train Loss     : 0.9445	 | 	Train Accuracy     : 0.9499
Valid Loss     : 1.1375	 | 	Valid Accuracy     : 0.8330 | 	Valid F1-score      : 0.8156

Epoch : 22
Train Loss     : 0.8910	 | 	Train Accuracy     : 0.9603
Valid Loss     : 1.0859	 | 	Valid Accuracy     : 0.8330 | 	Valid F1-score      : 0.7980

Epoch : 23
Train Loss     : 0.8527	 | 	Train Accuracy     : 0.9714
Valid Loss     : 1.0560	 | 	Valid Accuracy     : 0.8447 | 	Valid F1-score      : 0.8209

Epoch : 24
Train Loss     : 0.8095	 | 	Train Accuracy     : 0.9753
Valid Loss     : 1.0470	 | 	Valid Accuracy     : 0.8256 | 	Valid F1-score      : 0.8218

Epoch : 25
Train Loss     : 0.7807	 | 	Train Accuracy     : 0.9785
Valid Loss     : 1.0046	 | 	Valid Accuracy     : 0.8408 | 	Valid F1-score      : 0.7903

Epoch : 26
Train Loss     : 0.7345	 | 	Train Accuracy     : 0.9792
Valid Loss     : 1.0118	 | 	Valid Accuracy     : 0.8107 | 	Valid F1-score      : 0.7655

Epoch : 27
Train Loss     : 0.7045	 | 	Train Accuracy     : 0.9902
Valid Loss     : 0.9521	 | 	Valid Accuracy     : 0.8449 | 	Valid F1-score      : 0.8253

Epoch : 28
Train Loss     : 0.6727	 | 	Train Accuracy     : 0.9824
Valid Loss     : 0.9413	 | 	Valid Accuracy     : 0.8335 | 	Valid F1-score      : 0.7979

Epoch : 29
Train Loss     : 0.6596	 | 	Train Accuracy     : 0.9740
Valid Loss     : 0.9128	 | 	Valid Accuracy     : 0.8527 | 	Valid F1-score      : 0.8306

Epoch : 30
Train Loss     : 0.6269	 | 	Train Accuracy     : 0.9902
Valid Loss     : 0.8984	 | 	Valid Accuracy     : 0.8374 | 	Valid F1-score      : 0.8029

Epoch : 31
Train Loss     : 0.5963	 | 	Train Accuracy     : 0.9844
Valid Loss     : 0.8659	 | 	Valid Accuracy     : 0.8488 | 	Valid F1-score      : 0.8122

Epoch : 32
Train Loss     : 0.5664	 | 	Train Accuracy     : 0.9941
Valid Loss     : 0.8670	 | 	Valid Accuracy     : 0.8523 | 	Valid F1-score      : 0.8335

Epoch : 33
Train Loss     : 0.5397	 | 	Train Accuracy     : 0.9870
Valid Loss     : 0.8367	 | 	Valid Accuracy     : 0.8408 | 	Valid F1-score      : 0.8101

Epoch : 34
Train Loss     : 0.5189	 | 	Train Accuracy     : 0.9863
Valid Loss     : 0.8100	 | 	Valid Accuracy     : 0.8642 | 	Valid F1-score      : 0.8294

Epoch : 35
Train Loss     : 0.4982	 | 	Train Accuracy     : 0.9941
Valid Loss     : 0.8197	 | 	Valid Accuracy     : 0.8337 | 	Valid F1-score      : 0.8103

Epoch : 36
Train Loss     : 0.4698	 | 	Train Accuracy     : 0.9961
Valid Loss     : 0.7984	 | 	Valid Accuracy     : 0.8562 | 	Valid F1-score      : 0.8381

Epoch : 37
Train Loss     : 0.4562	 | 	Train Accuracy     : 0.9909
Valid Loss     : 0.7885	 | 	Valid Accuracy     : 0.8410 | 	Valid F1-score      : 0.7931

Epoch : 38
Train Loss     : 0.4384	 | 	Train Accuracy     : 0.9961
Valid Loss     : 0.7740	 | 	Valid Accuracy     : 0.8330 | 	Valid F1-score      : 0.8002

Epoch : 39
Train Loss     : 0.4200	 | 	Train Accuracy     : 0.9961
Valid Loss     : 0.7537	 | 	Valid Accuracy     : 0.8295 | 	Valid F1-score      : 0.7937

Epoch : 40
Train Loss     : 0.4005	 | 	Train Accuracy     : 0.9961
Valid Loss     : 0.7791	 | 	Valid Accuracy     : 0.8224 | 	Valid F1-score      : 0.7927

Epoch : 41
Train Loss     : 0.3972	 | 	Train Accuracy     : 0.9961
Valid Loss     : 0.7716	 | 	Valid Accuracy     : 0.8293 | 	Valid F1-score      : 0.8061

Epoch : 42
Train Loss     : 0.3819	 | 	Train Accuracy     : 0.9941
Valid Loss     : 0.7589	 | 	Valid Accuracy     : 0.8220 | 	Valid F1-score      : 0.7984

Epoch : 43
Train Loss     : 0.3572	 | 	Train Accuracy     : 1.0000
Valid Loss     : 0.7680	 | 	Valid Accuracy     : 0.8066 | 	Valid F1-score      : 0.7696

Epoch : 44
Train Loss     : 0.3427	 | 	Train Accuracy     : 1.0000
Valid Loss     : 0.7490	 | 	Valid Accuracy     : 0.8449 | 	Valid F1-score      : 0.8336

Epoch : 45
Train Loss     : 0.3312	 | 	Train Accuracy     : 0.9980
Valid Loss     : 0.7192	 | 	Valid Accuracy     : 0.8261 | 	Valid F1-score      : 0.8065

Epoch : 46
Train Loss     : 0.3138	 | 	Train Accuracy     : 1.0000
Valid Loss     : 0.6885	 | 	Valid Accuracy     : 0.8525 | 	Valid F1-score      : 0.8270

Epoch : 47
Train Loss     : 0.3004	 | 	Train Accuracy     : 1.0000
Valid Loss     : 0.7263	 | 	Valid Accuracy     : 0.8181 | 	Valid F1-score      : 0.7746

Epoch : 48
Train Loss     : 0.2947	 | 	Train Accuracy     : 1.0000
Valid Loss     : 0.6922	 | 	Valid Accuracy     : 0.8293 | 	Valid F1-score      : 0.8033

Epoch : 49
Train Loss     : 0.2850	 | 	Train Accuracy     : 1.0000
Valid Loss     : 0.6876	 | 	Valid Accuracy     : 0.8298 | 	Valid F1-score      : 0.8093

Epoch : 50
Train Loss     : 0.2677	 | 	Train Accuracy     : 1.0000
Valid Loss     : 0.6969	 | 	Valid Accuracy     : 0.8337 | 	Valid F1-score      : 0.7828

Epoch : 51
Train Loss     : 0.2624	 | 	Train Accuracy     : 0.9980
Valid Loss     : 0.6710	 | 	Valid Accuracy     : 0.8222 | 	Valid F1-score      : 0.7787

Epoch : 52
Train Loss     : 0.2568	 | 	Train Accuracy     : 0.9980
Valid Loss     : 0.6450	 | 	Valid Accuracy     : 0.8406 | 	Valid F1-score      : 0.7962

Epoch : 53
Train Loss     : 0.2409	 | 	Train Accuracy     : 0.9961
Valid Loss     : 0.7003	 | 	Valid Accuracy     : 0.8146 | 	Valid F1-score      : 0.7934

Epoch : 54
Train Loss     : 0.2336	 | 	Train Accuracy     : 1.0000
Valid Loss     : 0.6570	 | 	Valid Accuracy     : 0.8449 | 	Valid F1-score      : 0.8272

Epoch : 55
Train Loss     : 0.2231	 | 	Train Accuracy     : 1.0000
Valid Loss     : 0.6283	 | 	Valid Accuracy     : 0.8523 | 	Valid F1-score      : 0.8242

Epoch : 56
Train Loss     : 0.2141	 | 	Train Accuracy     : 1.0000
Valid Loss     : 0.6428	 | 	Valid Accuracy     : 0.8215 | 	Valid F1-score      : 0.7995

Epoch : 57
Train Loss     : 0.2126	 | 	Train Accuracy     : 1.0000
Valid Loss     : 0.6279	 | 	Valid Accuracy     : 0.8525 | 	Valid F1-score      : 0.8201

Epoch : 58
Train Loss     : 0.1995	 | 	Train Accuracy     : 1.0000
Valid Loss     : 0.6272	 | 	Valid Accuracy     : 0.8486 | 	Valid F1-score      : 0.8359

Epoch : 59
Train Loss     : 0.1942	 | 	Train Accuracy     : 1.0000
Valid Loss     : 0.6548	 | 	Valid Accuracy     : 0.8339 | 	Valid F1-score      : 0.8128

Epoch : 60
Train Loss     : 0.1844	 | 	Train Accuracy     : 1.0000
Valid Loss     : 0.6162	 | 	Valid Accuracy     : 0.8332 | 	Valid F1-score      : 0.7965

Epoch : 61
Train Loss     : 0.1770	 | 	Train Accuracy     : 1.0000
Valid Loss     : 0.6420	 | 	Valid Accuracy     : 0.8298 | 	Valid F1-score      : 0.8148

Epoch : 62
Train Loss     : 0.1718	 | 	Train Accuracy     : 1.0000
Valid Loss     : 0.6315	 | 	Valid Accuracy     : 0.8369 | 	Valid F1-score      : 0.7986

Epoch : 63
Train Loss     : 0.1659	 | 	Train Accuracy     : 1.0000
Valid Loss     : 0.6262	 | 	Valid Accuracy     : 0.8410 | 	Valid F1-score      : 0.8133

Epoch : 64
Train Loss     : 0.1610	 | 	Train Accuracy     : 1.0000
Valid Loss     : 0.6453	 | 	Valid Accuracy     : 0.8303 | 	Valid F1-score      : 0.8077

Epoch : 65
Train Loss     : 0.1580	 | 	Train Accuracy     : 1.0000
Valid Loss     : 0.6410	 | 	Valid Accuracy     : 0.8339 | 	Valid F1-score      : 0.8030

Epoch : 66
Train Loss     : 0.1538	 | 	Train Accuracy     : 1.0000
Valid Loss     : 0.6204	 | 	Valid Accuracy     : 0.8371 | 	Valid F1-score      : 0.7921

Epoch : 67
Train Loss     : 0.1446	 | 	Train Accuracy     : 1.0000
Valid Loss     : 0.6774	 | 	Valid Accuracy     : 0.8024 | 	Valid F1-score      : 0.7852

Epoch : 68
Train Loss     : 0.1432	 | 	Train Accuracy     : 1.0000
Valid Loss     : 0.6399	 | 	Valid Accuracy     : 0.8227 | 	Valid F1-score      : 0.7872

Epoch : 69
Train Loss     : 0.1396	 | 	Train Accuracy     : 1.0000
Valid Loss     : 0.6211	 | 	Valid Accuracy     : 0.8376 | 	Valid F1-score      : 0.8280

Epoch : 70
Train Loss     : 0.1308	 | 	Train Accuracy     : 1.0000
Valid Loss     : 0.5791	 | 	Valid Accuracy     : 0.8481 | 	Valid F1-score      : 0.8149

Epoch : 71
Train Loss     : 0.1270	 | 	Train Accuracy     : 1.0000
Valid Loss     : 0.6110	 | 	Valid Accuracy     : 0.8413 | 	Valid F1-score      : 0.8088

Epoch : 72
Train Loss     : 0.1221	 | 	Train Accuracy     : 1.0000
Valid Loss     : 0.6002	 | 	Valid Accuracy     : 0.8335 | 	Valid F1-score      : 0.8064

Epoch : 73
Train Loss     : 0.1190	 | 	Train Accuracy     : 1.0000
Valid Loss     : 0.5903	 | 	Valid Accuracy     : 0.8525 | 	Valid F1-score      : 0.8278

Epoch : 74
Train Loss     : 0.1139	 | 	Train Accuracy     : 1.0000
Valid Loss     : 0.5925	 | 	Valid Accuracy     : 0.8410 | 	Valid F1-score      : 0.8186

Epoch : 75
Train Loss     : 0.1127	 | 	Train Accuracy     : 1.0000
Valid Loss     : 0.5895	 | 	Valid Accuracy     : 0.8447 | 	Valid F1-score      : 0.7911

Epoch : 76
Train Loss     : 0.1083	 | 	Train Accuracy     : 1.0000
Valid Loss     : 0.6241	 | 	Valid Accuracy     : 0.8300 | 	Valid F1-score      : 0.8121

Epoch : 77
Train Loss     : 0.1054	 | 	Train Accuracy     : 1.0000
Valid Loss     : 0.6325	 | 	Valid Accuracy     : 0.8144 | 	Valid F1-score      : 0.7988

Epoch : 78
Train Loss     : 0.1015	 | 	Train Accuracy     : 1.0000
Valid Loss     : 0.5761	 | 	Valid Accuracy     : 0.8442 | 	Valid F1-score      : 0.8157

Epoch : 79
Train Loss     : 0.0974	 | 	Train Accuracy     : 1.0000
Valid Loss     : 0.5761	 | 	Valid Accuracy     : 0.8288 | 	Valid F1-score      : 0.8068

Epoch : 80
Train Loss     : 0.0959	 | 	Train Accuracy     : 1.0000
Valid Loss     : 0.5755	 | 	Valid Accuracy     : 0.8481 | 	Valid F1-score      : 0.8305

Epoch : 81
Train Loss     : 0.0949	 | 	Train Accuracy     : 1.0000
Valid Loss     : 0.6286	 | 	Valid Accuracy     : 0.8305 | 	Valid F1-score      : 0.8062

Epoch : 82
Train Loss     : 0.0922	 | 	Train Accuracy     : 1.0000
Valid Loss     : 0.5972	 | 	Valid Accuracy     : 0.8447 | 	Valid F1-score      : 0.8189

Epoch : 83
Train Loss     : 0.0883	 | 	Train Accuracy     : 1.0000
Valid Loss     : 0.5853	 | 	Valid Accuracy     : 0.8406 | 	Valid F1-score      : 0.8102

Epoch : 84
Train Loss     : 0.0856	 | 	Train Accuracy     : 1.0000
Valid Loss     : 0.6004	 | 	Valid Accuracy     : 0.8406 | 	Valid F1-score      : 0.8189

Epoch : 85
Train Loss     : 0.0838	 | 	Train Accuracy     : 1.0000
Valid Loss     : 0.5714	 | 	Valid Accuracy     : 0.8442 | 	Valid F1-score      : 0.8421

Epoch : 86
Train Loss     : 0.0792	 | 	Train Accuracy     : 1.0000
Valid Loss     : 0.6141	 | 	Valid Accuracy     : 0.8144 | 	Valid F1-score      : 0.7962

Epoch : 87
Train Loss     : 0.0809	 | 	Train Accuracy     : 1.0000
Valid Loss     : 0.5977	 | 	Valid Accuracy     : 0.8449 | 	Valid F1-score      : 0.8158

Epoch : 88
Train Loss     : 0.0750	 | 	Train Accuracy     : 1.0000
Valid Loss     : 0.6268	 | 	Valid Accuracy     : 0.8374 | 	Valid F1-score      : 0.8052

Epoch : 89
Train Loss     : 0.0736	 | 	Train Accuracy     : 1.0000
Valid Loss     : 0.5829	 | 	Valid Accuracy     : 0.8369 | 	Valid F1-score      : 0.8214

Epoch : 90
Train Loss     : 0.0716	 | 	Train Accuracy     : 1.0000
Valid Loss     : 0.6114	 | 	Valid Accuracy     : 0.8178 | 	Valid F1-score      : 0.7894

Epoch : 91
Train Loss     : 0.0733	 | 	Train Accuracy     : 0.9980
Valid Loss     : 0.6396	 | 	Valid Accuracy     : 0.8185 | 	Valid F1-score      : 0.7789

Epoch : 92
Train Loss     : 0.0744	 | 	Train Accuracy     : 1.0000
Valid Loss     : 0.6330	 | 	Valid Accuracy     : 0.8100 | 	Valid F1-score      : 0.7522

Epoch : 93
Train Loss     : 0.0696	 | 	Train Accuracy     : 0.9961
Valid Loss     : 0.6567	 | 	Valid Accuracy     : 0.8139 | 	Valid F1-score      : 0.7667

Epoch : 94
Train Loss     : 0.0720	 | 	Train Accuracy     : 0.9980
Valid Loss     : 0.6437	 | 	Valid Accuracy     : 0.8185 | 	Valid F1-score      : 0.8014

Epoch : 95
Train Loss     : 0.0678	 | 	Train Accuracy     : 1.0000
Valid Loss     : 0.5975	 | 	Valid Accuracy     : 0.8374 | 	Valid F1-score      : 0.7813

Epoch : 96
Train Loss     : 0.0601	 | 	Train Accuracy     : 1.0000
Valid Loss     : 0.6143	 | 	Valid Accuracy     : 0.8293 | 	Valid F1-score      : 0.7799

Epoch : 97
Train Loss     : 0.0584	 | 	Train Accuracy     : 1.0000
Valid Loss     : 0.5862	 | 	Valid Accuracy     : 0.8371 | 	Valid F1-score      : 0.7686

Epoch : 98
Train Loss     : 0.0574	 | 	Train Accuracy     : 1.0000
Valid Loss     : 0.5705	 | 	Valid Accuracy     : 0.8445 | 	Valid F1-score      : 0.8296

Epoch : 99
Train Loss     : 0.0546	 | 	Train Accuracy     : 1.0000
Valid Loss     : 0.6066	 | 	Valid Accuracy     : 0.8452 | 	Valid F1-score      : 0.8417

Epoch : 100
Train Loss     : 0.0543	 | 	Train Accuracy     : 1.0000
Valid Loss     : 0.6125	 | 	Valid Accuracy     : 0.8300 | 	Valid F1-score      : 0.8308

Evaluate on the Test set:
Test loss      :0.6028	 | Test Accuracy      : 0.8371	 | Test F1-score      : 0.7953

################## Training is Done! #########################
Training time is : 0:00:25.576337
