=============================================
Dataset: casas
Method:  Novel Human Activity
Mode:    fine_tune
=============================================
Data loaded ...
Training started ....

Epoch : 1
Train Loss     : 2.6963	 | 	Train Accuracy     : 0.0762
Valid Loss     : 2.6260	 | 	Valid Accuracy     : 0.1048 | 	Valid F1-score      : 0.0537

Epoch : 2
Train Loss     : 2.5559	 | 	Train Accuracy     : 0.1491
Valid Loss     : 2.5151	 | 	Valid Accuracy     : 0.2210 | 	Valid F1-score      : 0.1492

Epoch : 3
Train Loss     : 2.4344	 | 	Train Accuracy     : 0.3470
Valid Loss     : 2.4007	 | 	Valid Accuracy     : 0.3993 | 	Valid F1-score      : 0.3261

Epoch : 4
Train Loss     : 2.3076	 | 	Train Accuracy     : 0.5690
Valid Loss     : 2.2642	 | 	Valid Accuracy     : 0.5304 | 	Valid F1-score      : 0.4364

Epoch : 5
Train Loss     : 2.1741	 | 	Train Accuracy     : 0.6803
Valid Loss     : 2.1458	 | 	Valid Accuracy     : 0.6432 | 	Valid F1-score      : 0.5623

Epoch : 6
Train Loss     : 2.0508	 | 	Train Accuracy     : 0.7298
Valid Loss     : 2.0489	 | 	Valid Accuracy     : 0.6671 | 	Valid F1-score      : 0.5764

Epoch : 7
Train Loss     : 1.9307	 | 	Train Accuracy     : 0.7630
Valid Loss     : 1.9308	 | 	Valid Accuracy     : 0.7016 | 	Valid F1-score      : 0.6608

Epoch : 8
Train Loss     : 1.8145	 | 	Train Accuracy     : 0.7923
Valid Loss     : 1.8333	 | 	Valid Accuracy     : 0.7328 | 	Valid F1-score      : 0.6708

Epoch : 9
Train Loss     : 1.7199	 | 	Train Accuracy     : 0.8047
Valid Loss     : 1.7279	 | 	Valid Accuracy     : 0.7519 | 	Valid F1-score      : 0.6781

Epoch : 10
Train Loss     : 1.6292	 | 	Train Accuracy     : 0.8236
Valid Loss     : 1.6431	 | 	Valid Accuracy     : 0.7595 | 	Valid F1-score      : 0.7088

Epoch : 11
Train Loss     : 1.5406	 | 	Train Accuracy     : 0.8431
Valid Loss     : 1.5834	 | 	Valid Accuracy     : 0.7678 | 	Valid F1-score      : 0.7144

Epoch : 12
Train Loss     : 1.4620	 | 	Train Accuracy     : 0.8509
Valid Loss     : 1.5113	 | 	Valid Accuracy     : 0.7902 | 	Valid F1-score      : 0.7608

Epoch : 13
Train Loss     : 1.3780	 | 	Train Accuracy     : 0.8743
Valid Loss     : 1.4734	 | 	Valid Accuracy     : 0.7792 | 	Valid F1-score      : 0.7231

Epoch : 14
Train Loss     : 1.2971	 | 	Train Accuracy     : 0.9089
Valid Loss     : 1.3955	 | 	Valid Accuracy     : 0.8066 | 	Valid F1-score      : 0.7373

Epoch : 15
Train Loss     : 1.2401	 | 	Train Accuracy     : 0.8991
Valid Loss     : 1.3612	 | 	Valid Accuracy     : 0.8139 | 	Valid F1-score      : 0.7624

Epoch : 16
Train Loss     : 1.1880	 | 	Train Accuracy     : 0.9212
Valid Loss     : 1.2995	 | 	Valid Accuracy     : 0.8256 | 	Valid F1-score      : 0.8052

Epoch : 17
Train Loss     : 1.1526	 | 	Train Accuracy     : 0.9186
Valid Loss     : 1.2624	 | 	Valid Accuracy     : 0.8217 | 	Valid F1-score      : 0.7930

Epoch : 18
Train Loss     : 1.0778	 | 	Train Accuracy     : 0.9167
Valid Loss     : 1.2070	 | 	Valid Accuracy     : 0.8217 | 	Valid F1-score      : 0.7796

Epoch : 19
Train Loss     : 1.0192	 | 	Train Accuracy     : 0.9408
Valid Loss     : 1.1904	 | 	Valid Accuracy     : 0.8027 | 	Valid F1-score      : 0.7682

Epoch : 20
Train Loss     : 0.9667	 | 	Train Accuracy     : 0.9499
Valid Loss     : 1.1400	 | 	Valid Accuracy     : 0.8295 | 	Valid F1-score      : 0.7982

Epoch : 21
Train Loss     : 0.9305	 | 	Train Accuracy     : 0.9538
Valid Loss     : 1.1086	 | 	Valid Accuracy     : 0.8293 | 	Valid F1-score      : 0.8142

Epoch : 22
Train Loss     : 0.8770	 | 	Train Accuracy     : 0.9648
Valid Loss     : 1.0708	 | 	Valid Accuracy     : 0.8327 | 	Valid F1-score      : 0.8112

Epoch : 23
Train Loss     : 0.8379	 | 	Train Accuracy     : 0.9772
Valid Loss     : 1.0459	 | 	Valid Accuracy     : 0.8254 | 	Valid F1-score      : 0.7927

Epoch : 24
Train Loss     : 0.7973	 | 	Train Accuracy     : 0.9753
Valid Loss     : 1.0305	 | 	Valid Accuracy     : 0.8369 | 	Valid F1-score      : 0.8318

Epoch : 25
Train Loss     : 0.7690	 | 	Train Accuracy     : 0.9766
Valid Loss     : 0.9824	 | 	Valid Accuracy     : 0.8406 | 	Valid F1-score      : 0.7880

Epoch : 26
Train Loss     : 0.7241	 | 	Train Accuracy     : 0.9635
Valid Loss     : 0.9890	 | 	Valid Accuracy     : 0.8183 | 	Valid F1-score      : 0.7796

Epoch : 27
Train Loss     : 0.6919	 | 	Train Accuracy     : 0.9883
Valid Loss     : 0.9412	 | 	Valid Accuracy     : 0.8364 | 	Valid F1-score      : 0.8258

Epoch : 28
Train Loss     : 0.6623	 | 	Train Accuracy     : 0.9870
Valid Loss     : 0.9178	 | 	Valid Accuracy     : 0.8288 | 	Valid F1-score      : 0.8047

Epoch : 29
Train Loss     : 0.6419	 | 	Train Accuracy     : 0.9818
Valid Loss     : 0.8955	 | 	Valid Accuracy     : 0.8410 | 	Valid F1-score      : 0.8203

Epoch : 30
Train Loss     : 0.6102	 | 	Train Accuracy     : 0.9883
Valid Loss     : 0.8787	 | 	Valid Accuracy     : 0.8371 | 	Valid F1-score      : 0.8100

Epoch : 31
Train Loss     : 0.5758	 | 	Train Accuracy     : 0.9961
Valid Loss     : 0.8520	 | 	Valid Accuracy     : 0.8408 | 	Valid F1-score      : 0.8087

Epoch : 32
Train Loss     : 0.5467	 | 	Train Accuracy     : 0.9909
Valid Loss     : 0.8474	 | 	Valid Accuracy     : 0.8252 | 	Valid F1-score      : 0.8082

Epoch : 33
Train Loss     : 0.5276	 | 	Train Accuracy     : 0.9870
Valid Loss     : 0.8312	 | 	Valid Accuracy     : 0.8254 | 	Valid F1-score      : 0.7970

Epoch : 34
Train Loss     : 0.4996	 | 	Train Accuracy     : 0.9902
Valid Loss     : 0.8131	 | 	Valid Accuracy     : 0.8449 | 	Valid F1-score      : 0.7941

Epoch : 35
Train Loss     : 0.4805	 | 	Train Accuracy     : 0.9980
Valid Loss     : 0.8151	 | 	Valid Accuracy     : 0.8217 | 	Valid F1-score      : 0.7900

Epoch : 36
Train Loss     : 0.4533	 | 	Train Accuracy     : 0.9980
Valid Loss     : 0.7859	 | 	Valid Accuracy     : 0.8447 | 	Valid F1-score      : 0.8143

Epoch : 37
Train Loss     : 0.4446	 | 	Train Accuracy     : 0.9909
Valid Loss     : 0.7730	 | 	Valid Accuracy     : 0.8488 | 	Valid F1-score      : 0.8070

Epoch : 38
Train Loss     : 0.4212	 | 	Train Accuracy     : 0.9980
Valid Loss     : 0.7673	 | 	Valid Accuracy     : 0.8291 | 	Valid F1-score      : 0.8036

Epoch : 39
Train Loss     : 0.4014	 | 	Train Accuracy     : 0.9980
Valid Loss     : 0.7536	 | 	Valid Accuracy     : 0.8335 | 	Valid F1-score      : 0.7982

Epoch : 40
Train Loss     : 0.3831	 | 	Train Accuracy     : 0.9980
Valid Loss     : 0.7641	 | 	Valid Accuracy     : 0.8256 | 	Valid F1-score      : 0.8012

Epoch : 41
Train Loss     : 0.3787	 | 	Train Accuracy     : 0.9980
Valid Loss     : 0.7642	 | 	Valid Accuracy     : 0.8295 | 	Valid F1-score      : 0.8056

Epoch : 42
Train Loss     : 0.3646	 | 	Train Accuracy     : 0.9961
Valid Loss     : 0.7476	 | 	Valid Accuracy     : 0.8178 | 	Valid F1-score      : 0.7880

Epoch : 43
Train Loss     : 0.3422	 | 	Train Accuracy     : 0.9980
Valid Loss     : 0.7540	 | 	Valid Accuracy     : 0.8181 | 	Valid F1-score      : 0.8032

Epoch : 44
Train Loss     : 0.3282	 | 	Train Accuracy     : 1.0000
Valid Loss     : 0.7363	 | 	Valid Accuracy     : 0.8217 | 	Valid F1-score      : 0.8129

Epoch : 45
Train Loss     : 0.3167	 | 	Train Accuracy     : 1.0000
Valid Loss     : 0.7218	 | 	Valid Accuracy     : 0.8259 | 	Valid F1-score      : 0.8058

Epoch : 46
Train Loss     : 0.3016	 | 	Train Accuracy     : 1.0000
Valid Loss     : 0.6845	 | 	Valid Accuracy     : 0.8366 | 	Valid F1-score      : 0.8293

Epoch : 47
Train Loss     : 0.2885	 | 	Train Accuracy     : 1.0000
Valid Loss     : 0.7213	 | 	Valid Accuracy     : 0.8183 | 	Valid F1-score      : 0.7733

Epoch : 48
Train Loss     : 0.2791	 | 	Train Accuracy     : 1.0000
Valid Loss     : 0.6919	 | 	Valid Accuracy     : 0.8213 | 	Valid F1-score      : 0.7967

Epoch : 49
Train Loss     : 0.2694	 | 	Train Accuracy     : 1.0000
Valid Loss     : 0.7082	 | 	Valid Accuracy     : 0.8335 | 	Valid F1-score      : 0.8038

Epoch : 50
Train Loss     : 0.2569	 | 	Train Accuracy     : 1.0000
Valid Loss     : 0.7109	 | 	Valid Accuracy     : 0.8222 | 	Valid F1-score      : 0.7853

Epoch : 51
Train Loss     : 0.2503	 | 	Train Accuracy     : 1.0000
Valid Loss     : 0.6894	 | 	Valid Accuracy     : 0.8298 | 	Valid F1-score      : 0.7921

Epoch : 52
Train Loss     : 0.2442	 | 	Train Accuracy     : 1.0000
Valid Loss     : 0.6554	 | 	Valid Accuracy     : 0.8486 | 	Valid F1-score      : 0.7999

Epoch : 53
Train Loss     : 0.2306	 | 	Train Accuracy     : 1.0000
Valid Loss     : 0.6945	 | 	Valid Accuracy     : 0.8300 | 	Valid F1-score      : 0.7988

Epoch : 54
Train Loss     : 0.2298	 | 	Train Accuracy     : 1.0000
Valid Loss     : 0.6594	 | 	Valid Accuracy     : 0.8335 | 	Valid F1-score      : 0.8104

Epoch : 55
Train Loss     : 0.2188	 | 	Train Accuracy     : 1.0000
Valid Loss     : 0.6411	 | 	Valid Accuracy     : 0.8447 | 	Valid F1-score      : 0.7927

Epoch : 56
Train Loss     : 0.2096	 | 	Train Accuracy     : 1.0000
Valid Loss     : 0.6598	 | 	Valid Accuracy     : 0.8406 | 	Valid F1-score      : 0.8193

Epoch : 57
Train Loss     : 0.2055	 | 	Train Accuracy     : 1.0000
Valid Loss     : 0.6359	 | 	Valid Accuracy     : 0.8335 | 	Valid F1-score      : 0.8050

Epoch : 58
Train Loss     : 0.1944	 | 	Train Accuracy     : 1.0000
Valid Loss     : 0.6216	 | 	Valid Accuracy     : 0.8293 | 	Valid F1-score      : 0.8100

Epoch : 59
Train Loss     : 0.1876	 | 	Train Accuracy     : 1.0000
Valid Loss     : 0.6730	 | 	Valid Accuracy     : 0.8300 | 	Valid F1-score      : 0.8036

Epoch : 60
Train Loss     : 0.1790	 | 	Train Accuracy     : 1.0000
Valid Loss     : 0.6373	 | 	Valid Accuracy     : 0.8410 | 	Valid F1-score      : 0.8085

Epoch : 61
Train Loss     : 0.1721	 | 	Train Accuracy     : 1.0000
Valid Loss     : 0.6530	 | 	Valid Accuracy     : 0.8376 | 	Valid F1-score      : 0.8125

Epoch : 62
Train Loss     : 0.1671	 | 	Train Accuracy     : 1.0000
Valid Loss     : 0.6171	 | 	Valid Accuracy     : 0.8525 | 	Valid F1-score      : 0.8267

Epoch : 63
Train Loss     : 0.1616	 | 	Train Accuracy     : 1.0000
Valid Loss     : 0.6339	 | 	Valid Accuracy     : 0.8256 | 	Valid F1-score      : 0.8123

Epoch : 64
Train Loss     : 0.1591	 | 	Train Accuracy     : 0.9948
Valid Loss     : 0.6544	 | 	Valid Accuracy     : 0.8222 | 	Valid F1-score      : 0.7802

Epoch : 65
Train Loss     : 0.1524	 | 	Train Accuracy     : 1.0000
Valid Loss     : 0.6588	 | 	Valid Accuracy     : 0.8146 | 	Valid F1-score      : 0.8158

Epoch : 66
Train Loss     : 0.1487	 | 	Train Accuracy     : 1.0000
Valid Loss     : 0.6661	 | 	Valid Accuracy     : 0.8178 | 	Valid F1-score      : 0.7573

Epoch : 67
Train Loss     : 0.1420	 | 	Train Accuracy     : 1.0000
Valid Loss     : 0.6765	 | 	Valid Accuracy     : 0.8144 | 	Valid F1-score      : 0.7802

Epoch : 68
Train Loss     : 0.1386	 | 	Train Accuracy     : 1.0000
Valid Loss     : 0.6407	 | 	Valid Accuracy     : 0.8220 | 	Valid F1-score      : 0.7919

Epoch : 69
Train Loss     : 0.1334	 | 	Train Accuracy     : 1.0000
Valid Loss     : 0.6347	 | 	Valid Accuracy     : 0.8376 | 	Valid F1-score      : 0.8177

Epoch : 70
Train Loss     : 0.1277	 | 	Train Accuracy     : 1.0000
Valid Loss     : 0.5991	 | 	Valid Accuracy     : 0.8369 | 	Valid F1-score      : 0.8045

Epoch : 71
Train Loss     : 0.1237	 | 	Train Accuracy     : 1.0000
Valid Loss     : 0.6196	 | 	Valid Accuracy     : 0.8103 | 	Valid F1-score      : 0.7843

Epoch : 72
Train Loss     : 0.1204	 | 	Train Accuracy     : 1.0000
Valid Loss     : 0.6333	 | 	Valid Accuracy     : 0.8449 | 	Valid F1-score      : 0.8398

Epoch : 73
Train Loss     : 0.1203	 | 	Train Accuracy     : 0.9980
Valid Loss     : 0.6486	 | 	Valid Accuracy     : 0.8337 | 	Valid F1-score      : 0.8099

Epoch : 74
Train Loss     : 0.1181	 | 	Train Accuracy     : 1.0000
Valid Loss     : 0.6386	 | 	Valid Accuracy     : 0.8332 | 	Valid F1-score      : 0.8163

Epoch : 75
Train Loss     : 0.1137	 | 	Train Accuracy     : 1.0000
Valid Loss     : 0.6321	 | 	Valid Accuracy     : 0.8562 | 	Valid F1-score      : 0.8111

Epoch : 76
Train Loss     : 0.1159	 | 	Train Accuracy     : 0.9980
Valid Loss     : 0.6425	 | 	Valid Accuracy     : 0.8374 | 	Valid F1-score      : 0.8186

Epoch : 77
Train Loss     : 0.1088	 | 	Train Accuracy     : 0.9980
Valid Loss     : 0.6825	 | 	Valid Accuracy     : 0.8027 | 	Valid F1-score      : 0.7872

Epoch : 78
Train Loss     : 0.1044	 | 	Train Accuracy     : 1.0000
Valid Loss     : 0.5824	 | 	Valid Accuracy     : 0.8445 | 	Valid F1-score      : 0.8209

Epoch : 79
Train Loss     : 0.0981	 | 	Train Accuracy     : 1.0000
Valid Loss     : 0.5759	 | 	Valid Accuracy     : 0.8518 | 	Valid F1-score      : 0.8436

Epoch : 80
Train Loss     : 0.0967	 | 	Train Accuracy     : 1.0000
Valid Loss     : 0.6172	 | 	Valid Accuracy     : 0.8291 | 	Valid F1-score      : 0.7977

Epoch : 81
Train Loss     : 0.0945	 | 	Train Accuracy     : 1.0000
Valid Loss     : 0.6213	 | 	Valid Accuracy     : 0.8374 | 	Valid F1-score      : 0.8239

Epoch : 82
Train Loss     : 0.0896	 | 	Train Accuracy     : 1.0000
Valid Loss     : 0.6162	 | 	Valid Accuracy     : 0.8256 | 	Valid F1-score      : 0.8171

Epoch : 83
Train Loss     : 0.0870	 | 	Train Accuracy     : 1.0000
Valid Loss     : 0.5972	 | 	Valid Accuracy     : 0.8447 | 	Valid F1-score      : 0.8050

Epoch : 84
Train Loss     : 0.0840	 | 	Train Accuracy     : 1.0000
Valid Loss     : 0.5896	 | 	Valid Accuracy     : 0.8295 | 	Valid F1-score      : 0.8076

Epoch : 85
Train Loss     : 0.0819	 | 	Train Accuracy     : 1.0000
Valid Loss     : 0.5768	 | 	Valid Accuracy     : 0.8481 | 	Valid F1-score      : 0.8470

Epoch : 86
Train Loss     : 0.0769	 | 	Train Accuracy     : 1.0000
Valid Loss     : 0.6092	 | 	Valid Accuracy     : 0.8261 | 	Valid F1-score      : 0.8195

Epoch : 87
Train Loss     : 0.0770	 | 	Train Accuracy     : 1.0000
Valid Loss     : 0.6210	 | 	Valid Accuracy     : 0.8295 | 	Valid F1-score      : 0.7939

Epoch : 88
Train Loss     : 0.0728	 | 	Train Accuracy     : 1.0000
Valid Loss     : 0.6033	 | 	Valid Accuracy     : 0.8410 | 	Valid F1-score      : 0.8018

Epoch : 89
Train Loss     : 0.0703	 | 	Train Accuracy     : 1.0000
Valid Loss     : 0.5569	 | 	Valid Accuracy     : 0.8562 | 	Valid F1-score      : 0.8375

Epoch : 90
Train Loss     : 0.0686	 | 	Train Accuracy     : 1.0000
Valid Loss     : 0.6188	 | 	Valid Accuracy     : 0.8452 | 	Valid F1-score      : 0.8216

Epoch : 91
Train Loss     : 0.0670	 | 	Train Accuracy     : 1.0000
Valid Loss     : 0.6333	 | 	Valid Accuracy     : 0.8266 | 	Valid F1-score      : 0.7972

Epoch : 92
Train Loss     : 0.0660	 | 	Train Accuracy     : 1.0000
Valid Loss     : 0.6000	 | 	Valid Accuracy     : 0.8484 | 	Valid F1-score      : 0.8228

Epoch : 93
Train Loss     : 0.0622	 | 	Train Accuracy     : 1.0000
Valid Loss     : 0.6049	 | 	Valid Accuracy     : 0.8413 | 	Valid F1-score      : 0.8240

Epoch : 94
Train Loss     : 0.0607	 | 	Train Accuracy     : 1.0000
Valid Loss     : 0.6270	 | 	Valid Accuracy     : 0.8415 | 	Valid F1-score      : 0.8305

Epoch : 95
Train Loss     : 0.0593	 | 	Train Accuracy     : 1.0000
Valid Loss     : 0.6207	 | 	Valid Accuracy     : 0.8415 | 	Valid F1-score      : 0.8100

Epoch : 96
Train Loss     : 0.0566	 | 	Train Accuracy     : 1.0000
Valid Loss     : 0.5871	 | 	Valid Accuracy     : 0.8488 | 	Valid F1-score      : 0.8134

Epoch : 97
Train Loss     : 0.0548	 | 	Train Accuracy     : 1.0000
Valid Loss     : 0.6075	 | 	Valid Accuracy     : 0.8335 | 	Valid F1-score      : 0.7896

Epoch : 98
Train Loss     : 0.0540	 | 	Train Accuracy     : 1.0000
Valid Loss     : 0.5975	 | 	Valid Accuracy     : 0.8484 | 	Valid F1-score      : 0.8581

Epoch : 99
Train Loss     : 0.0528	 | 	Train Accuracy     : 1.0000
Valid Loss     : 0.6089	 | 	Valid Accuracy     : 0.8295 | 	Valid F1-score      : 0.8202

Epoch : 100
Train Loss     : 0.0540	 | 	Train Accuracy     : 1.0000
Valid Loss     : 0.6384	 | 	Valid Accuracy     : 0.8298 | 	Valid F1-score      : 0.8292

Evaluate on the Test set:
Test loss      :0.6378	 | Test Accuracy      : 0.8178	 | Test F1-score      : 0.7845

################## Training is Done! #########################
Training time is : 0:00:23.953881
