=============================================
Dataset: lapras
Method:  Novel Human Activity
Mode:    fine_tune
=============================================
Data loaded ...
Training started ....

Epoch : 1
Train Loss     : 1.1859	 | 	Train Accuracy     : 0.5078
Valid Loss     : 1.1810	 | 	Valid Accuracy     : 0.4324 | 	Valid F1-score      : 0.3341

Epoch : 2
Train Loss     : 0.7114	 | 	Train Accuracy     : 0.8021
Valid Loss     : 0.8594	 | 	Valid Accuracy     : 0.7297 | 	Valid F1-score      : 0.7235

Epoch : 3
Train Loss     : 0.5239	 | 	Train Accuracy     : 0.8490
Valid Loss     : 0.6576	 | 	Valid Accuracy     : 0.8649 | 	Valid F1-score      : 0.8642

Epoch : 4
Train Loss     : 0.3691	 | 	Train Accuracy     : 0.9297
Valid Loss     : 0.4985	 | 	Valid Accuracy     : 0.8919 | 	Valid F1-score      : 0.8933

Epoch : 5
Train Loss     : 0.4889	 | 	Train Accuracy     : 0.8594
Valid Loss     : 0.3707	 | 	Valid Accuracy     : 0.9459 | 	Valid F1-score      : 0.9444

Epoch : 6
Train Loss     : 0.2349	 | 	Train Accuracy     : 0.9375
Valid Loss     : 0.3157	 | 	Valid Accuracy     : 0.9459 | 	Valid F1-score      : 0.9455

Epoch : 7
Train Loss     : 0.2408	 | 	Train Accuracy     : 0.9557
Valid Loss     : 0.2936	 | 	Valid Accuracy     : 0.9459 | 	Valid F1-score      : 0.9455

Epoch : 8
Train Loss     : 0.3105	 | 	Train Accuracy     : 0.9245
Valid Loss     : 0.2771	 | 	Valid Accuracy     : 0.9189 | 	Valid F1-score      : 0.9171

Epoch : 9
Train Loss     : 0.2568	 | 	Train Accuracy     : 0.9141
Valid Loss     : 0.2437	 | 	Valid Accuracy     : 0.9459 | 	Valid F1-score      : 0.9455

Epoch : 10
Train Loss     : 0.2337	 | 	Train Accuracy     : 0.9297
Valid Loss     : 0.2396	 | 	Valid Accuracy     : 0.9459 | 	Valid F1-score      : 0.9455

Epoch : 11
Train Loss     : 0.1570	 | 	Train Accuracy     : 0.9661
Valid Loss     : 0.2537	 | 	Valid Accuracy     : 0.9459 | 	Valid F1-score      : 0.9455

Epoch : 12
Train Loss     : 0.1565	 | 	Train Accuracy     : 0.9688
Valid Loss     : 0.2285	 | 	Valid Accuracy     : 0.9459 | 	Valid F1-score      : 0.9455

Epoch : 13
Train Loss     : 0.1433	 | 	Train Accuracy     : 0.9661
Valid Loss     : 0.2118	 | 	Valid Accuracy     : 0.9459 | 	Valid F1-score      : 0.9455

Epoch : 14
Train Loss     : 0.2475	 | 	Train Accuracy     : 0.9271
Valid Loss     : 0.1854	 | 	Valid Accuracy     : 0.9459 | 	Valid F1-score      : 0.9455

Epoch : 15
Train Loss     : 0.2800	 | 	Train Accuracy     : 0.8958
Valid Loss     : 0.1766	 | 	Valid Accuracy     : 0.9459 | 	Valid F1-score      : 0.9455

Epoch : 16
Train Loss     : 0.1697	 | 	Train Accuracy     : 0.9635
Valid Loss     : 0.1691	 | 	Valid Accuracy     : 0.9459 | 	Valid F1-score      : 0.9444

Epoch : 17
Train Loss     : 0.1614	 | 	Train Accuracy     : 0.9635
Valid Loss     : 0.1853	 | 	Valid Accuracy     : 0.9459 | 	Valid F1-score      : 0.9455

Epoch : 18
Train Loss     : 0.3522	 | 	Train Accuracy     : 0.8828
Valid Loss     : 0.1591	 | 	Valid Accuracy     : 0.9459 | 	Valid F1-score      : 0.9455

Epoch : 19
Train Loss     : 0.1271	 | 	Train Accuracy     : 0.9688
Valid Loss     : 0.1622	 | 	Valid Accuracy     : 0.9459 | 	Valid F1-score      : 0.9455

Epoch : 20
Train Loss     : 0.0993	 | 	Train Accuracy     : 0.9714
Valid Loss     : 0.1585	 | 	Valid Accuracy     : 0.9459 | 	Valid F1-score      : 0.9455

Epoch : 21
Train Loss     : 0.1086	 | 	Train Accuracy     : 0.9740
Valid Loss     : 0.1603	 | 	Valid Accuracy     : 0.9459 | 	Valid F1-score      : 0.9455

Epoch : 22
Train Loss     : 0.3571	 | 	Train Accuracy     : 0.8542
Valid Loss     : 0.1581	 | 	Valid Accuracy     : 0.9459 | 	Valid F1-score      : 0.9455

Epoch : 23
Train Loss     : 0.1519	 | 	Train Accuracy     : 0.9323
Valid Loss     : 0.1523	 | 	Valid Accuracy     : 0.9730 | 	Valid F1-score      : 0.9721

Epoch : 24
Train Loss     : 0.1552	 | 	Train Accuracy     : 0.9609
Valid Loss     : 0.1469	 | 	Valid Accuracy     : 0.9730 | 	Valid F1-score      : 0.9721

Epoch : 25
Train Loss     : 0.1240	 | 	Train Accuracy     : 0.9635
Valid Loss     : 0.1367	 | 	Valid Accuracy     : 0.9730 | 	Valid F1-score      : 0.9721

Epoch : 26
Train Loss     : 0.0817	 | 	Train Accuracy     : 0.9740
Valid Loss     : 0.1362	 | 	Valid Accuracy     : 0.9459 | 	Valid F1-score      : 0.9455

Epoch : 27
Train Loss     : 0.1333	 | 	Train Accuracy     : 0.9401
Valid Loss     : 0.1383	 | 	Valid Accuracy     : 0.9459 | 	Valid F1-score      : 0.9455

Epoch : 28
Train Loss     : 0.0741	 | 	Train Accuracy     : 0.9714
Valid Loss     : 0.1596	 | 	Valid Accuracy     : 0.9459 | 	Valid F1-score      : 0.9455

Epoch : 29
Train Loss     : 0.1338	 | 	Train Accuracy     : 0.9792
Valid Loss     : 0.1428	 | 	Valid Accuracy     : 0.9459 | 	Valid F1-score      : 0.9455

Epoch : 30
Train Loss     : 0.0784	 | 	Train Accuracy     : 0.9714
Valid Loss     : 0.1394	 | 	Valid Accuracy     : 0.9459 | 	Valid F1-score      : 0.9444

Epoch : 31
Train Loss     : 0.3911	 | 	Train Accuracy     : 0.8932
Valid Loss     : 0.1590	 | 	Valid Accuracy     : 0.9459 | 	Valid F1-score      : 0.9444

Epoch : 32
Train Loss     : 0.0618	 | 	Train Accuracy     : 0.9740
Valid Loss     : 0.1548	 | 	Valid Accuracy     : 0.9459 | 	Valid F1-score      : 0.9444

Epoch : 33
Train Loss     : 0.1132	 | 	Train Accuracy     : 0.9818
Valid Loss     : 0.1437	 | 	Valid Accuracy     : 0.9459 | 	Valid F1-score      : 0.9455

Epoch : 34
Train Loss     : 0.2159	 | 	Train Accuracy     : 0.9349
Valid Loss     : 0.1435	 | 	Valid Accuracy     : 0.9459 | 	Valid F1-score      : 0.9455

Epoch : 35
Train Loss     : 0.0623	 | 	Train Accuracy     : 0.9766
Valid Loss     : 0.1394	 | 	Valid Accuracy     : 0.9459 | 	Valid F1-score      : 0.9444

Epoch : 36
Train Loss     : 0.1073	 | 	Train Accuracy     : 0.9375
Valid Loss     : 0.1469	 | 	Valid Accuracy     : 0.9459 | 	Valid F1-score      : 0.9444

Epoch : 37
Train Loss     : 0.0817	 | 	Train Accuracy     : 0.9870
Valid Loss     : 0.1462	 | 	Valid Accuracy     : 0.9459 | 	Valid F1-score      : 0.9456

Epoch : 38
Train Loss     : 0.1702	 | 	Train Accuracy     : 0.9453
Valid Loss     : 0.1389	 | 	Valid Accuracy     : 0.9459 | 	Valid F1-score      : 0.9456

Epoch : 39
Train Loss     : 0.0647	 | 	Train Accuracy     : 0.9870
Valid Loss     : 0.1378	 | 	Valid Accuracy     : 0.9459 | 	Valid F1-score      : 0.9456

Epoch : 40
Train Loss     : 0.2103	 | 	Train Accuracy     : 0.9036
Valid Loss     : 0.1438	 | 	Valid Accuracy     : 0.9459 | 	Valid F1-score      : 0.9456

Epoch : 41
Train Loss     : 0.1245	 | 	Train Accuracy     : 0.9479
Valid Loss     : 0.1398	 | 	Valid Accuracy     : 0.9459 | 	Valid F1-score      : 0.9444

Epoch : 42
Train Loss     : 0.0518	 | 	Train Accuracy     : 0.9870
Valid Loss     : 0.1363	 | 	Valid Accuracy     : 0.9459 | 	Valid F1-score      : 0.9444

Epoch : 43
Train Loss     : 0.0935	 | 	Train Accuracy     : 0.9453
Valid Loss     : 0.1268	 | 	Valid Accuracy     : 0.9459 | 	Valid F1-score      : 0.9444

Epoch : 44
Train Loss     : 0.0487	 | 	Train Accuracy     : 0.9870
Valid Loss     : 0.1346	 | 	Valid Accuracy     : 0.9459 | 	Valid F1-score      : 0.9444

Epoch : 45
Train Loss     : 0.0623	 | 	Train Accuracy     : 0.9844
Valid Loss     : 0.1420	 | 	Valid Accuracy     : 0.9459 | 	Valid F1-score      : 0.9444

Epoch : 46
Train Loss     : 0.0739	 | 	Train Accuracy     : 0.9870
Valid Loss     : 0.1272	 | 	Valid Accuracy     : 0.9459 | 	Valid F1-score      : 0.9444

Epoch : 47
Train Loss     : 0.0562	 | 	Train Accuracy     : 0.9844
Valid Loss     : 0.1354	 | 	Valid Accuracy     : 0.9459 | 	Valid F1-score      : 0.9444

Epoch : 48
Train Loss     : 0.0563	 | 	Train Accuracy     : 0.9870
Valid Loss     : 0.1397	 | 	Valid Accuracy     : 0.9459 | 	Valid F1-score      : 0.9444

Epoch : 49
Train Loss     : 0.0895	 | 	Train Accuracy     : 0.9818
Valid Loss     : 0.1274	 | 	Valid Accuracy     : 0.9459 | 	Valid F1-score      : 0.9444

Epoch : 50
Train Loss     : 0.0596	 | 	Train Accuracy     : 0.9844
Valid Loss     : 0.1259	 | 	Valid Accuracy     : 0.9459 | 	Valid F1-score      : 0.9444

Epoch : 51
Train Loss     : 0.0641	 | 	Train Accuracy     : 0.9844
Valid Loss     : 0.1398	 | 	Valid Accuracy     : 0.9459 | 	Valid F1-score      : 0.9444

Epoch : 52
Train Loss     : 0.0606	 | 	Train Accuracy     : 0.9870
Valid Loss     : 0.1392	 | 	Valid Accuracy     : 0.9459 | 	Valid F1-score      : 0.9444

Epoch : 53
Train Loss     : 0.0581	 | 	Train Accuracy     : 0.9844
Valid Loss     : 0.1325	 | 	Valid Accuracy     : 0.9459 | 	Valid F1-score      : 0.9444

Epoch : 54
Train Loss     : 0.0545	 | 	Train Accuracy     : 0.9844
Valid Loss     : 0.1312	 | 	Valid Accuracy     : 0.9459 | 	Valid F1-score      : 0.9444

Epoch : 55
Train Loss     : 0.0542	 | 	Train Accuracy     : 0.9844
Valid Loss     : 0.1297	 | 	Valid Accuracy     : 0.9459 | 	Valid F1-score      : 0.9444

Epoch : 56
Train Loss     : 0.0542	 | 	Train Accuracy     : 0.9870
Valid Loss     : 0.1328	 | 	Valid Accuracy     : 0.9459 | 	Valid F1-score      : 0.9444

Epoch : 57
Train Loss     : 0.0566	 | 	Train Accuracy     : 0.9792
Valid Loss     : 0.1274	 | 	Valid Accuracy     : 0.9459 | 	Valid F1-score      : 0.9444

Epoch : 58
Train Loss     : 0.1925	 | 	Train Accuracy     : 0.9427
Valid Loss     : 0.1302	 | 	Valid Accuracy     : 0.9459 | 	Valid F1-score      : 0.9444

Epoch : 59
Train Loss     : 0.0594	 | 	Train Accuracy     : 0.9870
Valid Loss     : 0.1322	 | 	Valid Accuracy     : 0.9459 | 	Valid F1-score      : 0.9444

Epoch : 60
Train Loss     : 0.0443	 | 	Train Accuracy     : 0.9818
Valid Loss     : 0.1343	 | 	Valid Accuracy     : 0.9459 | 	Valid F1-score      : 0.9444

Epoch : 61
Train Loss     : 0.0805	 | 	Train Accuracy     : 0.9792
Valid Loss     : 0.1282	 | 	Valid Accuracy     : 0.9459 | 	Valid F1-score      : 0.9444

Epoch : 62
Train Loss     : 0.0474	 | 	Train Accuracy     : 0.9844
Valid Loss     : 0.1327	 | 	Valid Accuracy     : 0.9459 | 	Valid F1-score      : 0.9444

Epoch : 63
Train Loss     : 0.1825	 | 	Train Accuracy     : 0.9453
Valid Loss     : 0.1341	 | 	Valid Accuracy     : 0.9459 | 	Valid F1-score      : 0.9444

Epoch : 64
Train Loss     : 0.0998	 | 	Train Accuracy     : 0.9401
Valid Loss     : 0.1321	 | 	Valid Accuracy     : 0.9459 | 	Valid F1-score      : 0.9444

Epoch : 65
Train Loss     : 0.0517	 | 	Train Accuracy     : 0.9870
Valid Loss     : 0.1376	 | 	Valid Accuracy     : 0.9459 | 	Valid F1-score      : 0.9444

Epoch : 66
Train Loss     : 0.1043	 | 	Train Accuracy     : 0.9870
Valid Loss     : 0.1333	 | 	Valid Accuracy     : 0.9459 | 	Valid F1-score      : 0.9444

Epoch : 67
Train Loss     : 0.0665	 | 	Train Accuracy     : 0.9844
Valid Loss     : 0.1260	 | 	Valid Accuracy     : 0.9459 | 	Valid F1-score      : 0.9444

Epoch : 68
Train Loss     : 0.2726	 | 	Train Accuracy     : 0.9062
Valid Loss     : 0.1158	 | 	Valid Accuracy     : 0.9459 | 	Valid F1-score      : 0.9455

Epoch : 69
Train Loss     : 0.1006	 | 	Train Accuracy     : 0.9870
Valid Loss     : 0.1334	 | 	Valid Accuracy     : 0.9459 | 	Valid F1-score      : 0.9444

Epoch : 70
Train Loss     : 0.0512	 | 	Train Accuracy     : 0.9844
Valid Loss     : 0.1353	 | 	Valid Accuracy     : 0.9459 | 	Valid F1-score      : 0.9444

Epoch : 71
Train Loss     : 0.0542	 | 	Train Accuracy     : 0.9870
Valid Loss     : 0.1437	 | 	Valid Accuracy     : 0.9459 | 	Valid F1-score      : 0.9444

Epoch : 72
Train Loss     : 0.0550	 | 	Train Accuracy     : 0.9844
Valid Loss     : 0.1368	 | 	Valid Accuracy     : 0.9459 | 	Valid F1-score      : 0.9444

Epoch : 73
Train Loss     : 0.0552	 | 	Train Accuracy     : 0.9870
Valid Loss     : 0.1405	 | 	Valid Accuracy     : 0.9459 | 	Valid F1-score      : 0.9444

Epoch : 74
Train Loss     : 0.0484	 | 	Train Accuracy     : 0.9870
Valid Loss     : 0.1379	 | 	Valid Accuracy     : 0.9459 | 	Valid F1-score      : 0.9444

Epoch : 75
Train Loss     : 0.0539	 | 	Train Accuracy     : 0.9844
Valid Loss     : 0.1396	 | 	Valid Accuracy     : 0.9459 | 	Valid F1-score      : 0.9444

Epoch : 76
Train Loss     : 0.0579	 | 	Train Accuracy     : 0.9870
Valid Loss     : 0.1442	 | 	Valid Accuracy     : 0.9459 | 	Valid F1-score      : 0.9444

Epoch : 77
Train Loss     : 0.0656	 | 	Train Accuracy     : 0.9870
Valid Loss     : 0.1420	 | 	Valid Accuracy     : 0.9459 | 	Valid F1-score      : 0.9444

Epoch : 78
Train Loss     : 0.0498	 | 	Train Accuracy     : 0.9818
Valid Loss     : 0.1330	 | 	Valid Accuracy     : 0.9459 | 	Valid F1-score      : 0.9444

Epoch : 79
Train Loss     : 0.0564	 | 	Train Accuracy     : 0.9844
Valid Loss     : 0.1273	 | 	Valid Accuracy     : 0.9459 | 	Valid F1-score      : 0.9444

Epoch : 80
Train Loss     : 0.0567	 | 	Train Accuracy     : 0.9896
Valid Loss     : 0.1314	 | 	Valid Accuracy     : 0.9459 | 	Valid F1-score      : 0.9444

Epoch : 81
Train Loss     : 0.0569	 | 	Train Accuracy     : 0.9870
Valid Loss     : 0.1262	 | 	Valid Accuracy     : 0.9459 | 	Valid F1-score      : 0.9444

Epoch : 82
Train Loss     : 0.0539	 | 	Train Accuracy     : 0.9922
Valid Loss     : 0.1281	 | 	Valid Accuracy     : 0.9459 | 	Valid F1-score      : 0.9444

Epoch : 83
Train Loss     : 0.0523	 | 	Train Accuracy     : 0.9896
Valid Loss     : 0.1333	 | 	Valid Accuracy     : 0.9459 | 	Valid F1-score      : 0.9444

Epoch : 84
Train Loss     : 0.0522	 | 	Train Accuracy     : 0.9844
Valid Loss     : 0.1346	 | 	Valid Accuracy     : 0.9459 | 	Valid F1-score      : 0.9444

Epoch : 85
Train Loss     : 0.1011	 | 	Train Accuracy     : 0.9453
Valid Loss     : 0.1285	 | 	Valid Accuracy     : 0.9459 | 	Valid F1-score      : 0.9444

Epoch : 86
Train Loss     : 0.0834	 | 	Train Accuracy     : 0.9401
Valid Loss     : 0.1266	 | 	Valid Accuracy     : 0.9459 | 	Valid F1-score      : 0.9444

Epoch : 87
Train Loss     : 0.0432	 | 	Train Accuracy     : 0.9896
Valid Loss     : 0.1291	 | 	Valid Accuracy     : 0.9459 | 	Valid F1-score      : 0.9444

Epoch : 88
Train Loss     : 0.0760	 | 	Train Accuracy     : 0.9870
Valid Loss     : 0.1341	 | 	Valid Accuracy     : 0.9459 | 	Valid F1-score      : 0.9444

Epoch : 89
Train Loss     : 0.0819	 | 	Train Accuracy     : 0.9844
Valid Loss     : 0.1313	 | 	Valid Accuracy     : 0.9459 | 	Valid F1-score      : 0.9444

Epoch : 90
Train Loss     : 0.0513	 | 	Train Accuracy     : 0.9896
Valid Loss     : 0.1437	 | 	Valid Accuracy     : 0.9730 | 	Valid F1-score      : 0.9721

Epoch : 91
Train Loss     : 0.0457	 | 	Train Accuracy     : 0.9844
Valid Loss     : 0.1336	 | 	Valid Accuracy     : 0.9459 | 	Valid F1-score      : 0.9444

Epoch : 92
Train Loss     : 0.0988	 | 	Train Accuracy     : 0.9505
Valid Loss     : 0.1383	 | 	Valid Accuracy     : 0.9730 | 	Valid F1-score      : 0.9721

Epoch : 93
Train Loss     : 0.0478	 | 	Train Accuracy     : 0.9896
Valid Loss     : 0.1369	 | 	Valid Accuracy     : 0.9459 | 	Valid F1-score      : 0.9444

Epoch : 94
Train Loss     : 0.0477	 | 	Train Accuracy     : 0.9870
Valid Loss     : 0.1342	 | 	Valid Accuracy     : 0.9459 | 	Valid F1-score      : 0.9444

Epoch : 95
Train Loss     : 0.0828	 | 	Train Accuracy     : 0.9427
Valid Loss     : 0.1276	 | 	Valid Accuracy     : 0.9459 | 	Valid F1-score      : 0.9444

Epoch : 96
Train Loss     : 0.0643	 | 	Train Accuracy     : 0.9870
Valid Loss     : 0.1344	 | 	Valid Accuracy     : 0.9459 | 	Valid F1-score      : 0.9444

Epoch : 97
Train Loss     : 0.1632	 | 	Train Accuracy     : 0.9401
Valid Loss     : 0.1291	 | 	Valid Accuracy     : 0.9459 | 	Valid F1-score      : 0.9444

Epoch : 98
Train Loss     : 0.0712	 | 	Train Accuracy     : 0.9896
Valid Loss     : 0.1313	 | 	Valid Accuracy     : 0.9459 | 	Valid F1-score      : 0.9444

Epoch : 99
Train Loss     : 0.0532	 | 	Train Accuracy     : 0.9870
Valid Loss     : 0.1322	 | 	Valid Accuracy     : 0.9459 | 	Valid F1-score      : 0.9444

Epoch : 100
Train Loss     : 0.0462	 | 	Train Accuracy     : 0.9844
Valid Loss     : 0.1310	 | 	Valid Accuracy     : 0.9459 | 	Valid F1-score      : 0.9444

Evaluate on the Test set:
Test loss      :0.1807	 | Test Accuracy      : 0.9564	 | Test F1-score      : 0.9553

################## Training is Done! #########################
Training time is : 0:00:28.890492
