=============================================
Dataset: casas
Method:  Novel Human Activity
Mode:    fine_tune
=============================================
Data loaded ...
Training started ....

Epoch : 1
Train Loss     : 2.6276	 | 	Train Accuracy     : 0.0964
Valid Loss     : 2.6248	 | 	Valid Accuracy     : 0.1698 | 	Valid F1-score      : 0.0630

Epoch : 2
Train Loss     : 2.1607	 | 	Train Accuracy     : 0.4382
Valid Loss     : 2.3926	 | 	Valid Accuracy     : 0.3962 | 	Valid F1-score      : 0.3186

Epoch : 3
Train Loss     : 1.8341	 | 	Train Accuracy     : 0.5840
Valid Loss     : 2.1190	 | 	Valid Accuracy     : 0.4906 | 	Valid F1-score      : 0.4391

Epoch : 4
Train Loss     : 1.6555	 | 	Train Accuracy     : 0.6178
Valid Loss     : 1.9051	 | 	Valid Accuracy     : 0.5660 | 	Valid F1-score      : 0.5189

Epoch : 5
Train Loss     : 1.4688	 | 	Train Accuracy     : 0.6960
Valid Loss     : 1.7514	 | 	Valid Accuracy     : 0.5660 | 	Valid F1-score      : 0.5292

Epoch : 6
Train Loss     : 1.3223	 | 	Train Accuracy     : 0.7044
Valid Loss     : 1.6475	 | 	Valid Accuracy     : 0.5472 | 	Valid F1-score      : 0.4977

Epoch : 7
Train Loss     : 1.2104	 | 	Train Accuracy     : 0.7214
Valid Loss     : 1.5414	 | 	Valid Accuracy     : 0.5849 | 	Valid F1-score      : 0.5594

Epoch : 8
Train Loss     : 1.1340	 | 	Train Accuracy     : 0.7188
Valid Loss     : 1.4592	 | 	Valid Accuracy     : 0.5660 | 	Valid F1-score      : 0.5418

Epoch : 9
Train Loss     : 1.0281	 | 	Train Accuracy     : 0.7363
Valid Loss     : 1.4028	 | 	Valid Accuracy     : 0.5849 | 	Valid F1-score      : 0.5624

Epoch : 10
Train Loss     : 0.9608	 | 	Train Accuracy     : 0.7630
Valid Loss     : 1.3087	 | 	Valid Accuracy     : 0.6226 | 	Valid F1-score      : 0.6030

Epoch : 11
Train Loss     : 0.9489	 | 	Train Accuracy     : 0.7350
Valid Loss     : 1.2713	 | 	Valid Accuracy     : 0.6604 | 	Valid F1-score      : 0.6420

Epoch : 12
Train Loss     : 0.8497	 | 	Train Accuracy     : 0.7682
Valid Loss     : 1.2294	 | 	Valid Accuracy     : 0.6981 | 	Valid F1-score      : 0.6890

Epoch : 13
Train Loss     : 0.7940	 | 	Train Accuracy     : 0.7832
Valid Loss     : 1.1873	 | 	Valid Accuracy     : 0.6604 | 	Valid F1-score      : 0.6559

Epoch : 14
Train Loss     : 0.7605	 | 	Train Accuracy     : 0.8027
Valid Loss     : 1.1534	 | 	Valid Accuracy     : 0.6792 | 	Valid F1-score      : 0.6516

Epoch : 15
Train Loss     : 0.7091	 | 	Train Accuracy     : 0.8066
Valid Loss     : 1.0895	 | 	Valid Accuracy     : 0.6792 | 	Valid F1-score      : 0.6351

Epoch : 16
Train Loss     : 0.6868	 | 	Train Accuracy     : 0.8151
Valid Loss     : 1.0532	 | 	Valid Accuracy     : 0.6981 | 	Valid F1-score      : 0.6793

Epoch : 17
Train Loss     : 0.6649	 | 	Train Accuracy     : 0.8574
Valid Loss     : 1.0143	 | 	Valid Accuracy     : 0.6604 | 	Valid F1-score      : 0.6240

Epoch : 18
Train Loss     : 0.6130	 | 	Train Accuracy     : 0.8346
Valid Loss     : 0.9883	 | 	Valid Accuracy     : 0.6981 | 	Valid F1-score      : 0.6587

Epoch : 19
Train Loss     : 0.5812	 | 	Train Accuracy     : 0.8307
Valid Loss     : 0.9454	 | 	Valid Accuracy     : 0.7547 | 	Valid F1-score      : 0.7133

Epoch : 20
Train Loss     : 0.5672	 | 	Train Accuracy     : 0.8509
Valid Loss     : 0.9220	 | 	Valid Accuracy     : 0.7358 | 	Valid F1-score      : 0.7165

Epoch : 21
Train Loss     : 0.5393	 | 	Train Accuracy     : 0.8646
Valid Loss     : 0.9044	 | 	Valid Accuracy     : 0.7547 | 	Valid F1-score      : 0.7313

Epoch : 22
Train Loss     : 0.5040	 | 	Train Accuracy     : 0.8711
Valid Loss     : 0.8459	 | 	Valid Accuracy     : 0.7925 | 	Valid F1-score      : 0.7616

Epoch : 23
Train Loss     : 0.4943	 | 	Train Accuracy     : 0.8633
Valid Loss     : 0.8358	 | 	Valid Accuracy     : 0.7925 | 	Valid F1-score      : 0.7656

Epoch : 24
Train Loss     : 0.4675	 | 	Train Accuracy     : 0.8796
Valid Loss     : 0.8441	 | 	Valid Accuracy     : 0.7925 | 	Valid F1-score      : 0.7787

Epoch : 25
Train Loss     : 0.4421	 | 	Train Accuracy     : 0.8861
Valid Loss     : 0.8052	 | 	Valid Accuracy     : 0.8113 | 	Valid F1-score      : 0.7960

Epoch : 26
Train Loss     : 0.4277	 | 	Train Accuracy     : 0.8971
Valid Loss     : 0.7825	 | 	Valid Accuracy     : 0.8113 | 	Valid F1-score      : 0.7647

Epoch : 27
Train Loss     : 0.4237	 | 	Train Accuracy     : 0.8822
Valid Loss     : 0.7724	 | 	Valid Accuracy     : 0.8491 | 	Valid F1-score      : 0.8373

Epoch : 28
Train Loss     : 0.3912	 | 	Train Accuracy     : 0.8978
Valid Loss     : 0.7467	 | 	Valid Accuracy     : 0.8302 | 	Valid F1-score      : 0.8123

Epoch : 29
Train Loss     : 0.3911	 | 	Train Accuracy     : 0.8945
Valid Loss     : 0.7428	 | 	Valid Accuracy     : 0.8113 | 	Valid F1-score      : 0.7984

Epoch : 30
Train Loss     : 0.3705	 | 	Train Accuracy     : 0.9102
Valid Loss     : 0.7100	 | 	Valid Accuracy     : 0.8679 | 	Valid F1-score      : 0.8523

Epoch : 31
Train Loss     : 0.3696	 | 	Train Accuracy     : 0.9062
Valid Loss     : 0.6802	 | 	Valid Accuracy     : 0.8113 | 	Valid F1-score      : 0.7892

Epoch : 32
Train Loss     : 0.3527	 | 	Train Accuracy     : 0.9115
Valid Loss     : 0.6752	 | 	Valid Accuracy     : 0.8113 | 	Valid F1-score      : 0.7959

Epoch : 33
Train Loss     : 0.3242	 | 	Train Accuracy     : 0.9264
Valid Loss     : 0.6738	 | 	Valid Accuracy     : 0.8679 | 	Valid F1-score      : 0.8576

Epoch : 34
Train Loss     : 0.3295	 | 	Train Accuracy     : 0.9180
Valid Loss     : 0.6525	 | 	Valid Accuracy     : 0.8491 | 	Valid F1-score      : 0.8281

Epoch : 35
Train Loss     : 0.3504	 | 	Train Accuracy     : 0.8971
Valid Loss     : 0.6698	 | 	Valid Accuracy     : 0.7736 | 	Valid F1-score      : 0.7626

Epoch : 36
Train Loss     : 0.3057	 | 	Train Accuracy     : 0.9160
Valid Loss     : 0.6598	 | 	Valid Accuracy     : 0.8491 | 	Valid F1-score      : 0.8374

Epoch : 37
Train Loss     : 0.2809	 | 	Train Accuracy     : 0.9336
Valid Loss     : 0.6312	 | 	Valid Accuracy     : 0.8113 | 	Valid F1-score      : 0.7988

Epoch : 38
Train Loss     : 0.2932	 | 	Train Accuracy     : 0.9297
Valid Loss     : 0.6120	 | 	Valid Accuracy     : 0.8302 | 	Valid F1-score      : 0.8174

Epoch : 39
Train Loss     : 0.2659	 | 	Train Accuracy     : 0.9538
Valid Loss     : 0.5927	 | 	Valid Accuracy     : 0.8302 | 	Valid F1-score      : 0.8095

Epoch : 40
Train Loss     : 0.2818	 | 	Train Accuracy     : 0.9258
Valid Loss     : 0.5971	 | 	Valid Accuracy     : 0.8302 | 	Valid F1-score      : 0.8174

Epoch : 41
Train Loss     : 0.2617	 | 	Train Accuracy     : 0.9401
Valid Loss     : 0.5844	 | 	Valid Accuracy     : 0.8868 | 	Valid F1-score      : 0.8697

Epoch : 42
Train Loss     : 0.2856	 | 	Train Accuracy     : 0.9238
Valid Loss     : 0.5962	 | 	Valid Accuracy     : 0.8302 | 	Valid F1-score      : 0.8051

Epoch : 43
Train Loss     : 0.2427	 | 	Train Accuracy     : 0.9355
Valid Loss     : 0.5755	 | 	Valid Accuracy     : 0.8113 | 	Valid F1-score      : 0.8002

Epoch : 44
Train Loss     : 0.2339	 | 	Train Accuracy     : 0.9492
Valid Loss     : 0.5929	 | 	Valid Accuracy     : 0.8302 | 	Valid F1-score      : 0.8225

Epoch : 45
Train Loss     : 0.2191	 | 	Train Accuracy     : 0.9570
Valid Loss     : 0.5426	 | 	Valid Accuracy     : 0.8491 | 	Valid F1-score      : 0.8332

Epoch : 46
Train Loss     : 0.2280	 | 	Train Accuracy     : 0.9401
Valid Loss     : 0.5323	 | 	Valid Accuracy     : 0.8679 | 	Valid F1-score      : 0.8544

Epoch : 47
Train Loss     : 0.2133	 | 	Train Accuracy     : 0.9440
Valid Loss     : 0.5432	 | 	Valid Accuracy     : 0.8491 | 	Valid F1-score      : 0.8400

Epoch : 48
Train Loss     : 0.1959	 | 	Train Accuracy     : 0.9551
Valid Loss     : 0.5624	 | 	Valid Accuracy     : 0.8302 | 	Valid F1-score      : 0.8148

Epoch : 49
Train Loss     : 0.1917	 | 	Train Accuracy     : 0.9668
Valid Loss     : 0.5531	 | 	Valid Accuracy     : 0.8491 | 	Valid F1-score      : 0.8347

Epoch : 50
Train Loss     : 0.1858	 | 	Train Accuracy     : 0.9707
Valid Loss     : 0.5339	 | 	Valid Accuracy     : 0.8491 | 	Valid F1-score      : 0.8400

Epoch : 51
Train Loss     : 0.1897	 | 	Train Accuracy     : 0.9531
Valid Loss     : 0.5341	 | 	Valid Accuracy     : 0.8679 | 	Valid F1-score      : 0.8544

Epoch : 52
Train Loss     : 0.1898	 | 	Train Accuracy     : 0.9583
Valid Loss     : 0.5549	 | 	Valid Accuracy     : 0.8302 | 	Valid F1-score      : 0.8181

Epoch : 53
Train Loss     : 0.1874	 | 	Train Accuracy     : 0.9596
Valid Loss     : 0.5489	 | 	Valid Accuracy     : 0.8302 | 	Valid F1-score      : 0.8225

Epoch : 54
Train Loss     : 0.1871	 | 	Train Accuracy     : 0.9577
Valid Loss     : 0.5804	 | 	Valid Accuracy     : 0.8113 | 	Valid F1-score      : 0.7990

Epoch : 55
Train Loss     : 0.1749	 | 	Train Accuracy     : 0.9603
Valid Loss     : 0.5454	 | 	Valid Accuracy     : 0.8302 | 	Valid F1-score      : 0.8189

Epoch : 56
Train Loss     : 0.1771	 | 	Train Accuracy     : 0.9609
Valid Loss     : 0.5048	 | 	Valid Accuracy     : 0.8679 | 	Valid F1-score      : 0.8574

Epoch : 57
Train Loss     : 0.1614	 | 	Train Accuracy     : 0.9596
Valid Loss     : 0.5215	 | 	Valid Accuracy     : 0.8302 | 	Valid F1-score      : 0.8166

Epoch : 58
Train Loss     : 0.1561	 | 	Train Accuracy     : 0.9642
Valid Loss     : 0.5641	 | 	Valid Accuracy     : 0.8113 | 	Valid F1-score      : 0.7958

Epoch : 59
Train Loss     : 0.1572	 | 	Train Accuracy     : 0.9635
Valid Loss     : 0.5451	 | 	Valid Accuracy     : 0.8113 | 	Valid F1-score      : 0.8021

Epoch : 60
Train Loss     : 0.1564	 | 	Train Accuracy     : 0.9538
Valid Loss     : 0.5346	 | 	Valid Accuracy     : 0.8113 | 	Valid F1-score      : 0.7973

Epoch : 61
Train Loss     : 0.1705	 | 	Train Accuracy     : 0.9622
Valid Loss     : 0.4963	 | 	Valid Accuracy     : 0.8491 | 	Valid F1-score      : 0.8370

Epoch : 62
Train Loss     : 0.1464	 | 	Train Accuracy     : 0.9727
Valid Loss     : 0.5120	 | 	Valid Accuracy     : 0.8491 | 	Valid F1-score      : 0.8396

Epoch : 63
Train Loss     : 0.1456	 | 	Train Accuracy     : 0.9674
Valid Loss     : 0.5493	 | 	Valid Accuracy     : 0.8302 | 	Valid F1-score      : 0.8219

Epoch : 64
Train Loss     : 0.1388	 | 	Train Accuracy     : 0.9694
Valid Loss     : 0.5218	 | 	Valid Accuracy     : 0.8302 | 	Valid F1-score      : 0.8172

Epoch : 65
Train Loss     : 0.1200	 | 	Train Accuracy     : 0.9785
Valid Loss     : 0.5154	 | 	Valid Accuracy     : 0.8302 | 	Valid F1-score      : 0.8219

Epoch : 66
Train Loss     : 0.1143	 | 	Train Accuracy     : 0.9785
Valid Loss     : 0.4989	 | 	Valid Accuracy     : 0.8491 | 	Valid F1-score      : 0.8385

Epoch : 67
Train Loss     : 0.1191	 | 	Train Accuracy     : 0.9733
Valid Loss     : 0.5082	 | 	Valid Accuracy     : 0.8113 | 	Valid F1-score      : 0.7973

Epoch : 68
Train Loss     : 0.1250	 | 	Train Accuracy     : 0.9622
Valid Loss     : 0.4995	 | 	Valid Accuracy     : 0.8113 | 	Valid F1-score      : 0.7996

Epoch : 69
Train Loss     : 0.1067	 | 	Train Accuracy     : 0.9805
Valid Loss     : 0.5036	 | 	Valid Accuracy     : 0.8302 | 	Valid F1-score      : 0.8172

Epoch : 70
Train Loss     : 0.1048	 | 	Train Accuracy     : 0.9824
Valid Loss     : 0.4932	 | 	Valid Accuracy     : 0.8302 | 	Valid F1-score      : 0.8172

Epoch : 71
Train Loss     : 0.1003	 | 	Train Accuracy     : 0.9785
Valid Loss     : 0.4865	 | 	Valid Accuracy     : 0.8302 | 	Valid F1-score      : 0.8187

Epoch : 72
Train Loss     : 0.1004	 | 	Train Accuracy     : 0.9902
Valid Loss     : 0.5173	 | 	Valid Accuracy     : 0.8302 | 	Valid F1-score      : 0.8187

Epoch : 73
Train Loss     : 0.1017	 | 	Train Accuracy     : 0.9831
Valid Loss     : 0.4846	 | 	Valid Accuracy     : 0.8679 | 	Valid F1-score      : 0.8568

Epoch : 74
Train Loss     : 0.1083	 | 	Train Accuracy     : 0.9785
Valid Loss     : 0.4718	 | 	Valid Accuracy     : 0.8679 | 	Valid F1-score      : 0.8708

Epoch : 75
Train Loss     : 0.1026	 | 	Train Accuracy     : 0.9805
Valid Loss     : 0.5076	 | 	Valid Accuracy     : 0.8302 | 	Valid F1-score      : 0.8183

Epoch : 76
Train Loss     : 0.0991	 | 	Train Accuracy     : 0.9831
Valid Loss     : 0.5304	 | 	Valid Accuracy     : 0.8113 | 	Valid F1-score      : 0.7939

Epoch : 77
Train Loss     : 0.1022	 | 	Train Accuracy     : 0.9753
Valid Loss     : 0.5316	 | 	Valid Accuracy     : 0.8491 | 	Valid F1-score      : 0.8460

Epoch : 78
Train Loss     : 0.1022	 | 	Train Accuracy     : 0.9753
Valid Loss     : 0.5010	 | 	Valid Accuracy     : 0.8302 | 	Valid F1-score      : 0.8270

Epoch : 79
Train Loss     : 0.0857	 | 	Train Accuracy     : 0.9883
Valid Loss     : 0.5030	 | 	Valid Accuracy     : 0.8491 | 	Valid F1-score      : 0.8421

Epoch : 80
Train Loss     : 0.0764	 | 	Train Accuracy     : 0.9844
Valid Loss     : 0.5599	 | 	Valid Accuracy     : 0.8302 | 	Valid F1-score      : 0.8199

Epoch : 81
Train Loss     : 0.0806	 | 	Train Accuracy     : 0.9922
Valid Loss     : 0.5004	 | 	Valid Accuracy     : 0.8302 | 	Valid F1-score      : 0.8187

Epoch : 82
Train Loss     : 0.0912	 | 	Train Accuracy     : 0.9824
Valid Loss     : 0.5087	 | 	Valid Accuracy     : 0.8302 | 	Valid F1-score      : 0.8168

Epoch : 83
Train Loss     : 0.0789	 | 	Train Accuracy     : 0.9883
Valid Loss     : 0.5359	 | 	Valid Accuracy     : 0.8113 | 	Valid F1-score      : 0.7950

Epoch : 84
Train Loss     : 0.0982	 | 	Train Accuracy     : 0.9753
Valid Loss     : 0.5031	 | 	Valid Accuracy     : 0.8302 | 	Valid F1-score      : 0.8168

Epoch : 85
Train Loss     : 0.1099	 | 	Train Accuracy     : 0.9766
Valid Loss     : 0.5285	 | 	Valid Accuracy     : 0.8302 | 	Valid F1-score      : 0.8219

Epoch : 86
Train Loss     : 0.0790	 | 	Train Accuracy     : 0.9928
Valid Loss     : 0.5492	 | 	Valid Accuracy     : 0.8302 | 	Valid F1-score      : 0.8219

Epoch : 87
Train Loss     : 0.0694	 | 	Train Accuracy     : 0.9883
Valid Loss     : 0.5489	 | 	Valid Accuracy     : 0.8302 | 	Valid F1-score      : 0.8172

Epoch : 88
Train Loss     : 0.0777	 | 	Train Accuracy     : 0.9902
Valid Loss     : 0.5378	 | 	Valid Accuracy     : 0.8302 | 	Valid F1-score      : 0.8219

Epoch : 89
Train Loss     : 0.0578	 | 	Train Accuracy     : 0.9941
Valid Loss     : 0.5321	 | 	Valid Accuracy     : 0.8302 | 	Valid F1-score      : 0.8172

Epoch : 90
Train Loss     : 0.0732	 | 	Train Accuracy     : 0.9831
Valid Loss     : 0.5235	 | 	Valid Accuracy     : 0.8302 | 	Valid F1-score      : 0.8172

Epoch : 91
Train Loss     : 0.0632	 | 	Train Accuracy     : 0.9922
Valid Loss     : 0.5296	 | 	Valid Accuracy     : 0.8302 | 	Valid F1-score      : 0.8172

Epoch : 92
Train Loss     : 0.0589	 | 	Train Accuracy     : 0.9961
Valid Loss     : 0.5206	 | 	Valid Accuracy     : 0.8302 | 	Valid F1-score      : 0.8172

Epoch : 93
Train Loss     : 0.0654	 | 	Train Accuracy     : 0.9863
Valid Loss     : 0.5232	 | 	Valid Accuracy     : 0.8302 | 	Valid F1-score      : 0.8172

Epoch : 94
Train Loss     : 0.0702	 | 	Train Accuracy     : 0.9922
Valid Loss     : 0.5300	 | 	Valid Accuracy     : 0.8302 | 	Valid F1-score      : 0.8172

Epoch : 95
Train Loss     : 0.0625	 | 	Train Accuracy     : 0.9902
Valid Loss     : 0.5230	 | 	Valid Accuracy     : 0.8302 | 	Valid F1-score      : 0.8187

Epoch : 96
Train Loss     : 0.0594	 | 	Train Accuracy     : 0.9902
Valid Loss     : 0.5258	 | 	Valid Accuracy     : 0.8302 | 	Valid F1-score      : 0.8187

Epoch : 97
Train Loss     : 0.0625	 | 	Train Accuracy     : 0.9902
Valid Loss     : 0.5185	 | 	Valid Accuracy     : 0.8302 | 	Valid F1-score      : 0.8187

Epoch : 98
Train Loss     : 0.0664	 | 	Train Accuracy     : 0.9889
Valid Loss     : 0.5253	 | 	Valid Accuracy     : 0.8302 | 	Valid F1-score      : 0.8187

Epoch : 99
Train Loss     : 0.0574	 | 	Train Accuracy     : 0.9902
Valid Loss     : 0.5223	 | 	Valid Accuracy     : 0.8302 | 	Valid F1-score      : 0.8187

Epoch : 100
Train Loss     : 0.0596	 | 	Train Accuracy     : 0.9928
Valid Loss     : 0.5270	 | 	Valid Accuracy     : 0.8302 | 	Valid F1-score      : 0.8187

Evaluate on the Test set:
Test loss      :0.4060	 | Test Accuracy      : 0.8718	 | Test F1-score      : 0.8376

################## Training is Done! #########################
Training time is : 0:00:10.598717
