=============================================
Dataset: casas
Method:  Novel Human Activity
Mode:    fine_tune
=============================================
Data loaded ...
Training started ....

Epoch : 1
Train Loss     : 2.6975	 | 	Train Accuracy     : 0.0618
Valid Loss     : 2.6324	 | 	Valid Accuracy     : 0.1009 | 	Valid F1-score      : 0.0476

Epoch : 2
Train Loss     : 2.5728	 | 	Train Accuracy     : 0.1276
Valid Loss     : 2.5213	 | 	Valid Accuracy     : 0.2669 | 	Valid F1-score      : 0.2135

Epoch : 3
Train Loss     : 2.4467	 | 	Train Accuracy     : 0.3874
Valid Loss     : 2.4074	 | 	Valid Accuracy     : 0.4147 | 	Valid F1-score      : 0.3665

Epoch : 4
Train Loss     : 2.3340	 | 	Train Accuracy     : 0.5111
Valid Loss     : 2.3013	 | 	Valid Accuracy     : 0.5311 | 	Valid F1-score      : 0.4738

Epoch : 5
Train Loss     : 2.2159	 | 	Train Accuracy     : 0.6113
Valid Loss     : 2.1924	 | 	Valid Accuracy     : 0.5743 | 	Valid F1-score      : 0.5193

Epoch : 6
Train Loss     : 2.1008	 | 	Train Accuracy     : 0.6751
Valid Loss     : 2.0871	 | 	Valid Accuracy     : 0.6400 | 	Valid F1-score      : 0.5879

Epoch : 7
Train Loss     : 1.9881	 | 	Train Accuracy     : 0.7331
Valid Loss     : 1.9824	 | 	Valid Accuracy     : 0.7016 | 	Valid F1-score      : 0.6425

Epoch : 8
Train Loss     : 1.8761	 | 	Train Accuracy     : 0.7780
Valid Loss     : 1.8774	 | 	Valid Accuracy     : 0.7016 | 	Valid F1-score      : 0.6781

Epoch : 9
Train Loss     : 1.7741	 | 	Train Accuracy     : 0.7793
Valid Loss     : 1.7934	 | 	Valid Accuracy     : 0.7135 | 	Valid F1-score      : 0.6836

Epoch : 10
Train Loss     : 1.6835	 | 	Train Accuracy     : 0.8164
Valid Loss     : 1.6968	 | 	Valid Accuracy     : 0.7478 | 	Valid F1-score      : 0.7092

Epoch : 11
Train Loss     : 1.5901	 | 	Train Accuracy     : 0.8268
Valid Loss     : 1.6412	 | 	Valid Accuracy     : 0.7482 | 	Valid F1-score      : 0.7322

Epoch : 12
Train Loss     : 1.4993	 | 	Train Accuracy     : 0.8431
Valid Loss     : 1.5696	 | 	Valid Accuracy     : 0.7599 | 	Valid F1-score      : 0.7445

Epoch : 13
Train Loss     : 1.4347	 | 	Train Accuracy     : 0.8594
Valid Loss     : 1.4962	 | 	Valid Accuracy     : 0.7631 | 	Valid F1-score      : 0.7344

Epoch : 14
Train Loss     : 1.3538	 | 	Train Accuracy     : 0.8724
Valid Loss     : 1.4393	 | 	Valid Accuracy     : 0.7827 | 	Valid F1-score      : 0.7744

Epoch : 15
Train Loss     : 1.2737	 | 	Train Accuracy     : 0.9082
Valid Loss     : 1.3871	 | 	Valid Accuracy     : 0.8059 | 	Valid F1-score      : 0.7690

Epoch : 16
Train Loss     : 1.2212	 | 	Train Accuracy     : 0.9076
Valid Loss     : 1.3365	 | 	Valid Accuracy     : 0.8098 | 	Valid F1-score      : 0.7949

Epoch : 17
Train Loss     : 1.1604	 | 	Train Accuracy     : 0.9199
Valid Loss     : 1.2946	 | 	Valid Accuracy     : 0.8063 | 	Valid F1-score      : 0.7896

Epoch : 18
Train Loss     : 1.1138	 | 	Train Accuracy     : 0.9303
Valid Loss     : 1.2633	 | 	Valid Accuracy     : 0.8410 | 	Valid F1-score      : 0.8079

Epoch : 19
Train Loss     : 1.0480	 | 	Train Accuracy     : 0.9382
Valid Loss     : 1.2165	 | 	Valid Accuracy     : 0.8259 | 	Valid F1-score      : 0.8176

Epoch : 20
Train Loss     : 0.9894	 | 	Train Accuracy     : 0.9499
Valid Loss     : 1.1901	 | 	Valid Accuracy     : 0.8259 | 	Valid F1-score      : 0.7932

Epoch : 21
Train Loss     : 0.9476	 | 	Train Accuracy     : 0.9616
Valid Loss     : 1.1576	 | 	Valid Accuracy     : 0.8295 | 	Valid F1-score      : 0.8089

Epoch : 22
Train Loss     : 0.8990	 | 	Train Accuracy     : 0.9655
Valid Loss     : 1.1315	 | 	Valid Accuracy     : 0.8413 | 	Valid F1-score      : 0.8279

Epoch : 23
Train Loss     : 0.8679	 | 	Train Accuracy     : 0.9642
Valid Loss     : 1.0873	 | 	Valid Accuracy     : 0.8449 | 	Valid F1-score      : 0.8331

Epoch : 24
Train Loss     : 0.8231	 | 	Train Accuracy     : 0.9746
Valid Loss     : 1.0419	 | 	Valid Accuracy     : 0.8449 | 	Valid F1-score      : 0.8242

Epoch : 25
Train Loss     : 0.8011	 | 	Train Accuracy     : 0.9629
Valid Loss     : 1.0321	 | 	Valid Accuracy     : 0.8335 | 	Valid F1-score      : 0.8003

Epoch : 26
Train Loss     : 0.7564	 | 	Train Accuracy     : 0.9792
Valid Loss     : 1.0047	 | 	Valid Accuracy     : 0.8371 | 	Valid F1-score      : 0.8130

Epoch : 27
Train Loss     : 0.7174	 | 	Train Accuracy     : 0.9792
Valid Loss     : 0.9791	 | 	Valid Accuracy     : 0.8374 | 	Valid F1-score      : 0.8092

Epoch : 28
Train Loss     : 0.6835	 | 	Train Accuracy     : 0.9785
Valid Loss     : 0.9423	 | 	Valid Accuracy     : 0.8408 | 	Valid F1-score      : 0.8346

Epoch : 29
Train Loss     : 0.6606	 | 	Train Accuracy     : 0.9870
Valid Loss     : 0.9303	 | 	Valid Accuracy     : 0.8527 | 	Valid F1-score      : 0.8460

Epoch : 30
Train Loss     : 0.6291	 | 	Train Accuracy     : 0.9792
Valid Loss     : 0.9439	 | 	Valid Accuracy     : 0.8263 | 	Valid F1-score      : 0.8024

Epoch : 31
Train Loss     : 0.6032	 | 	Train Accuracy     : 0.9811
Valid Loss     : 0.9052	 | 	Valid Accuracy     : 0.8376 | 	Valid F1-score      : 0.8236

Epoch : 32
Train Loss     : 0.5773	 | 	Train Accuracy     : 0.9844
Valid Loss     : 0.8563	 | 	Valid Accuracy     : 0.8486 | 	Valid F1-score      : 0.8330

Epoch : 33
Train Loss     : 0.5519	 | 	Train Accuracy     : 0.9902
Valid Loss     : 0.8653	 | 	Valid Accuracy     : 0.8569 | 	Valid F1-score      : 0.8290

Epoch : 34
Train Loss     : 0.5350	 | 	Train Accuracy     : 0.9850
Valid Loss     : 0.8365	 | 	Valid Accuracy     : 0.8488 | 	Valid F1-score      : 0.8474

Epoch : 35
Train Loss     : 0.5045	 | 	Train Accuracy     : 0.9863
Valid Loss     : 0.8186	 | 	Valid Accuracy     : 0.8486 | 	Valid F1-score      : 0.8397

Epoch : 36
Train Loss     : 0.4820	 | 	Train Accuracy     : 0.9863
Valid Loss     : 0.8265	 | 	Valid Accuracy     : 0.8525 | 	Valid F1-score      : 0.8293

Epoch : 37
Train Loss     : 0.4809	 | 	Train Accuracy     : 0.9883
Valid Loss     : 0.8435	 | 	Valid Accuracy     : 0.8188 | 	Valid F1-score      : 0.7911

Epoch : 38
Train Loss     : 0.4528	 | 	Train Accuracy     : 0.9902
Valid Loss     : 0.7704	 | 	Valid Accuracy     : 0.8562 | 	Valid F1-score      : 0.8616

Epoch : 39
Train Loss     : 0.4338	 | 	Train Accuracy     : 0.9902
Valid Loss     : 0.7757	 | 	Valid Accuracy     : 0.8564 | 	Valid F1-score      : 0.8373

Epoch : 40
Train Loss     : 0.4148	 | 	Train Accuracy     : 0.9922
Valid Loss     : 0.7716	 | 	Valid Accuracy     : 0.8567 | 	Valid F1-score      : 0.8586

Epoch : 41
Train Loss     : 0.4027	 | 	Train Accuracy     : 0.9870
Valid Loss     : 0.7575	 | 	Valid Accuracy     : 0.8523 | 	Valid F1-score      : 0.8554

Epoch : 42
Train Loss     : 0.3863	 | 	Train Accuracy     : 0.9909
Valid Loss     : 0.7456	 | 	Valid Accuracy     : 0.8413 | 	Valid F1-score      : 0.8463

Epoch : 43
Train Loss     : 0.3665	 | 	Train Accuracy     : 0.9883
Valid Loss     : 0.7072	 | 	Valid Accuracy     : 0.8716 | 	Valid F1-score      : 0.8374

Epoch : 44
Train Loss     : 0.3495	 | 	Train Accuracy     : 0.9941
Valid Loss     : 0.6924	 | 	Valid Accuracy     : 0.8564 | 	Valid F1-score      : 0.8389

Epoch : 45
Train Loss     : 0.3425	 | 	Train Accuracy     : 0.9902
Valid Loss     : 0.7121	 | 	Valid Accuracy     : 0.8454 | 	Valid F1-score      : 0.8417

Epoch : 46
Train Loss     : 0.3286	 | 	Train Accuracy     : 0.9922
Valid Loss     : 0.7151	 | 	Valid Accuracy     : 0.8452 | 	Valid F1-score      : 0.8210

Epoch : 47
Train Loss     : 0.3150	 | 	Train Accuracy     : 0.9941
Valid Loss     : 0.7109	 | 	Valid Accuracy     : 0.8532 | 	Valid F1-score      : 0.8585

Epoch : 48
Train Loss     : 0.3061	 | 	Train Accuracy     : 0.9980
Valid Loss     : 0.6910	 | 	Valid Accuracy     : 0.8679 | 	Valid F1-score      : 0.8497

Epoch : 49
Train Loss     : 0.3028	 | 	Train Accuracy     : 0.9961
Valid Loss     : 0.7319	 | 	Valid Accuracy     : 0.8378 | 	Valid F1-score      : 0.8121

Epoch : 50
Train Loss     : 0.2878	 | 	Train Accuracy     : 0.9980
Valid Loss     : 0.6830	 | 	Valid Accuracy     : 0.8642 | 	Valid F1-score      : 0.8551

Epoch : 51
Train Loss     : 0.2783	 | 	Train Accuracy     : 0.9941
Valid Loss     : 0.7115	 | 	Valid Accuracy     : 0.8454 | 	Valid F1-score      : 0.8312

Epoch : 52
Train Loss     : 0.2593	 | 	Train Accuracy     : 1.0000
Valid Loss     : 0.6738	 | 	Valid Accuracy     : 0.8449 | 	Valid F1-score      : 0.8152

Epoch : 53
Train Loss     : 0.2532	 | 	Train Accuracy     : 0.9980
Valid Loss     : 0.6393	 | 	Valid Accuracy     : 0.8684 | 	Valid F1-score      : 0.8563

Epoch : 54
Train Loss     : 0.2407	 | 	Train Accuracy     : 0.9980
Valid Loss     : 0.6550	 | 	Valid Accuracy     : 0.8645 | 	Valid F1-score      : 0.8376

Epoch : 55
Train Loss     : 0.2341	 | 	Train Accuracy     : 0.9909
Valid Loss     : 0.7111	 | 	Valid Accuracy     : 0.8378 | 	Valid F1-score      : 0.8064

Epoch : 56
Train Loss     : 0.2272	 | 	Train Accuracy     : 0.9980
Valid Loss     : 0.6960	 | 	Valid Accuracy     : 0.8496 | 	Valid F1-score      : 0.7751

Epoch : 57
Train Loss     : 0.2142	 | 	Train Accuracy     : 0.9980
Valid Loss     : 0.6326	 | 	Valid Accuracy     : 0.8638 | 	Valid F1-score      : 0.8557

Epoch : 58
Train Loss     : 0.2064	 | 	Train Accuracy     : 1.0000
Valid Loss     : 0.6511	 | 	Valid Accuracy     : 0.8523 | 	Valid F1-score      : 0.8365

Epoch : 59
Train Loss     : 0.2040	 | 	Train Accuracy     : 0.9980
Valid Loss     : 0.6191	 | 	Valid Accuracy     : 0.8527 | 	Valid F1-score      : 0.8272

Epoch : 60
Train Loss     : 0.2013	 | 	Train Accuracy     : 0.9948
Valid Loss     : 0.6310	 | 	Valid Accuracy     : 0.8371 | 	Valid F1-score      : 0.8243

Epoch : 61
Train Loss     : 0.1965	 | 	Train Accuracy     : 0.9909
Valid Loss     : 0.7004	 | 	Valid Accuracy     : 0.8263 | 	Valid F1-score      : 0.7896

Epoch : 62
Train Loss     : 0.1837	 | 	Train Accuracy     : 0.9980
Valid Loss     : 0.6069	 | 	Valid Accuracy     : 0.8562 | 	Valid F1-score      : 0.8541

Epoch : 63
Train Loss     : 0.1773	 | 	Train Accuracy     : 1.0000
Valid Loss     : 0.6083	 | 	Valid Accuracy     : 0.8601 | 	Valid F1-score      : 0.8314

Epoch : 64
Train Loss     : 0.1697	 | 	Train Accuracy     : 0.9980
Valid Loss     : 0.6493	 | 	Valid Accuracy     : 0.8415 | 	Valid F1-score      : 0.8116

Epoch : 65
Train Loss     : 0.1637	 | 	Train Accuracy     : 0.9980
Valid Loss     : 0.6687	 | 	Valid Accuracy     : 0.8378 | 	Valid F1-score      : 0.8163

Epoch : 66
Train Loss     : 0.1588	 | 	Train Accuracy     : 0.9980
Valid Loss     : 0.6190	 | 	Valid Accuracy     : 0.8527 | 	Valid F1-score      : 0.8384

Epoch : 67
Train Loss     : 0.1519	 | 	Train Accuracy     : 1.0000
Valid Loss     : 0.6133	 | 	Valid Accuracy     : 0.8413 | 	Valid F1-score      : 0.8400

Epoch : 68
Train Loss     : 0.1449	 | 	Train Accuracy     : 1.0000
Valid Loss     : 0.6263	 | 	Valid Accuracy     : 0.8413 | 	Valid F1-score      : 0.8258

Epoch : 69
Train Loss     : 0.1516	 | 	Train Accuracy     : 0.9948
Valid Loss     : 0.5957	 | 	Valid Accuracy     : 0.8527 | 	Valid F1-score      : 0.8325

Epoch : 70
Train Loss     : 0.1380	 | 	Train Accuracy     : 1.0000
Valid Loss     : 0.6507	 | 	Valid Accuracy     : 0.8300 | 	Valid F1-score      : 0.8039

Epoch : 71
Train Loss     : 0.1355	 | 	Train Accuracy     : 0.9980
Valid Loss     : 0.6281	 | 	Valid Accuracy     : 0.8488 | 	Valid F1-score      : 0.8133

Epoch : 72
Train Loss     : 0.1339	 | 	Train Accuracy     : 0.9980
Valid Loss     : 0.5727	 | 	Valid Accuracy     : 0.8718 | 	Valid F1-score      : 0.8330

Epoch : 73
Train Loss     : 0.1322	 | 	Train Accuracy     : 0.9928
Valid Loss     : 0.5655	 | 	Valid Accuracy     : 0.8564 | 	Valid F1-score      : 0.8406

Epoch : 74
Train Loss     : 0.1243	 | 	Train Accuracy     : 0.9980
Valid Loss     : 0.6225	 | 	Valid Accuracy     : 0.8337 | 	Valid F1-score      : 0.8374

Epoch : 75
Train Loss     : 0.1247	 | 	Train Accuracy     : 0.9980
Valid Loss     : 0.6182	 | 	Valid Accuracy     : 0.8452 | 	Valid F1-score      : 0.8279

Epoch : 76
Train Loss     : 0.1163	 | 	Train Accuracy     : 0.9980
Valid Loss     : 0.5759	 | 	Valid Accuracy     : 0.8488 | 	Valid F1-score      : 0.8320

Epoch : 77
Train Loss     : 0.1094	 | 	Train Accuracy     : 1.0000
Valid Loss     : 0.5863	 | 	Valid Accuracy     : 0.8484 | 	Valid F1-score      : 0.8013

Epoch : 78
Train Loss     : 0.1059	 | 	Train Accuracy     : 1.0000
Valid Loss     : 0.5766	 | 	Valid Accuracy     : 0.8567 | 	Valid F1-score      : 0.8408

Epoch : 79
Train Loss     : 0.1028	 | 	Train Accuracy     : 1.0000
Valid Loss     : 0.5800	 | 	Valid Accuracy     : 0.8488 | 	Valid F1-score      : 0.8343

Epoch : 80
Train Loss     : 0.1023	 | 	Train Accuracy     : 0.9980
Valid Loss     : 0.5932	 | 	Valid Accuracy     : 0.8374 | 	Valid F1-score      : 0.8211

Epoch : 81
Train Loss     : 0.1058	 | 	Train Accuracy     : 0.9980
Valid Loss     : 0.5647	 | 	Valid Accuracy     : 0.8679 | 	Valid F1-score      : 0.8663

Epoch : 82
Train Loss     : 0.0982	 | 	Train Accuracy     : 0.9980
Valid Loss     : 0.6405	 | 	Valid Accuracy     : 0.8300 | 	Valid F1-score      : 0.8050

Epoch : 83
Train Loss     : 0.0990	 | 	Train Accuracy     : 0.9980
Valid Loss     : 0.5985	 | 	Valid Accuracy     : 0.8337 | 	Valid F1-score      : 0.8031

Epoch : 84
Train Loss     : 0.0896	 | 	Train Accuracy     : 1.0000
Valid Loss     : 0.6007	 | 	Valid Accuracy     : 0.8530 | 	Valid F1-score      : 0.8500

Epoch : 85
Train Loss     : 0.0873	 | 	Train Accuracy     : 1.0000
Valid Loss     : 0.5709	 | 	Valid Accuracy     : 0.8603 | 	Valid F1-score      : 0.8530

Epoch : 86
Train Loss     : 0.0848	 | 	Train Accuracy     : 1.0000
Valid Loss     : 0.6039	 | 	Valid Accuracy     : 0.8530 | 	Valid F1-score      : 0.8266

Epoch : 87
Train Loss     : 0.0824	 | 	Train Accuracy     : 1.0000
Valid Loss     : 0.5816	 | 	Valid Accuracy     : 0.8564 | 	Valid F1-score      : 0.8582

Epoch : 88
Train Loss     : 0.0788	 | 	Train Accuracy     : 1.0000
Valid Loss     : 0.6066	 | 	Valid Accuracy     : 0.8415 | 	Valid F1-score      : 0.8340

Epoch : 89
Train Loss     : 0.0759	 | 	Train Accuracy     : 1.0000
Valid Loss     : 0.6337	 | 	Valid Accuracy     : 0.8266 | 	Valid F1-score      : 0.8063

Epoch : 90
Train Loss     : 0.0749	 | 	Train Accuracy     : 1.0000
Valid Loss     : 0.5863	 | 	Valid Accuracy     : 0.8567 | 	Valid F1-score      : 0.8465

Epoch : 91
Train Loss     : 0.0715	 | 	Train Accuracy     : 1.0000
Valid Loss     : 0.6149	 | 	Valid Accuracy     : 0.8339 | 	Valid F1-score      : 0.7926

Epoch : 92
Train Loss     : 0.0705	 | 	Train Accuracy     : 1.0000
Valid Loss     : 0.5595	 | 	Valid Accuracy     : 0.8486 | 	Valid F1-score      : 0.8448

Epoch : 93
Train Loss     : 0.0731	 | 	Train Accuracy     : 0.9980
Valid Loss     : 0.5770	 | 	Valid Accuracy     : 0.8486 | 	Valid F1-score      : 0.8167

Epoch : 94
Train Loss     : 0.0745	 | 	Train Accuracy     : 0.9961
Valid Loss     : 0.6364	 | 	Valid Accuracy     : 0.8530 | 	Valid F1-score      : 0.8169

Epoch : 95
Train Loss     : 0.0724	 | 	Train Accuracy     : 0.9980
Valid Loss     : 0.6211	 | 	Valid Accuracy     : 0.8452 | 	Valid F1-score      : 0.8049

Epoch : 96
Train Loss     : 0.0684	 | 	Train Accuracy     : 0.9980
Valid Loss     : 0.5900	 | 	Valid Accuracy     : 0.8564 | 	Valid F1-score      : 0.8233

Epoch : 97
Train Loss     : 0.0610	 | 	Train Accuracy     : 1.0000
Valid Loss     : 0.5579	 | 	Valid Accuracy     : 0.8718 | 	Valid F1-score      : 0.8692

Epoch : 98
Train Loss     : 0.0602	 | 	Train Accuracy     : 1.0000
Valid Loss     : 0.5878	 | 	Valid Accuracy     : 0.8452 | 	Valid F1-score      : 0.8161

Epoch : 99
Train Loss     : 0.0579	 | 	Train Accuracy     : 1.0000
Valid Loss     : 0.5427	 | 	Valid Accuracy     : 0.8642 | 	Valid F1-score      : 0.8336

Epoch : 100
Train Loss     : 0.0588	 | 	Train Accuracy     : 1.0000
Valid Loss     : 0.5096	 | 	Valid Accuracy     : 0.8640 | 	Valid F1-score      : 0.8384

Evaluate on the Test set:
Test loss      :0.5339	 | Test Accuracy      : 0.8684	 | Test F1-score      : 0.8331

################## Training is Done! #########################
Training time is : 0:00:26.354796
