=============================================
Dataset: lapras
Method:  TS-TCC
Mode:    fine_tune
=============================================
Data loaded ...
Training started ....

Epoch : 1
Train Loss     : 1.1724	 | 	Train Accuracy     : 0.5000
Valid Loss     : 1.2058	 | 	Valid Accuracy     : 0.4595 | 	Valid F1-score      : 0.3286

Epoch : 2
Train Loss     : 0.8541	 | 	Train Accuracy     : 0.6901
Valid Loss     : 1.0237	 | 	Valid Accuracy     : 0.6216 | 	Valid F1-score      : 0.6092

Epoch : 3
Train Loss     : 0.6539	 | 	Train Accuracy     : 0.7943
Valid Loss     : 0.8640	 | 	Valid Accuracy     : 0.7568 | 	Valid F1-score      : 0.7502

Epoch : 4
Train Loss     : 0.5380	 | 	Train Accuracy     : 0.8750
Valid Loss     : 0.7989	 | 	Valid Accuracy     : 0.7568 | 	Valid F1-score      : 0.7385

Epoch : 5
Train Loss     : 0.5127	 | 	Train Accuracy     : 0.8542
Valid Loss     : 0.6979	 | 	Valid Accuracy     : 0.7838 | 	Valid F1-score      : 0.7729

Epoch : 6
Train Loss     : 0.4436	 | 	Train Accuracy     : 0.8542
Valid Loss     : 0.6667	 | 	Valid Accuracy     : 0.8108 | 	Valid F1-score      : 0.8026

Epoch : 7
Train Loss     : 0.2936	 | 	Train Accuracy     : 0.9557
Valid Loss     : 0.5977	 | 	Valid Accuracy     : 0.8649 | 	Valid F1-score      : 0.8595

Epoch : 8
Train Loss     : 0.2720	 | 	Train Accuracy     : 0.9609
Valid Loss     : 0.5609	 | 	Valid Accuracy     : 0.8919 | 	Valid F1-score      : 0.8831

Epoch : 9
Train Loss     : 0.5567	 | 	Train Accuracy     : 0.8411
Valid Loss     : 0.5583	 | 	Valid Accuracy     : 0.8919 | 	Valid F1-score      : 0.8831

Epoch : 10
Train Loss     : 0.3600	 | 	Train Accuracy     : 0.9219
Valid Loss     : 0.6518	 | 	Valid Accuracy     : 0.8108 | 	Valid F1-score      : 0.8098

Epoch : 11
Train Loss     : 0.3314	 | 	Train Accuracy     : 0.8646
Valid Loss     : 0.6011	 | 	Valid Accuracy     : 0.8378 | 	Valid F1-score      : 0.8345

Epoch : 12
Train Loss     : 0.1868	 | 	Train Accuracy     : 0.9505
Valid Loss     : 0.6027	 | 	Valid Accuracy     : 0.8108 | 	Valid F1-score      : 0.8094

Epoch : 13
Train Loss     : 0.2847	 | 	Train Accuracy     : 0.8620
Valid Loss     : 0.6168	 | 	Valid Accuracy     : 0.8108 | 	Valid F1-score      : 0.8094

Epoch : 14
Train Loss     : 0.2997	 | 	Train Accuracy     : 0.8776
Valid Loss     : 0.5598	 | 	Valid Accuracy     : 0.8378 | 	Valid F1-score      : 0.8345

Epoch : 15
Train Loss     : 0.4153	 | 	Train Accuracy     : 0.8802
Valid Loss     : 0.4899	 | 	Valid Accuracy     : 0.8649 | 	Valid F1-score      : 0.8581

Epoch : 16
Train Loss     : 0.2512	 | 	Train Accuracy     : 0.8854
Valid Loss     : 0.4684	 | 	Valid Accuracy     : 0.8919 | 	Valid F1-score      : 0.8831

Epoch : 17
Train Loss     : 0.2960	 | 	Train Accuracy     : 0.8932
Valid Loss     : 0.4578	 | 	Valid Accuracy     : 0.8919 | 	Valid F1-score      : 0.8831

Epoch : 18
Train Loss     : 0.1418	 | 	Train Accuracy     : 0.9766
Valid Loss     : 0.4311	 | 	Valid Accuracy     : 0.8919 | 	Valid F1-score      : 0.8886

Epoch : 19
Train Loss     : 0.3222	 | 	Train Accuracy     : 0.8464
Valid Loss     : 0.4390	 | 	Valid Accuracy     : 0.8919 | 	Valid F1-score      : 0.8886

Epoch : 20
Train Loss     : 0.1991	 | 	Train Accuracy     : 0.9297
Valid Loss     : 0.5236	 | 	Valid Accuracy     : 0.8378 | 	Valid F1-score      : 0.8345

Epoch : 21
Train Loss     : 0.2071	 | 	Train Accuracy     : 0.9245
Valid Loss     : 0.5211	 | 	Valid Accuracy     : 0.8378 | 	Valid F1-score      : 0.8345

Epoch : 22
Train Loss     : 0.1816	 | 	Train Accuracy     : 0.9661
Valid Loss     : 0.5312	 | 	Valid Accuracy     : 0.8378 | 	Valid F1-score      : 0.8345

Epoch : 23
Train Loss     : 0.1339	 | 	Train Accuracy     : 0.9740
Valid Loss     : 0.4872	 | 	Valid Accuracy     : 0.8378 | 	Valid F1-score      : 0.8345

Epoch : 24
Train Loss     : 0.1121	 | 	Train Accuracy     : 0.9792
Valid Loss     : 0.4595	 | 	Valid Accuracy     : 0.8919 | 	Valid F1-score      : 0.8886

Epoch : 25
Train Loss     : 0.1648	 | 	Train Accuracy     : 0.9766
Valid Loss     : 0.4402	 | 	Valid Accuracy     : 0.8919 | 	Valid F1-score      : 0.8886

Epoch : 26
Train Loss     : 0.1258	 | 	Train Accuracy     : 0.9661
Valid Loss     : 0.4618	 | 	Valid Accuracy     : 0.8919 | 	Valid F1-score      : 0.8886

Epoch : 27
Train Loss     : 0.1706	 | 	Train Accuracy     : 0.9661
Valid Loss     : 0.4722	 | 	Valid Accuracy     : 0.8919 | 	Valid F1-score      : 0.8886

Epoch : 28
Train Loss     : 0.2985	 | 	Train Accuracy     : 0.8099
Valid Loss     : 0.4428	 | 	Valid Accuracy     : 0.8649 | 	Valid F1-score      : 0.8642

Epoch : 29
Train Loss     : 0.1483	 | 	Train Accuracy     : 0.9245
Valid Loss     : 0.4076	 | 	Valid Accuracy     : 0.8919 | 	Valid F1-score      : 0.8886

Epoch : 30
Train Loss     : 0.1042	 | 	Train Accuracy     : 0.9766
Valid Loss     : 0.4336	 | 	Valid Accuracy     : 0.8919 | 	Valid F1-score      : 0.8886

Epoch : 31
Train Loss     : 0.1293	 | 	Train Accuracy     : 0.9766
Valid Loss     : 0.4451	 | 	Valid Accuracy     : 0.8919 | 	Valid F1-score      : 0.8886

Epoch : 32
Train Loss     : 0.1969	 | 	Train Accuracy     : 0.9323
Valid Loss     : 0.4477	 | 	Valid Accuracy     : 0.8919 | 	Valid F1-score      : 0.8886

Epoch : 33
Train Loss     : 0.0931	 | 	Train Accuracy     : 0.9766
Valid Loss     : 0.4840	 | 	Valid Accuracy     : 0.8649 | 	Valid F1-score      : 0.8581

Epoch : 34
Train Loss     : 0.0900	 | 	Train Accuracy     : 0.9792
Valid Loss     : 0.4949	 | 	Valid Accuracy     : 0.8649 | 	Valid F1-score      : 0.8581

Epoch : 35
Train Loss     : 0.1129	 | 	Train Accuracy     : 0.9766
Valid Loss     : 0.4763	 | 	Valid Accuracy     : 0.8919 | 	Valid F1-score      : 0.8886

Epoch : 36
Train Loss     : 0.1116	 | 	Train Accuracy     : 0.9740
Valid Loss     : 0.4596	 | 	Valid Accuracy     : 0.8919 | 	Valid F1-score      : 0.8886

Epoch : 37
Train Loss     : 0.1208	 | 	Train Accuracy     : 0.9401
Valid Loss     : 0.4949	 | 	Valid Accuracy     : 0.8919 | 	Valid F1-score      : 0.8886

Epoch : 38
Train Loss     : 0.0783	 | 	Train Accuracy     : 0.9766
Valid Loss     : 0.5477	 | 	Valid Accuracy     : 0.8649 | 	Valid F1-score      : 0.8581

Epoch : 39
Train Loss     : 0.0841	 | 	Train Accuracy     : 0.9714
Valid Loss     : 0.5275	 | 	Valid Accuracy     : 0.8919 | 	Valid F1-score      : 0.8886

Epoch : 40
Train Loss     : 0.0829	 | 	Train Accuracy     : 0.9896
Valid Loss     : 0.4749	 | 	Valid Accuracy     : 0.8919 | 	Valid F1-score      : 0.8886

Epoch : 41
Train Loss     : 0.0708	 | 	Train Accuracy     : 0.9844
Valid Loss     : 0.4857	 | 	Valid Accuracy     : 0.8919 | 	Valid F1-score      : 0.8886

Epoch : 42
Train Loss     : 0.0730	 | 	Train Accuracy     : 0.9792
Valid Loss     : 0.4734	 | 	Valid Accuracy     : 0.8919 | 	Valid F1-score      : 0.8886

Epoch : 43
Train Loss     : 0.0726	 | 	Train Accuracy     : 0.9792
Valid Loss     : 0.4582	 | 	Valid Accuracy     : 0.8919 | 	Valid F1-score      : 0.8886

Epoch : 44
Train Loss     : 0.0825	 | 	Train Accuracy     : 0.9792
Valid Loss     : 0.4623	 | 	Valid Accuracy     : 0.8919 | 	Valid F1-score      : 0.8886

Epoch : 45
Train Loss     : 0.0693	 | 	Train Accuracy     : 0.9844
Valid Loss     : 0.4585	 | 	Valid Accuracy     : 0.8919 | 	Valid F1-score      : 0.8886

Epoch : 46
Train Loss     : 0.0735	 | 	Train Accuracy     : 0.9818
Valid Loss     : 0.4641	 | 	Valid Accuracy     : 0.8919 | 	Valid F1-score      : 0.8886

Epoch : 47
Train Loss     : 0.0858	 | 	Train Accuracy     : 0.9844
Valid Loss     : 0.4780	 | 	Valid Accuracy     : 0.8919 | 	Valid F1-score      : 0.8886

Epoch : 48
Train Loss     : 0.3200	 | 	Train Accuracy     : 0.8542
Valid Loss     : 0.4569	 | 	Valid Accuracy     : 0.9189 | 	Valid F1-score      : 0.9143

Epoch : 49
Train Loss     : 0.2797	 | 	Train Accuracy     : 0.9401
Valid Loss     : 0.4561	 | 	Valid Accuracy     : 0.8919 | 	Valid F1-score      : 0.8886

Epoch : 50
Train Loss     : 0.0705	 | 	Train Accuracy     : 0.9792
Valid Loss     : 0.4388	 | 	Valid Accuracy     : 0.8919 | 	Valid F1-score      : 0.8886

Epoch : 51
Train Loss     : 0.1276	 | 	Train Accuracy     : 0.9453
Valid Loss     : 0.4301	 | 	Valid Accuracy     : 0.9189 | 	Valid F1-score      : 0.9143

Epoch : 52
Train Loss     : 0.1810	 | 	Train Accuracy     : 0.9375
Valid Loss     : 0.4461	 | 	Valid Accuracy     : 0.9189 | 	Valid F1-score      : 0.9143

Epoch : 53
Train Loss     : 0.1371	 | 	Train Accuracy     : 0.9427
Valid Loss     : 0.4519	 | 	Valid Accuracy     : 0.8919 | 	Valid F1-score      : 0.8886

Epoch : 54
Train Loss     : 0.0689	 | 	Train Accuracy     : 0.9792
Valid Loss     : 0.4694	 | 	Valid Accuracy     : 0.8919 | 	Valid F1-score      : 0.8886

Epoch : 55
Train Loss     : 0.0701	 | 	Train Accuracy     : 0.9844
Valid Loss     : 0.4666	 | 	Valid Accuracy     : 0.8919 | 	Valid F1-score      : 0.8886

Epoch : 56
Train Loss     : 0.2054	 | 	Train Accuracy     : 0.9036
Valid Loss     : 0.4509	 | 	Valid Accuracy     : 0.9189 | 	Valid F1-score      : 0.9143

Epoch : 57
Train Loss     : 0.2128	 | 	Train Accuracy     : 0.9401
Valid Loss     : 0.4353	 | 	Valid Accuracy     : 0.9189 | 	Valid F1-score      : 0.9143

Epoch : 58
Train Loss     : 0.0885	 | 	Train Accuracy     : 0.9870
Valid Loss     : 0.4587	 | 	Valid Accuracy     : 0.9189 | 	Valid F1-score      : 0.9143

Epoch : 59
Train Loss     : 0.0725	 | 	Train Accuracy     : 0.9844
Valid Loss     : 0.4704	 | 	Valid Accuracy     : 0.8919 | 	Valid F1-score      : 0.8886

Epoch : 60
Train Loss     : 0.0707	 | 	Train Accuracy     : 0.9870
Valid Loss     : 0.4762	 | 	Valid Accuracy     : 0.8919 | 	Valid F1-score      : 0.8886

Epoch : 61
Train Loss     : 0.2107	 | 	Train Accuracy     : 0.8958
Valid Loss     : 0.4554	 | 	Valid Accuracy     : 0.8919 | 	Valid F1-score      : 0.8886

Epoch : 62
Train Loss     : 0.0739	 | 	Train Accuracy     : 0.9844
Valid Loss     : 0.4725	 | 	Valid Accuracy     : 0.8919 | 	Valid F1-score      : 0.8886

Epoch : 63
Train Loss     : 0.1400	 | 	Train Accuracy     : 0.9010
Valid Loss     : 0.4524	 | 	Valid Accuracy     : 0.8919 | 	Valid F1-score      : 0.8886

Epoch : 64
Train Loss     : 0.1169	 | 	Train Accuracy     : 0.9818
Valid Loss     : 0.4400	 | 	Valid Accuracy     : 0.8919 | 	Valid F1-score      : 0.8886

Epoch : 65
Train Loss     : 0.0913	 | 	Train Accuracy     : 0.9870
Valid Loss     : 0.4384	 | 	Valid Accuracy     : 0.8919 | 	Valid F1-score      : 0.8886

Epoch : 66
Train Loss     : 0.0716	 | 	Train Accuracy     : 0.9818
Valid Loss     : 0.4672	 | 	Valid Accuracy     : 0.8919 | 	Valid F1-score      : 0.8886

Epoch : 67
Train Loss     : 0.0793	 | 	Train Accuracy     : 0.9844
Valid Loss     : 0.4514	 | 	Valid Accuracy     : 0.8919 | 	Valid F1-score      : 0.8886

Epoch : 68
Train Loss     : 0.1854	 | 	Train Accuracy     : 0.9479
Valid Loss     : 0.4674	 | 	Valid Accuracy     : 0.8919 | 	Valid F1-score      : 0.8886

Epoch : 69
Train Loss     : 0.1077	 | 	Train Accuracy     : 0.9766
Valid Loss     : 0.4389	 | 	Valid Accuracy     : 0.8919 | 	Valid F1-score      : 0.8886

Epoch : 70
Train Loss     : 0.0745	 | 	Train Accuracy     : 0.9870
Valid Loss     : 0.4631	 | 	Valid Accuracy     : 0.8919 | 	Valid F1-score      : 0.8886

Epoch : 71
Train Loss     : 0.0897	 | 	Train Accuracy     : 0.9766
Valid Loss     : 0.4539	 | 	Valid Accuracy     : 0.8919 | 	Valid F1-score      : 0.8886

Epoch : 72
Train Loss     : 0.0687	 | 	Train Accuracy     : 0.9870
Valid Loss     : 0.4565	 | 	Valid Accuracy     : 0.8919 | 	Valid F1-score      : 0.8886

Epoch : 73
Train Loss     : 0.0778	 | 	Train Accuracy     : 0.9844
Valid Loss     : 0.4752	 | 	Valid Accuracy     : 0.8919 | 	Valid F1-score      : 0.8886

Epoch : 74
Train Loss     : 0.0720	 | 	Train Accuracy     : 0.9870
Valid Loss     : 0.4779	 | 	Valid Accuracy     : 0.8919 | 	Valid F1-score      : 0.8886

Epoch : 75
Train Loss     : 0.0712	 | 	Train Accuracy     : 0.9818
Valid Loss     : 0.4496	 | 	Valid Accuracy     : 0.8919 | 	Valid F1-score      : 0.8886

Epoch : 76
Train Loss     : 0.0744	 | 	Train Accuracy     : 0.9792
Valid Loss     : 0.4470	 | 	Valid Accuracy     : 0.8919 | 	Valid F1-score      : 0.8886

Epoch : 77
Train Loss     : 0.1025	 | 	Train Accuracy     : 0.9870
Valid Loss     : 0.4505	 | 	Valid Accuracy     : 0.8919 | 	Valid F1-score      : 0.8886

Epoch : 78
Train Loss     : 0.0969	 | 	Train Accuracy     : 0.9453
Valid Loss     : 0.4390	 | 	Valid Accuracy     : 0.8919 | 	Valid F1-score      : 0.8886

Epoch : 79
Train Loss     : 0.0718	 | 	Train Accuracy     : 0.9844
Valid Loss     : 0.4417	 | 	Valid Accuracy     : 0.9189 | 	Valid F1-score      : 0.9143

Epoch : 80
Train Loss     : 0.0779	 | 	Train Accuracy     : 0.9818
Valid Loss     : 0.4327	 | 	Valid Accuracy     : 0.8919 | 	Valid F1-score      : 0.8886

Epoch : 81
Train Loss     : 0.0855	 | 	Train Accuracy     : 0.9896
Valid Loss     : 0.4397	 | 	Valid Accuracy     : 0.8919 | 	Valid F1-score      : 0.8886

Epoch : 82
Train Loss     : 0.0853	 | 	Train Accuracy     : 0.9818
Valid Loss     : 0.4246	 | 	Valid Accuracy     : 0.9189 | 	Valid F1-score      : 0.9143

Epoch : 83
Train Loss     : 0.0787	 | 	Train Accuracy     : 0.9818
Valid Loss     : 0.4487	 | 	Valid Accuracy     : 0.8919 | 	Valid F1-score      : 0.8886

Epoch : 84
Train Loss     : 0.0733	 | 	Train Accuracy     : 0.9870
Valid Loss     : 0.4503	 | 	Valid Accuracy     : 0.8919 | 	Valid F1-score      : 0.8886

Epoch : 85
Train Loss     : 0.0726	 | 	Train Accuracy     : 0.9870
Valid Loss     : 0.4366	 | 	Valid Accuracy     : 0.8919 | 	Valid F1-score      : 0.8886

Epoch : 86
Train Loss     : 0.0663	 | 	Train Accuracy     : 0.9818
Valid Loss     : 0.4401	 | 	Valid Accuracy     : 0.8919 | 	Valid F1-score      : 0.8886

Epoch : 87
Train Loss     : 0.0727	 | 	Train Accuracy     : 0.9844
Valid Loss     : 0.4454	 | 	Valid Accuracy     : 0.8919 | 	Valid F1-score      : 0.8886

Epoch : 88
Train Loss     : 0.0924	 | 	Train Accuracy     : 0.9818
Valid Loss     : 0.4731	 | 	Valid Accuracy     : 0.8919 | 	Valid F1-score      : 0.8886

Epoch : 89
Train Loss     : 0.0728	 | 	Train Accuracy     : 0.9896
Valid Loss     : 0.4897	 | 	Valid Accuracy     : 0.8919 | 	Valid F1-score      : 0.8886

Epoch : 90
Train Loss     : 0.2215	 | 	Train Accuracy     : 0.9427
Valid Loss     : 0.4608	 | 	Valid Accuracy     : 0.8919 | 	Valid F1-score      : 0.8886

Epoch : 91
Train Loss     : 0.1701	 | 	Train Accuracy     : 0.9427
Valid Loss     : 0.4412	 | 	Valid Accuracy     : 0.9189 | 	Valid F1-score      : 0.9143

Epoch : 92
Train Loss     : 0.0700	 | 	Train Accuracy     : 0.9870
Valid Loss     : 0.4454	 | 	Valid Accuracy     : 0.8919 | 	Valid F1-score      : 0.8886

Epoch : 93
Train Loss     : 0.2731	 | 	Train Accuracy     : 0.9036
Valid Loss     : 0.4178	 | 	Valid Accuracy     : 0.9189 | 	Valid F1-score      : 0.9143

Epoch : 94
Train Loss     : 0.1042	 | 	Train Accuracy     : 0.9792
Valid Loss     : 0.4044	 | 	Valid Accuracy     : 0.9189 | 	Valid F1-score      : 0.9143

Epoch : 95
Train Loss     : 0.1599	 | 	Train Accuracy     : 0.9453
Valid Loss     : 0.4492	 | 	Valid Accuracy     : 0.8919 | 	Valid F1-score      : 0.8886

Epoch : 96
Train Loss     : 0.1023	 | 	Train Accuracy     : 0.9844
Valid Loss     : 0.4460	 | 	Valid Accuracy     : 0.8919 | 	Valid F1-score      : 0.8886

Epoch : 97
Train Loss     : 0.1025	 | 	Train Accuracy     : 0.9401
Valid Loss     : 0.4521	 | 	Valid Accuracy     : 0.8919 | 	Valid F1-score      : 0.8886

Epoch : 98
Train Loss     : 0.0948	 | 	Train Accuracy     : 0.9844
Valid Loss     : 0.4589	 | 	Valid Accuracy     : 0.8919 | 	Valid F1-score      : 0.8886

Epoch : 99
Train Loss     : 0.1248	 | 	Train Accuracy     : 0.9427
Valid Loss     : 0.4520	 | 	Valid Accuracy     : 0.9189 | 	Valid F1-score      : 0.9143

Epoch : 100
Train Loss     : 0.2358	 | 	Train Accuracy     : 0.9401
Valid Loss     : 0.4642	 | 	Valid Accuracy     : 0.8919 | 	Valid F1-score      : 0.8886

Evaluate on the Test set:
Test loss      :0.1537	 | Test Accuracy      : 0.9688	 | Test F1-score      : 0.9704

################## Training is Done! #########################
Training time is : 0:00:25.819802
