=============================================
Dataset: lapras
Method:  Novel Human Activity
Mode:    fine_tune
=============================================
Data loaded ...
Training started ....

Epoch : 1
Train Loss     : 1.3977	 | 	Train Accuracy     : 0.3255
Valid Loss     : 1.2973	 | 	Valid Accuracy     : 0.5556 | 	Valid F1-score      : 0.4498

Epoch : 2
Train Loss     : 1.2573	 | 	Train Accuracy     : 0.6094
Valid Loss     : 1.2143	 | 	Valid Accuracy     : 0.6740 | 	Valid F1-score      : 0.5823

Epoch : 3
Train Loss     : 1.2136	 | 	Train Accuracy     : 0.5807
Valid Loss     : 1.1342	 | 	Valid Accuracy     : 0.7469 | 	Valid F1-score      : 0.7090

Epoch : 4
Train Loss     : 1.1435	 | 	Train Accuracy     : 0.7812
Valid Loss     : 1.0445	 | 	Valid Accuracy     : 0.9167 | 	Valid F1-score      : 0.9052

Epoch : 5
Train Loss     : 1.0681	 | 	Train Accuracy     : 0.8516
Valid Loss     : 0.9889	 | 	Valid Accuracy     : 0.9304 | 	Valid F1-score      : 0.9278

Epoch : 6
Train Loss     : 0.9900	 | 	Train Accuracy     : 0.9635
Valid Loss     : 0.9303	 | 	Valid Accuracy     : 0.9635 | 	Valid F1-score      : 0.9640

Epoch : 7
Train Loss     : 0.9409	 | 	Train Accuracy     : 0.9766
Valid Loss     : 0.8533	 | 	Valid Accuracy     : 0.9597 | 	Valid F1-score      : 0.9627

Epoch : 8
Train Loss     : 0.8966	 | 	Train Accuracy     : 0.9349
Valid Loss     : 0.7900	 | 	Valid Accuracy     : 0.9792 | 	Valid F1-score      : 0.9771

Epoch : 9
Train Loss     : 0.8216	 | 	Train Accuracy     : 0.9766
Valid Loss     : 0.7484	 | 	Valid Accuracy     : 0.9720 | 	Valid F1-score      : 0.9698

Epoch : 10
Train Loss     : 0.7570	 | 	Train Accuracy     : 0.9818
Valid Loss     : 0.7064	 | 	Valid Accuracy     : 0.9772 | 	Valid F1-score      : 0.9786

Epoch : 11
Train Loss     : 0.7145	 | 	Train Accuracy     : 0.9818
Valid Loss     : 0.6536	 | 	Valid Accuracy     : 0.9844 | 	Valid F1-score      : 0.9852

Epoch : 12
Train Loss     : 0.7764	 | 	Train Accuracy     : 0.8984
Valid Loss     : 0.5788	 | 	Valid Accuracy     : 0.9844 | 	Valid F1-score      : 0.9839

Epoch : 13
Train Loss     : 0.6156	 | 	Train Accuracy     : 0.9818
Valid Loss     : 0.5903	 | 	Valid Accuracy     : 0.9772 | 	Valid F1-score      : 0.9754

Epoch : 14
Train Loss     : 0.6457	 | 	Train Accuracy     : 0.9818
Valid Loss     : 0.5510	 | 	Valid Accuracy     : 0.9844 | 	Valid F1-score      : 0.9836

Epoch : 15
Train Loss     : 0.6395	 | 	Train Accuracy     : 0.9375
Valid Loss     : 0.5149	 | 	Valid Accuracy     : 0.9844 | 	Valid F1-score      : 0.9842

Epoch : 16
Train Loss     : 0.5501	 | 	Train Accuracy     : 0.9818
Valid Loss     : 0.5087	 | 	Valid Accuracy     : 0.9844 | 	Valid F1-score      : 0.9842

Epoch : 17
Train Loss     : 0.5261	 | 	Train Accuracy     : 0.9818
Valid Loss     : 0.4954	 | 	Valid Accuracy     : 0.9896 | 	Valid F1-score      : 0.9895

Epoch : 18
Train Loss     : 0.5557	 | 	Train Accuracy     : 0.9401
Valid Loss     : 0.4824	 | 	Valid Accuracy     : 0.9844 | 	Valid F1-score      : 0.9846

Epoch : 19
Train Loss     : 0.4770	 | 	Train Accuracy     : 0.9792
Valid Loss     : 0.4722	 | 	Valid Accuracy     : 0.9772 | 	Valid F1-score      : 0.9770

Epoch : 20
Train Loss     : 0.4779	 | 	Train Accuracy     : 0.9818
Valid Loss     : 0.4559	 | 	Valid Accuracy     : 0.9772 | 	Valid F1-score      : 0.9765

Epoch : 21
Train Loss     : 0.4715	 | 	Train Accuracy     : 0.9766
Valid Loss     : 0.4623	 | 	Valid Accuracy     : 0.9720 | 	Valid F1-score      : 0.9719

Epoch : 22
Train Loss     : 0.5237	 | 	Train Accuracy     : 0.9010
Valid Loss     : 0.4104	 | 	Valid Accuracy     : 0.9896 | 	Valid F1-score      : 0.9885

Epoch : 23
Train Loss     : 0.4210	 | 	Train Accuracy     : 0.9818
Valid Loss     : 0.4095	 | 	Valid Accuracy     : 0.9896 | 	Valid F1-score      : 0.9887

Epoch : 24
Train Loss     : 0.5079	 | 	Train Accuracy     : 0.8620
Valid Loss     : 0.4369	 | 	Valid Accuracy     : 0.9701 | 	Valid F1-score      : 0.9662

Epoch : 25
Train Loss     : 0.5104	 | 	Train Accuracy     : 0.9427
Valid Loss     : 0.3851	 | 	Valid Accuracy     : 0.9844 | 	Valid F1-score      : 0.9831

Epoch : 26
Train Loss     : 0.3950	 | 	Train Accuracy     : 0.9844
Valid Loss     : 0.3893	 | 	Valid Accuracy     : 0.9772 | 	Valid F1-score      : 0.9741

Epoch : 27
Train Loss     : 0.3791	 | 	Train Accuracy     : 0.9818
Valid Loss     : 0.3919	 | 	Valid Accuracy     : 0.9772 | 	Valid F1-score      : 0.9780

Epoch : 28
Train Loss     : 0.3888	 | 	Train Accuracy     : 0.9844
Valid Loss     : 0.3831	 | 	Valid Accuracy     : 0.9772 | 	Valid F1-score      : 0.9782

Epoch : 29
Train Loss     : 0.4147	 | 	Train Accuracy     : 0.9427
Valid Loss     : 0.3614	 | 	Valid Accuracy     : 0.9824 | 	Valid F1-score      : 0.9846

Epoch : 30
Train Loss     : 0.4224	 | 	Train Accuracy     : 0.9818
Valid Loss     : 0.3566	 | 	Valid Accuracy     : 0.9824 | 	Valid F1-score      : 0.9840

Epoch : 31
Train Loss     : 0.4315	 | 	Train Accuracy     : 0.9453
Valid Loss     : 0.3472	 | 	Valid Accuracy     : 0.9896 | 	Valid F1-score      : 0.9902

Epoch : 32
Train Loss     : 0.4388	 | 	Train Accuracy     : 0.9010
Valid Loss     : 0.3431	 | 	Valid Accuracy     : 0.9772 | 	Valid F1-score      : 0.9786

Epoch : 33
Train Loss     : 0.3550	 | 	Train Accuracy     : 0.9844
Valid Loss     : 0.3374	 | 	Valid Accuracy     : 0.9896 | 	Valid F1-score      : 0.9894

Epoch : 34
Train Loss     : 0.4357	 | 	Train Accuracy     : 0.9453
Valid Loss     : 0.3451	 | 	Valid Accuracy     : 0.9824 | 	Valid F1-score      : 0.9823

Epoch : 35
Train Loss     : 0.3649	 | 	Train Accuracy     : 0.9844
Valid Loss     : 0.3347	 | 	Valid Accuracy     : 0.9772 | 	Valid F1-score      : 0.9741

Epoch : 36
Train Loss     : 0.4020	 | 	Train Accuracy     : 0.9427
Valid Loss     : 0.3278	 | 	Valid Accuracy     : 0.9772 | 	Valid F1-score      : 0.9790

Epoch : 37
Train Loss     : 0.3733	 | 	Train Accuracy     : 0.9453
Valid Loss     : 0.3306	 | 	Valid Accuracy     : 0.9824 | 	Valid F1-score      : 0.9787

Epoch : 38
Train Loss     : 0.3982	 | 	Train Accuracy     : 0.9479
Valid Loss     : 0.3141	 | 	Valid Accuracy     : 0.9948 | 	Valid F1-score      : 0.9949

Epoch : 39
Train Loss     : 0.3235	 | 	Train Accuracy     : 0.9922
Valid Loss     : 0.3006	 | 	Valid Accuracy     : 0.9896 | 	Valid F1-score      : 0.9892

Epoch : 40
Train Loss     : 0.3146	 | 	Train Accuracy     : 0.9896
Valid Loss     : 0.2947	 | 	Valid Accuracy     : 0.9896 | 	Valid F1-score      : 0.9898

Epoch : 41
Train Loss     : 0.3028	 | 	Train Accuracy     : 0.9896
Valid Loss     : 0.3090	 | 	Valid Accuracy     : 0.9896 | 	Valid F1-score      : 0.9902

Epoch : 42
Train Loss     : 0.3104	 | 	Train Accuracy     : 0.9896
Valid Loss     : 0.2895	 | 	Valid Accuracy     : 0.9896 | 	Valid F1-score      : 0.9889

Epoch : 43
Train Loss     : 0.3695	 | 	Train Accuracy     : 0.9479
Valid Loss     : 0.2897	 | 	Valid Accuracy     : 0.9824 | 	Valid F1-score      : 0.9824

Epoch : 44
Train Loss     : 0.3266	 | 	Train Accuracy     : 0.9896
Valid Loss     : 0.2839	 | 	Valid Accuracy     : 0.9948 | 	Valid F1-score      : 0.9955

Epoch : 45
Train Loss     : 0.3330	 | 	Train Accuracy     : 0.9792
Valid Loss     : 0.3058	 | 	Valid Accuracy     : 0.9877 | 	Valid F1-score      : 0.9875

Epoch : 46
Train Loss     : 0.3551	 | 	Train Accuracy     : 0.9427
Valid Loss     : 0.2920	 | 	Valid Accuracy     : 0.9824 | 	Valid F1-score      : 0.9808

Epoch : 47
Train Loss     : 0.3540	 | 	Train Accuracy     : 0.9427
Valid Loss     : 0.2640	 | 	Valid Accuracy     : 0.9824 | 	Valid F1-score      : 0.9814

Epoch : 48
Train Loss     : 0.2950	 | 	Train Accuracy     : 0.9479
Valid Loss     : 0.2592	 | 	Valid Accuracy     : 0.9948 | 	Valid F1-score      : 0.9952

Epoch : 49
Train Loss     : 0.2755	 | 	Train Accuracy     : 0.9896
Valid Loss     : 0.2771	 | 	Valid Accuracy     : 0.9877 | 	Valid F1-score      : 0.9832

Epoch : 50
Train Loss     : 0.3095	 | 	Train Accuracy     : 0.9505
Valid Loss     : 0.2608	 | 	Valid Accuracy     : 0.9948 | 	Valid F1-score      : 0.9956

Epoch : 51
Train Loss     : 0.2679	 | 	Train Accuracy     : 0.9922
Valid Loss     : 0.2839	 | 	Valid Accuracy     : 0.9948 | 	Valid F1-score      : 0.9948

Epoch : 52
Train Loss     : 0.3665	 | 	Train Accuracy     : 0.9089
Valid Loss     : 0.2526	 | 	Valid Accuracy     : 0.9948 | 	Valid F1-score      : 0.9949

Epoch : 53
Train Loss     : 0.2675	 | 	Train Accuracy     : 0.9948
Valid Loss     : 0.2700	 | 	Valid Accuracy     : 0.9824 | 	Valid F1-score      : 0.9797

Epoch : 54
Train Loss     : 0.2778	 | 	Train Accuracy     : 0.9922
Valid Loss     : 0.2550	 | 	Valid Accuracy     : 0.9896 | 	Valid F1-score      : 0.9892

Epoch : 55
Train Loss     : 0.2667	 | 	Train Accuracy     : 0.9896
Valid Loss     : 0.2690	 | 	Valid Accuracy     : 0.9844 | 	Valid F1-score      : 0.9813

Epoch : 56
Train Loss     : 0.2884	 | 	Train Accuracy     : 0.9844
Valid Loss     : 0.2463	 | 	Valid Accuracy     : 0.9896 | 	Valid F1-score      : 0.9898

Epoch : 57
Train Loss     : 0.3137	 | 	Train Accuracy     : 0.9479
Valid Loss     : 0.2647	 | 	Valid Accuracy     : 0.9877 | 	Valid F1-score      : 0.9832

Epoch : 58
Train Loss     : 0.3252	 | 	Train Accuracy     : 0.9505
Valid Loss     : 0.2389	 | 	Valid Accuracy     : 0.9948 | 	Valid F1-score      : 0.9948

Epoch : 59
Train Loss     : 0.3631	 | 	Train Accuracy     : 0.9062
Valid Loss     : 0.2337	 | 	Valid Accuracy     : 0.9948 | 	Valid F1-score      : 0.9939

Epoch : 60
Train Loss     : 0.2614	 | 	Train Accuracy     : 0.9896
Valid Loss     : 0.2307	 | 	Valid Accuracy     : 0.9948 | 	Valid F1-score      : 0.9941

Epoch : 61
Train Loss     : 0.2320	 | 	Train Accuracy     : 0.9896
Valid Loss     : 0.2294	 | 	Valid Accuracy     : 0.9948 | 	Valid F1-score      : 0.9949

Epoch : 62
Train Loss     : 0.3663	 | 	Train Accuracy     : 0.9115
Valid Loss     : 0.2258	 | 	Valid Accuracy     : 0.9948 | 	Valid F1-score      : 0.9943

Epoch : 63
Train Loss     : 0.2238	 | 	Train Accuracy     : 0.9974
Valid Loss     : 0.2776	 | 	Valid Accuracy     : 0.9630 | 	Valid F1-score      : 0.9563

Epoch : 64
Train Loss     : 0.2189	 | 	Train Accuracy     : 0.9948
Valid Loss     : 0.2222	 | 	Valid Accuracy     : 0.9948 | 	Valid F1-score      : 0.9946

Epoch : 65
Train Loss     : 0.2174	 | 	Train Accuracy     : 0.9948
Valid Loss     : 0.2134	 | 	Valid Accuracy     : 0.9948 | 	Valid F1-score      : 0.9947

Epoch : 66
Train Loss     : 0.2153	 | 	Train Accuracy     : 0.9948
Valid Loss     : 0.2132	 | 	Valid Accuracy     : 0.9948 | 	Valid F1-score      : 0.9955

Epoch : 67
Train Loss     : 0.3724	 | 	Train Accuracy     : 0.9115
Valid Loss     : 0.2142	 | 	Valid Accuracy     : 0.9948 | 	Valid F1-score      : 0.9952

Epoch : 68
Train Loss     : 0.2185	 | 	Train Accuracy     : 0.9922
Valid Loss     : 0.2145	 | 	Valid Accuracy     : 0.9948 | 	Valid F1-score      : 0.9938

Epoch : 69
Train Loss     : 0.2579	 | 	Train Accuracy     : 0.9844
Valid Loss     : 0.3396	 | 	Valid Accuracy     : 0.9018 | 	Valid F1-score      : 0.9079

Epoch : 70
Train Loss     : 0.2953	 | 	Train Accuracy     : 0.9453
Valid Loss     : 0.2261	 | 	Valid Accuracy     : 0.9877 | 	Valid F1-score      : 0.9852

Epoch : 71
Train Loss     : 0.3103	 | 	Train Accuracy     : 0.9505
Valid Loss     : 0.2090	 | 	Valid Accuracy     : 0.9896 | 	Valid F1-score      : 0.9880

Epoch : 72
Train Loss     : 0.2501	 | 	Train Accuracy     : 0.9531
Valid Loss     : 0.2178	 | 	Valid Accuracy     : 0.9844 | 	Valid F1-score      : 0.9830

Epoch : 73
Train Loss     : 0.2501	 | 	Train Accuracy     : 0.9557
Valid Loss     : 0.2139	 | 	Valid Accuracy     : 0.9948 | 	Valid F1-score      : 0.9951

Epoch : 74
Train Loss     : 0.2070	 | 	Train Accuracy     : 0.9922
Valid Loss     : 0.2149	 | 	Valid Accuracy     : 0.9896 | 	Valid F1-score      : 0.9905

Epoch : 75
Train Loss     : 0.3643	 | 	Train Accuracy     : 0.9167
Valid Loss     : 0.2367	 | 	Valid Accuracy     : 0.9824 | 	Valid F1-score      : 0.9819

Epoch : 76
Train Loss     : 0.1998	 | 	Train Accuracy     : 0.9974
Valid Loss     : 0.2065	 | 	Valid Accuracy     : 0.9948 | 	Valid F1-score      : 0.9950

Epoch : 77
Train Loss     : 0.3481	 | 	Train Accuracy     : 0.8724
Valid Loss     : 0.1986	 | 	Valid Accuracy     : 0.9896 | 	Valid F1-score      : 0.9896

Epoch : 78
Train Loss     : 0.1797	 | 	Train Accuracy     : 0.9974
Valid Loss     : 0.2071	 | 	Valid Accuracy     : 0.9948 | 	Valid F1-score      : 0.9956

Epoch : 79
Train Loss     : 0.2227	 | 	Train Accuracy     : 0.9557
Valid Loss     : 0.2038	 | 	Valid Accuracy     : 0.9948 | 	Valid F1-score      : 0.9948

Epoch : 80
Train Loss     : 0.2817	 | 	Train Accuracy     : 0.9167
Valid Loss     : 0.1978	 | 	Valid Accuracy     : 0.9948 | 	Valid F1-score      : 0.9956

Epoch : 81
Train Loss     : 0.1886	 | 	Train Accuracy     : 1.0000
Valid Loss     : 0.2583	 | 	Valid Accuracy     : 0.9616 | 	Valid F1-score      : 0.9621

Epoch : 82
Train Loss     : 0.2393	 | 	Train Accuracy     : 0.9844
Valid Loss     : 0.2195	 | 	Valid Accuracy     : 0.9792 | 	Valid F1-score      : 0.9787

Epoch : 83
Train Loss     : 0.1882	 | 	Train Accuracy     : 0.9974
Valid Loss     : 0.2126	 | 	Valid Accuracy     : 0.9844 | 	Valid F1-score      : 0.9846

Epoch : 84
Train Loss     : 0.1784	 | 	Train Accuracy     : 0.9974
Valid Loss     : 0.1922	 | 	Valid Accuracy     : 0.9948 | 	Valid F1-score      : 0.9934

Epoch : 85
Train Loss     : 0.1991	 | 	Train Accuracy     : 0.9896
Valid Loss     : 0.1825	 | 	Valid Accuracy     : 0.9948 | 	Valid F1-score      : 0.9946

Epoch : 86
Train Loss     : 0.2239	 | 	Train Accuracy     : 0.9557
Valid Loss     : 0.1838	 | 	Valid Accuracy     : 0.9948 | 	Valid F1-score      : 0.9940

Epoch : 87
Train Loss     : 0.1660	 | 	Train Accuracy     : 0.9948
Valid Loss     : 0.2056	 | 	Valid Accuracy     : 0.9896 | 	Valid F1-score      : 0.9899

Epoch : 88
Train Loss     : 0.2227	 | 	Train Accuracy     : 0.9974
Valid Loss     : 0.1825	 | 	Valid Accuracy     : 0.9948 | 	Valid F1-score      : 0.9956

Epoch : 89
Train Loss     : 0.1605	 | 	Train Accuracy     : 0.9974
Valid Loss     : 0.1744	 | 	Valid Accuracy     : 0.9896 | 	Valid F1-score      : 0.9890

Epoch : 90
Train Loss     : 0.2046	 | 	Train Accuracy     : 0.9557
Valid Loss     : 0.1766	 | 	Valid Accuracy     : 0.9824 | 	Valid F1-score      : 0.9832

Epoch : 91
Train Loss     : 0.1838	 | 	Train Accuracy     : 0.9974
Valid Loss     : 0.1716	 | 	Valid Accuracy     : 0.9948 | 	Valid F1-score      : 0.9949

Epoch : 92
Train Loss     : 0.2142	 | 	Train Accuracy     : 0.9583
Valid Loss     : 0.2212	 | 	Valid Accuracy     : 0.9701 | 	Valid F1-score      : 0.9723

Epoch : 93
Train Loss     : 0.2311	 | 	Train Accuracy     : 0.9479
Valid Loss     : 0.2523	 | 	Valid Accuracy     : 0.9493 | 	Valid F1-score      : 0.9487

Epoch : 94
Train Loss     : 0.1946	 | 	Train Accuracy     : 0.9896
Valid Loss     : 0.2416	 | 	Valid Accuracy     : 0.9616 | 	Valid F1-score      : 0.9606

Epoch : 95
Train Loss     : 0.2805	 | 	Train Accuracy     : 0.9036
Valid Loss     : 0.2007	 | 	Valid Accuracy     : 0.9792 | 	Valid F1-score      : 0.9792

Epoch : 96
Train Loss     : 0.3613	 | 	Train Accuracy     : 0.9115
Valid Loss     : 0.2631	 | 	Valid Accuracy     : 0.9564 | 	Valid F1-score      : 0.9496

Epoch : 97
Train Loss     : 0.1570	 | 	Train Accuracy     : 0.9948
Valid Loss     : 0.1921	 | 	Valid Accuracy     : 0.9792 | 	Valid F1-score      : 0.9739

Epoch : 98
Train Loss     : 0.1544	 | 	Train Accuracy     : 0.9948
Valid Loss     : 0.1717	 | 	Valid Accuracy     : 0.9896 | 	Valid F1-score      : 0.9878

Epoch : 99
Train Loss     : 0.2096	 | 	Train Accuracy     : 0.9557
Valid Loss     : 0.2112	 | 	Valid Accuracy     : 0.9720 | 	Valid F1-score      : 0.9684

Epoch : 100
Train Loss     : 0.1533	 | 	Train Accuracy     : 0.9948
Valid Loss     : 0.1675	 | 	Valid Accuracy     : 0.9896 | 	Valid F1-score      : 0.9882

Evaluate on the Test set:
Test loss      :0.1979	 | Test Accuracy      : 0.9844	 | Test F1-score      : 0.9824

################## Training is Done! #########################
Training time is : 0:00:36.944950
