=============================================
Dataset: lapras
Method:  Novel Human Activity
Mode:    fine_tune
=============================================
Data loaded ...
Training started ....

Epoch : 1
Train Loss     : 1.2164	 | 	Train Accuracy     : 0.4089
Valid Loss     : 1.3691	 | 	Valid Accuracy     : 0.3514 | 	Valid F1-score      : 0.2327

Epoch : 2
Train Loss     : 0.8349	 | 	Train Accuracy     : 0.7604
Valid Loss     : 1.3559	 | 	Valid Accuracy     : 0.2973 | 	Valid F1-score      : 0.2107

Epoch : 3
Train Loss     : 0.6313	 | 	Train Accuracy     : 0.7812
Valid Loss     : 1.2914	 | 	Valid Accuracy     : 0.3514 | 	Valid F1-score      : 0.2756

Epoch : 4
Train Loss     : 0.4645	 | 	Train Accuracy     : 0.8906
Valid Loss     : 1.2052	 | 	Valid Accuracy     : 0.4865 | 	Valid F1-score      : 0.4011

Epoch : 5
Train Loss     : 0.5478	 | 	Train Accuracy     : 0.8802
Valid Loss     : 1.1133	 | 	Valid Accuracy     : 0.4865 | 	Valid F1-score      : 0.4541

Epoch : 6
Train Loss     : 0.4357	 | 	Train Accuracy     : 0.8802
Valid Loss     : 1.0293	 | 	Valid Accuracy     : 0.6216 | 	Valid F1-score      : 0.5718

Epoch : 7
Train Loss     : 0.2737	 | 	Train Accuracy     : 0.9245
Valid Loss     : 0.8916	 | 	Valid Accuracy     : 0.6757 | 	Valid F1-score      : 0.6609

Epoch : 8
Train Loss     : 0.2726	 | 	Train Accuracy     : 0.9635
Valid Loss     : 0.7367	 | 	Valid Accuracy     : 0.7568 | 	Valid F1-score      : 0.7594

Epoch : 9
Train Loss     : 0.4809	 | 	Train Accuracy     : 0.8411
Valid Loss     : 0.5878	 | 	Valid Accuracy     : 0.8378 | 	Valid F1-score      : 0.8385

Epoch : 10
Train Loss     : 0.2959	 | 	Train Accuracy     : 0.8828
Valid Loss     : 0.5889	 | 	Valid Accuracy     : 0.7838 | 	Valid F1-score      : 0.7845

Epoch : 11
Train Loss     : 0.2993	 | 	Train Accuracy     : 0.9609
Valid Loss     : 0.5029	 | 	Valid Accuracy     : 0.8378 | 	Valid F1-score      : 0.8385

Epoch : 12
Train Loss     : 0.1714	 | 	Train Accuracy     : 0.9583
Valid Loss     : 0.4912	 | 	Valid Accuracy     : 0.8108 | 	Valid F1-score      : 0.8124

Epoch : 13
Train Loss     : 0.2516	 | 	Train Accuracy     : 0.9193
Valid Loss     : 0.4948	 | 	Valid Accuracy     : 0.8378 | 	Valid F1-score      : 0.8385

Epoch : 14
Train Loss     : 0.3370	 | 	Train Accuracy     : 0.8698
Valid Loss     : 0.4419	 | 	Valid Accuracy     : 0.8649 | 	Valid F1-score      : 0.8630

Epoch : 15
Train Loss     : 0.3717	 | 	Train Accuracy     : 0.9219
Valid Loss     : 0.3982	 | 	Valid Accuracy     : 0.8919 | 	Valid F1-score      : 0.8886

Epoch : 16
Train Loss     : 0.2039	 | 	Train Accuracy     : 0.9818
Valid Loss     : 0.3722	 | 	Valid Accuracy     : 0.8919 | 	Valid F1-score      : 0.8886

Epoch : 17
Train Loss     : 0.2198	 | 	Train Accuracy     : 0.9453
Valid Loss     : 0.3689	 | 	Valid Accuracy     : 0.8919 | 	Valid F1-score      : 0.8886

Epoch : 18
Train Loss     : 0.1328	 | 	Train Accuracy     : 0.9818
Valid Loss     : 0.3574	 | 	Valid Accuracy     : 0.8649 | 	Valid F1-score      : 0.8633

Epoch : 19
Train Loss     : 0.3155	 | 	Train Accuracy     : 0.8984
Valid Loss     : 0.3567	 | 	Valid Accuracy     : 0.8919 | 	Valid F1-score      : 0.8886

Epoch : 20
Train Loss     : 0.1985	 | 	Train Accuracy     : 0.8932
Valid Loss     : 0.3954	 | 	Valid Accuracy     : 0.8919 | 	Valid F1-score      : 0.8886

Epoch : 21
Train Loss     : 0.1430	 | 	Train Accuracy     : 0.9766
Valid Loss     : 0.4278	 | 	Valid Accuracy     : 0.8649 | 	Valid F1-score      : 0.8630

Epoch : 22
Train Loss     : 0.1645	 | 	Train Accuracy     : 0.9349
Valid Loss     : 0.4420	 | 	Valid Accuracy     : 0.8919 | 	Valid F1-score      : 0.8886

Epoch : 23
Train Loss     : 0.1134	 | 	Train Accuracy     : 0.9740
Valid Loss     : 0.4222	 | 	Valid Accuracy     : 0.8919 | 	Valid F1-score      : 0.8886

Epoch : 24
Train Loss     : 0.1036	 | 	Train Accuracy     : 0.9766
Valid Loss     : 0.4011	 | 	Valid Accuracy     : 0.8919 | 	Valid F1-score      : 0.8886

Epoch : 25
Train Loss     : 0.1100	 | 	Train Accuracy     : 0.9818
Valid Loss     : 0.3741	 | 	Valid Accuracy     : 0.8919 | 	Valid F1-score      : 0.8886

Epoch : 26
Train Loss     : 0.1054	 | 	Train Accuracy     : 0.9818
Valid Loss     : 0.3791	 | 	Valid Accuracy     : 0.8919 | 	Valid F1-score      : 0.8886

Epoch : 27
Train Loss     : 0.1681	 | 	Train Accuracy     : 0.9349
Valid Loss     : 0.3725	 | 	Valid Accuracy     : 0.8919 | 	Valid F1-score      : 0.8886

Epoch : 28
Train Loss     : 0.2510	 | 	Train Accuracy     : 0.8568
Valid Loss     : 0.3624	 | 	Valid Accuracy     : 0.8649 | 	Valid F1-score      : 0.8633

Epoch : 29
Train Loss     : 0.1347	 | 	Train Accuracy     : 0.9375
Valid Loss     : 0.3700	 | 	Valid Accuracy     : 0.8649 | 	Valid F1-score      : 0.8633

Epoch : 30
Train Loss     : 0.0895	 | 	Train Accuracy     : 0.9844
Valid Loss     : 0.3992	 | 	Valid Accuracy     : 0.8649 | 	Valid F1-score      : 0.8633

Epoch : 31
Train Loss     : 0.1075	 | 	Train Accuracy     : 0.9818
Valid Loss     : 0.4075	 | 	Valid Accuracy     : 0.8649 | 	Valid F1-score      : 0.8633

Epoch : 32
Train Loss     : 0.2139	 | 	Train Accuracy     : 0.9010
Valid Loss     : 0.3927	 | 	Valid Accuracy     : 0.8649 | 	Valid F1-score      : 0.8633

Epoch : 33
Train Loss     : 0.0824	 | 	Train Accuracy     : 0.9870
Valid Loss     : 0.4101	 | 	Valid Accuracy     : 0.8649 | 	Valid F1-score      : 0.8633

Epoch : 34
Train Loss     : 0.0792	 | 	Train Accuracy     : 0.9818
Valid Loss     : 0.4248	 | 	Valid Accuracy     : 0.8919 | 	Valid F1-score      : 0.8886

Epoch : 35
Train Loss     : 0.1057	 | 	Train Accuracy     : 0.9766
Valid Loss     : 0.4252	 | 	Valid Accuracy     : 0.8919 | 	Valid F1-score      : 0.8886

Epoch : 36
Train Loss     : 0.1196	 | 	Train Accuracy     : 0.9818
Valid Loss     : 0.4127	 | 	Valid Accuracy     : 0.8919 | 	Valid F1-score      : 0.8886

Epoch : 37
Train Loss     : 0.1042	 | 	Train Accuracy     : 0.9818
Valid Loss     : 0.4235	 | 	Valid Accuracy     : 0.8919 | 	Valid F1-score      : 0.8886

Epoch : 38
Train Loss     : 0.0817	 | 	Train Accuracy     : 0.9792
Valid Loss     : 0.4482	 | 	Valid Accuracy     : 0.8919 | 	Valid F1-score      : 0.8886

Epoch : 39
Train Loss     : 0.0902	 | 	Train Accuracy     : 0.9844
Valid Loss     : 0.4483	 | 	Valid Accuracy     : 0.8919 | 	Valid F1-score      : 0.8886

Epoch : 40
Train Loss     : 0.1100	 | 	Train Accuracy     : 0.9870
Valid Loss     : 0.4255	 | 	Valid Accuracy     : 0.8919 | 	Valid F1-score      : 0.8886

Epoch : 41
Train Loss     : 0.0809	 | 	Train Accuracy     : 0.9844
Valid Loss     : 0.4376	 | 	Valid Accuracy     : 0.8919 | 	Valid F1-score      : 0.8886

Epoch : 42
Train Loss     : 0.0792	 | 	Train Accuracy     : 0.9792
Valid Loss     : 0.4289	 | 	Valid Accuracy     : 0.8919 | 	Valid F1-score      : 0.8886

Epoch : 43
Train Loss     : 0.0834	 | 	Train Accuracy     : 0.9766
Valid Loss     : 0.4181	 | 	Valid Accuracy     : 0.8919 | 	Valid F1-score      : 0.8886

Epoch : 44
Train Loss     : 0.0950	 | 	Train Accuracy     : 0.9818
Valid Loss     : 0.4202	 | 	Valid Accuracy     : 0.8919 | 	Valid F1-score      : 0.8886

Epoch : 45
Train Loss     : 0.0776	 | 	Train Accuracy     : 0.9844
Valid Loss     : 0.4219	 | 	Valid Accuracy     : 0.8919 | 	Valid F1-score      : 0.8886

Epoch : 46
Train Loss     : 0.0780	 | 	Train Accuracy     : 0.9844
Valid Loss     : 0.4215	 | 	Valid Accuracy     : 0.8919 | 	Valid F1-score      : 0.8886

Epoch : 47
Train Loss     : 0.0839	 | 	Train Accuracy     : 0.9844
Valid Loss     : 0.4299	 | 	Valid Accuracy     : 0.8919 | 	Valid F1-score      : 0.8886

Epoch : 48
Train Loss     : 0.3208	 | 	Train Accuracy     : 0.9036
Valid Loss     : 0.4113	 | 	Valid Accuracy     : 0.8919 | 	Valid F1-score      : 0.8886

Epoch : 49
Train Loss     : 0.3400	 | 	Train Accuracy     : 0.9453
Valid Loss     : 0.4220	 | 	Valid Accuracy     : 0.8919 | 	Valid F1-score      : 0.8886

Epoch : 50
Train Loss     : 0.0792	 | 	Train Accuracy     : 0.9844
Valid Loss     : 0.4088	 | 	Valid Accuracy     : 0.8649 | 	Valid F1-score      : 0.8633

Epoch : 51
Train Loss     : 0.1215	 | 	Train Accuracy     : 0.9870
Valid Loss     : 0.3992	 | 	Valid Accuracy     : 0.8919 | 	Valid F1-score      : 0.8886

Epoch : 52
Train Loss     : 0.1243	 | 	Train Accuracy     : 0.9792
Valid Loss     : 0.4119	 | 	Valid Accuracy     : 0.8919 | 	Valid F1-score      : 0.8886

Epoch : 53
Train Loss     : 0.1244	 | 	Train Accuracy     : 0.9505
Valid Loss     : 0.4169	 | 	Valid Accuracy     : 0.8919 | 	Valid F1-score      : 0.8886

Epoch : 54
Train Loss     : 0.0773	 | 	Train Accuracy     : 0.9792
Valid Loss     : 0.4329	 | 	Valid Accuracy     : 0.8919 | 	Valid F1-score      : 0.8886

Epoch : 55
Train Loss     : 0.0766	 | 	Train Accuracy     : 0.9870
Valid Loss     : 0.4289	 | 	Valid Accuracy     : 0.8919 | 	Valid F1-score      : 0.8886

Epoch : 56
Train Loss     : 0.1939	 | 	Train Accuracy     : 0.9427
Valid Loss     : 0.4145	 | 	Valid Accuracy     : 0.8919 | 	Valid F1-score      : 0.8886

Epoch : 57
Train Loss     : 0.2802	 | 	Train Accuracy     : 0.9089
Valid Loss     : 0.3965	 | 	Valid Accuracy     : 0.8919 | 	Valid F1-score      : 0.8886

Epoch : 58
Train Loss     : 0.1029	 | 	Train Accuracy     : 0.9870
Valid Loss     : 0.4214	 | 	Valid Accuracy     : 0.8919 | 	Valid F1-score      : 0.8886

Epoch : 59
Train Loss     : 0.0983	 | 	Train Accuracy     : 0.9896
Valid Loss     : 0.4328	 | 	Valid Accuracy     : 0.8919 | 	Valid F1-score      : 0.8886

Epoch : 60
Train Loss     : 0.0801	 | 	Train Accuracy     : 0.9818
Valid Loss     : 0.4354	 | 	Valid Accuracy     : 0.8919 | 	Valid F1-score      : 0.8886

Epoch : 61
Train Loss     : 0.1714	 | 	Train Accuracy     : 0.9401
Valid Loss     : 0.4258	 | 	Valid Accuracy     : 0.8919 | 	Valid F1-score      : 0.8886

Epoch : 62
Train Loss     : 0.0975	 | 	Train Accuracy     : 0.9896
Valid Loss     : 0.4374	 | 	Valid Accuracy     : 0.8919 | 	Valid F1-score      : 0.8886

Epoch : 63
Train Loss     : 0.1273	 | 	Train Accuracy     : 0.9870
Valid Loss     : 0.4142	 | 	Valid Accuracy     : 0.8919 | 	Valid F1-score      : 0.8886

Epoch : 64
Train Loss     : 0.1195	 | 	Train Accuracy     : 0.9844
Valid Loss     : 0.4110	 | 	Valid Accuracy     : 0.8919 | 	Valid F1-score      : 0.8886

Epoch : 65
Train Loss     : 0.1442	 | 	Train Accuracy     : 0.9453
Valid Loss     : 0.4076	 | 	Valid Accuracy     : 0.8919 | 	Valid F1-score      : 0.8886

Epoch : 66
Train Loss     : 0.0827	 | 	Train Accuracy     : 0.9870
Valid Loss     : 0.4318	 | 	Valid Accuracy     : 0.8919 | 	Valid F1-score      : 0.8886

Epoch : 67
Train Loss     : 0.0907	 | 	Train Accuracy     : 0.9896
Valid Loss     : 0.4169	 | 	Valid Accuracy     : 0.8919 | 	Valid F1-score      : 0.8886

Epoch : 68
Train Loss     : 0.2058	 | 	Train Accuracy     : 0.9479
Valid Loss     : 0.4335	 | 	Valid Accuracy     : 0.8919 | 	Valid F1-score      : 0.8886

Epoch : 69
Train Loss     : 0.1168	 | 	Train Accuracy     : 0.9870
Valid Loss     : 0.4083	 | 	Valid Accuracy     : 0.8649 | 	Valid F1-score      : 0.8633

Epoch : 70
Train Loss     : 0.0795	 | 	Train Accuracy     : 0.9870
Valid Loss     : 0.4387	 | 	Valid Accuracy     : 0.8919 | 	Valid F1-score      : 0.8886

Epoch : 71
Train Loss     : 0.0882	 | 	Train Accuracy     : 0.9818
Valid Loss     : 0.4225	 | 	Valid Accuracy     : 0.8919 | 	Valid F1-score      : 0.8886

Epoch : 72
Train Loss     : 0.0847	 | 	Train Accuracy     : 0.9870
Valid Loss     : 0.4179	 | 	Valid Accuracy     : 0.8919 | 	Valid F1-score      : 0.8886

Epoch : 73
Train Loss     : 0.0804	 | 	Train Accuracy     : 0.9844
Valid Loss     : 0.4377	 | 	Valid Accuracy     : 0.8919 | 	Valid F1-score      : 0.8886

Epoch : 74
Train Loss     : 0.0801	 | 	Train Accuracy     : 0.9818
Valid Loss     : 0.4385	 | 	Valid Accuracy     : 0.8919 | 	Valid F1-score      : 0.8886

Epoch : 75
Train Loss     : 0.0849	 | 	Train Accuracy     : 0.9818
Valid Loss     : 0.4169	 | 	Valid Accuracy     : 0.8649 | 	Valid F1-score      : 0.8633

Epoch : 76
Train Loss     : 0.0778	 | 	Train Accuracy     : 0.9766
Valid Loss     : 0.4100	 | 	Valid Accuracy     : 0.8649 | 	Valid F1-score      : 0.8633

Epoch : 77
Train Loss     : 0.0899	 | 	Train Accuracy     : 0.9818
Valid Loss     : 0.4134	 | 	Valid Accuracy     : 0.8919 | 	Valid F1-score      : 0.8886

Epoch : 78
Train Loss     : 0.0983	 | 	Train Accuracy     : 0.9896
Valid Loss     : 0.4048	 | 	Valid Accuracy     : 0.8919 | 	Valid F1-score      : 0.8886

Epoch : 79
Train Loss     : 0.0826	 | 	Train Accuracy     : 0.9818
Valid Loss     : 0.4035	 | 	Valid Accuracy     : 0.8919 | 	Valid F1-score      : 0.8886

Epoch : 80
Train Loss     : 0.0821	 | 	Train Accuracy     : 0.9870
Valid Loss     : 0.4036	 | 	Valid Accuracy     : 0.8919 | 	Valid F1-score      : 0.8886

Epoch : 81
Train Loss     : 0.0876	 | 	Train Accuracy     : 0.9844
Valid Loss     : 0.4026	 | 	Valid Accuracy     : 0.8919 | 	Valid F1-score      : 0.8886

Epoch : 82
Train Loss     : 0.1028	 | 	Train Accuracy     : 0.9844
Valid Loss     : 0.3932	 | 	Valid Accuracy     : 0.8649 | 	Valid F1-score      : 0.8633

Epoch : 83
Train Loss     : 0.0845	 | 	Train Accuracy     : 0.9844
Valid Loss     : 0.4131	 | 	Valid Accuracy     : 0.8919 | 	Valid F1-score      : 0.8886

Epoch : 84
Train Loss     : 0.0923	 | 	Train Accuracy     : 0.9870
Valid Loss     : 0.4140	 | 	Valid Accuracy     : 0.8919 | 	Valid F1-score      : 0.8886

Epoch : 85
Train Loss     : 0.1201	 | 	Train Accuracy     : 0.9818
Valid Loss     : 0.4027	 | 	Valid Accuracy     : 0.8919 | 	Valid F1-score      : 0.8886

Epoch : 86
Train Loss     : 0.0817	 | 	Train Accuracy     : 0.9844
Valid Loss     : 0.4071	 | 	Valid Accuracy     : 0.8919 | 	Valid F1-score      : 0.8886

Epoch : 87
Train Loss     : 0.0846	 | 	Train Accuracy     : 0.9870
Valid Loss     : 0.4084	 | 	Valid Accuracy     : 0.8919 | 	Valid F1-score      : 0.8886

Epoch : 88
Train Loss     : 0.0909	 | 	Train Accuracy     : 0.9844
Valid Loss     : 0.4398	 | 	Valid Accuracy     : 0.8919 | 	Valid F1-score      : 0.8886

Epoch : 89
Train Loss     : 0.0751	 | 	Train Accuracy     : 0.9896
Valid Loss     : 0.4527	 | 	Valid Accuracy     : 0.8919 | 	Valid F1-score      : 0.8886

Epoch : 90
Train Loss     : 0.3001	 | 	Train Accuracy     : 0.9036
Valid Loss     : 0.4274	 | 	Valid Accuracy     : 0.8919 | 	Valid F1-score      : 0.8886

Epoch : 91
Train Loss     : 0.3070	 | 	Train Accuracy     : 0.9427
Valid Loss     : 0.4055	 | 	Valid Accuracy     : 0.8919 | 	Valid F1-score      : 0.8886

Epoch : 92
Train Loss     : 0.0815	 | 	Train Accuracy     : 0.9870
Valid Loss     : 0.4082	 | 	Valid Accuracy     : 0.8919 | 	Valid F1-score      : 0.8886

Epoch : 93
Train Loss     : 0.2942	 | 	Train Accuracy     : 0.8620
Valid Loss     : 0.3859	 | 	Valid Accuracy     : 0.8919 | 	Valid F1-score      : 0.8886

Epoch : 94
Train Loss     : 0.1215	 | 	Train Accuracy     : 0.9896
Valid Loss     : 0.3747	 | 	Valid Accuracy     : 0.8649 | 	Valid F1-score      : 0.8633

Epoch : 95
Train Loss     : 0.1031	 | 	Train Accuracy     : 0.9818
Valid Loss     : 0.4233	 | 	Valid Accuracy     : 0.8919 | 	Valid F1-score      : 0.8886

Epoch : 96
Train Loss     : 0.1176	 | 	Train Accuracy     : 0.9844
Valid Loss     : 0.4239	 | 	Valid Accuracy     : 0.8919 | 	Valid F1-score      : 0.8886

Epoch : 97
Train Loss     : 0.1662	 | 	Train Accuracy     : 0.9505
Valid Loss     : 0.4209	 | 	Valid Accuracy     : 0.8919 | 	Valid F1-score      : 0.8886

Epoch : 98
Train Loss     : 0.1199	 | 	Train Accuracy     : 0.9844
Valid Loss     : 0.4271	 | 	Valid Accuracy     : 0.8919 | 	Valid F1-score      : 0.8886

Epoch : 99
Train Loss     : 0.1461	 | 	Train Accuracy     : 0.9427
Valid Loss     : 0.4248	 | 	Valid Accuracy     : 0.8919 | 	Valid F1-score      : 0.8886

Epoch : 100
Train Loss     : 0.2551	 | 	Train Accuracy     : 0.9401
Valid Loss     : 0.4345	 | 	Valid Accuracy     : 0.8919 | 	Valid F1-score      : 0.8886

Evaluate on the Test set:
Test loss      :0.1392	 | Test Accuracy      : 0.9616	 | Test F1-score      : 0.9624

################## Training is Done! #########################
Training time is : 0:00:26.873939
