=============================================
Dataset: lapras
Method:  Novel Human Activity
Mode:    fine_tune
=============================================
Data loaded ...
Training started ....

Epoch : 1
Train Loss     : 1.1809	 | 	Train Accuracy     : 0.4661
Valid Loss     : 1.3677	 | 	Valid Accuracy     : 0.4054 | 	Valid F1-score      : 0.3351

Epoch : 2
Train Loss     : 0.8161	 | 	Train Accuracy     : 0.7526
Valid Loss     : 1.3543	 | 	Valid Accuracy     : 0.2703 | 	Valid F1-score      : 0.1803

Epoch : 3
Train Loss     : 0.6195	 | 	Train Accuracy     : 0.7839
Valid Loss     : 1.2951	 | 	Valid Accuracy     : 0.4054 | 	Valid F1-score      : 0.3517

Epoch : 4
Train Loss     : 0.4627	 | 	Train Accuracy     : 0.8906
Valid Loss     : 1.2174	 | 	Valid Accuracy     : 0.5135 | 	Valid F1-score      : 0.4340

Epoch : 5
Train Loss     : 0.5144	 | 	Train Accuracy     : 0.8750
Valid Loss     : 1.1321	 | 	Valid Accuracy     : 0.5135 | 	Valid F1-score      : 0.4525

Epoch : 6
Train Loss     : 0.4409	 | 	Train Accuracy     : 0.8750
Valid Loss     : 1.0428	 | 	Valid Accuracy     : 0.5676 | 	Valid F1-score      : 0.4969

Epoch : 7
Train Loss     : 0.2687	 | 	Train Accuracy     : 0.9219
Valid Loss     : 0.9040	 | 	Valid Accuracy     : 0.6216 | 	Valid F1-score      : 0.5725

Epoch : 8
Train Loss     : 0.2699	 | 	Train Accuracy     : 0.9609
Valid Loss     : 0.7499	 | 	Valid Accuracy     : 0.7838 | 	Valid F1-score      : 0.7845

Epoch : 9
Train Loss     : 0.4802	 | 	Train Accuracy     : 0.8411
Valid Loss     : 0.6033	 | 	Valid Accuracy     : 0.8649 | 	Valid F1-score      : 0.8642

Epoch : 10
Train Loss     : 0.3010	 | 	Train Accuracy     : 0.8880
Valid Loss     : 0.5920	 | 	Valid Accuracy     : 0.8108 | 	Valid F1-score      : 0.8122

Epoch : 11
Train Loss     : 0.2886	 | 	Train Accuracy     : 0.9245
Valid Loss     : 0.5031	 | 	Valid Accuracy     : 0.8378 | 	Valid F1-score      : 0.8385

Epoch : 12
Train Loss     : 0.1656	 | 	Train Accuracy     : 0.9609
Valid Loss     : 0.4823	 | 	Valid Accuracy     : 0.8378 | 	Valid F1-score      : 0.8385

Epoch : 13
Train Loss     : 0.2584	 | 	Train Accuracy     : 0.9167
Valid Loss     : 0.4828	 | 	Valid Accuracy     : 0.8378 | 	Valid F1-score      : 0.8385

Epoch : 14
Train Loss     : 0.3624	 | 	Train Accuracy     : 0.8698
Valid Loss     : 0.4319	 | 	Valid Accuracy     : 0.8649 | 	Valid F1-score      : 0.8630

Epoch : 15
Train Loss     : 0.3694	 | 	Train Accuracy     : 0.9271
Valid Loss     : 0.3833	 | 	Valid Accuracy     : 0.8919 | 	Valid F1-score      : 0.8886

Epoch : 16
Train Loss     : 0.2053	 | 	Train Accuracy     : 0.9375
Valid Loss     : 0.3631	 | 	Valid Accuracy     : 0.8919 | 	Valid F1-score      : 0.8886

Epoch : 17
Train Loss     : 0.2292	 | 	Train Accuracy     : 0.9427
Valid Loss     : 0.3601	 | 	Valid Accuracy     : 0.8919 | 	Valid F1-score      : 0.8886

Epoch : 18
Train Loss     : 0.1294	 | 	Train Accuracy     : 0.9818
Valid Loss     : 0.3468	 | 	Valid Accuracy     : 0.8649 | 	Valid F1-score      : 0.8633

Epoch : 19
Train Loss     : 0.2973	 | 	Train Accuracy     : 0.8568
Valid Loss     : 0.3446	 | 	Valid Accuracy     : 0.8919 | 	Valid F1-score      : 0.8886

Epoch : 20
Train Loss     : 0.1995	 | 	Train Accuracy     : 0.8932
Valid Loss     : 0.3829	 | 	Valid Accuracy     : 0.8919 | 	Valid F1-score      : 0.8886

Epoch : 21
Train Loss     : 0.1478	 | 	Train Accuracy     : 0.9766
Valid Loss     : 0.4098	 | 	Valid Accuracy     : 0.8919 | 	Valid F1-score      : 0.8886

Epoch : 22
Train Loss     : 0.1469	 | 	Train Accuracy     : 0.9766
Valid Loss     : 0.4233	 | 	Valid Accuracy     : 0.8919 | 	Valid F1-score      : 0.8886

Epoch : 23
Train Loss     : 0.1133	 | 	Train Accuracy     : 0.9766
Valid Loss     : 0.3993	 | 	Valid Accuracy     : 0.8919 | 	Valid F1-score      : 0.8886

Epoch : 24
Train Loss     : 0.1007	 | 	Train Accuracy     : 0.9740
Valid Loss     : 0.3794	 | 	Valid Accuracy     : 0.8919 | 	Valid F1-score      : 0.8886

Epoch : 25
Train Loss     : 0.1093	 | 	Train Accuracy     : 0.9766
Valid Loss     : 0.3589	 | 	Valid Accuracy     : 0.8919 | 	Valid F1-score      : 0.8886

Epoch : 26
Train Loss     : 0.1031	 | 	Train Accuracy     : 0.9818
Valid Loss     : 0.3637	 | 	Valid Accuracy     : 0.8919 | 	Valid F1-score      : 0.8886

Epoch : 27
Train Loss     : 0.1531	 | 	Train Accuracy     : 0.9297
Valid Loss     : 0.3581	 | 	Valid Accuracy     : 0.8919 | 	Valid F1-score      : 0.8886

Epoch : 28
Train Loss     : 0.2509	 | 	Train Accuracy     : 0.8984
Valid Loss     : 0.3534	 | 	Valid Accuracy     : 0.8649 | 	Valid F1-score      : 0.8633

Epoch : 29
Train Loss     : 0.1320	 | 	Train Accuracy     : 0.9349
Valid Loss     : 0.3606	 | 	Valid Accuracy     : 0.8649 | 	Valid F1-score      : 0.8633

Epoch : 30
Train Loss     : 0.0877	 | 	Train Accuracy     : 0.9818
Valid Loss     : 0.3882	 | 	Valid Accuracy     : 0.8919 | 	Valid F1-score      : 0.8886

Epoch : 31
Train Loss     : 0.1072	 | 	Train Accuracy     : 0.9792
Valid Loss     : 0.3978	 | 	Valid Accuracy     : 0.8919 | 	Valid F1-score      : 0.8886

Epoch : 32
Train Loss     : 0.2282	 | 	Train Accuracy     : 0.8958
Valid Loss     : 0.3845	 | 	Valid Accuracy     : 0.8649 | 	Valid F1-score      : 0.8633

Epoch : 33
Train Loss     : 0.0827	 | 	Train Accuracy     : 0.9844
Valid Loss     : 0.4012	 | 	Valid Accuracy     : 0.8919 | 	Valid F1-score      : 0.8886

Epoch : 34
Train Loss     : 0.0798	 | 	Train Accuracy     : 0.9818
Valid Loss     : 0.4152	 | 	Valid Accuracy     : 0.8919 | 	Valid F1-score      : 0.8886

Epoch : 35
Train Loss     : 0.1119	 | 	Train Accuracy     : 0.9740
Valid Loss     : 0.4157	 | 	Valid Accuracy     : 0.8919 | 	Valid F1-score      : 0.8886

Epoch : 36
Train Loss     : 0.1256	 | 	Train Accuracy     : 0.9792
Valid Loss     : 0.4054	 | 	Valid Accuracy     : 0.8919 | 	Valid F1-score      : 0.8886

Epoch : 37
Train Loss     : 0.1036	 | 	Train Accuracy     : 0.9818
Valid Loss     : 0.4132	 | 	Valid Accuracy     : 0.8919 | 	Valid F1-score      : 0.8886

Epoch : 38
Train Loss     : 0.0830	 | 	Train Accuracy     : 0.9766
Valid Loss     : 0.4381	 | 	Valid Accuracy     : 0.8919 | 	Valid F1-score      : 0.8886

Epoch : 39
Train Loss     : 0.0904	 | 	Train Accuracy     : 0.9818
Valid Loss     : 0.4365	 | 	Valid Accuracy     : 0.8919 | 	Valid F1-score      : 0.8886

Epoch : 40
Train Loss     : 0.1097	 | 	Train Accuracy     : 0.9844
Valid Loss     : 0.4129	 | 	Valid Accuracy     : 0.8919 | 	Valid F1-score      : 0.8886

Epoch : 41
Train Loss     : 0.0816	 | 	Train Accuracy     : 0.9818
Valid Loss     : 0.4234	 | 	Valid Accuracy     : 0.8919 | 	Valid F1-score      : 0.8886

Epoch : 42
Train Loss     : 0.0796	 | 	Train Accuracy     : 0.9818
Valid Loss     : 0.4151	 | 	Valid Accuracy     : 0.8919 | 	Valid F1-score      : 0.8886

Epoch : 43
Train Loss     : 0.0818	 | 	Train Accuracy     : 0.9766
Valid Loss     : 0.4043	 | 	Valid Accuracy     : 0.8919 | 	Valid F1-score      : 0.8886

Epoch : 44
Train Loss     : 0.0927	 | 	Train Accuracy     : 0.9792
Valid Loss     : 0.4077	 | 	Valid Accuracy     : 0.8919 | 	Valid F1-score      : 0.8886

Epoch : 45
Train Loss     : 0.0768	 | 	Train Accuracy     : 0.9818
Valid Loss     : 0.4096	 | 	Valid Accuracy     : 0.8919 | 	Valid F1-score      : 0.8886

Epoch : 46
Train Loss     : 0.0783	 | 	Train Accuracy     : 0.9818
Valid Loss     : 0.4077	 | 	Valid Accuracy     : 0.8919 | 	Valid F1-score      : 0.8886

Epoch : 47
Train Loss     : 0.0835	 | 	Train Accuracy     : 0.9818
Valid Loss     : 0.4169	 | 	Valid Accuracy     : 0.8919 | 	Valid F1-score      : 0.8886

Epoch : 48
Train Loss     : 0.2994	 | 	Train Accuracy     : 0.8984
Valid Loss     : 0.3995	 | 	Valid Accuracy     : 0.8919 | 	Valid F1-score      : 0.8886

Epoch : 49
Train Loss     : 0.3075	 | 	Train Accuracy     : 0.9427
Valid Loss     : 0.4098	 | 	Valid Accuracy     : 0.8919 | 	Valid F1-score      : 0.8886

Epoch : 50
Train Loss     : 0.0784	 | 	Train Accuracy     : 0.9844
Valid Loss     : 0.3962	 | 	Valid Accuracy     : 0.8919 | 	Valid F1-score      : 0.8886

Epoch : 51
Train Loss     : 0.1221	 | 	Train Accuracy     : 0.9870
Valid Loss     : 0.3879	 | 	Valid Accuracy     : 0.8919 | 	Valid F1-score      : 0.8886

Epoch : 52
Train Loss     : 0.1153	 | 	Train Accuracy     : 0.9766
Valid Loss     : 0.3994	 | 	Valid Accuracy     : 0.8919 | 	Valid F1-score      : 0.8886

Epoch : 53
Train Loss     : 0.1210	 | 	Train Accuracy     : 0.9505
Valid Loss     : 0.4024	 | 	Valid Accuracy     : 0.8919 | 	Valid F1-score      : 0.8886

Epoch : 54
Train Loss     : 0.0763	 | 	Train Accuracy     : 0.9818
Valid Loss     : 0.4197	 | 	Valid Accuracy     : 0.8919 | 	Valid F1-score      : 0.8886

Epoch : 55
Train Loss     : 0.0755	 | 	Train Accuracy     : 0.9870
Valid Loss     : 0.4152	 | 	Valid Accuracy     : 0.8919 | 	Valid F1-score      : 0.8886

Epoch : 56
Train Loss     : 0.1918	 | 	Train Accuracy     : 0.9427
Valid Loss     : 0.4024	 | 	Valid Accuracy     : 0.8919 | 	Valid F1-score      : 0.8886

Epoch : 57
Train Loss     : 0.2772	 | 	Train Accuracy     : 0.9036
Valid Loss     : 0.3869	 | 	Valid Accuracy     : 0.8919 | 	Valid F1-score      : 0.8886

Epoch : 58
Train Loss     : 0.1081	 | 	Train Accuracy     : 0.9870
Valid Loss     : 0.4105	 | 	Valid Accuracy     : 0.8919 | 	Valid F1-score      : 0.8886

Epoch : 59
Train Loss     : 0.1009	 | 	Train Accuracy     : 0.9896
Valid Loss     : 0.4212	 | 	Valid Accuracy     : 0.8919 | 	Valid F1-score      : 0.8886

Epoch : 60
Train Loss     : 0.0801	 | 	Train Accuracy     : 0.9792
Valid Loss     : 0.4215	 | 	Valid Accuracy     : 0.8919 | 	Valid F1-score      : 0.8886

Epoch : 61
Train Loss     : 0.2028	 | 	Train Accuracy     : 0.8932
Valid Loss     : 0.4135	 | 	Valid Accuracy     : 0.8919 | 	Valid F1-score      : 0.8886

Epoch : 62
Train Loss     : 0.0903	 | 	Train Accuracy     : 0.9870
Valid Loss     : 0.4245	 | 	Valid Accuracy     : 0.8919 | 	Valid F1-score      : 0.8886

Epoch : 63
Train Loss     : 0.1191	 | 	Train Accuracy     : 0.9844
Valid Loss     : 0.4067	 | 	Valid Accuracy     : 0.8919 | 	Valid F1-score      : 0.8886

Epoch : 64
Train Loss     : 0.1185	 | 	Train Accuracy     : 0.9818
Valid Loss     : 0.4016	 | 	Valid Accuracy     : 0.8919 | 	Valid F1-score      : 0.8886

Epoch : 65
Train Loss     : 0.1466	 | 	Train Accuracy     : 0.9401
Valid Loss     : 0.3958	 | 	Valid Accuracy     : 0.8919 | 	Valid F1-score      : 0.8886

Epoch : 66
Train Loss     : 0.0826	 | 	Train Accuracy     : 0.9844
Valid Loss     : 0.4173	 | 	Valid Accuracy     : 0.8919 | 	Valid F1-score      : 0.8886

Epoch : 67
Train Loss     : 0.0908	 | 	Train Accuracy     : 0.9844
Valid Loss     : 0.4056	 | 	Valid Accuracy     : 0.8919 | 	Valid F1-score      : 0.8886

Epoch : 68
Train Loss     : 0.1977	 | 	Train Accuracy     : 0.9479
Valid Loss     : 0.4222	 | 	Valid Accuracy     : 0.8919 | 	Valid F1-score      : 0.8886

Epoch : 69
Train Loss     : 0.1221	 | 	Train Accuracy     : 0.9844
Valid Loss     : 0.3988	 | 	Valid Accuracy     : 0.8919 | 	Valid F1-score      : 0.8886

Epoch : 70
Train Loss     : 0.0800	 | 	Train Accuracy     : 0.9844
Valid Loss     : 0.4270	 | 	Valid Accuracy     : 0.8919 | 	Valid F1-score      : 0.8886

Epoch : 71
Train Loss     : 0.0878	 | 	Train Accuracy     : 0.9818
Valid Loss     : 0.4113	 | 	Valid Accuracy     : 0.8919 | 	Valid F1-score      : 0.8886

Epoch : 72
Train Loss     : 0.0892	 | 	Train Accuracy     : 0.9870
Valid Loss     : 0.4047	 | 	Valid Accuracy     : 0.8919 | 	Valid F1-score      : 0.8886

Epoch : 73
Train Loss     : 0.0801	 | 	Train Accuracy     : 0.9844
Valid Loss     : 0.4233	 | 	Valid Accuracy     : 0.8919 | 	Valid F1-score      : 0.8886

Epoch : 74
Train Loss     : 0.0793	 | 	Train Accuracy     : 0.9818
Valid Loss     : 0.4241	 | 	Valid Accuracy     : 0.8919 | 	Valid F1-score      : 0.8886

Epoch : 75
Train Loss     : 0.0846	 | 	Train Accuracy     : 0.9818
Valid Loss     : 0.4028	 | 	Valid Accuracy     : 0.8919 | 	Valid F1-score      : 0.8886

Epoch : 76
Train Loss     : 0.0765	 | 	Train Accuracy     : 0.9792
Valid Loss     : 0.3964	 | 	Valid Accuracy     : 0.8919 | 	Valid F1-score      : 0.8886

Epoch : 77
Train Loss     : 0.0932	 | 	Train Accuracy     : 0.9818
Valid Loss     : 0.3994	 | 	Valid Accuracy     : 0.8919 | 	Valid F1-score      : 0.8886

Epoch : 78
Train Loss     : 0.1126	 | 	Train Accuracy     : 0.9453
Valid Loss     : 0.3935	 | 	Valid Accuracy     : 0.8919 | 	Valid F1-score      : 0.8886

Epoch : 79
Train Loss     : 0.0815	 | 	Train Accuracy     : 0.9818
Valid Loss     : 0.3932	 | 	Valid Accuracy     : 0.8919 | 	Valid F1-score      : 0.8886

Epoch : 80
Train Loss     : 0.0876	 | 	Train Accuracy     : 0.9870
Valid Loss     : 0.3926	 | 	Valid Accuracy     : 0.8919 | 	Valid F1-score      : 0.8886

Epoch : 81
Train Loss     : 0.0876	 | 	Train Accuracy     : 0.9844
Valid Loss     : 0.3922	 | 	Valid Accuracy     : 0.8919 | 	Valid F1-score      : 0.8886

Epoch : 82
Train Loss     : 0.1016	 | 	Train Accuracy     : 0.9844
Valid Loss     : 0.3808	 | 	Valid Accuracy     : 0.8919 | 	Valid F1-score      : 0.8886

Epoch : 83
Train Loss     : 0.0824	 | 	Train Accuracy     : 0.9818
Valid Loss     : 0.3992	 | 	Valid Accuracy     : 0.8919 | 	Valid F1-score      : 0.8886

Epoch : 84
Train Loss     : 0.0914	 | 	Train Accuracy     : 0.9844
Valid Loss     : 0.3998	 | 	Valid Accuracy     : 0.8919 | 	Valid F1-score      : 0.8886

Epoch : 85
Train Loss     : 0.1242	 | 	Train Accuracy     : 0.9427
Valid Loss     : 0.3903	 | 	Valid Accuracy     : 0.8919 | 	Valid F1-score      : 0.8886

Epoch : 86
Train Loss     : 0.0810	 | 	Train Accuracy     : 0.9792
Valid Loss     : 0.3950	 | 	Valid Accuracy     : 0.8919 | 	Valid F1-score      : 0.8886

Epoch : 87
Train Loss     : 0.0841	 | 	Train Accuracy     : 0.9870
Valid Loss     : 0.3960	 | 	Valid Accuracy     : 0.8919 | 	Valid F1-score      : 0.8886

Epoch : 88
Train Loss     : 0.0895	 | 	Train Accuracy     : 0.9844
Valid Loss     : 0.4252	 | 	Valid Accuracy     : 0.8919 | 	Valid F1-score      : 0.8886

Epoch : 89
Train Loss     : 0.0763	 | 	Train Accuracy     : 0.9870
Valid Loss     : 0.4385	 | 	Valid Accuracy     : 0.8919 | 	Valid F1-score      : 0.8886

Epoch : 90
Train Loss     : 0.3096	 | 	Train Accuracy     : 0.9036
Valid Loss     : 0.4129	 | 	Valid Accuracy     : 0.8919 | 	Valid F1-score      : 0.8886

Epoch : 91
Train Loss     : 0.3024	 | 	Train Accuracy     : 0.8594
Valid Loss     : 0.3947	 | 	Valid Accuracy     : 0.8919 | 	Valid F1-score      : 0.8886

Epoch : 92
Train Loss     : 0.0818	 | 	Train Accuracy     : 0.9870
Valid Loss     : 0.3952	 | 	Valid Accuracy     : 0.8919 | 	Valid F1-score      : 0.8886

Epoch : 93
Train Loss     : 0.3199	 | 	Train Accuracy     : 0.8620
Valid Loss     : 0.3728	 | 	Valid Accuracy     : 0.8919 | 	Valid F1-score      : 0.8886

Epoch : 94
Train Loss     : 0.1375	 | 	Train Accuracy     : 0.9844
Valid Loss     : 0.3631	 | 	Valid Accuracy     : 0.8919 | 	Valid F1-score      : 0.8886

Epoch : 95
Train Loss     : 0.0970	 | 	Train Accuracy     : 0.9818
Valid Loss     : 0.4089	 | 	Valid Accuracy     : 0.8919 | 	Valid F1-score      : 0.8886

Epoch : 96
Train Loss     : 0.1187	 | 	Train Accuracy     : 0.9844
Valid Loss     : 0.4123	 | 	Valid Accuracy     : 0.8919 | 	Valid F1-score      : 0.8886

Epoch : 97
Train Loss     : 0.1744	 | 	Train Accuracy     : 0.9479
Valid Loss     : 0.4089	 | 	Valid Accuracy     : 0.8919 | 	Valid F1-score      : 0.8886

Epoch : 98
Train Loss     : 0.1127	 | 	Train Accuracy     : 0.9844
Valid Loss     : 0.4126	 | 	Valid Accuracy     : 0.8919 | 	Valid F1-score      : 0.8886

Epoch : 99
Train Loss     : 0.1503	 | 	Train Accuracy     : 0.9427
Valid Loss     : 0.4126	 | 	Valid Accuracy     : 0.8919 | 	Valid F1-score      : 0.8886

Epoch : 100
Train Loss     : 0.2472	 | 	Train Accuracy     : 0.9401
Valid Loss     : 0.4224	 | 	Valid Accuracy     : 0.8919 | 	Valid F1-score      : 0.8886

Evaluate on the Test set:
Test loss      :0.1348	 | Test Accuracy      : 0.9493	 | Test F1-score      : 0.9493

################## Training is Done! #########################
Training time is : 0:00:26.620384
