=============================================
Dataset: casas
Method:  Novel Human Activity
Mode:    fine_tune
=============================================
Data loaded ...
Training started ....

Epoch : 1
Train Loss     : 2.6977	 | 	Train Accuracy     : 0.0638
Valid Loss     : 2.6287	 | 	Valid Accuracy     : 0.1048 | 	Valid F1-score      : 0.0602

Epoch : 2
Train Loss     : 2.5713	 | 	Train Accuracy     : 0.1413
Valid Loss     : 2.5154	 | 	Valid Accuracy     : 0.2515 | 	Valid F1-score      : 0.1898

Epoch : 3
Train Loss     : 2.4472	 | 	Train Accuracy     : 0.3340
Valid Loss     : 2.4032	 | 	Valid Accuracy     : 0.3912 | 	Valid F1-score      : 0.3553

Epoch : 4
Train Loss     : 2.3366	 | 	Train Accuracy     : 0.5111
Valid Loss     : 2.3022	 | 	Valid Accuracy     : 0.5468 | 	Valid F1-score      : 0.4889

Epoch : 5
Train Loss     : 2.2160	 | 	Train Accuracy     : 0.6178
Valid Loss     : 2.1822	 | 	Valid Accuracy     : 0.5973 | 	Valid F1-score      : 0.5408

Epoch : 6
Train Loss     : 2.0952	 | 	Train Accuracy     : 0.6921
Valid Loss     : 2.0722	 | 	Valid Accuracy     : 0.6903 | 	Valid F1-score      : 0.6376

Epoch : 7
Train Loss     : 1.9796	 | 	Train Accuracy     : 0.7513
Valid Loss     : 1.9666	 | 	Valid Accuracy     : 0.7135 | 	Valid F1-score      : 0.6696

Epoch : 8
Train Loss     : 1.8622	 | 	Train Accuracy     : 0.7839
Valid Loss     : 1.8560	 | 	Valid Accuracy     : 0.7363 | 	Valid F1-score      : 0.7195

Epoch : 9
Train Loss     : 1.7603	 | 	Train Accuracy     : 0.8001
Valid Loss     : 1.7604	 | 	Valid Accuracy     : 0.7717 | 	Valid F1-score      : 0.7395

Epoch : 10
Train Loss     : 1.6615	 | 	Train Accuracy     : 0.8431
Valid Loss     : 1.6694	 | 	Valid Accuracy     : 0.8015 | 	Valid F1-score      : 0.7806

Epoch : 11
Train Loss     : 1.5666	 | 	Train Accuracy     : 0.8379
Valid Loss     : 1.6041	 | 	Valid Accuracy     : 0.7907 | 	Valid F1-score      : 0.7755

Epoch : 12
Train Loss     : 1.4836	 | 	Train Accuracy     : 0.8418
Valid Loss     : 1.5425	 | 	Valid Accuracy     : 0.7799 | 	Valid F1-score      : 0.7465

Epoch : 13
Train Loss     : 1.4162	 | 	Train Accuracy     : 0.8672
Valid Loss     : 1.4633	 | 	Valid Accuracy     : 0.8100 | 	Valid F1-score      : 0.7673

Epoch : 14
Train Loss     : 1.3387	 | 	Train Accuracy     : 0.8952
Valid Loss     : 1.4187	 | 	Valid Accuracy     : 0.8484 | 	Valid F1-score      : 0.8520

Epoch : 15
Train Loss     : 1.2620	 | 	Train Accuracy     : 0.9023
Valid Loss     : 1.3571	 | 	Valid Accuracy     : 0.8484 | 	Valid F1-score      : 0.8095

Epoch : 16
Train Loss     : 1.2110	 | 	Train Accuracy     : 0.9154
Valid Loss     : 1.3078	 | 	Valid Accuracy     : 0.8293 | 	Valid F1-score      : 0.8142

Epoch : 17
Train Loss     : 1.1530	 | 	Train Accuracy     : 0.9212
Valid Loss     : 1.2677	 | 	Valid Accuracy     : 0.8718 | 	Valid F1-score      : 0.8363

Epoch : 18
Train Loss     : 1.1079	 | 	Train Accuracy     : 0.9225
Valid Loss     : 1.2199	 | 	Valid Accuracy     : 0.8527 | 	Valid F1-score      : 0.8238

Epoch : 19
Train Loss     : 1.0507	 | 	Train Accuracy     : 0.9323
Valid Loss     : 1.1763	 | 	Valid Accuracy     : 0.8413 | 	Valid F1-score      : 0.8203

Epoch : 20
Train Loss     : 0.9864	 | 	Train Accuracy     : 0.9525
Valid Loss     : 1.1691	 | 	Valid Accuracy     : 0.8647 | 	Valid F1-score      : 0.8398

Epoch : 21
Train Loss     : 0.9488	 | 	Train Accuracy     : 0.9564
Valid Loss     : 1.1184	 | 	Valid Accuracy     : 0.8679 | 	Valid F1-score      : 0.8535

Epoch : 22
Train Loss     : 0.9041	 | 	Train Accuracy     : 0.9596
Valid Loss     : 1.0996	 | 	Valid Accuracy     : 0.8613 | 	Valid F1-score      : 0.8497

Epoch : 23
Train Loss     : 0.8675	 | 	Train Accuracy     : 0.9707
Valid Loss     : 1.0489	 | 	Valid Accuracy     : 0.8757 | 	Valid F1-score      : 0.8753

Epoch : 24
Train Loss     : 0.8206	 | 	Train Accuracy     : 0.9746
Valid Loss     : 1.0077	 | 	Valid Accuracy     : 0.8759 | 	Valid F1-score      : 0.8636

Epoch : 25
Train Loss     : 0.8074	 | 	Train Accuracy     : 0.9720
Valid Loss     : 0.9897	 | 	Valid Accuracy     : 0.8718 | 	Valid F1-score      : 0.8360

Epoch : 26
Train Loss     : 0.7589	 | 	Train Accuracy     : 0.9746
Valid Loss     : 0.9489	 | 	Valid Accuracy     : 0.8759 | 	Valid F1-score      : 0.8488

Epoch : 27
Train Loss     : 0.7194	 | 	Train Accuracy     : 0.9753
Valid Loss     : 0.9270	 | 	Valid Accuracy     : 0.8838 | 	Valid F1-score      : 0.8694

Epoch : 28
Train Loss     : 0.6871	 | 	Train Accuracy     : 0.9785
Valid Loss     : 0.9011	 | 	Valid Accuracy     : 0.8755 | 	Valid F1-score      : 0.8533

Epoch : 29
Train Loss     : 0.6657	 | 	Train Accuracy     : 0.9831
Valid Loss     : 0.8826	 | 	Valid Accuracy     : 0.8799 | 	Valid F1-score      : 0.8619

Epoch : 30
Train Loss     : 0.6356	 | 	Train Accuracy     : 0.9772
Valid Loss     : 0.9008	 | 	Valid Accuracy     : 0.8535 | 	Valid F1-score      : 0.8409

Epoch : 31
Train Loss     : 0.6050	 | 	Train Accuracy     : 0.9831
Valid Loss     : 0.8381	 | 	Valid Accuracy     : 0.8686 | 	Valid F1-score      : 0.8468

Epoch : 32
Train Loss     : 0.5814	 | 	Train Accuracy     : 0.9772
Valid Loss     : 0.8151	 | 	Valid Accuracy     : 0.8913 | 	Valid F1-score      : 0.8883

Epoch : 33
Train Loss     : 0.5552	 | 	Train Accuracy     : 0.9863
Valid Loss     : 0.8173	 | 	Valid Accuracy     : 0.8608 | 	Valid F1-score      : 0.8305

Epoch : 34
Train Loss     : 0.5380	 | 	Train Accuracy     : 0.9850
Valid Loss     : 0.7940	 | 	Valid Accuracy     : 0.8840 | 	Valid F1-score      : 0.8834

Epoch : 35
Train Loss     : 0.5065	 | 	Train Accuracy     : 0.9863
Valid Loss     : 0.7577	 | 	Valid Accuracy     : 0.8833 | 	Valid F1-score      : 0.8728

Epoch : 36
Train Loss     : 0.4838	 | 	Train Accuracy     : 0.9863
Valid Loss     : 0.7802	 | 	Valid Accuracy     : 0.8686 | 	Valid F1-score      : 0.8403

Epoch : 37
Train Loss     : 0.4887	 | 	Train Accuracy     : 0.9850
Valid Loss     : 0.7933	 | 	Valid Accuracy     : 0.8652 | 	Valid F1-score      : 0.8410

Epoch : 38
Train Loss     : 0.4626	 | 	Train Accuracy     : 0.9883
Valid Loss     : 0.7312	 | 	Valid Accuracy     : 0.8913 | 	Valid F1-score      : 0.8912

Epoch : 39
Train Loss     : 0.4334	 | 	Train Accuracy     : 0.9902
Valid Loss     : 0.7185	 | 	Valid Accuracy     : 0.8840 | 	Valid F1-score      : 0.8688

Epoch : 40
Train Loss     : 0.4241	 | 	Train Accuracy     : 0.9863
Valid Loss     : 0.7188	 | 	Valid Accuracy     : 0.8764 | 	Valid F1-score      : 0.8804

Epoch : 41
Train Loss     : 0.4061	 | 	Train Accuracy     : 0.9870
Valid Loss     : 0.7101	 | 	Valid Accuracy     : 0.8684 | 	Valid F1-score      : 0.8690

Epoch : 42
Train Loss     : 0.3881	 | 	Train Accuracy     : 0.9889
Valid Loss     : 0.6685	 | 	Valid Accuracy     : 0.8799 | 	Valid F1-score      : 0.8889

Epoch : 43
Train Loss     : 0.3656	 | 	Train Accuracy     : 0.9922
Valid Loss     : 0.6484	 | 	Valid Accuracy     : 0.8833 | 	Valid F1-score      : 0.8393

Epoch : 44
Train Loss     : 0.3486	 | 	Train Accuracy     : 0.9941
Valid Loss     : 0.6267	 | 	Valid Accuracy     : 0.8909 | 	Valid F1-score      : 0.8770

Epoch : 45
Train Loss     : 0.3429	 | 	Train Accuracy     : 0.9863
Valid Loss     : 0.6319	 | 	Valid Accuracy     : 0.8877 | 	Valid F1-score      : 0.8700

Epoch : 46
Train Loss     : 0.3298	 | 	Train Accuracy     : 0.9922
Valid Loss     : 0.6403	 | 	Valid Accuracy     : 0.8759 | 	Valid F1-score      : 0.8538

Epoch : 47
Train Loss     : 0.3182	 | 	Train Accuracy     : 0.9922
Valid Loss     : 0.6353	 | 	Valid Accuracy     : 0.8916 | 	Valid F1-score      : 0.8953

Epoch : 48
Train Loss     : 0.3171	 | 	Train Accuracy     : 0.9961
Valid Loss     : 0.6327	 | 	Valid Accuracy     : 0.8794 | 	Valid F1-score      : 0.8608

Epoch : 49
Train Loss     : 0.3157	 | 	Train Accuracy     : 0.9818
Valid Loss     : 0.6802	 | 	Valid Accuracy     : 0.8647 | 	Valid F1-score      : 0.8434

Epoch : 50
Train Loss     : 0.2907	 | 	Train Accuracy     : 0.9941
Valid Loss     : 0.6214	 | 	Valid Accuracy     : 0.8681 | 	Valid F1-score      : 0.8597

Epoch : 51
Train Loss     : 0.2802	 | 	Train Accuracy     : 0.9941
Valid Loss     : 0.6449	 | 	Valid Accuracy     : 0.8569 | 	Valid F1-score      : 0.8210

Epoch : 52
Train Loss     : 0.2641	 | 	Train Accuracy     : 0.9961
Valid Loss     : 0.5920	 | 	Valid Accuracy     : 0.8911 | 	Valid F1-score      : 0.8889

Epoch : 53
Train Loss     : 0.2547	 | 	Train Accuracy     : 0.9961
Valid Loss     : 0.5765	 | 	Valid Accuracy     : 0.8718 | 	Valid F1-score      : 0.8496

Epoch : 54
Train Loss     : 0.2459	 | 	Train Accuracy     : 0.9980
Valid Loss     : 0.5736	 | 	Valid Accuracy     : 0.8913 | 	Valid F1-score      : 0.8645

Epoch : 55
Train Loss     : 0.2400	 | 	Train Accuracy     : 0.9928
Valid Loss     : 0.6318	 | 	Valid Accuracy     : 0.8498 | 	Valid F1-score      : 0.8196

Epoch : 56
Train Loss     : 0.2299	 | 	Train Accuracy     : 0.9961
Valid Loss     : 0.6118	 | 	Valid Accuracy     : 0.8842 | 	Valid F1-score      : 0.8272

Epoch : 57
Train Loss     : 0.2197	 | 	Train Accuracy     : 0.9961
Valid Loss     : 0.5363	 | 	Valid Accuracy     : 0.8833 | 	Valid F1-score      : 0.8692

Epoch : 58
Train Loss     : 0.2107	 | 	Train Accuracy     : 0.9980
Valid Loss     : 0.5664	 | 	Valid Accuracy     : 0.8796 | 	Valid F1-score      : 0.8616

Epoch : 59
Train Loss     : 0.2049	 | 	Train Accuracy     : 1.0000
Valid Loss     : 0.5570	 | 	Valid Accuracy     : 0.8835 | 	Valid F1-score      : 0.8461

Epoch : 60
Train Loss     : 0.1996	 | 	Train Accuracy     : 0.9948
Valid Loss     : 0.5450	 | 	Valid Accuracy     : 0.8874 | 	Valid F1-score      : 0.8742

Epoch : 61
Train Loss     : 0.2028	 | 	Train Accuracy     : 0.9928
Valid Loss     : 0.5618	 | 	Valid Accuracy     : 0.8684 | 	Valid F1-score      : 0.8393

Epoch : 62
Train Loss     : 0.1882	 | 	Train Accuracy     : 0.9961
Valid Loss     : 0.5086	 | 	Valid Accuracy     : 0.8909 | 	Valid F1-score      : 0.8920

Epoch : 63
Train Loss     : 0.1899	 | 	Train Accuracy     : 0.9896
Valid Loss     : 0.5170	 | 	Valid Accuracy     : 0.8952 | 	Valid F1-score      : 0.8754

Epoch : 64
Train Loss     : 0.1763	 | 	Train Accuracy     : 0.9961
Valid Loss     : 0.5646	 | 	Valid Accuracy     : 0.8806 | 	Valid F1-score      : 0.8480

Epoch : 65
Train Loss     : 0.1695	 | 	Train Accuracy     : 0.9961
Valid Loss     : 0.5637	 | 	Valid Accuracy     : 0.8649 | 	Valid F1-score      : 0.8584

Epoch : 66
Train Loss     : 0.1650	 | 	Train Accuracy     : 0.9961
Valid Loss     : 0.5243	 | 	Valid Accuracy     : 0.8989 | 	Valid F1-score      : 0.8844

Epoch : 67
Train Loss     : 0.1581	 | 	Train Accuracy     : 0.9980
Valid Loss     : 0.5066	 | 	Valid Accuracy     : 0.8833 | 	Valid F1-score      : 0.8720

Epoch : 68
Train Loss     : 0.1504	 | 	Train Accuracy     : 1.0000
Valid Loss     : 0.5353	 | 	Valid Accuracy     : 0.8799 | 	Valid F1-score      : 0.8710

Epoch : 69
Train Loss     : 0.1507	 | 	Train Accuracy     : 0.9928
Valid Loss     : 0.5144	 | 	Valid Accuracy     : 0.8723 | 	Valid F1-score      : 0.8509

Epoch : 70
Train Loss     : 0.1457	 | 	Train Accuracy     : 0.9980
Valid Loss     : 0.5269	 | 	Valid Accuracy     : 0.8801 | 	Valid F1-score      : 0.8563

Epoch : 71
Train Loss     : 0.1353	 | 	Train Accuracy     : 1.0000
Valid Loss     : 0.5663	 | 	Valid Accuracy     : 0.8684 | 	Valid F1-score      : 0.8442

Epoch : 72
Train Loss     : 0.1388	 | 	Train Accuracy     : 0.9980
Valid Loss     : 0.4893	 | 	Valid Accuracy     : 0.8757 | 	Valid F1-score      : 0.8283

Epoch : 73
Train Loss     : 0.1293	 | 	Train Accuracy     : 0.9980
Valid Loss     : 0.5120	 | 	Valid Accuracy     : 0.8838 | 	Valid F1-score      : 0.8631

Epoch : 74
Train Loss     : 0.1277	 | 	Train Accuracy     : 0.9980
Valid Loss     : 0.4988	 | 	Valid Accuracy     : 0.8803 | 	Valid F1-score      : 0.8796

Epoch : 75
Train Loss     : 0.1278	 | 	Train Accuracy     : 0.9961
Valid Loss     : 0.5242	 | 	Valid Accuracy     : 0.8764 | 	Valid F1-score      : 0.8657

Epoch : 76
Train Loss     : 0.1200	 | 	Train Accuracy     : 0.9961
Valid Loss     : 0.5185	 | 	Valid Accuracy     : 0.8913 | 	Valid F1-score      : 0.8762

Epoch : 77
Train Loss     : 0.1134	 | 	Train Accuracy     : 0.9980
Valid Loss     : 0.5420	 | 	Valid Accuracy     : 0.8799 | 	Valid F1-score      : 0.8427

Epoch : 78
Train Loss     : 0.1106	 | 	Train Accuracy     : 0.9980
Valid Loss     : 0.5050	 | 	Valid Accuracy     : 0.8838 | 	Valid F1-score      : 0.8720

Epoch : 79
Train Loss     : 0.1086	 | 	Train Accuracy     : 0.9980
Valid Loss     : 0.5307	 | 	Valid Accuracy     : 0.8840 | 	Valid F1-score      : 0.8813

Epoch : 80
Train Loss     : 0.1041	 | 	Train Accuracy     : 1.0000
Valid Loss     : 0.5017	 | 	Valid Accuracy     : 0.8838 | 	Valid F1-score      : 0.8841

Epoch : 81
Train Loss     : 0.1041	 | 	Train Accuracy     : 0.9980
Valid Loss     : 0.4622	 | 	Valid Accuracy     : 0.8911 | 	Valid F1-score      : 0.8842

Epoch : 82
Train Loss     : 0.0963	 | 	Train Accuracy     : 1.0000
Valid Loss     : 0.5058	 | 	Valid Accuracy     : 0.8803 | 	Valid F1-score      : 0.8602

Epoch : 83
Train Loss     : 0.0999	 | 	Train Accuracy     : 1.0000
Valid Loss     : 0.5713	 | 	Valid Accuracy     : 0.8725 | 	Valid F1-score      : 0.8466

Epoch : 84
Train Loss     : 0.0909	 | 	Train Accuracy     : 1.0000
Valid Loss     : 0.5062	 | 	Valid Accuracy     : 0.8838 | 	Valid F1-score      : 0.8754

Epoch : 85
Train Loss     : 0.0871	 | 	Train Accuracy     : 1.0000
Valid Loss     : 0.4666	 | 	Valid Accuracy     : 0.8833 | 	Valid F1-score      : 0.8694

Epoch : 86
Train Loss     : 0.0854	 | 	Train Accuracy     : 1.0000
Valid Loss     : 0.5293	 | 	Valid Accuracy     : 0.8728 | 	Valid F1-score      : 0.8395

Epoch : 87
Train Loss     : 0.0846	 | 	Train Accuracy     : 0.9980
Valid Loss     : 0.5196	 | 	Valid Accuracy     : 0.8759 | 	Valid F1-score      : 0.8601

Epoch : 88
Train Loss     : 0.0794	 | 	Train Accuracy     : 1.0000
Valid Loss     : 0.5486	 | 	Valid Accuracy     : 0.8647 | 	Valid F1-score      : 0.8553

Epoch : 89
Train Loss     : 0.0768	 | 	Train Accuracy     : 1.0000
Valid Loss     : 0.5336	 | 	Valid Accuracy     : 0.8840 | 	Valid F1-score      : 0.8469

Epoch : 90
Train Loss     : 0.0757	 | 	Train Accuracy     : 1.0000
Valid Loss     : 0.4907	 | 	Valid Accuracy     : 0.8952 | 	Valid F1-score      : 0.8978

Epoch : 91
Train Loss     : 0.0738	 | 	Train Accuracy     : 1.0000
Valid Loss     : 0.5114	 | 	Valid Accuracy     : 0.8723 | 	Valid F1-score      : 0.8346

Epoch : 92
Train Loss     : 0.0755	 | 	Train Accuracy     : 0.9980
Valid Loss     : 0.4784	 | 	Valid Accuracy     : 0.8872 | 	Valid F1-score      : 0.8737

Epoch : 93
Train Loss     : 0.0857	 | 	Train Accuracy     : 0.9980
Valid Loss     : 0.4974	 | 	Valid Accuracy     : 0.8835 | 	Valid F1-score      : 0.8480

Epoch : 94
Train Loss     : 0.0667	 | 	Train Accuracy     : 1.0000
Valid Loss     : 0.4863	 | 	Valid Accuracy     : 0.8913 | 	Valid F1-score      : 0.8916

Epoch : 95
Train Loss     : 0.0665	 | 	Train Accuracy     : 1.0000
Valid Loss     : 0.5064	 | 	Valid Accuracy     : 0.8879 | 	Valid F1-score      : 0.8516

Epoch : 96
Train Loss     : 0.0622	 | 	Train Accuracy     : 1.0000
Valid Loss     : 0.4611	 | 	Valid Accuracy     : 0.9028 | 	Valid F1-score      : 0.8666

Epoch : 97
Train Loss     : 0.0602	 | 	Train Accuracy     : 1.0000
Valid Loss     : 0.4732	 | 	Valid Accuracy     : 0.8916 | 	Valid F1-score      : 0.8851

Epoch : 98
Train Loss     : 0.0616	 | 	Train Accuracy     : 1.0000
Valid Loss     : 0.4839	 | 	Valid Accuracy     : 0.9028 | 	Valid F1-score      : 0.8886

Epoch : 99
Train Loss     : 0.0576	 | 	Train Accuracy     : 1.0000
Valid Loss     : 0.4725	 | 	Valid Accuracy     : 0.8916 | 	Valid F1-score      : 0.8652

Epoch : 100
Train Loss     : 0.0594	 | 	Train Accuracy     : 1.0000
Valid Loss     : 0.4224	 | 	Valid Accuracy     : 0.8987 | 	Valid F1-score      : 0.8846

Evaluate on the Test set:
Test loss      :0.4513	 | Test Accuracy      : 0.8916	 | Test F1-score      : 0.8463

################## Training is Done! #########################
Training time is : 0:00:27.723518
