=============================================
Dataset: lapras
Method:  Novel Human Activity
Mode:    fine_tune
=============================================
Data loaded ...
Training started ....

Epoch : 1
Train Loss     : 1.3890	 | 	Train Accuracy     : 0.3724
Valid Loss     : 1.2658	 | 	Valid Accuracy     : 0.5660 | 	Valid F1-score      : 0.4602

Epoch : 2
Train Loss     : 1.2378	 | 	Train Accuracy     : 0.6354
Valid Loss     : 1.1883	 | 	Valid Accuracy     : 0.6896 | 	Valid F1-score      : 0.6144

Epoch : 3
Train Loss     : 1.1981	 | 	Train Accuracy     : 0.6224
Valid Loss     : 1.1086	 | 	Valid Accuracy     : 0.7782 | 	Valid F1-score      : 0.7450

Epoch : 4
Train Loss     : 1.1238	 | 	Train Accuracy     : 0.8021
Valid Loss     : 1.0248	 | 	Valid Accuracy     : 0.9180 | 	Valid F1-score      : 0.9153

Epoch : 5
Train Loss     : 1.0466	 | 	Train Accuracy     : 0.8646
Valid Loss     : 0.9623	 | 	Valid Accuracy     : 0.9635 | 	Valid F1-score      : 0.9623

Epoch : 6
Train Loss     : 0.9663	 | 	Train Accuracy     : 0.9635
Valid Loss     : 0.9076	 | 	Valid Accuracy     : 0.9740 | 	Valid F1-score      : 0.9743

Epoch : 7
Train Loss     : 0.9269	 | 	Train Accuracy     : 0.9714
Valid Loss     : 0.8357	 | 	Valid Accuracy     : 0.9597 | 	Valid F1-score      : 0.9627

Epoch : 8
Train Loss     : 0.8781	 | 	Train Accuracy     : 0.9714
Valid Loss     : 0.7779	 | 	Valid Accuracy     : 0.9668 | 	Valid F1-score      : 0.9656

Epoch : 9
Train Loss     : 0.7981	 | 	Train Accuracy     : 0.9740
Valid Loss     : 0.7382	 | 	Valid Accuracy     : 0.9668 | 	Valid F1-score      : 0.9642

Epoch : 10
Train Loss     : 0.7526	 | 	Train Accuracy     : 0.9792
Valid Loss     : 0.6935	 | 	Valid Accuracy     : 0.9720 | 	Valid F1-score      : 0.9734

Epoch : 11
Train Loss     : 0.7203	 | 	Train Accuracy     : 0.9401
Valid Loss     : 0.6460	 | 	Valid Accuracy     : 0.9844 | 	Valid F1-score      : 0.9852

Epoch : 12
Train Loss     : 0.7769	 | 	Train Accuracy     : 0.8542
Valid Loss     : 0.5827	 | 	Valid Accuracy     : 0.9844 | 	Valid F1-score      : 0.9839

Epoch : 13
Train Loss     : 0.6071	 | 	Train Accuracy     : 0.9818
Valid Loss     : 0.5938	 | 	Valid Accuracy     : 0.9772 | 	Valid F1-score      : 0.9754

Epoch : 14
Train Loss     : 0.6515	 | 	Train Accuracy     : 0.9818
Valid Loss     : 0.5527	 | 	Valid Accuracy     : 0.9844 | 	Valid F1-score      : 0.9836

Epoch : 15
Train Loss     : 0.6315	 | 	Train Accuracy     : 0.9401
Valid Loss     : 0.5190	 | 	Valid Accuracy     : 0.9844 | 	Valid F1-score      : 0.9842

Epoch : 16
Train Loss     : 0.5572	 | 	Train Accuracy     : 0.9818
Valid Loss     : 0.5133	 | 	Valid Accuracy     : 0.9844 | 	Valid F1-score      : 0.9834

Epoch : 17
Train Loss     : 0.5330	 | 	Train Accuracy     : 0.9792
Valid Loss     : 0.5024	 | 	Valid Accuracy     : 0.9844 | 	Valid F1-score      : 0.9844

Epoch : 18
Train Loss     : 0.5414	 | 	Train Accuracy     : 0.9818
Valid Loss     : 0.4810	 | 	Valid Accuracy     : 0.9844 | 	Valid F1-score      : 0.9843

Epoch : 19
Train Loss     : 0.4760	 | 	Train Accuracy     : 0.9818
Valid Loss     : 0.4850	 | 	Valid Accuracy     : 0.9772 | 	Valid F1-score      : 0.9770

Epoch : 20
Train Loss     : 0.5210	 | 	Train Accuracy     : 0.9401
Valid Loss     : 0.4530	 | 	Valid Accuracy     : 0.9772 | 	Valid F1-score      : 0.9765

Epoch : 21
Train Loss     : 0.4808	 | 	Train Accuracy     : 0.9818
Valid Loss     : 0.4530	 | 	Valid Accuracy     : 0.9824 | 	Valid F1-score      : 0.9814

Epoch : 22
Train Loss     : 0.5244	 | 	Train Accuracy     : 0.8984
Valid Loss     : 0.4263	 | 	Valid Accuracy     : 0.9896 | 	Valid F1-score      : 0.9885

Epoch : 23
Train Loss     : 0.4489	 | 	Train Accuracy     : 0.9844
Valid Loss     : 0.4137	 | 	Valid Accuracy     : 0.9896 | 	Valid F1-score      : 0.9887

Epoch : 24
Train Loss     : 0.5168	 | 	Train Accuracy     : 0.8984
Valid Loss     : 0.4285	 | 	Valid Accuracy     : 0.9701 | 	Valid F1-score      : 0.9662

Epoch : 25
Train Loss     : 0.5250	 | 	Train Accuracy     : 0.8984
Valid Loss     : 0.3811	 | 	Valid Accuracy     : 0.9844 | 	Valid F1-score      : 0.9831

Epoch : 26
Train Loss     : 0.3881	 | 	Train Accuracy     : 0.9818
Valid Loss     : 0.3802	 | 	Valid Accuracy     : 0.9896 | 	Valid F1-score      : 0.9889

Epoch : 27
Train Loss     : 0.3787	 | 	Train Accuracy     : 0.9844
Valid Loss     : 0.3747	 | 	Valid Accuracy     : 0.9896 | 	Valid F1-score      : 0.9893

Epoch : 28
Train Loss     : 0.3996	 | 	Train Accuracy     : 0.9844
Valid Loss     : 0.3733	 | 	Valid Accuracy     : 0.9824 | 	Valid F1-score      : 0.9831

Epoch : 29
Train Loss     : 0.3943	 | 	Train Accuracy     : 0.9844
Valid Loss     : 0.3661	 | 	Valid Accuracy     : 0.9824 | 	Valid F1-score      : 0.9846

Epoch : 30
Train Loss     : 0.4211	 | 	Train Accuracy     : 0.9427
Valid Loss     : 0.3581	 | 	Valid Accuracy     : 0.9772 | 	Valid F1-score      : 0.9782

Epoch : 31
Train Loss     : 0.3696	 | 	Train Accuracy     : 0.9844
Valid Loss     : 0.3426	 | 	Valid Accuracy     : 0.9844 | 	Valid F1-score      : 0.9853

Epoch : 32
Train Loss     : 0.4344	 | 	Train Accuracy     : 0.9010
Valid Loss     : 0.3403	 | 	Valid Accuracy     : 0.9772 | 	Valid F1-score      : 0.9786

Epoch : 33
Train Loss     : 0.3517	 | 	Train Accuracy     : 0.9844
Valid Loss     : 0.3306	 | 	Valid Accuracy     : 0.9844 | 	Valid F1-score      : 0.9843

Epoch : 34
Train Loss     : 0.4031	 | 	Train Accuracy     : 0.9453
Valid Loss     : 0.3421	 | 	Valid Accuracy     : 0.9824 | 	Valid F1-score      : 0.9823

Epoch : 35
Train Loss     : 0.3900	 | 	Train Accuracy     : 0.9453
Valid Loss     : 0.3391	 | 	Valid Accuracy     : 0.9896 | 	Valid F1-score      : 0.9889

Epoch : 36
Train Loss     : 0.4149	 | 	Train Accuracy     : 0.9010
Valid Loss     : 0.3418	 | 	Valid Accuracy     : 0.9824 | 	Valid F1-score      : 0.9843

Epoch : 37
Train Loss     : 0.3636	 | 	Train Accuracy     : 0.9870
Valid Loss     : 0.3329	 | 	Valid Accuracy     : 0.9824 | 	Valid F1-score      : 0.9787

Epoch : 38
Train Loss     : 0.3662	 | 	Train Accuracy     : 0.9479
Valid Loss     : 0.3175	 | 	Valid Accuracy     : 0.9844 | 	Valid F1-score      : 0.9844

Epoch : 39
Train Loss     : 0.3532	 | 	Train Accuracy     : 0.9505
Valid Loss     : 0.3244	 | 	Valid Accuracy     : 0.9948 | 	Valid F1-score      : 0.9946

Epoch : 40
Train Loss     : 0.3357	 | 	Train Accuracy     : 0.9896
Valid Loss     : 0.3086	 | 	Valid Accuracy     : 0.9792 | 	Valid F1-score      : 0.9803

Epoch : 41
Train Loss     : 0.3148	 | 	Train Accuracy     : 0.9870
Valid Loss     : 0.3122	 | 	Valid Accuracy     : 0.9772 | 	Valid F1-score      : 0.9745

Epoch : 42
Train Loss     : 0.3065	 | 	Train Accuracy     : 0.9844
Valid Loss     : 0.3021	 | 	Valid Accuracy     : 0.9844 | 	Valid F1-score      : 0.9836

Epoch : 43
Train Loss     : 0.3866	 | 	Train Accuracy     : 0.9427
Valid Loss     : 0.3102	 | 	Valid Accuracy     : 0.9772 | 	Valid F1-score      : 0.9781

Epoch : 44
Train Loss     : 0.2890	 | 	Train Accuracy     : 0.9896
Valid Loss     : 0.3009	 | 	Valid Accuracy     : 0.9824 | 	Valid F1-score      : 0.9799

Epoch : 45
Train Loss     : 0.3298	 | 	Train Accuracy     : 0.9896
Valid Loss     : 0.3161	 | 	Valid Accuracy     : 0.9753 | 	Valid F1-score      : 0.9757

Epoch : 46
Train Loss     : 0.3345	 | 	Train Accuracy     : 0.9896
Valid Loss     : 0.2991	 | 	Valid Accuracy     : 0.9772 | 	Valid F1-score      : 0.9759

Epoch : 47
Train Loss     : 0.3006	 | 	Train Accuracy     : 0.9870
Valid Loss     : 0.2796	 | 	Valid Accuracy     : 0.9772 | 	Valid F1-score      : 0.9757

Epoch : 48
Train Loss     : 0.2803	 | 	Train Accuracy     : 0.9870
Valid Loss     : 0.2658	 | 	Valid Accuracy     : 0.9948 | 	Valid F1-score      : 0.9952

Epoch : 49
Train Loss     : 0.2748	 | 	Train Accuracy     : 0.9896
Valid Loss     : 0.2775	 | 	Valid Accuracy     : 0.9877 | 	Valid F1-score      : 0.9832

Epoch : 50
Train Loss     : 0.2956	 | 	Train Accuracy     : 0.9505
Valid Loss     : 0.2679	 | 	Valid Accuracy     : 0.9896 | 	Valid F1-score      : 0.9888

Epoch : 51
Train Loss     : 0.2639	 | 	Train Accuracy     : 0.9896
Valid Loss     : 0.2840	 | 	Valid Accuracy     : 0.9896 | 	Valid F1-score      : 0.9888

Epoch : 52
Train Loss     : 0.3105	 | 	Train Accuracy     : 0.9896
Valid Loss     : 0.3046	 | 	Valid Accuracy     : 0.9512 | 	Valid F1-score      : 0.9508

Epoch : 53
Train Loss     : 0.2628	 | 	Train Accuracy     : 0.9922
Valid Loss     : 0.2713	 | 	Valid Accuracy     : 0.9772 | 	Valid F1-score      : 0.9748

Epoch : 54
Train Loss     : 0.2552	 | 	Train Accuracy     : 0.9896
Valid Loss     : 0.2556	 | 	Valid Accuracy     : 0.9844 | 	Valid F1-score      : 0.9834

Epoch : 55
Train Loss     : 0.2971	 | 	Train Accuracy     : 0.9479
Valid Loss     : 0.2607	 | 	Valid Accuracy     : 0.9844 | 	Valid F1-score      : 0.9822

Epoch : 56
Train Loss     : 0.2756	 | 	Train Accuracy     : 0.9922
Valid Loss     : 0.2569	 | 	Valid Accuracy     : 0.9948 | 	Valid F1-score      : 0.9949

Epoch : 57
Train Loss     : 0.2474	 | 	Train Accuracy     : 0.9922
Valid Loss     : 0.2664	 | 	Valid Accuracy     : 0.9824 | 	Valid F1-score      : 0.9779

Epoch : 58
Train Loss     : 0.2943	 | 	Train Accuracy     : 0.9531
Valid Loss     : 0.2428	 | 	Valid Accuracy     : 0.9948 | 	Valid F1-score      : 0.9948

Epoch : 59
Train Loss     : 0.3679	 | 	Train Accuracy     : 0.9089
Valid Loss     : 0.2439	 | 	Valid Accuracy     : 0.9896 | 	Valid F1-score      : 0.9888

Epoch : 60
Train Loss     : 0.3255	 | 	Train Accuracy     : 0.9531
Valid Loss     : 0.2327	 | 	Valid Accuracy     : 0.9896 | 	Valid F1-score      : 0.9878

Epoch : 61
Train Loss     : 0.2362	 | 	Train Accuracy     : 0.9922
Valid Loss     : 0.2398	 | 	Valid Accuracy     : 0.9844 | 	Valid F1-score      : 0.9839

Epoch : 62
Train Loss     : 0.3579	 | 	Train Accuracy     : 0.9115
Valid Loss     : 0.2514	 | 	Valid Accuracy     : 0.9772 | 	Valid F1-score      : 0.9778

Epoch : 63
Train Loss     : 0.2292	 | 	Train Accuracy     : 0.9896
Valid Loss     : 0.2576	 | 	Valid Accuracy     : 0.9772 | 	Valid F1-score      : 0.9673

Epoch : 64
Train Loss     : 0.2181	 | 	Train Accuracy     : 0.9922
Valid Loss     : 0.2290	 | 	Valid Accuracy     : 0.9896 | 	Valid F1-score      : 0.9897

Epoch : 65
Train Loss     : 0.2287	 | 	Train Accuracy     : 0.9948
Valid Loss     : 0.2203	 | 	Valid Accuracy     : 0.9948 | 	Valid F1-score      : 0.9947

Epoch : 66
Train Loss     : 0.2245	 | 	Train Accuracy     : 1.0000
Valid Loss     : 0.2260	 | 	Valid Accuracy     : 0.9824 | 	Valid F1-score      : 0.9856

Epoch : 67
Train Loss     : 0.3436	 | 	Train Accuracy     : 0.9115
Valid Loss     : 0.2263	 | 	Valid Accuracy     : 0.9772 | 	Valid F1-score      : 0.9762

Epoch : 68
Train Loss     : 0.2097	 | 	Train Accuracy     : 1.0000
Valid Loss     : 0.2346	 | 	Valid Accuracy     : 0.9824 | 	Valid F1-score      : 0.9834

Epoch : 69
Train Loss     : 0.2267	 | 	Train Accuracy     : 1.0000
Valid Loss     : 0.2131	 | 	Valid Accuracy     : 0.9896 | 	Valid F1-score      : 0.9901

Epoch : 70
Train Loss     : 0.3038	 | 	Train Accuracy     : 0.9167
Valid Loss     : 0.2289	 | 	Valid Accuracy     : 0.9824 | 	Valid F1-score      : 0.9800

Epoch : 71
Train Loss     : 0.1917	 | 	Train Accuracy     : 0.9974
Valid Loss     : 0.2047	 | 	Valid Accuracy     : 0.9896 | 	Valid F1-score      : 0.9880

Epoch : 72
Train Loss     : 0.2002	 | 	Train Accuracy     : 0.9948
Valid Loss     : 0.2090	 | 	Valid Accuracy     : 0.9896 | 	Valid F1-score      : 0.9878

Epoch : 73
Train Loss     : 0.2040	 | 	Train Accuracy     : 0.9974
Valid Loss     : 0.2104	 | 	Valid Accuracy     : 0.9844 | 	Valid F1-score      : 0.9832

Epoch : 74
Train Loss     : 0.1827	 | 	Train Accuracy     : 0.9974
Valid Loss     : 0.2062	 | 	Valid Accuracy     : 0.9896 | 	Valid F1-score      : 0.9905

Epoch : 75
Train Loss     : 0.3647	 | 	Train Accuracy     : 0.9141
Valid Loss     : 0.2181	 | 	Valid Accuracy     : 0.9824 | 	Valid F1-score      : 0.9819

Epoch : 76
Train Loss     : 0.1915	 | 	Train Accuracy     : 0.9974
Valid Loss     : 0.2000	 | 	Valid Accuracy     : 0.9844 | 	Valid F1-score      : 0.9848

Epoch : 77
Train Loss     : 0.2995	 | 	Train Accuracy     : 0.9141
Valid Loss     : 0.1927	 | 	Valid Accuracy     : 0.9896 | 	Valid F1-score      : 0.9896

Epoch : 78
Train Loss     : 0.1765	 | 	Train Accuracy     : 0.9974
Valid Loss     : 0.2189	 | 	Valid Accuracy     : 0.9824 | 	Valid F1-score      : 0.9825

Epoch : 79
Train Loss     : 0.1916	 | 	Train Accuracy     : 0.9974
Valid Loss     : 0.1984	 | 	Valid Accuracy     : 0.9896 | 	Valid F1-score      : 0.9888

Epoch : 80
Train Loss     : 0.3550	 | 	Train Accuracy     : 0.9167
Valid Loss     : 0.1924	 | 	Valid Accuracy     : 0.9896 | 	Valid F1-score      : 0.9897

Epoch : 81
Train Loss     : 0.1798	 | 	Train Accuracy     : 0.9974
Valid Loss     : 0.2112	 | 	Valid Accuracy     : 0.9824 | 	Valid F1-score      : 0.9830

Epoch : 82
Train Loss     : 0.1921	 | 	Train Accuracy     : 0.9974
Valid Loss     : 0.1936	 | 	Valid Accuracy     : 0.9896 | 	Valid F1-score      : 0.9899

Epoch : 83
Train Loss     : 0.1850	 | 	Train Accuracy     : 1.0000
Valid Loss     : 0.1839	 | 	Valid Accuracy     : 0.9896 | 	Valid F1-score      : 0.9893

Epoch : 84
Train Loss     : 0.1686	 | 	Train Accuracy     : 0.9974
Valid Loss     : 0.1753	 | 	Valid Accuracy     : 0.9948 | 	Valid F1-score      : 0.9934

Epoch : 85
Train Loss     : 0.1760	 | 	Train Accuracy     : 0.9974
Valid Loss     : 0.1754	 | 	Valid Accuracy     : 0.9948 | 	Valid F1-score      : 0.9946

Epoch : 86
Train Loss     : 0.1886	 | 	Train Accuracy     : 1.0000
Valid Loss     : 0.1917	 | 	Valid Accuracy     : 0.9792 | 	Valid F1-score      : 0.9758

Epoch : 87
Train Loss     : 0.1620	 | 	Train Accuracy     : 0.9948
Valid Loss     : 0.1731	 | 	Valid Accuracy     : 0.9948 | 	Valid F1-score      : 0.9949

Epoch : 88
Train Loss     : 0.2308	 | 	Train Accuracy     : 0.9583
Valid Loss     : 0.1724	 | 	Valid Accuracy     : 0.9896 | 	Valid F1-score      : 0.9892

Epoch : 89
Train Loss     : 0.1558	 | 	Train Accuracy     : 0.9974
Valid Loss     : 0.1920	 | 	Valid Accuracy     : 0.9896 | 	Valid F1-score      : 0.9890

Epoch : 90
Train Loss     : 0.1610	 | 	Train Accuracy     : 0.9974
Valid Loss     : 0.1922	 | 	Valid Accuracy     : 0.9824 | 	Valid F1-score      : 0.9832

Epoch : 91
Train Loss     : 0.1528	 | 	Train Accuracy     : 1.0000
Valid Loss     : 0.1765	 | 	Valid Accuracy     : 0.9896 | 	Valid F1-score      : 0.9892

Epoch : 92
Train Loss     : 0.1955	 | 	Train Accuracy     : 0.9583
Valid Loss     : 0.2113	 | 	Valid Accuracy     : 0.9753 | 	Valid F1-score      : 0.9771

Epoch : 93
Train Loss     : 0.2199	 | 	Train Accuracy     : 0.9479
Valid Loss     : 0.1927	 | 	Valid Accuracy     : 0.9824 | 	Valid F1-score      : 0.9828

Epoch : 94
Train Loss     : 0.1761	 | 	Train Accuracy     : 0.9948
Valid Loss     : 0.2341	 | 	Valid Accuracy     : 0.9597 | 	Valid F1-score      : 0.9565

Epoch : 95
Train Loss     : 0.1916	 | 	Train Accuracy     : 0.9948
Valid Loss     : 0.1810	 | 	Valid Accuracy     : 0.9844 | 	Valid F1-score      : 0.9845

Epoch : 96
Train Loss     : 0.3634	 | 	Train Accuracy     : 0.9141
Valid Loss     : 0.1793	 | 	Valid Accuracy     : 0.9824 | 	Valid F1-score      : 0.9772

Epoch : 97
Train Loss     : 0.1484	 | 	Train Accuracy     : 0.9948
Valid Loss     : 0.1684	 | 	Valid Accuracy     : 0.9896 | 	Valid F1-score      : 0.9864

Epoch : 98
Train Loss     : 0.1477	 | 	Train Accuracy     : 0.9974
Valid Loss     : 0.1653	 | 	Valid Accuracy     : 0.9948 | 	Valid F1-score      : 0.9948

Epoch : 99
Train Loss     : 0.2069	 | 	Train Accuracy     : 0.9557
Valid Loss     : 0.1596	 | 	Valid Accuracy     : 0.9896 | 	Valid F1-score      : 0.9895

Epoch : 100
Train Loss     : 0.1448	 | 	Train Accuracy     : 0.9974
Valid Loss     : 0.1711	 | 	Valid Accuracy     : 0.9896 | 	Valid F1-score      : 0.9882

Evaluate on the Test set:
Test loss      :0.1767	 | Test Accuracy      : 0.9896	 | Test F1-score      : 0.9886

################## Training is Done! #########################
Training time is : 0:00:36.981212
