=============================================
Dataset: lapras
Method:  Novel Human Activity
Mode:    fine_tune
=============================================
Data loaded ...
Training started ....

Epoch : 1
Train Loss     : 1.3601	 | 	Train Accuracy     : 0.2500
Valid Loss     : 1.2890	 | 	Valid Accuracy     : 0.3090 | 	Valid F1-score      : 0.1865

Epoch : 2
Train Loss     : 1.2526	 | 	Train Accuracy     : 0.3906
Valid Loss     : 1.1828	 | 	Valid Accuracy     : 0.4821 | 	Valid F1-score      : 0.4338

Epoch : 3
Train Loss     : 1.1899	 | 	Train Accuracy     : 0.6250
Valid Loss     : 1.1017	 | 	Valid Accuracy     : 0.8029 | 	Valid F1-score      : 0.7909

Epoch : 4
Train Loss     : 1.0718	 | 	Train Accuracy     : 0.8984
Valid Loss     : 1.0295	 | 	Valid Accuracy     : 0.8544 | 	Valid F1-score      : 0.8299

Epoch : 5
Train Loss     : 0.9957	 | 	Train Accuracy     : 0.9427
Valid Loss     : 0.9489	 | 	Valid Accuracy     : 0.9531 | 	Valid F1-score      : 0.9542

Epoch : 6
Train Loss     : 0.9727	 | 	Train Accuracy     : 0.9089
Valid Loss     : 0.8778	 | 	Valid Accuracy     : 0.9545 | 	Valid F1-score      : 0.9523

Epoch : 7
Train Loss     : 0.8865	 | 	Train Accuracy     : 0.8880
Valid Loss     : 0.7979	 | 	Valid Accuracy     : 0.9493 | 	Valid F1-score      : 0.9454

Epoch : 8
Train Loss     : 0.8017	 | 	Train Accuracy     : 0.9792
Valid Loss     : 0.7526	 | 	Valid Accuracy     : 0.9616 | 	Valid F1-score      : 0.9608

Epoch : 9
Train Loss     : 0.7659	 | 	Train Accuracy     : 0.9349
Valid Loss     : 0.7003	 | 	Valid Accuracy     : 0.9597 | 	Valid F1-score      : 0.9519

Epoch : 10
Train Loss     : 0.7193	 | 	Train Accuracy     : 0.9792
Valid Loss     : 0.6754	 | 	Valid Accuracy     : 0.9564 | 	Valid F1-score      : 0.9510

Epoch : 11
Train Loss     : 0.6640	 | 	Train Accuracy     : 0.9844
Valid Loss     : 0.5846	 | 	Valid Accuracy     : 0.9740 | 	Valid F1-score      : 0.9735

Epoch : 12
Train Loss     : 0.6535	 | 	Train Accuracy     : 0.9818
Valid Loss     : 0.5608	 | 	Valid Accuracy     : 0.9616 | 	Valid F1-score      : 0.9612

Epoch : 13
Train Loss     : 0.5924	 | 	Train Accuracy     : 0.9401
Valid Loss     : 0.5898	 | 	Valid Accuracy     : 0.9493 | 	Valid F1-score      : 0.9533

Epoch : 14
Train Loss     : 0.6374	 | 	Train Accuracy     : 0.8568
Valid Loss     : 0.5095	 | 	Valid Accuracy     : 0.9545 | 	Valid F1-score      : 0.9518

Epoch : 15
Train Loss     : 0.5386	 | 	Train Accuracy     : 0.9375
Valid Loss     : 0.4940	 | 	Valid Accuracy     : 0.9597 | 	Valid F1-score      : 0.9554

Epoch : 16
Train Loss     : 0.4943	 | 	Train Accuracy     : 0.9818
Valid Loss     : 0.4684	 | 	Valid Accuracy     : 0.9740 | 	Valid F1-score      : 0.9749

Epoch : 17
Train Loss     : 0.4724	 | 	Train Accuracy     : 0.9818
Valid Loss     : 0.4455	 | 	Valid Accuracy     : 0.9740 | 	Valid F1-score      : 0.9729

Epoch : 18
Train Loss     : 0.4641	 | 	Train Accuracy     : 0.9844
Valid Loss     : 0.4492	 | 	Valid Accuracy     : 0.9597 | 	Valid F1-score      : 0.9585

Epoch : 19
Train Loss     : 0.4220	 | 	Train Accuracy     : 0.9844
Valid Loss     : 0.3999	 | 	Valid Accuracy     : 0.9740 | 	Valid F1-score      : 0.9760

Epoch : 20
Train Loss     : 0.5055	 | 	Train Accuracy     : 0.8984
Valid Loss     : 0.4123	 | 	Valid Accuracy     : 0.9616 | 	Valid F1-score      : 0.9633

Epoch : 21
Train Loss     : 0.4811	 | 	Train Accuracy     : 0.9010
Valid Loss     : 0.3968	 | 	Valid Accuracy     : 0.9740 | 	Valid F1-score      : 0.9755

Epoch : 22
Train Loss     : 0.3984	 | 	Train Accuracy     : 0.9896
Valid Loss     : 0.4173	 | 	Valid Accuracy     : 0.9421 | 	Valid F1-score      : 0.9265

Epoch : 23
Train Loss     : 0.4801	 | 	Train Accuracy     : 0.9010
Valid Loss     : 0.3541	 | 	Valid Accuracy     : 0.9740 | 	Valid F1-score      : 0.9746

Epoch : 24
Train Loss     : 0.4008	 | 	Train Accuracy     : 0.9453
Valid Loss     : 0.3912	 | 	Valid Accuracy     : 0.9597 | 	Valid F1-score      : 0.9584

Epoch : 25
Train Loss     : 0.4328	 | 	Train Accuracy     : 0.9401
Valid Loss     : 0.3903	 | 	Valid Accuracy     : 0.9616 | 	Valid F1-score      : 0.9524

Epoch : 26
Train Loss     : 0.4577	 | 	Train Accuracy     : 0.9036
Valid Loss     : 0.3444	 | 	Valid Accuracy     : 0.9616 | 	Valid F1-score      : 0.9639

Epoch : 27
Train Loss     : 0.4658	 | 	Train Accuracy     : 0.9036
Valid Loss     : 0.3333	 | 	Valid Accuracy     : 0.9668 | 	Valid F1-score      : 0.9674

Epoch : 28
Train Loss     : 0.4548	 | 	Train Accuracy     : 0.9036
Valid Loss     : 0.3439	 | 	Valid Accuracy     : 0.9668 | 	Valid F1-score      : 0.9631

Epoch : 29
Train Loss     : 0.4266	 | 	Train Accuracy     : 0.9010
Valid Loss     : 0.3617	 | 	Valid Accuracy     : 0.9493 | 	Valid F1-score      : 0.9430

Epoch : 30
Train Loss     : 0.3480	 | 	Train Accuracy     : 0.9818
Valid Loss     : 0.3254	 | 	Valid Accuracy     : 0.9668 | 	Valid F1-score      : 0.9643

Epoch : 31
Train Loss     : 0.4407	 | 	Train Accuracy     : 0.9453
Valid Loss     : 0.3057	 | 	Valid Accuracy     : 0.9792 | 	Valid F1-score      : 0.9789

Epoch : 32
Train Loss     : 0.3933	 | 	Train Accuracy     : 0.9870
Valid Loss     : 0.3209	 | 	Valid Accuracy     : 0.9720 | 	Valid F1-score      : 0.9743

Epoch : 33
Train Loss     : 0.4170	 | 	Train Accuracy     : 0.9036
Valid Loss     : 0.3160	 | 	Valid Accuracy     : 0.9720 | 	Valid F1-score      : 0.9738

Epoch : 34
Train Loss     : 0.3150	 | 	Train Accuracy     : 0.9870
Valid Loss     : 0.3706	 | 	Valid Accuracy     : 0.9668 | 	Valid F1-score      : 0.9591

Epoch : 35
Train Loss     : 0.3363	 | 	Train Accuracy     : 0.9870
Valid Loss     : 0.3332	 | 	Valid Accuracy     : 0.9668 | 	Valid F1-score      : 0.9630

Epoch : 36
Train Loss     : 0.2927	 | 	Train Accuracy     : 0.9844
Valid Loss     : 0.3149	 | 	Valid Accuracy     : 0.9564 | 	Valid F1-score      : 0.9512

Epoch : 37
Train Loss     : 0.3060	 | 	Train Accuracy     : 0.9870
Valid Loss     : 0.3204	 | 	Valid Accuracy     : 0.9493 | 	Valid F1-score      : 0.9350

Epoch : 38
Train Loss     : 0.4572	 | 	Train Accuracy     : 0.8229
Valid Loss     : 0.3075	 | 	Valid Accuracy     : 0.9616 | 	Valid F1-score      : 0.9593

Epoch : 39
Train Loss     : 0.3496	 | 	Train Accuracy     : 0.9453
Valid Loss     : 0.3200	 | 	Valid Accuracy     : 0.9545 | 	Valid F1-score      : 0.9527

Epoch : 40
Train Loss     : 0.3750	 | 	Train Accuracy     : 0.9453
Valid Loss     : 0.3176	 | 	Valid Accuracy     : 0.9512 | 	Valid F1-score      : 0.9567

Epoch : 41
Train Loss     : 0.3177	 | 	Train Accuracy     : 0.9844
Valid Loss     : 0.3187	 | 	Valid Accuracy     : 0.9525 | 	Valid F1-score      : 0.9459

Epoch : 42
Train Loss     : 0.4298	 | 	Train Accuracy     : 0.9036
Valid Loss     : 0.2974	 | 	Valid Accuracy     : 0.9668 | 	Valid F1-score      : 0.9640

Epoch : 43
Train Loss     : 0.2867	 | 	Train Accuracy     : 0.9844
Valid Loss     : 0.2633	 | 	Valid Accuracy     : 0.9740 | 	Valid F1-score      : 0.9723

Epoch : 44
Train Loss     : 0.3893	 | 	Train Accuracy     : 0.9427
Valid Loss     : 0.2573	 | 	Valid Accuracy     : 0.9740 | 	Valid F1-score      : 0.9746

Epoch : 45
Train Loss     : 0.3259	 | 	Train Accuracy     : 0.9479
Valid Loss     : 0.2673	 | 	Valid Accuracy     : 0.9668 | 	Valid F1-score      : 0.9663

Epoch : 46
Train Loss     : 0.2778	 | 	Train Accuracy     : 0.9844
Valid Loss     : 0.2649	 | 	Valid Accuracy     : 0.9668 | 	Valid F1-score      : 0.9678

Epoch : 47
Train Loss     : 0.2890	 | 	Train Accuracy     : 0.9453
Valid Loss     : 0.3264	 | 	Valid Accuracy     : 0.9298 | 	Valid F1-score      : 0.9169

Epoch : 48
Train Loss     : 0.2541	 | 	Train Accuracy     : 0.9844
Valid Loss     : 0.2832	 | 	Valid Accuracy     : 0.9668 | 	Valid F1-score      : 0.9676

Epoch : 49
Train Loss     : 0.2345	 | 	Train Accuracy     : 0.9844
Valid Loss     : 0.2722	 | 	Valid Accuracy     : 0.9668 | 	Valid F1-score      : 0.9629

Epoch : 50
Train Loss     : 0.2431	 | 	Train Accuracy     : 0.9870
Valid Loss     : 0.2751	 | 	Valid Accuracy     : 0.9616 | 	Valid F1-score      : 0.9591

Epoch : 51
Train Loss     : 0.3370	 | 	Train Accuracy     : 0.9036
Valid Loss     : 0.2668	 | 	Valid Accuracy     : 0.9564 | 	Valid F1-score      : 0.9571

Epoch : 52
Train Loss     : 0.3358	 | 	Train Accuracy     : 0.9036
Valid Loss     : 0.2622	 | 	Valid Accuracy     : 0.9668 | 	Valid F1-score      : 0.9660

Epoch : 53
Train Loss     : 0.2477	 | 	Train Accuracy     : 0.9896
Valid Loss     : 0.2277	 | 	Valid Accuracy     : 0.9844 | 	Valid F1-score      : 0.9831

Epoch : 54
Train Loss     : 0.2165	 | 	Train Accuracy     : 0.9896
Valid Loss     : 0.2316	 | 	Valid Accuracy     : 0.9844 | 	Valid F1-score      : 0.9832

Epoch : 55
Train Loss     : 0.2736	 | 	Train Accuracy     : 0.9844
Valid Loss     : 0.2797	 | 	Valid Accuracy     : 0.9525 | 	Valid F1-score      : 0.9597

Epoch : 56
Train Loss     : 0.2432	 | 	Train Accuracy     : 0.9844
Valid Loss     : 0.2640	 | 	Valid Accuracy     : 0.9616 | 	Valid F1-score      : 0.9641

Epoch : 57
Train Loss     : 0.2418	 | 	Train Accuracy     : 0.9870
Valid Loss     : 0.2860	 | 	Valid Accuracy     : 0.9688 | 	Valid F1-score      : 0.9656

Epoch : 58
Train Loss     : 0.2336	 | 	Train Accuracy     : 0.9844
Valid Loss     : 0.2644	 | 	Valid Accuracy     : 0.9564 | 	Valid F1-score      : 0.9431

Epoch : 59
Train Loss     : 0.2430	 | 	Train Accuracy     : 0.9870
Valid Loss     : 0.2498	 | 	Valid Accuracy     : 0.9493 | 	Valid F1-score      : 0.9459

Epoch : 60
Train Loss     : 0.3882	 | 	Train Accuracy     : 0.9062
Valid Loss     : 0.2499	 | 	Valid Accuracy     : 0.9493 | 	Valid F1-score      : 0.9476

Epoch : 61
Train Loss     : 0.3036	 | 	Train Accuracy     : 0.9453
Valid Loss     : 0.2389	 | 	Valid Accuracy     : 0.9668 | 	Valid F1-score      : 0.9672

Epoch : 62
Train Loss     : 0.2334	 | 	Train Accuracy     : 0.9870
Valid Loss     : 0.2403	 | 	Valid Accuracy     : 0.9616 | 	Valid F1-score      : 0.9641

Epoch : 63
Train Loss     : 0.3231	 | 	Train Accuracy     : 0.9062
Valid Loss     : 0.2248	 | 	Valid Accuracy     : 0.9740 | 	Valid F1-score      : 0.9735

Epoch : 64
Train Loss     : 0.3871	 | 	Train Accuracy     : 0.9089
Valid Loss     : 0.2367	 | 	Valid Accuracy     : 0.9668 | 	Valid F1-score      : 0.9709

Epoch : 65
Train Loss     : 0.2386	 | 	Train Accuracy     : 0.9870
Valid Loss     : 0.2371	 | 	Valid Accuracy     : 0.9668 | 	Valid F1-score      : 0.9659

Epoch : 66
Train Loss     : 0.2081	 | 	Train Accuracy     : 0.9844
Valid Loss     : 0.2391	 | 	Valid Accuracy     : 0.9649 | 	Valid F1-score      : 0.9647

Epoch : 67
Train Loss     : 0.2703	 | 	Train Accuracy     : 0.9479
Valid Loss     : 0.2262	 | 	Valid Accuracy     : 0.9668 | 	Valid F1-score      : 0.9691

Epoch : 68
Train Loss     : 0.3286	 | 	Train Accuracy     : 0.9062
Valid Loss     : 0.2240	 | 	Valid Accuracy     : 0.9792 | 	Valid F1-score      : 0.9787

Epoch : 69
Train Loss     : 0.3283	 | 	Train Accuracy     : 0.9036
Valid Loss     : 0.2422	 | 	Valid Accuracy     : 0.9740 | 	Valid F1-score      : 0.9732

Epoch : 70
Train Loss     : 0.2353	 | 	Train Accuracy     : 0.9896
Valid Loss     : 0.2822	 | 	Valid Accuracy     : 0.9493 | 	Valid F1-score      : 0.9469

Epoch : 71
Train Loss     : 0.2095	 | 	Train Accuracy     : 0.9870
Valid Loss     : 0.2730	 | 	Valid Accuracy     : 0.9512 | 	Valid F1-score      : 0.9508

Epoch : 72
Train Loss     : 0.2061	 | 	Train Accuracy     : 0.9896
Valid Loss     : 0.2547	 | 	Valid Accuracy     : 0.9597 | 	Valid F1-score      : 0.9595

Epoch : 73
Train Loss     : 0.2925	 | 	Train Accuracy     : 0.9010
Valid Loss     : 0.2495	 | 	Valid Accuracy     : 0.9545 | 	Valid F1-score      : 0.9548

Epoch : 74
Train Loss     : 0.2029	 | 	Train Accuracy     : 0.9896
Valid Loss     : 0.2737	 | 	Valid Accuracy     : 0.9668 | 	Valid F1-score      : 0.9640

Epoch : 75
Train Loss     : 0.2006	 | 	Train Accuracy     : 0.9896
Valid Loss     : 0.2895	 | 	Valid Accuracy     : 0.9597 | 	Valid F1-score      : 0.9656

Epoch : 76
Train Loss     : 0.2407	 | 	Train Accuracy     : 0.9844
Valid Loss     : 0.2281	 | 	Valid Accuracy     : 0.9668 | 	Valid F1-score      : 0.9586

Epoch : 77
Train Loss     : 0.1786	 | 	Train Accuracy     : 0.9896
Valid Loss     : 0.2304	 | 	Valid Accuracy     : 0.9597 | 	Valid F1-score      : 0.9604

Epoch : 78
Train Loss     : 0.1807	 | 	Train Accuracy     : 0.9922
Valid Loss     : 0.1960	 | 	Valid Accuracy     : 0.9688 | 	Valid F1-score      : 0.9673

Epoch : 79
Train Loss     : 0.2455	 | 	Train Accuracy     : 0.9844
Valid Loss     : 0.1945	 | 	Valid Accuracy     : 0.9772 | 	Valid F1-score      : 0.9734

Epoch : 80
Train Loss     : 0.1739	 | 	Train Accuracy     : 0.9896
Valid Loss     : 0.2047	 | 	Valid Accuracy     : 0.9720 | 	Valid F1-score      : 0.9730

Epoch : 81
Train Loss     : 0.1920	 | 	Train Accuracy     : 0.9870
Valid Loss     : 0.1920	 | 	Valid Accuracy     : 0.9792 | 	Valid F1-score      : 0.9788

Epoch : 82
Train Loss     : 0.1554	 | 	Train Accuracy     : 0.9922
Valid Loss     : 0.1977	 | 	Valid Accuracy     : 0.9597 | 	Valid F1-score      : 0.9646

Epoch : 83
Train Loss     : 0.2666	 | 	Train Accuracy     : 0.9531
Valid Loss     : 0.2057	 | 	Valid Accuracy     : 0.9701 | 	Valid F1-score      : 0.9659

Epoch : 84
Train Loss     : 0.3062	 | 	Train Accuracy     : 0.9115
Valid Loss     : 0.1917	 | 	Valid Accuracy     : 0.9844 | 	Valid F1-score      : 0.9850

Epoch : 85
Train Loss     : 0.3321	 | 	Train Accuracy     : 0.9141
Valid Loss     : 0.2145	 | 	Valid Accuracy     : 0.9688 | 	Valid F1-score      : 0.9686

Epoch : 86
Train Loss     : 0.1608	 | 	Train Accuracy     : 0.9948
Valid Loss     : 0.2157	 | 	Valid Accuracy     : 0.9668 | 	Valid F1-score      : 0.9646

Epoch : 87
Train Loss     : 0.1794	 | 	Train Accuracy     : 0.9922
Valid Loss     : 0.1912	 | 	Valid Accuracy     : 0.9720 | 	Valid F1-score      : 0.9699

Epoch : 88
Train Loss     : 0.2364	 | 	Train Accuracy     : 0.9505
Valid Loss     : 0.1828	 | 	Valid Accuracy     : 0.9792 | 	Valid F1-score      : 0.9780

Epoch : 89
Train Loss     : 0.3166	 | 	Train Accuracy     : 0.8698
Valid Loss     : 0.1868	 | 	Valid Accuracy     : 0.9792 | 	Valid F1-score      : 0.9784

Epoch : 90
Train Loss     : 0.2297	 | 	Train Accuracy     : 0.9531
Valid Loss     : 0.2222	 | 	Valid Accuracy     : 0.9616 | 	Valid F1-score      : 0.9581

Epoch : 91
Train Loss     : 0.2800	 | 	Train Accuracy     : 0.9479
Valid Loss     : 0.2342	 | 	Valid Accuracy     : 0.9616 | 	Valid F1-score      : 0.9587

Epoch : 92
Train Loss     : 0.1719	 | 	Train Accuracy     : 0.9922
Valid Loss     : 0.2234	 | 	Valid Accuracy     : 0.9688 | 	Valid F1-score      : 0.9700

Epoch : 93
Train Loss     : 0.1897	 | 	Train Accuracy     : 0.9505
Valid Loss     : 0.1878	 | 	Valid Accuracy     : 0.9792 | 	Valid F1-score      : 0.9792

Epoch : 94
Train Loss     : 0.2532	 | 	Train Accuracy     : 0.9141
Valid Loss     : 0.2192	 | 	Valid Accuracy     : 0.9649 | 	Valid F1-score      : 0.9616

Epoch : 95
Train Loss     : 0.2757	 | 	Train Accuracy     : 0.9115
Valid Loss     : 0.2302	 | 	Valid Accuracy     : 0.9545 | 	Valid F1-score      : 0.9535

Epoch : 96
Train Loss     : 0.1647	 | 	Train Accuracy     : 0.9922
Valid Loss     : 0.1927	 | 	Valid Accuracy     : 0.9740 | 	Valid F1-score      : 0.9744

Epoch : 97
Train Loss     : 0.2232	 | 	Train Accuracy     : 0.9505
Valid Loss     : 0.2058	 | 	Valid Accuracy     : 0.9668 | 	Valid F1-score      : 0.9650

Epoch : 98
Train Loss     : 0.1480	 | 	Train Accuracy     : 0.9948
Valid Loss     : 0.2059	 | 	Valid Accuracy     : 0.9720 | 	Valid F1-score      : 0.9670

Epoch : 99
Train Loss     : 0.1799	 | 	Train Accuracy     : 0.9896
Valid Loss     : 0.1862	 | 	Valid Accuracy     : 0.9688 | 	Valid F1-score      : 0.9687

Epoch : 100
Train Loss     : 0.1455	 | 	Train Accuracy     : 0.9974
Valid Loss     : 0.1922	 | 	Valid Accuracy     : 0.9740 | 	Valid F1-score      : 0.9719

Evaluate on the Test set:
Test loss      :0.1915	 | Test Accuracy      : 0.9740	 | Test F1-score      : 0.9733

################## Training is Done! #########################
Training time is : 0:00:39.137601
