=============================================
Dataset: lapras
Method:  Novel Human Activity
Mode:    fine_tune
=============================================
Data loaded ...
Training started ....

Epoch : 1
Train Loss     : 1.3522	 | 	Train Accuracy     : 0.3724
Valid Loss     : 1.2854	 | 	Valid Accuracy     : 0.4080 | 	Valid F1-score      : 0.2788

Epoch : 2
Train Loss     : 1.2324	 | 	Train Accuracy     : 0.6510
Valid Loss     : 1.1986	 | 	Valid Accuracy     : 0.7606 | 	Valid F1-score      : 0.7223

Epoch : 3
Train Loss     : 1.1634	 | 	Train Accuracy     : 0.7552
Valid Loss     : 1.0931	 | 	Valid Accuracy     : 0.8659 | 	Valid F1-score      : 0.8524

Epoch : 4
Train Loss     : 1.0944	 | 	Train Accuracy     : 0.8802
Valid Loss     : 1.0405	 | 	Valid Accuracy     : 0.8953 | 	Valid F1-score      : 0.8970

Epoch : 5
Train Loss     : 1.0130	 | 	Train Accuracy     : 0.9531
Valid Loss     : 0.9587	 | 	Valid Accuracy     : 0.9232 | 	Valid F1-score      : 0.9228

Epoch : 6
Train Loss     : 0.9390	 | 	Train Accuracy     : 0.9740
Valid Loss     : 0.8983	 | 	Valid Accuracy     : 0.9493 | 	Valid F1-score      : 0.9528

Epoch : 7
Train Loss     : 0.9091	 | 	Train Accuracy     : 0.8984
Valid Loss     : 0.8250	 | 	Valid Accuracy     : 0.9616 | 	Valid F1-score      : 0.9631

Epoch : 8
Train Loss     : 0.8487	 | 	Train Accuracy     : 0.9401
Valid Loss     : 0.7620	 | 	Valid Accuracy     : 0.9688 | 	Valid F1-score      : 0.9676

Epoch : 9
Train Loss     : 0.7745	 | 	Train Accuracy     : 0.9427
Valid Loss     : 0.7291	 | 	Valid Accuracy     : 0.9688 | 	Valid F1-score      : 0.9659

Epoch : 10
Train Loss     : 0.7596	 | 	Train Accuracy     : 0.9427
Valid Loss     : 0.6712	 | 	Valid Accuracy     : 0.9616 | 	Valid F1-score      : 0.9620

Epoch : 11
Train Loss     : 0.6826	 | 	Train Accuracy     : 0.9792
Valid Loss     : 0.6271	 | 	Valid Accuracy     : 0.9688 | 	Valid F1-score      : 0.9700

Epoch : 12
Train Loss     : 0.6908	 | 	Train Accuracy     : 0.9844
Valid Loss     : 0.5956	 | 	Valid Accuracy     : 0.9525 | 	Valid F1-score      : 0.9508

Epoch : 13
Train Loss     : 0.6281	 | 	Train Accuracy     : 0.9271
Valid Loss     : 0.6126	 | 	Valid Accuracy     : 0.9213 | 	Valid F1-score      : 0.9190

Epoch : 14
Train Loss     : 0.5915	 | 	Train Accuracy     : 0.9766
Valid Loss     : 0.5437	 | 	Valid Accuracy     : 0.9564 | 	Valid F1-score      : 0.9475

Epoch : 15
Train Loss     : 0.5733	 | 	Train Accuracy     : 0.9349
Valid Loss     : 0.4987	 | 	Valid Accuracy     : 0.9720 | 	Valid F1-score      : 0.9626

Epoch : 16
Train Loss     : 0.5509	 | 	Train Accuracy     : 0.9792
Valid Loss     : 0.5148	 | 	Valid Accuracy     : 0.9597 | 	Valid F1-score      : 0.9601

Epoch : 17
Train Loss     : 0.5546	 | 	Train Accuracy     : 0.9062
Valid Loss     : 0.4600	 | 	Valid Accuracy     : 0.9792 | 	Valid F1-score      : 0.9792

Epoch : 18
Train Loss     : 0.4692	 | 	Train Accuracy     : 0.9870
Valid Loss     : 0.4354	 | 	Valid Accuracy     : 0.9720 | 	Valid F1-score      : 0.9716

Epoch : 19
Train Loss     : 0.4705	 | 	Train Accuracy     : 0.9844
Valid Loss     : 0.4289	 | 	Valid Accuracy     : 0.9792 | 	Valid F1-score      : 0.9789

Epoch : 20
Train Loss     : 0.4167	 | 	Train Accuracy     : 0.9870
Valid Loss     : 0.4098	 | 	Valid Accuracy     : 0.9720 | 	Valid F1-score      : 0.9673

Epoch : 21
Train Loss     : 0.4553	 | 	Train Accuracy     : 0.9401
Valid Loss     : 0.3771	 | 	Valid Accuracy     : 0.9792 | 	Valid F1-score      : 0.9789

Epoch : 22
Train Loss     : 0.4078	 | 	Train Accuracy     : 0.9844
Valid Loss     : 0.3617	 | 	Valid Accuracy     : 0.9792 | 	Valid F1-score      : 0.9770

Epoch : 23
Train Loss     : 0.3769	 | 	Train Accuracy     : 0.9844
Valid Loss     : 0.3632	 | 	Valid Accuracy     : 0.9668 | 	Valid F1-score      : 0.9662

Epoch : 24
Train Loss     : 0.3687	 | 	Train Accuracy     : 0.9870
Valid Loss     : 0.3370	 | 	Valid Accuracy     : 0.9792 | 	Valid F1-score      : 0.9791

Epoch : 25
Train Loss     : 0.3981	 | 	Train Accuracy     : 0.9922
Valid Loss     : 0.3277	 | 	Valid Accuracy     : 0.9844 | 	Valid F1-score      : 0.9856

Epoch : 26
Train Loss     : 0.4236	 | 	Train Accuracy     : 0.9453
Valid Loss     : 0.3325	 | 	Valid Accuracy     : 0.9668 | 	Valid F1-score      : 0.9617

Epoch : 27
Train Loss     : 0.4099	 | 	Train Accuracy     : 0.9479
Valid Loss     : 0.3426	 | 	Valid Accuracy     : 0.9720 | 	Valid F1-score      : 0.9708

Epoch : 28
Train Loss     : 0.4489	 | 	Train Accuracy     : 0.9453
Valid Loss     : 0.3305	 | 	Valid Accuracy     : 0.9740 | 	Valid F1-score      : 0.9734

Epoch : 29
Train Loss     : 0.4150	 | 	Train Accuracy     : 0.9453
Valid Loss     : 0.3280	 | 	Valid Accuracy     : 0.9720 | 	Valid F1-score      : 0.9703

Epoch : 30
Train Loss     : 0.4145	 | 	Train Accuracy     : 0.9505
Valid Loss     : 0.3251	 | 	Valid Accuracy     : 0.9701 | 	Valid F1-score      : 0.9729

Epoch : 31
Train Loss     : 0.3397	 | 	Train Accuracy     : 0.9792
Valid Loss     : 0.3133	 | 	Valid Accuracy     : 0.9668 | 	Valid F1-score      : 0.9678

Epoch : 32
Train Loss     : 0.3595	 | 	Train Accuracy     : 0.9505
Valid Loss     : 0.2965	 | 	Valid Accuracy     : 0.9616 | 	Valid F1-score      : 0.9617

Epoch : 33
Train Loss     : 0.3347	 | 	Train Accuracy     : 0.9922
Valid Loss     : 0.2891	 | 	Valid Accuracy     : 0.9792 | 	Valid F1-score      : 0.9781

Epoch : 34
Train Loss     : 0.5207	 | 	Train Accuracy     : 0.8151
Valid Loss     : 0.3049	 | 	Valid Accuracy     : 0.9772 | 	Valid F1-score      : 0.9733

Epoch : 35
Train Loss     : 0.4065	 | 	Train Accuracy     : 0.9453
Valid Loss     : 0.3010	 | 	Valid Accuracy     : 0.9772 | 	Valid F1-score      : 0.9769

Epoch : 36
Train Loss     : 0.4093	 | 	Train Accuracy     : 0.9089
Valid Loss     : 0.3151	 | 	Valid Accuracy     : 0.9525 | 	Valid F1-score      : 0.9522

Epoch : 37
Train Loss     : 0.4018	 | 	Train Accuracy     : 0.9062
Valid Loss     : 0.2899	 | 	Valid Accuracy     : 0.9740 | 	Valid F1-score      : 0.9719

Epoch : 38
Train Loss     : 0.2650	 | 	Train Accuracy     : 0.9896
Valid Loss     : 0.3005	 | 	Valid Accuracy     : 0.9740 | 	Valid F1-score      : 0.9737

Epoch : 39
Train Loss     : 0.3337	 | 	Train Accuracy     : 0.9453
Valid Loss     : 0.2800	 | 	Valid Accuracy     : 0.9792 | 	Valid F1-score      : 0.9786

Epoch : 40
Train Loss     : 0.3722	 | 	Train Accuracy     : 0.9089
Valid Loss     : 0.2770	 | 	Valid Accuracy     : 0.9688 | 	Valid F1-score      : 0.9683

Epoch : 41
Train Loss     : 0.2864	 | 	Train Accuracy     : 0.9896
Valid Loss     : 0.2755	 | 	Valid Accuracy     : 0.9740 | 	Valid F1-score      : 0.9750

Epoch : 42
Train Loss     : 0.2835	 | 	Train Accuracy     : 0.9505
Valid Loss     : 0.2899	 | 	Valid Accuracy     : 0.9720 | 	Valid F1-score      : 0.9704

Epoch : 43
Train Loss     : 0.2506	 | 	Train Accuracy     : 0.9922
Valid Loss     : 0.2560	 | 	Valid Accuracy     : 0.9740 | 	Valid F1-score      : 0.9736

Epoch : 44
Train Loss     : 0.2764	 | 	Train Accuracy     : 0.9844
Valid Loss     : 0.2801	 | 	Valid Accuracy     : 0.9720 | 	Valid F1-score      : 0.9720

Epoch : 45
Train Loss     : 0.2746	 | 	Train Accuracy     : 0.9896
Valid Loss     : 0.2556	 | 	Valid Accuracy     : 0.9844 | 	Valid F1-score      : 0.9846

Epoch : 46
Train Loss     : 0.2542	 | 	Train Accuracy     : 0.9922
Valid Loss     : 0.2804	 | 	Valid Accuracy     : 0.9616 | 	Valid F1-score      : 0.9620

Epoch : 47
Train Loss     : 0.3297	 | 	Train Accuracy     : 0.9479
Valid Loss     : 0.2661	 | 	Valid Accuracy     : 0.9616 | 	Valid F1-score      : 0.9526

Epoch : 48
Train Loss     : 0.3326	 | 	Train Accuracy     : 0.9479
Valid Loss     : 0.2941	 | 	Valid Accuracy     : 0.9473 | 	Valid F1-score      : 0.9458

Epoch : 49
Train Loss     : 0.2392	 | 	Train Accuracy     : 0.9922
Valid Loss     : 0.2403	 | 	Valid Accuracy     : 0.9792 | 	Valid F1-score      : 0.9787

Epoch : 50
Train Loss     : 0.2300	 | 	Train Accuracy     : 0.9922
Valid Loss     : 0.2555	 | 	Valid Accuracy     : 0.9545 | 	Valid F1-score      : 0.9416

Epoch : 51
Train Loss     : 0.3314	 | 	Train Accuracy     : 0.9505
Valid Loss     : 0.2371	 | 	Valid Accuracy     : 0.9792 | 	Valid F1-score      : 0.9782

Epoch : 52
Train Loss     : 0.2187	 | 	Train Accuracy     : 0.9896
Valid Loss     : 0.2245	 | 	Valid Accuracy     : 0.9792 | 	Valid F1-score      : 0.9790

Epoch : 53
Train Loss     : 0.3436	 | 	Train Accuracy     : 0.9089
Valid Loss     : 0.2535	 | 	Valid Accuracy     : 0.9649 | 	Valid F1-score      : 0.9587

Epoch : 54
Train Loss     : 0.2814	 | 	Train Accuracy     : 0.9115
Valid Loss     : 0.2187	 | 	Valid Accuracy     : 0.9792 | 	Valid F1-score      : 0.9793

Epoch : 55
Train Loss     : 0.2522	 | 	Train Accuracy     : 0.9922
Valid Loss     : 0.2238	 | 	Valid Accuracy     : 0.9720 | 	Valid F1-score      : 0.9663

Epoch : 56
Train Loss     : 0.2095	 | 	Train Accuracy     : 0.9922
Valid Loss     : 0.2246	 | 	Valid Accuracy     : 0.9844 | 	Valid F1-score      : 0.9848

Epoch : 57
Train Loss     : 0.2282	 | 	Train Accuracy     : 0.9896
Valid Loss     : 0.2404	 | 	Valid Accuracy     : 0.9668 | 	Valid F1-score      : 0.9642

Epoch : 58
Train Loss     : 0.2224	 | 	Train Accuracy     : 0.9922
Valid Loss     : 0.2191	 | 	Valid Accuracy     : 0.9740 | 	Valid F1-score      : 0.9740

Epoch : 59
Train Loss     : 0.3832	 | 	Train Accuracy     : 0.9036
Valid Loss     : 0.2191	 | 	Valid Accuracy     : 0.9792 | 	Valid F1-score      : 0.9793

Epoch : 60
Train Loss     : 0.2541	 | 	Train Accuracy     : 0.9427
Valid Loss     : 0.2146	 | 	Valid Accuracy     : 0.9792 | 	Valid F1-score      : 0.9786

Epoch : 61
Train Loss     : 0.2292	 | 	Train Accuracy     : 0.9922
Valid Loss     : 0.2323	 | 	Valid Accuracy     : 0.9772 | 	Valid F1-score      : 0.9754

Epoch : 62
Train Loss     : 0.3063	 | 	Train Accuracy     : 0.9505
Valid Loss     : 0.2065	 | 	Valid Accuracy     : 0.9844 | 	Valid F1-score      : 0.9845

Epoch : 63
Train Loss     : 0.3037	 | 	Train Accuracy     : 0.9089
Valid Loss     : 0.2257	 | 	Valid Accuracy     : 0.9792 | 	Valid F1-score      : 0.9749

Epoch : 64
Train Loss     : 0.2475	 | 	Train Accuracy     : 0.9505
Valid Loss     : 0.2139	 | 	Valid Accuracy     : 0.9844 | 	Valid F1-score      : 0.9831

Epoch : 65
Train Loss     : 0.2313	 | 	Train Accuracy     : 0.9870
Valid Loss     : 0.2337	 | 	Valid Accuracy     : 0.9616 | 	Valid F1-score      : 0.9598

Epoch : 66
Train Loss     : 0.2509	 | 	Train Accuracy     : 0.9870
Valid Loss     : 0.2537	 | 	Valid Accuracy     : 0.9545 | 	Valid F1-score      : 0.9547

Epoch : 67
Train Loss     : 0.2306	 | 	Train Accuracy     : 0.9896
Valid Loss     : 0.2105	 | 	Valid Accuracy     : 0.9844 | 	Valid F1-score      : 0.9837

Epoch : 68
Train Loss     : 0.2983	 | 	Train Accuracy     : 0.9089
Valid Loss     : 0.2059	 | 	Valid Accuracy     : 0.9720 | 	Valid F1-score      : 0.9738

Epoch : 69
Train Loss     : 0.1782	 | 	Train Accuracy     : 0.9922
Valid Loss     : 0.2203	 | 	Valid Accuracy     : 0.9616 | 	Valid F1-score      : 0.9653

Epoch : 70
Train Loss     : 0.1809	 | 	Train Accuracy     : 0.9922
Valid Loss     : 0.2027	 | 	Valid Accuracy     : 0.9844 | 	Valid F1-score      : 0.9858

Epoch : 71
Train Loss     : 0.2561	 | 	Train Accuracy     : 0.9531
Valid Loss     : 0.1956	 | 	Valid Accuracy     : 0.9772 | 	Valid F1-score      : 0.9778

Epoch : 72
Train Loss     : 0.1643	 | 	Train Accuracy     : 0.9948
Valid Loss     : 0.1896	 | 	Valid Accuracy     : 0.9844 | 	Valid F1-score      : 0.9848

Epoch : 73
Train Loss     : 0.3393	 | 	Train Accuracy     : 0.9089
Valid Loss     : 0.2262	 | 	Valid Accuracy     : 0.9525 | 	Valid F1-score      : 0.9512

Epoch : 74
Train Loss     : 0.1815	 | 	Train Accuracy     : 0.9948
Valid Loss     : 0.1981	 | 	Valid Accuracy     : 0.9740 | 	Valid F1-score      : 0.9728

Epoch : 75
Train Loss     : 0.2011	 | 	Train Accuracy     : 0.9505
Valid Loss     : 0.2252	 | 	Valid Accuracy     : 0.9597 | 	Valid F1-score      : 0.9640

Epoch : 76
Train Loss     : 0.2378	 | 	Train Accuracy     : 0.9531
Valid Loss     : 0.2037	 | 	Valid Accuracy     : 0.9720 | 	Valid F1-score      : 0.9750

Epoch : 77
Train Loss     : 0.3396	 | 	Train Accuracy     : 0.9089
Valid Loss     : 0.1797	 | 	Valid Accuracy     : 0.9792 | 	Valid F1-score      : 0.9795

Epoch : 78
Train Loss     : 0.1729	 | 	Train Accuracy     : 0.9922
Valid Loss     : 0.1803	 | 	Valid Accuracy     : 0.9896 | 	Valid F1-score      : 0.9882

Epoch : 79
Train Loss     : 0.2362	 | 	Train Accuracy     : 0.9505
Valid Loss     : 0.1800	 | 	Valid Accuracy     : 0.9792 | 	Valid F1-score      : 0.9774

Epoch : 80
Train Loss     : 0.2579	 | 	Train Accuracy     : 0.9089
Valid Loss     : 0.2035	 | 	Valid Accuracy     : 0.9720 | 	Valid F1-score      : 0.9708

Epoch : 81
Train Loss     : 0.1908	 | 	Train Accuracy     : 0.9948
Valid Loss     : 0.1880	 | 	Valid Accuracy     : 0.9740 | 	Valid F1-score      : 0.9748

Epoch : 82
Train Loss     : 0.2439	 | 	Train Accuracy     : 0.9115
Valid Loss     : 0.2042	 | 	Valid Accuracy     : 0.9649 | 	Valid F1-score      : 0.9624

Epoch : 83
Train Loss     : 0.1735	 | 	Train Accuracy     : 0.9948
Valid Loss     : 0.1833	 | 	Valid Accuracy     : 0.9896 | 	Valid F1-score      : 0.9895

Epoch : 84
Train Loss     : 0.2087	 | 	Train Accuracy     : 0.9922
Valid Loss     : 0.1783	 | 	Valid Accuracy     : 0.9772 | 	Valid F1-score      : 0.9721

Epoch : 85
Train Loss     : 0.2377	 | 	Train Accuracy     : 0.9557
Valid Loss     : 0.1834	 | 	Valid Accuracy     : 0.9720 | 	Valid F1-score      : 0.9714

Epoch : 86
Train Loss     : 0.3138	 | 	Train Accuracy     : 0.9479
Valid Loss     : 0.1859	 | 	Valid Accuracy     : 0.9772 | 	Valid F1-score      : 0.9754

Epoch : 87
Train Loss     : 0.1848	 | 	Train Accuracy     : 0.9531
Valid Loss     : 0.2447	 | 	Valid Accuracy     : 0.9493 | 	Valid F1-score      : 0.9516

Epoch : 88
Train Loss     : 0.2964	 | 	Train Accuracy     : 0.9062
Valid Loss     : 0.2465	 | 	Valid Accuracy     : 0.9564 | 	Valid F1-score      : 0.9551

Epoch : 89
Train Loss     : 0.4324	 | 	Train Accuracy     : 0.8255
Valid Loss     : 0.1877	 | 	Valid Accuracy     : 0.9668 | 	Valid F1-score      : 0.9664

Epoch : 90
Train Loss     : 0.2386	 | 	Train Accuracy     : 0.9505
Valid Loss     : 0.2178	 | 	Valid Accuracy     : 0.9454 | 	Valid F1-score      : 0.9368

Epoch : 91
Train Loss     : 0.2680	 | 	Train Accuracy     : 0.9479
Valid Loss     : 0.1918	 | 	Valid Accuracy     : 0.9772 | 	Valid F1-score      : 0.9722

Epoch : 92
Train Loss     : 0.1587	 | 	Train Accuracy     : 0.9870
Valid Loss     : 0.1799	 | 	Valid Accuracy     : 0.9792 | 	Valid F1-score      : 0.9788

Epoch : 93
Train Loss     : 0.1510	 | 	Train Accuracy     : 0.9948
Valid Loss     : 0.1823	 | 	Valid Accuracy     : 0.9772 | 	Valid F1-score      : 0.9584

Epoch : 94
Train Loss     : 0.1951	 | 	Train Accuracy     : 0.9531
Valid Loss     : 0.2049	 | 	Valid Accuracy     : 0.9649 | 	Valid F1-score      : 0.9621

Epoch : 95
Train Loss     : 0.2843	 | 	Train Accuracy     : 0.9115
Valid Loss     : 0.2064	 | 	Valid Accuracy     : 0.9772 | 	Valid F1-score      : 0.9723

Epoch : 96
Train Loss     : 0.1777	 | 	Train Accuracy     : 0.9948
Valid Loss     : 0.1746	 | 	Valid Accuracy     : 0.9772 | 	Valid F1-score      : 0.9772

Epoch : 97
Train Loss     : 0.1570	 | 	Train Accuracy     : 0.9974
Valid Loss     : 0.1657	 | 	Valid Accuracy     : 0.9844 | 	Valid F1-score      : 0.9850

Epoch : 98
Train Loss     : 0.1992	 | 	Train Accuracy     : 0.9531
Valid Loss     : 0.1684	 | 	Valid Accuracy     : 0.9792 | 	Valid F1-score      : 0.9785

Epoch : 99
Train Loss     : 0.2196	 | 	Train Accuracy     : 0.9531
Valid Loss     : 0.1649	 | 	Valid Accuracy     : 0.9792 | 	Valid F1-score      : 0.9806

Epoch : 100
Train Loss     : 0.1983	 | 	Train Accuracy     : 0.9531
Valid Loss     : 0.1657	 | 	Valid Accuracy     : 0.9792 | 	Valid F1-score      : 0.9786

Evaluate on the Test set:
Test loss      :0.1688	 | Test Accuracy      : 0.9792	 | Test F1-score      : 0.9798

################## Training is Done! #########################
Training time is : 0:00:37.359215
