=============================================
Dataset: casas
Method:  Novel Human Activity
Mode:    fine_tune
=============================================
Data loaded ...
Training started ....

Epoch : 1
Train Loss     : 2.7091	 | 	Train Accuracy     : 0.1094
Valid Loss     : 2.6316	 | 	Valid Accuracy     : 0.1937 | 	Valid F1-score      : 0.1202

Epoch : 2
Train Loss     : 2.5731	 | 	Train Accuracy     : 0.2871
Valid Loss     : 2.5154	 | 	Valid Accuracy     : 0.3726 | 	Valid F1-score      : 0.3150

Epoch : 3
Train Loss     : 2.4509	 | 	Train Accuracy     : 0.4967
Valid Loss     : 2.4039	 | 	Valid Accuracy     : 0.5236 | 	Valid F1-score      : 0.4508

Epoch : 4
Train Loss     : 2.3072	 | 	Train Accuracy     : 0.6309
Valid Loss     : 2.2787	 | 	Valid Accuracy     : 0.5971 | 	Valid F1-score      : 0.5322

Epoch : 5
Train Loss     : 2.1860	 | 	Train Accuracy     : 0.7018
Valid Loss     : 2.1518	 | 	Valid Accuracy     : 0.6200 | 	Valid F1-score      : 0.5589

Epoch : 6
Train Loss     : 2.0592	 | 	Train Accuracy     : 0.7318
Valid Loss     : 2.0253	 | 	Valid Accuracy     : 0.6974 | 	Valid F1-score      : 0.6348

Epoch : 7
Train Loss     : 1.9423	 | 	Train Accuracy     : 0.7402
Valid Loss     : 1.9138	 | 	Valid Accuracy     : 0.7013 | 	Valid F1-score      : 0.6414

Epoch : 8
Train Loss     : 1.8207	 | 	Train Accuracy     : 0.7930
Valid Loss     : 1.8325	 | 	Valid Accuracy     : 0.7023 | 	Valid F1-score      : 0.6350

Epoch : 9
Train Loss     : 1.7247	 | 	Train Accuracy     : 0.7917
Valid Loss     : 1.7374	 | 	Valid Accuracy     : 0.7174 | 	Valid F1-score      : 0.6498

Epoch : 10
Train Loss     : 1.6234	 | 	Train Accuracy     : 0.8099
Valid Loss     : 1.6365	 | 	Valid Accuracy     : 0.7634 | 	Valid F1-score      : 0.6971

Epoch : 11
Train Loss     : 1.5251	 | 	Train Accuracy     : 0.8490
Valid Loss     : 1.5695	 | 	Valid Accuracy     : 0.7678 | 	Valid F1-score      : 0.7627

Epoch : 12
Train Loss     : 1.4547	 | 	Train Accuracy     : 0.8451
Valid Loss     : 1.5009	 | 	Valid Accuracy     : 0.7871 | 	Valid F1-score      : 0.7367

Epoch : 13
Train Loss     : 1.3809	 | 	Train Accuracy     : 0.8607
Valid Loss     : 1.4417	 | 	Valid Accuracy     : 0.8059 | 	Valid F1-score      : 0.7928

Epoch : 14
Train Loss     : 1.3163	 | 	Train Accuracy     : 0.8900
Valid Loss     : 1.3799	 | 	Valid Accuracy     : 0.8142 | 	Valid F1-score      : 0.7902

Epoch : 15
Train Loss     : 1.2471	 | 	Train Accuracy     : 0.8939
Valid Loss     : 1.3358	 | 	Valid Accuracy     : 0.8371 | 	Valid F1-score      : 0.8154

Epoch : 16
Train Loss     : 1.1896	 | 	Train Accuracy     : 0.9141
Valid Loss     : 1.2721	 | 	Valid Accuracy     : 0.8252 | 	Valid F1-score      : 0.8160

Epoch : 17
Train Loss     : 1.1347	 | 	Train Accuracy     : 0.9264
Valid Loss     : 1.2598	 | 	Valid Accuracy     : 0.8188 | 	Valid F1-score      : 0.8030

Epoch : 18
Train Loss     : 1.0806	 | 	Train Accuracy     : 0.9316
Valid Loss     : 1.2079	 | 	Valid Accuracy     : 0.8300 | 	Valid F1-score      : 0.8106

Epoch : 19
Train Loss     : 1.0347	 | 	Train Accuracy     : 0.9388
Valid Loss     : 1.1588	 | 	Valid Accuracy     : 0.8293 | 	Valid F1-score      : 0.7853

Epoch : 20
Train Loss     : 0.9895	 | 	Train Accuracy     : 0.9460
Valid Loss     : 1.1171	 | 	Valid Accuracy     : 0.8408 | 	Valid F1-score      : 0.8401

Epoch : 21
Train Loss     : 0.9449	 | 	Train Accuracy     : 0.9447
Valid Loss     : 1.0728	 | 	Valid Accuracy     : 0.8484 | 	Valid F1-score      : 0.8321

Epoch : 22
Train Loss     : 0.9174	 | 	Train Accuracy     : 0.9447
Valid Loss     : 1.0520	 | 	Valid Accuracy     : 0.8371 | 	Valid F1-score      : 0.8091

Epoch : 23
Train Loss     : 0.8602	 | 	Train Accuracy     : 0.9538
Valid Loss     : 1.0364	 | 	Valid Accuracy     : 0.8481 | 	Valid F1-score      : 0.8262

Epoch : 24
Train Loss     : 0.8308	 | 	Train Accuracy     : 0.9544
Valid Loss     : 0.9954	 | 	Valid Accuracy     : 0.8449 | 	Valid F1-score      : 0.8391

Epoch : 25
Train Loss     : 0.7951	 | 	Train Accuracy     : 0.9564
Valid Loss     : 0.9736	 | 	Valid Accuracy     : 0.8530 | 	Valid F1-score      : 0.8126

Epoch : 26
Train Loss     : 0.7812	 | 	Train Accuracy     : 0.9609
Valid Loss     : 0.9395	 | 	Valid Accuracy     : 0.8567 | 	Valid F1-score      : 0.8125

Epoch : 27
Train Loss     : 0.7374	 | 	Train Accuracy     : 0.9648
Valid Loss     : 0.9241	 | 	Valid Accuracy     : 0.8638 | 	Valid F1-score      : 0.8471

Epoch : 28
Train Loss     : 0.7005	 | 	Train Accuracy     : 0.9688
Valid Loss     : 0.9153	 | 	Valid Accuracy     : 0.8378 | 	Valid F1-score      : 0.7974

Epoch : 29
Train Loss     : 0.6723	 | 	Train Accuracy     : 0.9674
Valid Loss     : 0.8800	 | 	Valid Accuracy     : 0.8525 | 	Valid F1-score      : 0.8457

Epoch : 30
Train Loss     : 0.6480	 | 	Train Accuracy     : 0.9746
Valid Loss     : 0.8512	 | 	Valid Accuracy     : 0.8681 | 	Valid F1-score      : 0.8468

Epoch : 31
Train Loss     : 0.6328	 | 	Train Accuracy     : 0.9629
Valid Loss     : 0.8550	 | 	Valid Accuracy     : 0.8649 | 	Valid F1-score      : 0.8533

Epoch : 32
Train Loss     : 0.5926	 | 	Train Accuracy     : 0.9714
Valid Loss     : 0.8246	 | 	Valid Accuracy     : 0.8645 | 	Valid F1-score      : 0.8553

Epoch : 33
Train Loss     : 0.5702	 | 	Train Accuracy     : 0.9805
Valid Loss     : 0.7931	 | 	Valid Accuracy     : 0.8567 | 	Valid F1-score      : 0.8351

Epoch : 34
Train Loss     : 0.5468	 | 	Train Accuracy     : 0.9863
Valid Loss     : 0.7784	 | 	Valid Accuracy     : 0.8799 | 	Valid F1-score      : 0.8800

Epoch : 35
Train Loss     : 0.5201	 | 	Train Accuracy     : 0.9863
Valid Loss     : 0.7734	 | 	Valid Accuracy     : 0.8881 | 	Valid F1-score      : 0.8720

Epoch : 36
Train Loss     : 0.5120	 | 	Train Accuracy     : 0.9850
Valid Loss     : 0.7230	 | 	Valid Accuracy     : 0.8913 | 	Valid F1-score      : 0.8566

Epoch : 37
Train Loss     : 0.4853	 | 	Train Accuracy     : 0.9824
Valid Loss     : 0.7276	 | 	Valid Accuracy     : 0.8874 | 	Valid F1-score      : 0.8665

Epoch : 38
Train Loss     : 0.4622	 | 	Train Accuracy     : 0.9844
Valid Loss     : 0.7138	 | 	Valid Accuracy     : 0.8950 | 	Valid F1-score      : 0.8881

Epoch : 39
Train Loss     : 0.4583	 | 	Train Accuracy     : 0.9831
Valid Loss     : 0.7157	 | 	Valid Accuracy     : 0.8759 | 	Valid F1-score      : 0.8581

Epoch : 40
Train Loss     : 0.4417	 | 	Train Accuracy     : 0.9850
Valid Loss     : 0.6806	 | 	Valid Accuracy     : 0.8833 | 	Valid F1-score      : 0.8533

Epoch : 41
Train Loss     : 0.4167	 | 	Train Accuracy     : 0.9941
Valid Loss     : 0.6558	 | 	Valid Accuracy     : 0.8911 | 	Valid F1-score      : 0.8707

Epoch : 42
Train Loss     : 0.3983	 | 	Train Accuracy     : 0.9941
Valid Loss     : 0.6637	 | 	Valid Accuracy     : 0.8916 | 	Valid F1-score      : 0.8486

Epoch : 43
Train Loss     : 0.3852	 | 	Train Accuracy     : 0.9941
Valid Loss     : 0.6653	 | 	Valid Accuracy     : 0.8799 | 	Valid F1-score      : 0.8460

Epoch : 44
Train Loss     : 0.3802	 | 	Train Accuracy     : 0.9889
Valid Loss     : 0.6639	 | 	Valid Accuracy     : 0.8767 | 	Valid F1-score      : 0.8551

Epoch : 45
Train Loss     : 0.3660	 | 	Train Accuracy     : 0.9837
Valid Loss     : 0.6356	 | 	Valid Accuracy     : 0.8723 | 	Valid F1-score      : 0.8516

Epoch : 46
Train Loss     : 0.3529	 | 	Train Accuracy     : 0.9961
Valid Loss     : 0.6424	 | 	Valid Accuracy     : 0.8803 | 	Valid F1-score      : 0.8521

Epoch : 47
Train Loss     : 0.3361	 | 	Train Accuracy     : 0.9922
Valid Loss     : 0.6148	 | 	Valid Accuracy     : 0.8723 | 	Valid F1-score      : 0.8249

Epoch : 48
Train Loss     : 0.3216	 | 	Train Accuracy     : 0.9941
Valid Loss     : 0.6119	 | 	Valid Accuracy     : 0.8952 | 	Valid F1-score      : 0.8570

Epoch : 49
Train Loss     : 0.3094	 | 	Train Accuracy     : 0.9941
Valid Loss     : 0.6223	 | 	Valid Accuracy     : 0.8918 | 	Valid F1-score      : 0.8451

Epoch : 50
Train Loss     : 0.3031	 | 	Train Accuracy     : 0.9941
Valid Loss     : 0.5736	 | 	Valid Accuracy     : 0.8989 | 	Valid F1-score      : 0.8961

Epoch : 51
Train Loss     : 0.2833	 | 	Train Accuracy     : 0.9980
Valid Loss     : 0.5861	 | 	Valid Accuracy     : 0.8799 | 	Valid F1-score      : 0.8693

Epoch : 52
Train Loss     : 0.2792	 | 	Train Accuracy     : 0.9909
Valid Loss     : 0.5440	 | 	Valid Accuracy     : 0.9026 | 	Valid F1-score      : 0.8704

Epoch : 53
Train Loss     : 0.2691	 | 	Train Accuracy     : 0.9941
Valid Loss     : 0.5605	 | 	Valid Accuracy     : 0.8759 | 	Valid F1-score      : 0.8381

Epoch : 54
Train Loss     : 0.2567	 | 	Train Accuracy     : 0.9961
Valid Loss     : 0.5767	 | 	Valid Accuracy     : 0.8803 | 	Valid F1-score      : 0.8526

Epoch : 55
Train Loss     : 0.2569	 | 	Train Accuracy     : 0.9941
Valid Loss     : 0.5663	 | 	Valid Accuracy     : 0.8762 | 	Valid F1-score      : 0.8462

Epoch : 56
Train Loss     : 0.2375	 | 	Train Accuracy     : 0.9980
Valid Loss     : 0.5618	 | 	Valid Accuracy     : 0.8918 | 	Valid F1-score      : 0.8549

Epoch : 57
Train Loss     : 0.2319	 | 	Train Accuracy     : 0.9928
Valid Loss     : 0.5636	 | 	Valid Accuracy     : 0.8649 | 	Valid F1-score      : 0.8401

Epoch : 58
Train Loss     : 0.2229	 | 	Train Accuracy     : 0.9961
Valid Loss     : 0.5497	 | 	Valid Accuracy     : 0.8874 | 	Valid F1-score      : 0.8476

Epoch : 59
Train Loss     : 0.2220	 | 	Train Accuracy     : 0.9980
Valid Loss     : 0.5079	 | 	Valid Accuracy     : 0.8879 | 	Valid F1-score      : 0.8627

Epoch : 60
Train Loss     : 0.2055	 | 	Train Accuracy     : 0.9980
Valid Loss     : 0.5274	 | 	Valid Accuracy     : 0.8720 | 	Valid F1-score      : 0.8464

Epoch : 61
Train Loss     : 0.1997	 | 	Train Accuracy     : 0.9961
Valid Loss     : 0.5140	 | 	Valid Accuracy     : 0.8794 | 	Valid F1-score      : 0.8722

Epoch : 62
Train Loss     : 0.1934	 | 	Train Accuracy     : 0.9980
Valid Loss     : 0.5243	 | 	Valid Accuracy     : 0.8833 | 	Valid F1-score      : 0.8649

Epoch : 63
Train Loss     : 0.1874	 | 	Train Accuracy     : 0.9961
Valid Loss     : 0.5008	 | 	Valid Accuracy     : 0.8952 | 	Valid F1-score      : 0.8941

Epoch : 64
Train Loss     : 0.1789	 | 	Train Accuracy     : 0.9980
Valid Loss     : 0.5046	 | 	Valid Accuracy     : 0.9070 | 	Valid F1-score      : 0.9050

Epoch : 65
Train Loss     : 0.1724	 | 	Train Accuracy     : 0.9980
Valid Loss     : 0.5082	 | 	Valid Accuracy     : 0.8955 | 	Valid F1-score      : 0.8911

Epoch : 66
Train Loss     : 0.1709	 | 	Train Accuracy     : 0.9961
Valid Loss     : 0.4988	 | 	Valid Accuracy     : 0.8838 | 	Valid F1-score      : 0.8714

Epoch : 67
Train Loss     : 0.1619	 | 	Train Accuracy     : 0.9980
Valid Loss     : 0.5168	 | 	Valid Accuracy     : 0.8801 | 	Valid F1-score      : 0.8702

Epoch : 68
Train Loss     : 0.1557	 | 	Train Accuracy     : 0.9980
Valid Loss     : 0.5029	 | 	Valid Accuracy     : 0.8989 | 	Valid F1-score      : 0.8736

Epoch : 69
Train Loss     : 0.1571	 | 	Train Accuracy     : 0.9961
Valid Loss     : 0.5022	 | 	Valid Accuracy     : 0.8799 | 	Valid F1-score      : 0.8659

Epoch : 70
Train Loss     : 0.1506	 | 	Train Accuracy     : 0.9980
Valid Loss     : 0.5052	 | 	Valid Accuracy     : 0.8799 | 	Valid F1-score      : 0.8608

Epoch : 71
Train Loss     : 0.1515	 | 	Train Accuracy     : 0.9961
Valid Loss     : 0.4908	 | 	Valid Accuracy     : 0.8955 | 	Valid F1-score      : 0.8847

Epoch : 72
Train Loss     : 0.1398	 | 	Train Accuracy     : 0.9980
Valid Loss     : 0.4525	 | 	Valid Accuracy     : 0.9023 | 	Valid F1-score      : 0.9001

Epoch : 73
Train Loss     : 0.1383	 | 	Train Accuracy     : 0.9980
Valid Loss     : 0.4859	 | 	Valid Accuracy     : 0.8799 | 	Valid F1-score      : 0.8426

Epoch : 74
Train Loss     : 0.1364	 | 	Train Accuracy     : 0.9961
Valid Loss     : 0.4809	 | 	Valid Accuracy     : 0.8838 | 	Valid F1-score      : 0.8672

Epoch : 75
Train Loss     : 0.1285	 | 	Train Accuracy     : 0.9980
Valid Loss     : 0.4677	 | 	Valid Accuracy     : 0.8952 | 	Valid F1-score      : 0.8880

Epoch : 76
Train Loss     : 0.1309	 | 	Train Accuracy     : 0.9948
Valid Loss     : 0.4623	 | 	Valid Accuracy     : 0.8877 | 	Valid F1-score      : 0.8549

Epoch : 77
Train Loss     : 0.1253	 | 	Train Accuracy     : 0.9961
Valid Loss     : 0.4457	 | 	Valid Accuracy     : 0.8872 | 	Valid F1-score      : 0.8705

Epoch : 78
Train Loss     : 0.1189	 | 	Train Accuracy     : 0.9980
Valid Loss     : 0.4436	 | 	Valid Accuracy     : 0.9109 | 	Valid F1-score      : 0.9121

Epoch : 79
Train Loss     : 0.1141	 | 	Train Accuracy     : 0.9980
Valid Loss     : 0.4495	 | 	Valid Accuracy     : 0.8835 | 	Valid F1-score      : 0.8490

Epoch : 80
Train Loss     : 0.1141	 | 	Train Accuracy     : 0.9961
Valid Loss     : 0.4799	 | 	Valid Accuracy     : 0.8845 | 	Valid F1-score      : 0.8682

Epoch : 81
Train Loss     : 0.1134	 | 	Train Accuracy     : 0.9961
Valid Loss     : 0.4603	 | 	Valid Accuracy     : 0.8838 | 	Valid F1-score      : 0.8656

Epoch : 82
Train Loss     : 0.1121	 | 	Train Accuracy     : 0.9980
Valid Loss     : 0.4291	 | 	Valid Accuracy     : 0.8794 | 	Valid F1-score      : 0.8719

Epoch : 83
Train Loss     : 0.1059	 | 	Train Accuracy     : 0.9980
Valid Loss     : 0.4690	 | 	Valid Accuracy     : 0.8720 | 	Valid F1-score      : 0.8369

Epoch : 84
Train Loss     : 0.1037	 | 	Train Accuracy     : 0.9980
Valid Loss     : 0.4563	 | 	Valid Accuracy     : 0.8833 | 	Valid F1-score      : 0.8591

Epoch : 85
Train Loss     : 0.1061	 | 	Train Accuracy     : 0.9948
Valid Loss     : 0.4928	 | 	Valid Accuracy     : 0.8649 | 	Valid F1-score      : 0.8357

Epoch : 86
Train Loss     : 0.0932	 | 	Train Accuracy     : 0.9980
Valid Loss     : 0.4711	 | 	Valid Accuracy     : 0.8913 | 	Valid F1-score      : 0.8931

Epoch : 87
Train Loss     : 0.0904	 | 	Train Accuracy     : 0.9980
Valid Loss     : 0.4443	 | 	Valid Accuracy     : 0.8872 | 	Valid F1-score      : 0.8656

Epoch : 88
Train Loss     : 0.0904	 | 	Train Accuracy     : 0.9961
Valid Loss     : 0.4439	 | 	Valid Accuracy     : 0.8957 | 	Valid F1-score      : 0.8956

Epoch : 89
Train Loss     : 0.0968	 | 	Train Accuracy     : 0.9928
Valid Loss     : 0.4501	 | 	Valid Accuracy     : 0.8991 | 	Valid F1-score      : 0.8832

Epoch : 90
Train Loss     : 0.0824	 | 	Train Accuracy     : 0.9980
Valid Loss     : 0.4771	 | 	Valid Accuracy     : 0.8838 | 	Valid F1-score      : 0.8628

Epoch : 91
Train Loss     : 0.0798	 | 	Train Accuracy     : 0.9980
Valid Loss     : 0.4592	 | 	Valid Accuracy     : 0.8994 | 	Valid F1-score      : 0.8861

Epoch : 92
Train Loss     : 0.0783	 | 	Train Accuracy     : 0.9980
Valid Loss     : 0.4169	 | 	Valid Accuracy     : 0.9106 | 	Valid F1-score      : 0.8961

Epoch : 93
Train Loss     : 0.0749	 | 	Train Accuracy     : 0.9980
Valid Loss     : 0.4165	 | 	Valid Accuracy     : 0.8913 | 	Valid F1-score      : 0.8768

Epoch : 94
Train Loss     : 0.0761	 | 	Train Accuracy     : 0.9980
Valid Loss     : 0.4546	 | 	Valid Accuracy     : 0.8918 | 	Valid F1-score      : 0.8780

Epoch : 95
Train Loss     : 0.0725	 | 	Train Accuracy     : 0.9980
Valid Loss     : 0.4097	 | 	Valid Accuracy     : 0.9026 | 	Valid F1-score      : 0.8898

Epoch : 96
Train Loss     : 0.0746	 | 	Train Accuracy     : 0.9980
Valid Loss     : 0.4177	 | 	Valid Accuracy     : 0.9070 | 	Valid F1-score      : 0.8989

Epoch : 97
Train Loss     : 0.0697	 | 	Train Accuracy     : 0.9980
Valid Loss     : 0.4456	 | 	Valid Accuracy     : 0.8879 | 	Valid F1-score      : 0.8602

Epoch : 98
Train Loss     : 0.0664	 | 	Train Accuracy     : 0.9980
Valid Loss     : 0.4280	 | 	Valid Accuracy     : 0.8911 | 	Valid F1-score      : 0.8828

Epoch : 99
Train Loss     : 0.0643	 | 	Train Accuracy     : 0.9980
Valid Loss     : 0.4427	 | 	Valid Accuracy     : 0.8881 | 	Valid F1-score      : 0.8731

Epoch : 100
Train Loss     : 0.0704	 | 	Train Accuracy     : 0.9928
Valid Loss     : 0.4172	 | 	Valid Accuracy     : 0.9067 | 	Valid F1-score      : 0.8988

Evaluate on the Test set:
Test loss      :0.4242	 | Test Accuracy      : 0.8916	 | Test F1-score      : 0.8798

################## Training is Done! #########################
Training time is : 0:00:29.868608
