=============================================
Dataset: casas
Method:  Novel Human Activity
Mode:    fine_tune
=============================================
Data loaded ...
Training started ....

Epoch : 1
Train Loss     : 2.7107	 | 	Train Accuracy     : 0.1074
Valid Loss     : 2.6325	 | 	Valid Accuracy     : 0.1937 | 	Valid F1-score      : 0.1215

Epoch : 2
Train Loss     : 2.5753	 | 	Train Accuracy     : 0.3001
Valid Loss     : 2.5171	 | 	Valid Accuracy     : 0.3651 | 	Valid F1-score      : 0.3142

Epoch : 3
Train Loss     : 2.4528	 | 	Train Accuracy     : 0.4876
Valid Loss     : 2.4057	 | 	Valid Accuracy     : 0.5194 | 	Valid F1-score      : 0.4443

Epoch : 4
Train Loss     : 2.3094	 | 	Train Accuracy     : 0.6270
Valid Loss     : 2.2787	 | 	Valid Accuracy     : 0.5929 | 	Valid F1-score      : 0.5040

Epoch : 5
Train Loss     : 2.1888	 | 	Train Accuracy     : 0.6888
Valid Loss     : 2.1507	 | 	Valid Accuracy     : 0.6428 | 	Valid F1-score      : 0.5658

Epoch : 6
Train Loss     : 2.0625	 | 	Train Accuracy     : 0.7259
Valid Loss     : 2.0319	 | 	Valid Accuracy     : 0.7089 | 	Valid F1-score      : 0.6319

Epoch : 7
Train Loss     : 1.9454	 | 	Train Accuracy     : 0.7396
Valid Loss     : 1.9155	 | 	Valid Accuracy     : 0.7011 | 	Valid F1-score      : 0.6341

Epoch : 8
Train Loss     : 1.8216	 | 	Train Accuracy     : 0.7760
Valid Loss     : 1.8397	 | 	Valid Accuracy     : 0.7023 | 	Valid F1-score      : 0.6314

Epoch : 9
Train Loss     : 1.7256	 | 	Train Accuracy     : 0.7923
Valid Loss     : 1.7423	 | 	Valid Accuracy     : 0.7250 | 	Valid F1-score      : 0.6679

Epoch : 10
Train Loss     : 1.6199	 | 	Train Accuracy     : 0.8066
Valid Loss     : 1.6451	 | 	Valid Accuracy     : 0.7521 | 	Valid F1-score      : 0.7089

Epoch : 11
Train Loss     : 1.5244	 | 	Train Accuracy     : 0.8529
Valid Loss     : 1.5836	 | 	Valid Accuracy     : 0.7673 | 	Valid F1-score      : 0.7410

Epoch : 12
Train Loss     : 1.4562	 | 	Train Accuracy     : 0.8438
Valid Loss     : 1.5054	 | 	Valid Accuracy     : 0.7868 | 	Valid F1-score      : 0.7296

Epoch : 13
Train Loss     : 1.3817	 | 	Train Accuracy     : 0.8529
Valid Loss     : 1.4533	 | 	Valid Accuracy     : 0.7946 | 	Valid F1-score      : 0.7871

Epoch : 14
Train Loss     : 1.3185	 | 	Train Accuracy     : 0.8919
Valid Loss     : 1.3987	 | 	Valid Accuracy     : 0.8063 | 	Valid F1-score      : 0.7860

Epoch : 15
Train Loss     : 1.2508	 | 	Train Accuracy     : 0.9036
Valid Loss     : 1.3544	 | 	Valid Accuracy     : 0.8107 | 	Valid F1-score      : 0.7712

Epoch : 16
Train Loss     : 1.1922	 | 	Train Accuracy     : 0.9049
Valid Loss     : 1.2960	 | 	Valid Accuracy     : 0.8178 | 	Valid F1-score      : 0.8059

Epoch : 17
Train Loss     : 1.1366	 | 	Train Accuracy     : 0.9284
Valid Loss     : 1.2810	 | 	Valid Accuracy     : 0.8075 | 	Valid F1-score      : 0.7948

Epoch : 18
Train Loss     : 1.0803	 | 	Train Accuracy     : 0.9238
Valid Loss     : 1.2317	 | 	Valid Accuracy     : 0.8183 | 	Valid F1-score      : 0.7978

Epoch : 19
Train Loss     : 1.0320	 | 	Train Accuracy     : 0.9408
Valid Loss     : 1.1826	 | 	Valid Accuracy     : 0.8527 | 	Valid F1-score      : 0.8244

Epoch : 20
Train Loss     : 0.9893	 | 	Train Accuracy     : 0.9408
Valid Loss     : 1.1436	 | 	Valid Accuracy     : 0.8408 | 	Valid F1-score      : 0.8398

Epoch : 21
Train Loss     : 0.9415	 | 	Train Accuracy     : 0.9486
Valid Loss     : 1.0942	 | 	Valid Accuracy     : 0.8523 | 	Valid F1-score      : 0.8411

Epoch : 22
Train Loss     : 0.9132	 | 	Train Accuracy     : 0.9466
Valid Loss     : 1.0730	 | 	Valid Accuracy     : 0.8371 | 	Valid F1-score      : 0.8103

Epoch : 23
Train Loss     : 0.8616	 | 	Train Accuracy     : 0.9538
Valid Loss     : 1.0617	 | 	Valid Accuracy     : 0.8486 | 	Valid F1-score      : 0.8368

Epoch : 24
Train Loss     : 0.8292	 | 	Train Accuracy     : 0.9453
Valid Loss     : 1.0099	 | 	Valid Accuracy     : 0.8603 | 	Valid F1-score      : 0.8454

Epoch : 25
Train Loss     : 0.7934	 | 	Train Accuracy     : 0.9551
Valid Loss     : 1.0061	 | 	Valid Accuracy     : 0.8415 | 	Valid F1-score      : 0.8076

Epoch : 26
Train Loss     : 0.7680	 | 	Train Accuracy     : 0.9661
Valid Loss     : 0.9563	 | 	Valid Accuracy     : 0.8755 | 	Valid F1-score      : 0.8484

Epoch : 27
Train Loss     : 0.7343	 | 	Train Accuracy     : 0.9648
Valid Loss     : 0.9522	 | 	Valid Accuracy     : 0.8679 | 	Valid F1-score      : 0.8573

Epoch : 28
Train Loss     : 0.6933	 | 	Train Accuracy     : 0.9688
Valid Loss     : 0.9298	 | 	Valid Accuracy     : 0.8764 | 	Valid F1-score      : 0.8403

Epoch : 29
Train Loss     : 0.6699	 | 	Train Accuracy     : 0.9720
Valid Loss     : 0.9008	 | 	Valid Accuracy     : 0.8874 | 	Valid F1-score      : 0.8732

Epoch : 30
Train Loss     : 0.6415	 | 	Train Accuracy     : 0.9805
Valid Loss     : 0.8810	 | 	Valid Accuracy     : 0.8764 | 	Valid F1-score      : 0.8395

Epoch : 31
Train Loss     : 0.6280	 | 	Train Accuracy     : 0.9720
Valid Loss     : 0.8660	 | 	Valid Accuracy     : 0.8723 | 	Valid F1-score      : 0.8331

Epoch : 32
Train Loss     : 0.5864	 | 	Train Accuracy     : 0.9779
Valid Loss     : 0.8443	 | 	Valid Accuracy     : 0.8835 | 	Valid F1-score      : 0.8663

Epoch : 33
Train Loss     : 0.5617	 | 	Train Accuracy     : 0.9883
Valid Loss     : 0.8077	 | 	Valid Accuracy     : 0.8835 | 	Valid F1-score      : 0.8657

Epoch : 34
Train Loss     : 0.5420	 | 	Train Accuracy     : 0.9811
Valid Loss     : 0.7940	 | 	Valid Accuracy     : 0.8835 | 	Valid F1-score      : 0.8786

Epoch : 35
Train Loss     : 0.5142	 | 	Train Accuracy     : 0.9902
Valid Loss     : 0.8004	 | 	Valid Accuracy     : 0.8840 | 	Valid F1-score      : 0.8632

Epoch : 36
Train Loss     : 0.5044	 | 	Train Accuracy     : 0.9779
Valid Loss     : 0.7652	 | 	Valid Accuracy     : 0.8762 | 	Valid F1-score      : 0.8551

Epoch : 37
Train Loss     : 0.4798	 | 	Train Accuracy     : 0.9844
Valid Loss     : 0.7515	 | 	Valid Accuracy     : 0.8913 | 	Valid F1-score      : 0.8878

Epoch : 38
Train Loss     : 0.4574	 | 	Train Accuracy     : 0.9844
Valid Loss     : 0.7259	 | 	Valid Accuracy     : 0.8948 | 	Valid F1-score      : 0.8898

Epoch : 39
Train Loss     : 0.4508	 | 	Train Accuracy     : 0.9850
Valid Loss     : 0.7322	 | 	Valid Accuracy     : 0.8799 | 	Valid F1-score      : 0.8581

Epoch : 40
Train Loss     : 0.4348	 | 	Train Accuracy     : 0.9870
Valid Loss     : 0.7014	 | 	Valid Accuracy     : 0.8794 | 	Valid F1-score      : 0.8545

Epoch : 41
Train Loss     : 0.4118	 | 	Train Accuracy     : 0.9922
Valid Loss     : 0.6786	 | 	Valid Accuracy     : 0.8911 | 	Valid F1-score      : 0.8555

Epoch : 42
Train Loss     : 0.3966	 | 	Train Accuracy     : 0.9922
Valid Loss     : 0.6977	 | 	Valid Accuracy     : 0.8955 | 	Valid F1-score      : 0.8669

Epoch : 43
Train Loss     : 0.3846	 | 	Train Accuracy     : 0.9883
Valid Loss     : 0.6883	 | 	Valid Accuracy     : 0.8991 | 	Valid F1-score      : 0.8895

Epoch : 44
Train Loss     : 0.3797	 | 	Train Accuracy     : 0.9889
Valid Loss     : 0.6841	 | 	Valid Accuracy     : 0.8723 | 	Valid F1-score      : 0.8550

Epoch : 45
Train Loss     : 0.3569	 | 	Train Accuracy     : 0.9889
Valid Loss     : 0.6460	 | 	Valid Accuracy     : 0.8838 | 	Valid F1-score      : 0.8752

Epoch : 46
Train Loss     : 0.3506	 | 	Train Accuracy     : 0.9876
Valid Loss     : 0.6746	 | 	Valid Accuracy     : 0.8688 | 	Valid F1-score      : 0.8351

Epoch : 47
Train Loss     : 0.3339	 | 	Train Accuracy     : 0.9870
Valid Loss     : 0.6290	 | 	Valid Accuracy     : 0.8877 | 	Valid F1-score      : 0.8633

Epoch : 48
Train Loss     : 0.3182	 | 	Train Accuracy     : 0.9902
Valid Loss     : 0.6434	 | 	Valid Accuracy     : 0.8835 | 	Valid F1-score      : 0.8552

Epoch : 49
Train Loss     : 0.3049	 | 	Train Accuracy     : 0.9941
Valid Loss     : 0.6534	 | 	Valid Accuracy     : 0.8606 | 	Valid F1-score      : 0.8172

Epoch : 50
Train Loss     : 0.2997	 | 	Train Accuracy     : 0.9961
Valid Loss     : 0.5960	 | 	Valid Accuracy     : 0.8991 | 	Valid F1-score      : 0.9021

Epoch : 51
Train Loss     : 0.2831	 | 	Train Accuracy     : 0.9909
Valid Loss     : 0.6002	 | 	Valid Accuracy     : 0.8874 | 	Valid F1-score      : 0.8663

Epoch : 52
Train Loss     : 0.2772	 | 	Train Accuracy     : 0.9928
Valid Loss     : 0.5782	 | 	Valid Accuracy     : 0.8948 | 	Valid F1-score      : 0.8768

Epoch : 53
Train Loss     : 0.2792	 | 	Train Accuracy     : 0.9922
Valid Loss     : 0.5912	 | 	Valid Accuracy     : 0.8833 | 	Valid F1-score      : 0.8688

Epoch : 54
Train Loss     : 0.2669	 | 	Train Accuracy     : 0.9909
Valid Loss     : 0.6013	 | 	Valid Accuracy     : 0.8725 | 	Valid F1-score      : 0.8703

Epoch : 55
Train Loss     : 0.2594	 | 	Train Accuracy     : 0.9961
Valid Loss     : 0.5918	 | 	Valid Accuracy     : 0.8918 | 	Valid F1-score      : 0.8663

Epoch : 56
Train Loss     : 0.2386	 | 	Train Accuracy     : 0.9961
Valid Loss     : 0.5954	 | 	Valid Accuracy     : 0.8803 | 	Valid F1-score      : 0.8500

Epoch : 57
Train Loss     : 0.2328	 | 	Train Accuracy     : 0.9928
Valid Loss     : 0.5754	 | 	Valid Accuracy     : 0.8845 | 	Valid F1-score      : 0.8569

Epoch : 58
Train Loss     : 0.2225	 | 	Train Accuracy     : 0.9961
Valid Loss     : 0.5825	 | 	Valid Accuracy     : 0.8840 | 	Valid F1-score      : 0.8431

Epoch : 59
Train Loss     : 0.2190	 | 	Train Accuracy     : 0.9961
Valid Loss     : 0.5361	 | 	Valid Accuracy     : 0.8838 | 	Valid F1-score      : 0.8541

Epoch : 60
Train Loss     : 0.2051	 | 	Train Accuracy     : 0.9941
Valid Loss     : 0.5626	 | 	Valid Accuracy     : 0.8916 | 	Valid F1-score      : 0.8894

Epoch : 61
Train Loss     : 0.1962	 | 	Train Accuracy     : 0.9961
Valid Loss     : 0.5308	 | 	Valid Accuracy     : 0.8987 | 	Valid F1-score      : 0.8841

Epoch : 62
Train Loss     : 0.1911	 | 	Train Accuracy     : 0.9980
Valid Loss     : 0.5454	 | 	Valid Accuracy     : 0.8952 | 	Valid F1-score      : 0.8743

Epoch : 63
Train Loss     : 0.1845	 | 	Train Accuracy     : 0.9961
Valid Loss     : 0.5157	 | 	Valid Accuracy     : 0.9028 | 	Valid F1-score      : 0.8858

Epoch : 64
Train Loss     : 0.1795	 | 	Train Accuracy     : 0.9980
Valid Loss     : 0.5351	 | 	Valid Accuracy     : 0.8989 | 	Valid F1-score      : 0.8977

Epoch : 65
Train Loss     : 0.1734	 | 	Train Accuracy     : 0.9961
Valid Loss     : 0.5304	 | 	Valid Accuracy     : 0.8877 | 	Valid F1-score      : 0.8703

Epoch : 66
Train Loss     : 0.1720	 | 	Train Accuracy     : 0.9961
Valid Loss     : 0.5273	 | 	Valid Accuracy     : 0.8840 | 	Valid F1-score      : 0.8473

Epoch : 67
Train Loss     : 0.1600	 | 	Train Accuracy     : 1.0000
Valid Loss     : 0.5345	 | 	Valid Accuracy     : 0.8801 | 	Valid F1-score      : 0.8588

Epoch : 68
Train Loss     : 0.1554	 | 	Train Accuracy     : 1.0000
Valid Loss     : 0.5187	 | 	Valid Accuracy     : 0.9031 | 	Valid F1-score      : 0.8858

Epoch : 69
Train Loss     : 0.1614	 | 	Train Accuracy     : 0.9909
Valid Loss     : 0.5065	 | 	Valid Accuracy     : 0.8838 | 	Valid F1-score      : 0.8742

Epoch : 70
Train Loss     : 0.1488	 | 	Train Accuracy     : 0.9980
Valid Loss     : 0.5240	 | 	Valid Accuracy     : 0.8872 | 	Valid F1-score      : 0.8612

Epoch : 71
Train Loss     : 0.1483	 | 	Train Accuracy     : 1.0000
Valid Loss     : 0.5033	 | 	Valid Accuracy     : 0.8840 | 	Valid F1-score      : 0.8434

Epoch : 72
Train Loss     : 0.1393	 | 	Train Accuracy     : 0.9980
Valid Loss     : 0.4835	 | 	Valid Accuracy     : 0.8987 | 	Valid F1-score      : 0.8754

Epoch : 73
Train Loss     : 0.1340	 | 	Train Accuracy     : 1.0000
Valid Loss     : 0.5086	 | 	Valid Accuracy     : 0.8877 | 	Valid F1-score      : 0.8629

Epoch : 74
Train Loss     : 0.1301	 | 	Train Accuracy     : 1.0000
Valid Loss     : 0.5057	 | 	Valid Accuracy     : 0.8994 | 	Valid F1-score      : 0.8788

Epoch : 75
Train Loss     : 0.1238	 | 	Train Accuracy     : 0.9980
Valid Loss     : 0.4849	 | 	Valid Accuracy     : 0.9104 | 	Valid F1-score      : 0.9046

Epoch : 76
Train Loss     : 0.1219	 | 	Train Accuracy     : 1.0000
Valid Loss     : 0.5123	 | 	Valid Accuracy     : 0.8840 | 	Valid F1-score      : 0.8562

Epoch : 77
Train Loss     : 0.1179	 | 	Train Accuracy     : 1.0000
Valid Loss     : 0.4778	 | 	Valid Accuracy     : 0.8913 | 	Valid F1-score      : 0.8853

Epoch : 78
Train Loss     : 0.1151	 | 	Train Accuracy     : 1.0000
Valid Loss     : 0.5124	 | 	Valid Accuracy     : 0.8645 | 	Valid F1-score      : 0.8564

Epoch : 79
Train Loss     : 0.1121	 | 	Train Accuracy     : 0.9980
Valid Loss     : 0.4671	 | 	Valid Accuracy     : 0.8911 | 	Valid F1-score      : 0.8555

Epoch : 80
Train Loss     : 0.1115	 | 	Train Accuracy     : 0.9948
Valid Loss     : 0.4937	 | 	Valid Accuracy     : 0.8645 | 	Valid F1-score      : 0.8447

Epoch : 81
Train Loss     : 0.1075	 | 	Train Accuracy     : 0.9961
Valid Loss     : 0.5160	 | 	Valid Accuracy     : 0.8686 | 	Valid F1-score      : 0.8536

Epoch : 82
Train Loss     : 0.1032	 | 	Train Accuracy     : 0.9980
Valid Loss     : 0.4802	 | 	Valid Accuracy     : 0.8991 | 	Valid F1-score      : 0.8638

Epoch : 83
Train Loss     : 0.1023	 | 	Train Accuracy     : 1.0000
Valid Loss     : 0.4952	 | 	Valid Accuracy     : 0.8881 | 	Valid F1-score      : 0.8562

Epoch : 84
Train Loss     : 0.0972	 | 	Train Accuracy     : 1.0000
Valid Loss     : 0.4709	 | 	Valid Accuracy     : 0.8950 | 	Valid F1-score      : 0.8775

Epoch : 85
Train Loss     : 0.0945	 | 	Train Accuracy     : 1.0000
Valid Loss     : 0.4861	 | 	Valid Accuracy     : 0.8955 | 	Valid F1-score      : 0.8610

Epoch : 86
Train Loss     : 0.0897	 | 	Train Accuracy     : 0.9980
Valid Loss     : 0.5203	 | 	Valid Accuracy     : 0.8723 | 	Valid F1-score      : 0.8795

Epoch : 87
Train Loss     : 0.0890	 | 	Train Accuracy     : 0.9980
Valid Loss     : 0.4557	 | 	Valid Accuracy     : 0.8794 | 	Valid F1-score      : 0.8632

Epoch : 88
Train Loss     : 0.0867	 | 	Train Accuracy     : 0.9980
Valid Loss     : 0.4829	 | 	Valid Accuracy     : 0.8762 | 	Valid F1-score      : 0.8648

Epoch : 89
Train Loss     : 0.0812	 | 	Train Accuracy     : 1.0000
Valid Loss     : 0.5341	 | 	Valid Accuracy     : 0.8498 | 	Valid F1-score      : 0.8198

Epoch : 90
Train Loss     : 0.0774	 | 	Train Accuracy     : 1.0000
Valid Loss     : 0.4438	 | 	Valid Accuracy     : 0.9067 | 	Valid F1-score      : 0.8913

Epoch : 91
Train Loss     : 0.0741	 | 	Train Accuracy     : 1.0000
Valid Loss     : 0.4661	 | 	Valid Accuracy     : 0.8994 | 	Valid F1-score      : 0.8819

Epoch : 92
Train Loss     : 0.0732	 | 	Train Accuracy     : 1.0000
Valid Loss     : 0.4546	 | 	Valid Accuracy     : 0.8840 | 	Valid F1-score      : 0.8761

Epoch : 93
Train Loss     : 0.0700	 | 	Train Accuracy     : 1.0000
Valid Loss     : 0.4313	 | 	Valid Accuracy     : 0.9031 | 	Valid F1-score      : 0.8685

Epoch : 94
Train Loss     : 0.0709	 | 	Train Accuracy     : 1.0000
Valid Loss     : 0.4690	 | 	Valid Accuracy     : 0.8960 | 	Valid F1-score      : 0.8864

Epoch : 95
Train Loss     : 0.0687	 | 	Train Accuracy     : 1.0000
Valid Loss     : 0.4390	 | 	Valid Accuracy     : 0.8911 | 	Valid F1-score      : 0.8634

Epoch : 96
Train Loss     : 0.0751	 | 	Train Accuracy     : 0.9980
Valid Loss     : 0.4743	 | 	Valid Accuracy     : 0.8720 | 	Valid F1-score      : 0.8613

Epoch : 97
Train Loss     : 0.0660	 | 	Train Accuracy     : 1.0000
Valid Loss     : 0.4950	 | 	Valid Accuracy     : 0.8838 | 	Valid F1-score      : 0.8681

Epoch : 98
Train Loss     : 0.0630	 | 	Train Accuracy     : 1.0000
Valid Loss     : 0.4594	 | 	Valid Accuracy     : 0.8952 | 	Valid F1-score      : 0.8788

Epoch : 99
Train Loss     : 0.0601	 | 	Train Accuracy     : 1.0000
Valid Loss     : 0.4365	 | 	Valid Accuracy     : 0.8955 | 	Valid F1-score      : 0.8855

Epoch : 100
Train Loss     : 0.0609	 | 	Train Accuracy     : 1.0000
Valid Loss     : 0.4575	 | 	Valid Accuracy     : 0.8838 | 	Valid F1-score      : 0.8647

Evaluate on the Test set:
Test loss      :0.4443	 | Test Accuracy      : 0.8994	 | Test F1-score      : 0.8952

################## Training is Done! #########################
Training time is : 0:00:23.916996
