=============================================
Dataset: casas
Method:  Novel Human Activity
Mode:    self_supervised
=============================================
Data loaded ...
Training started ....

Epoch : 1
Train Loss     : 7.5039	 | 	Train Accuracy     : 0.0000
Valid Loss     : 0.0000	 | 	Valid Accuracy     : 0.0000 | 	Valid F1-score      : 0.0000

Epoch : 2
Train Loss     : 6.3016	 | 	Train Accuracy     : 0.0000
Valid Loss     : 0.0000	 | 	Valid Accuracy     : 0.0000 | 	Valid F1-score      : 0.0000

Epoch : 3
Train Loss     : 5.9280	 | 	Train Accuracy     : 0.0000
Valid Loss     : 0.0000	 | 	Valid Accuracy     : 0.0000 | 	Valid F1-score      : 0.0000

Epoch : 4
Train Loss     : 5.5840	 | 	Train Accuracy     : 0.0000
Valid Loss     : 0.0000	 | 	Valid Accuracy     : 0.0000 | 	Valid F1-score      : 0.0000

Epoch : 5
Train Loss     : 5.2327	 | 	Train Accuracy     : 0.0000
Valid Loss     : 0.0000	 | 	Valid Accuracy     : 0.0000 | 	Valid F1-score      : 0.0000

Epoch : 6
Train Loss     : 4.9513	 | 	Train Accuracy     : 0.0000
Valid Loss     : 0.0000	 | 	Valid Accuracy     : 0.0000 | 	Valid F1-score      : 0.0000

Epoch : 7
Train Loss     : 4.7047	 | 	Train Accuracy     : 0.0000
Valid Loss     : 0.0000	 | 	Valid Accuracy     : 0.0000 | 	Valid F1-score      : 0.0000

Epoch : 8
Train Loss     : 4.5505	 | 	Train Accuracy     : 0.0000
Valid Loss     : 0.0000	 | 	Valid Accuracy     : 0.0000 | 	Valid F1-score      : 0.0000

Epoch : 9
Train Loss     : 4.3651	 | 	Train Accuracy     : 0.0000
Valid Loss     : 0.0000	 | 	Valid Accuracy     : 0.0000 | 	Valid F1-score      : 0.0000

Epoch : 10
Train Loss     : 4.2713	 | 	Train Accuracy     : 0.0000
Valid Loss     : 0.0000	 | 	Valid Accuracy     : 0.0000 | 	Valid F1-score      : 0.0000

Epoch : 11
Train Loss     : 4.1206	 | 	Train Accuracy     : 0.0000
Valid Loss     : 0.0000	 | 	Valid Accuracy     : 0.0000 | 	Valid F1-score      : 0.0000

Epoch : 12
Train Loss     : 4.0173	 | 	Train Accuracy     : 0.0000
Valid Loss     : 0.0000	 | 	Valid Accuracy     : 0.0000 | 	Valid F1-score      : 0.0000

Epoch : 13
Train Loss     : 3.9079	 | 	Train Accuracy     : 0.0000
Valid Loss     : 0.0000	 | 	Valid Accuracy     : 0.0000 | 	Valid F1-score      : 0.0000

Epoch : 14
Train Loss     : 3.8774	 | 	Train Accuracy     : 0.0000
Valid Loss     : 0.0000	 | 	Valid Accuracy     : 0.0000 | 	Valid F1-score      : 0.0000

Epoch : 15
Train Loss     : 3.7988	 | 	Train Accuracy     : 0.0000
Valid Loss     : 0.0000	 | 	Valid Accuracy     : 0.0000 | 	Valid F1-score      : 0.0000

Epoch : 16
Train Loss     : 3.6645	 | 	Train Accuracy     : 0.0000
Valid Loss     : 0.0000	 | 	Valid Accuracy     : 0.0000 | 	Valid F1-score      : 0.0000

Epoch : 17
Train Loss     : 3.7110	 | 	Train Accuracy     : 0.0000
Valid Loss     : 0.0000	 | 	Valid Accuracy     : 0.0000 | 	Valid F1-score      : 0.0000

Epoch : 18
Train Loss     : 3.6505	 | 	Train Accuracy     : 0.0000
Valid Loss     : 0.0000	 | 	Valid Accuracy     : 0.0000 | 	Valid F1-score      : 0.0000

Epoch : 19
Train Loss     : 3.5764	 | 	Train Accuracy     : 0.0000
Valid Loss     : 0.0000	 | 	Valid Accuracy     : 0.0000 | 	Valid F1-score      : 0.0000

Epoch : 20
Train Loss     : 3.5452	 | 	Train Accuracy     : 0.0000
Valid Loss     : 0.0000	 | 	Valid Accuracy     : 0.0000 | 	Valid F1-score      : 0.0000

Epoch : 21
Train Loss     : 3.5038	 | 	Train Accuracy     : 0.0000
Valid Loss     : 0.0000	 | 	Valid Accuracy     : 0.0000 | 	Valid F1-score      : 0.0000

Epoch : 22
Train Loss     : 3.5026	 | 	Train Accuracy     : 0.0000
Valid Loss     : 0.0000	 | 	Valid Accuracy     : 0.0000 | 	Valid F1-score      : 0.0000

Epoch : 23
Train Loss     : 3.5319	 | 	Train Accuracy     : 0.0000
Valid Loss     : 0.0000	 | 	Valid Accuracy     : 0.0000 | 	Valid F1-score      : 0.0000

Epoch : 24
Train Loss     : 3.4822	 | 	Train Accuracy     : 0.0000
Valid Loss     : 0.0000	 | 	Valid Accuracy     : 0.0000 | 	Valid F1-score      : 0.0000

Epoch : 25
Train Loss     : 3.3974	 | 	Train Accuracy     : 0.0000
Valid Loss     : 0.0000	 | 	Valid Accuracy     : 0.0000 | 	Valid F1-score      : 0.0000

Epoch : 26
Train Loss     : 3.3543	 | 	Train Accuracy     : 0.0000
Valid Loss     : 0.0000	 | 	Valid Accuracy     : 0.0000 | 	Valid F1-score      : 0.0000

Epoch : 27
Train Loss     : 3.3683	 | 	Train Accuracy     : 0.0000
Valid Loss     : 0.0000	 | 	Valid Accuracy     : 0.0000 | 	Valid F1-score      : 0.0000

Epoch : 28
Train Loss     : 3.3335	 | 	Train Accuracy     : 0.0000
Valid Loss     : 0.0000	 | 	Valid Accuracy     : 0.0000 | 	Valid F1-score      : 0.0000

Epoch : 29
Train Loss     : 3.3017	 | 	Train Accuracy     : 0.0000
Valid Loss     : 0.0000	 | 	Valid Accuracy     : 0.0000 | 	Valid F1-score      : 0.0000

Epoch : 30
Train Loss     : 3.2963	 | 	Train Accuracy     : 0.0000
Valid Loss     : 0.0000	 | 	Valid Accuracy     : 0.0000 | 	Valid F1-score      : 0.0000

Epoch : 31
Train Loss     : 3.2721	 | 	Train Accuracy     : 0.0000
Valid Loss     : 0.0000	 | 	Valid Accuracy     : 0.0000 | 	Valid F1-score      : 0.0000

Epoch : 32
Train Loss     : 3.2916	 | 	Train Accuracy     : 0.0000
Valid Loss     : 0.0000	 | 	Valid Accuracy     : 0.0000 | 	Valid F1-score      : 0.0000

Epoch : 33
Train Loss     : 3.2284	 | 	Train Accuracy     : 0.0000
Valid Loss     : 0.0000	 | 	Valid Accuracy     : 0.0000 | 	Valid F1-score      : 0.0000

Epoch : 34
Train Loss     : 3.2272	 | 	Train Accuracy     : 0.0000
Valid Loss     : 0.0000	 | 	Valid Accuracy     : 0.0000 | 	Valid F1-score      : 0.0000

Epoch : 35
Train Loss     : 3.2308	 | 	Train Accuracy     : 0.0000
Valid Loss     : 0.0000	 | 	Valid Accuracy     : 0.0000 | 	Valid F1-score      : 0.0000

Epoch : 36
Train Loss     : 3.2018	 | 	Train Accuracy     : 0.0000
Valid Loss     : 0.0000	 | 	Valid Accuracy     : 0.0000 | 	Valid F1-score      : 0.0000

Epoch : 37
Train Loss     : 3.2229	 | 	Train Accuracy     : 0.0000
Valid Loss     : 0.0000	 | 	Valid Accuracy     : 0.0000 | 	Valid F1-score      : 0.0000

Epoch : 38
Train Loss     : 3.1774	 | 	Train Accuracy     : 0.0000
Valid Loss     : 0.0000	 | 	Valid Accuracy     : 0.0000 | 	Valid F1-score      : 0.0000

Epoch : 39
Train Loss     : 3.1863	 | 	Train Accuracy     : 0.0000
Valid Loss     : 0.0000	 | 	Valid Accuracy     : 0.0000 | 	Valid F1-score      : 0.0000

Epoch : 40
Train Loss     : 3.1139	 | 	Train Accuracy     : 0.0000
Valid Loss     : 0.0000	 | 	Valid Accuracy     : 0.0000 | 	Valid F1-score      : 0.0000

Epoch : 41
Train Loss     : 3.1417	 | 	Train Accuracy     : 0.0000
Valid Loss     : 0.0000	 | 	Valid Accuracy     : 0.0000 | 	Valid F1-score      : 0.0000

Epoch : 42
Train Loss     : 3.0848	 | 	Train Accuracy     : 0.0000
Valid Loss     : 0.0000	 | 	Valid Accuracy     : 0.0000 | 	Valid F1-score      : 0.0000

Epoch : 43
Train Loss     : 3.0542	 | 	Train Accuracy     : 0.0000
Valid Loss     : 0.0000	 | 	Valid Accuracy     : 0.0000 | 	Valid F1-score      : 0.0000

Epoch : 44
Train Loss     : 3.0531	 | 	Train Accuracy     : 0.0000
Valid Loss     : 0.0000	 | 	Valid Accuracy     : 0.0000 | 	Valid F1-score      : 0.0000

Epoch : 45
Train Loss     : 3.0295	 | 	Train Accuracy     : 0.0000
Valid Loss     : 0.0000	 | 	Valid Accuracy     : 0.0000 | 	Valid F1-score      : 0.0000

Epoch : 46
Train Loss     : 3.0702	 | 	Train Accuracy     : 0.0000
Valid Loss     : 0.0000	 | 	Valid Accuracy     : 0.0000 | 	Valid F1-score      : 0.0000

Epoch : 47
Train Loss     : 3.0441	 | 	Train Accuracy     : 0.0000
Valid Loss     : 0.0000	 | 	Valid Accuracy     : 0.0000 | 	Valid F1-score      : 0.0000

Epoch : 48
Train Loss     : 3.0115	 | 	Train Accuracy     : 0.0000
Valid Loss     : 0.0000	 | 	Valid Accuracy     : 0.0000 | 	Valid F1-score      : 0.0000

Epoch : 49
Train Loss     : 3.0304	 | 	Train Accuracy     : 0.0000
Valid Loss     : 0.0000	 | 	Valid Accuracy     : 0.0000 | 	Valid F1-score      : 0.0000

Epoch : 50
Train Loss     : 3.0171	 | 	Train Accuracy     : 0.0000
Valid Loss     : 0.0000	 | 	Valid Accuracy     : 0.0000 | 	Valid F1-score      : 0.0000

Epoch : 51
Train Loss     : 3.0481	 | 	Train Accuracy     : 0.0000
Valid Loss     : 0.0000	 | 	Valid Accuracy     : 0.0000 | 	Valid F1-score      : 0.0000

Epoch : 52
Train Loss     : 2.9466	 | 	Train Accuracy     : 0.0000
Valid Loss     : 0.0000	 | 	Valid Accuracy     : 0.0000 | 	Valid F1-score      : 0.0000

Epoch : 53
Train Loss     : 3.0157	 | 	Train Accuracy     : 0.0000
Valid Loss     : 0.0000	 | 	Valid Accuracy     : 0.0000 | 	Valid F1-score      : 0.0000

Epoch : 54
Train Loss     : 2.9958	 | 	Train Accuracy     : 0.0000
Valid Loss     : 0.0000	 | 	Valid Accuracy     : 0.0000 | 	Valid F1-score      : 0.0000

Epoch : 55
Train Loss     : 2.9772	 | 	Train Accuracy     : 0.0000
Valid Loss     : 0.0000	 | 	Valid Accuracy     : 0.0000 | 	Valid F1-score      : 0.0000

Epoch : 56
Train Loss     : 2.9374	 | 	Train Accuracy     : 0.0000
Valid Loss     : 0.0000	 | 	Valid Accuracy     : 0.0000 | 	Valid F1-score      : 0.0000

Epoch : 57
Train Loss     : 2.9331	 | 	Train Accuracy     : 0.0000
Valid Loss     : 0.0000	 | 	Valid Accuracy     : 0.0000 | 	Valid F1-score      : 0.0000

Epoch : 58
Train Loss     : 2.9496	 | 	Train Accuracy     : 0.0000
Valid Loss     : 0.0000	 | 	Valid Accuracy     : 0.0000 | 	Valid F1-score      : 0.0000

Epoch : 59
Train Loss     : 2.9325	 | 	Train Accuracy     : 0.0000
Valid Loss     : 0.0000	 | 	Valid Accuracy     : 0.0000 | 	Valid F1-score      : 0.0000

Epoch : 60
Train Loss     : 2.9627	 | 	Train Accuracy     : 0.0000
Valid Loss     : 0.0000	 | 	Valid Accuracy     : 0.0000 | 	Valid F1-score      : 0.0000

Epoch : 61
Train Loss     : 2.9555	 | 	Train Accuracy     : 0.0000
Valid Loss     : 0.0000	 | 	Valid Accuracy     : 0.0000 | 	Valid F1-score      : 0.0000

Epoch : 62
Train Loss     : 2.9112	 | 	Train Accuracy     : 0.0000
Valid Loss     : 0.0000	 | 	Valid Accuracy     : 0.0000 | 	Valid F1-score      : 0.0000

Epoch : 63
Train Loss     : 2.8915	 | 	Train Accuracy     : 0.0000
Valid Loss     : 0.0000	 | 	Valid Accuracy     : 0.0000 | 	Valid F1-score      : 0.0000

Epoch : 64
Train Loss     : 2.8588	 | 	Train Accuracy     : 0.0000
Valid Loss     : 0.0000	 | 	Valid Accuracy     : 0.0000 | 	Valid F1-score      : 0.0000

Epoch : 65
Train Loss     : 2.9074	 | 	Train Accuracy     : 0.0000
Valid Loss     : 0.0000	 | 	Valid Accuracy     : 0.0000 | 	Valid F1-score      : 0.0000

Epoch : 66
Train Loss     : 2.8882	 | 	Train Accuracy     : 0.0000
Valid Loss     : 0.0000	 | 	Valid Accuracy     : 0.0000 | 	Valid F1-score      : 0.0000

Epoch : 67
Train Loss     : 2.9245	 | 	Train Accuracy     : 0.0000
Valid Loss     : 0.0000	 | 	Valid Accuracy     : 0.0000 | 	Valid F1-score      : 0.0000

Epoch : 68
Train Loss     : 2.8635	 | 	Train Accuracy     : 0.0000
Valid Loss     : 0.0000	 | 	Valid Accuracy     : 0.0000 | 	Valid F1-score      : 0.0000

Epoch : 69
Train Loss     : 2.8507	 | 	Train Accuracy     : 0.0000
Valid Loss     : 0.0000	 | 	Valid Accuracy     : 0.0000 | 	Valid F1-score      : 0.0000

Epoch : 70
Train Loss     : 2.8744	 | 	Train Accuracy     : 0.0000
Valid Loss     : 0.0000	 | 	Valid Accuracy     : 0.0000 | 	Valid F1-score      : 0.0000

Epoch : 71
Train Loss     : 2.8075	 | 	Train Accuracy     : 0.0000
Valid Loss     : 0.0000	 | 	Valid Accuracy     : 0.0000 | 	Valid F1-score      : 0.0000

Epoch : 72
Train Loss     : 2.8946	 | 	Train Accuracy     : 0.0000
Valid Loss     : 0.0000	 | 	Valid Accuracy     : 0.0000 | 	Valid F1-score      : 0.0000

Epoch : 73
Train Loss     : 2.8339	 | 	Train Accuracy     : 0.0000
Valid Loss     : 0.0000	 | 	Valid Accuracy     : 0.0000 | 	Valid F1-score      : 0.0000

Epoch : 74
Train Loss     : 2.8044	 | 	Train Accuracy     : 0.0000
Valid Loss     : 0.0000	 | 	Valid Accuracy     : 0.0000 | 	Valid F1-score      : 0.0000

Epoch : 75
Train Loss     : 2.8251	 | 	Train Accuracy     : 0.0000
Valid Loss     : 0.0000	 | 	Valid Accuracy     : 0.0000 | 	Valid F1-score      : 0.0000

Epoch : 76
Train Loss     : 2.8686	 | 	Train Accuracy     : 0.0000
Valid Loss     : 0.0000	 | 	Valid Accuracy     : 0.0000 | 	Valid F1-score      : 0.0000

Epoch : 77
Train Loss     : 2.8415	 | 	Train Accuracy     : 0.0000
Valid Loss     : 0.0000	 | 	Valid Accuracy     : 0.0000 | 	Valid F1-score      : 0.0000

Epoch : 78
Train Loss     : 2.8241	 | 	Train Accuracy     : 0.0000
Valid Loss     : 0.0000	 | 	Valid Accuracy     : 0.0000 | 	Valid F1-score      : 0.0000

Epoch : 79
Train Loss     : 2.7930	 | 	Train Accuracy     : 0.0000
Valid Loss     : 0.0000	 | 	Valid Accuracy     : 0.0000 | 	Valid F1-score      : 0.0000

Epoch : 80
Train Loss     : 2.8356	 | 	Train Accuracy     : 0.0000
Valid Loss     : 0.0000	 | 	Valid Accuracy     : 0.0000 | 	Valid F1-score      : 0.0000

Epoch : 81
Train Loss     : 2.7856	 | 	Train Accuracy     : 0.0000
Valid Loss     : 0.0000	 | 	Valid Accuracy     : 0.0000 | 	Valid F1-score      : 0.0000

Epoch : 82
Train Loss     : 2.8011	 | 	Train Accuracy     : 0.0000
Valid Loss     : 0.0000	 | 	Valid Accuracy     : 0.0000 | 	Valid F1-score      : 0.0000

Epoch : 83
Train Loss     : 2.7792	 | 	Train Accuracy     : 0.0000
Valid Loss     : 0.0000	 | 	Valid Accuracy     : 0.0000 | 	Valid F1-score      : 0.0000

Epoch : 84
Train Loss     : 2.8062	 | 	Train Accuracy     : 0.0000
Valid Loss     : 0.0000	 | 	Valid Accuracy     : 0.0000 | 	Valid F1-score      : 0.0000

Epoch : 85
Train Loss     : 2.7970	 | 	Train Accuracy     : 0.0000
Valid Loss     : 0.0000	 | 	Valid Accuracy     : 0.0000 | 	Valid F1-score      : 0.0000

Epoch : 86
Train Loss     : 2.8046	 | 	Train Accuracy     : 0.0000
Valid Loss     : 0.0000	 | 	Valid Accuracy     : 0.0000 | 	Valid F1-score      : 0.0000

Epoch : 87
Train Loss     : 2.7827	 | 	Train Accuracy     : 0.0000
Valid Loss     : 0.0000	 | 	Valid Accuracy     : 0.0000 | 	Valid F1-score      : 0.0000

Epoch : 88
Train Loss     : 2.7753	 | 	Train Accuracy     : 0.0000
Valid Loss     : 0.0000	 | 	Valid Accuracy     : 0.0000 | 	Valid F1-score      : 0.0000

Epoch : 89
Train Loss     : 2.7339	 | 	Train Accuracy     : 0.0000
Valid Loss     : 0.0000	 | 	Valid Accuracy     : 0.0000 | 	Valid F1-score      : 0.0000

Epoch : 90
Train Loss     : 2.7605	 | 	Train Accuracy     : 0.0000
Valid Loss     : 0.0000	 | 	Valid Accuracy     : 0.0000 | 	Valid F1-score      : 0.0000

Epoch : 91
Train Loss     : 2.7981	 | 	Train Accuracy     : 0.0000
Valid Loss     : 0.0000	 | 	Valid Accuracy     : 0.0000 | 	Valid F1-score      : 0.0000

Epoch : 92
Train Loss     : 2.7145	 | 	Train Accuracy     : 0.0000
Valid Loss     : 0.0000	 | 	Valid Accuracy     : 0.0000 | 	Valid F1-score      : 0.0000

Epoch : 93
Train Loss     : 2.7721	 | 	Train Accuracy     : 0.0000
Valid Loss     : 0.0000	 | 	Valid Accuracy     : 0.0000 | 	Valid F1-score      : 0.0000

Epoch : 94
Train Loss     : 2.7301	 | 	Train Accuracy     : 0.0000
Valid Loss     : 0.0000	 | 	Valid Accuracy     : 0.0000 | 	Valid F1-score      : 0.0000

Epoch : 95
Train Loss     : 2.7320	 | 	Train Accuracy     : 0.0000
Valid Loss     : 0.0000	 | 	Valid Accuracy     : 0.0000 | 	Valid F1-score      : 0.0000

Epoch : 96
Train Loss     : 2.7172	 | 	Train Accuracy     : 0.0000
Valid Loss     : 0.0000	 | 	Valid Accuracy     : 0.0000 | 	Valid F1-score      : 0.0000

Epoch : 97
Train Loss     : 2.7191	 | 	Train Accuracy     : 0.0000
Valid Loss     : 0.0000	 | 	Valid Accuracy     : 0.0000 | 	Valid F1-score      : 0.0000

Epoch : 98
Train Loss     : 2.7301	 | 	Train Accuracy     : 0.0000
Valid Loss     : 0.0000	 | 	Valid Accuracy     : 0.0000 | 	Valid F1-score      : 0.0000

Epoch : 99
Train Loss     : 2.6996	 | 	Train Accuracy     : 0.0000
Valid Loss     : 0.0000	 | 	Valid Accuracy     : 0.0000 | 	Valid F1-score      : 0.0000

Epoch : 100
Train Loss     : 2.6775	 | 	Train Accuracy     : 0.0000
Valid Loss     : 0.0000	 | 	Valid Accuracy     : 0.0000 | 	Valid F1-score      : 0.0000

################## Training is Done! #########################
Training time is : 0:00:34.502098
