=============================================
Dataset: casas
Method:  Novel Human Activity
Mode:    random_init
=============================================
Data loaded ...
Training started ....

Epoch : 1
Train Loss     : 2.7431	 | 	Train Accuracy     : 0.0677
Valid Loss     : 2.7280	 | 	Valid Accuracy     : 0.0774 | 	Valid F1-score      : 0.0196

Epoch : 2
Train Loss     : 2.7199	 | 	Train Accuracy     : 0.0762
Valid Loss     : 2.7083	 | 	Valid Accuracy     : 0.0969 | 	Valid F1-score      : 0.0225

Epoch : 3
Train Loss     : 2.7022	 | 	Train Accuracy     : 0.0944
Valid Loss     : 2.6876	 | 	Valid Accuracy     : 0.1192 | 	Valid F1-score      : 0.0282

Epoch : 4
Train Loss     : 2.6782	 | 	Train Accuracy     : 0.1152
Valid Loss     : 2.6788	 | 	Valid Accuracy     : 0.1280 | 	Valid F1-score      : 0.0504

Epoch : 5
Train Loss     : 2.6703	 | 	Train Accuracy     : 0.1400
Valid Loss     : 2.6674	 | 	Valid Accuracy     : 0.1746 | 	Valid F1-score      : 0.0823

Epoch : 6
Train Loss     : 2.6576	 | 	Train Accuracy     : 0.1940
Valid Loss     : 2.6506	 | 	Valid Accuracy     : 0.2017 | 	Valid F1-score      : 0.1019

Epoch : 7
Train Loss     : 2.6484	 | 	Train Accuracy     : 0.1927
Valid Loss     : 2.6408	 | 	Valid Accuracy     : 0.1973 | 	Valid F1-score      : 0.1116

Epoch : 8
Train Loss     : 2.6345	 | 	Train Accuracy     : 0.2298
Valid Loss     : 2.6334	 | 	Valid Accuracy     : 0.2254 | 	Valid F1-score      : 0.1439

Epoch : 9
Train Loss     : 2.6280	 | 	Train Accuracy     : 0.2194
Valid Loss     : 2.6247	 | 	Valid Accuracy     : 0.2288 | 	Valid F1-score      : 0.1667

Epoch : 10
Train Loss     : 2.6129	 | 	Train Accuracy     : 0.2500
Valid Loss     : 2.6117	 | 	Valid Accuracy     : 0.2401 | 	Valid F1-score      : 0.1489

Epoch : 11
Train Loss     : 2.6025	 | 	Train Accuracy     : 0.2832
Valid Loss     : 2.6063	 | 	Valid Accuracy     : 0.2681 | 	Valid F1-score      : 0.1741

Epoch : 12
Train Loss     : 2.5949	 | 	Train Accuracy     : 0.2858
Valid Loss     : 2.5942	 | 	Valid Accuracy     : 0.2947 | 	Valid F1-score      : 0.1803

Epoch : 13
Train Loss     : 2.5840	 | 	Train Accuracy     : 0.2878
Valid Loss     : 2.5876	 | 	Valid Accuracy     : 0.3023 | 	Valid F1-score      : 0.1927

Epoch : 14
Train Loss     : 2.5736	 | 	Train Accuracy     : 0.3047
Valid Loss     : 2.5732	 | 	Valid Accuracy     : 0.2984 | 	Valid F1-score      : 0.2107

Epoch : 15
Train Loss     : 2.5655	 | 	Train Accuracy     : 0.2949
Valid Loss     : 2.5714	 | 	Valid Accuracy     : 0.3028 | 	Valid F1-score      : 0.2277

Epoch : 16
Train Loss     : 2.5563	 | 	Train Accuracy     : 0.3105
Valid Loss     : 2.5526	 | 	Valid Accuracy     : 0.2901 | 	Valid F1-score      : 0.2025

Epoch : 17
Train Loss     : 2.5473	 | 	Train Accuracy     : 0.2949
Valid Loss     : 2.5503	 | 	Valid Accuracy     : 0.2757 | 	Valid F1-score      : 0.1722

Epoch : 18
Train Loss     : 2.5307	 | 	Train Accuracy     : 0.2988
Valid Loss     : 2.5395	 | 	Valid Accuracy     : 0.2679 | 	Valid F1-score      : 0.1631

Epoch : 19
Train Loss     : 2.5230	 | 	Train Accuracy     : 0.2832
Valid Loss     : 2.5302	 | 	Valid Accuracy     : 0.2640 | 	Valid F1-score      : 0.1622

Epoch : 20
Train Loss     : 2.5166	 | 	Train Accuracy     : 0.2832
Valid Loss     : 2.5235	 | 	Valid Accuracy     : 0.2601 | 	Valid F1-score      : 0.1732

Epoch : 21
Train Loss     : 2.5053	 | 	Train Accuracy     : 0.3118
Valid Loss     : 2.5081	 | 	Valid Accuracy     : 0.3016 | 	Valid F1-score      : 0.1868

Epoch : 22
Train Loss     : 2.5026	 | 	Train Accuracy     : 0.3066
Valid Loss     : 2.4995	 | 	Valid Accuracy     : 0.3055 | 	Valid F1-score      : 0.2000

Epoch : 23
Train Loss     : 2.4921	 | 	Train Accuracy     : 0.3092
Valid Loss     : 2.4917	 | 	Valid Accuracy     : 0.2906 | 	Valid F1-score      : 0.1921

Epoch : 24
Train Loss     : 2.4842	 | 	Train Accuracy     : 0.3177
Valid Loss     : 2.4790	 | 	Valid Accuracy     : 0.3021 | 	Valid F1-score      : 0.2193

Epoch : 25
Train Loss     : 2.4694	 | 	Train Accuracy     : 0.3294
Valid Loss     : 2.4815	 | 	Valid Accuracy     : 0.2720 | 	Valid F1-score      : 0.1886

Epoch : 26
Train Loss     : 2.4701	 | 	Train Accuracy     : 0.3164
Valid Loss     : 2.4615	 | 	Valid Accuracy     : 0.2977 | 	Valid F1-score      : 0.1987

Epoch : 27
Train Loss     : 2.4585	 | 	Train Accuracy     : 0.3392
Valid Loss     : 2.4638	 | 	Valid Accuracy     : 0.2860 | 	Valid F1-score      : 0.1900

Epoch : 28
Train Loss     : 2.4457	 | 	Train Accuracy     : 0.3607
Valid Loss     : 2.4530	 | 	Valid Accuracy     : 0.2906 | 	Valid F1-score      : 0.2052

Epoch : 29
Train Loss     : 2.4360	 | 	Train Accuracy     : 0.3333
Valid Loss     : 2.4545	 | 	Valid Accuracy     : 0.2833 | 	Valid F1-score      : 0.2026

Epoch : 30
Train Loss     : 2.4289	 | 	Train Accuracy     : 0.3646
Valid Loss     : 2.4437	 | 	Valid Accuracy     : 0.3023 | 	Valid F1-score      : 0.2326

Epoch : 31
Train Loss     : 2.4325	 | 	Train Accuracy     : 0.3359
Valid Loss     : 2.4282	 | 	Valid Accuracy     : 0.2791 | 	Valid F1-score      : 0.2059

Epoch : 32
Train Loss     : 2.4089	 | 	Train Accuracy     : 0.3822
Valid Loss     : 2.4298	 | 	Valid Accuracy     : 0.2869 | 	Valid F1-score      : 0.2102

Epoch : 33
Train Loss     : 2.4068	 | 	Train Accuracy     : 0.3444
Valid Loss     : 2.4203	 | 	Valid Accuracy     : 0.2723 | 	Valid F1-score      : 0.2006

Epoch : 34
Train Loss     : 2.3929	 | 	Train Accuracy     : 0.3496
Valid Loss     : 2.4193	 | 	Valid Accuracy     : 0.2715 | 	Valid F1-score      : 0.1824

Epoch : 35
Train Loss     : 2.3934	 | 	Train Accuracy     : 0.3398
Valid Loss     : 2.4097	 | 	Valid Accuracy     : 0.2796 | 	Valid F1-score      : 0.2062

Epoch : 36
Train Loss     : 2.3927	 | 	Train Accuracy     : 0.3561
Valid Loss     : 2.4211	 | 	Valid Accuracy     : 0.2715 | 	Valid F1-score      : 0.1921

Epoch : 37
Train Loss     : 2.3809	 | 	Train Accuracy     : 0.3561
Valid Loss     : 2.3913	 | 	Valid Accuracy     : 0.2979 | 	Valid F1-score      : 0.2313

Epoch : 38
Train Loss     : 2.3799	 | 	Train Accuracy     : 0.3835
Valid Loss     : 2.3798	 | 	Valid Accuracy     : 0.3060 | 	Valid F1-score      : 0.2240

Epoch : 39
Train Loss     : 2.3556	 | 	Train Accuracy     : 0.3717
Valid Loss     : 2.3989	 | 	Valid Accuracy     : 0.2908 | 	Valid F1-score      : 0.2170

Epoch : 40
Train Loss     : 2.3619	 | 	Train Accuracy     : 0.3568
Valid Loss     : 2.3804	 | 	Valid Accuracy     : 0.2791 | 	Valid F1-score      : 0.1937

Epoch : 41
Train Loss     : 2.3607	 | 	Train Accuracy     : 0.3496
Valid Loss     : 2.3771	 | 	Valid Accuracy     : 0.2901 | 	Valid F1-score      : 0.2176

Epoch : 42
Train Loss     : 2.3624	 | 	Train Accuracy     : 0.3561
Valid Loss     : 2.3695	 | 	Valid Accuracy     : 0.3058 | 	Valid F1-score      : 0.2462

Epoch : 43
Train Loss     : 2.3434	 | 	Train Accuracy     : 0.3659
Valid Loss     : 2.3670	 | 	Valid Accuracy     : 0.3023 | 	Valid F1-score      : 0.2294

Epoch : 44
Train Loss     : 2.3413	 | 	Train Accuracy     : 0.3835
Valid Loss     : 2.3647	 | 	Valid Accuracy     : 0.3026 | 	Valid F1-score      : 0.2452

Epoch : 45
Train Loss     : 2.3314	 | 	Train Accuracy     : 0.4076
Valid Loss     : 2.3611	 | 	Valid Accuracy     : 0.3140 | 	Valid F1-score      : 0.2648

Epoch : 46
Train Loss     : 2.3332	 | 	Train Accuracy     : 0.3991
Valid Loss     : 2.3572	 | 	Valid Accuracy     : 0.3262 | 	Valid F1-score      : 0.2765

Epoch : 47
Train Loss     : 2.3162	 | 	Train Accuracy     : 0.4108
Valid Loss     : 2.3548	 | 	Valid Accuracy     : 0.3338 | 	Valid F1-score      : 0.2877

Epoch : 48
Train Loss     : 2.3108	 | 	Train Accuracy     : 0.4121
Valid Loss     : 2.3355	 | 	Valid Accuracy     : 0.3409 | 	Valid F1-score      : 0.2836

Epoch : 49
Train Loss     : 2.3040	 | 	Train Accuracy     : 0.3984
Valid Loss     : 2.3286	 | 	Valid Accuracy     : 0.3522 | 	Valid F1-score      : 0.2747

Epoch : 50
Train Loss     : 2.3183	 | 	Train Accuracy     : 0.4160
Valid Loss     : 2.3343	 | 	Valid Accuracy     : 0.3529 | 	Valid F1-score      : 0.3061

Epoch : 51
Train Loss     : 2.3060	 | 	Train Accuracy     : 0.4095
Valid Loss     : 2.3376	 | 	Valid Accuracy     : 0.3414 | 	Valid F1-score      : 0.3062

Epoch : 52
Train Loss     : 2.2842	 | 	Train Accuracy     : 0.4030
Valid Loss     : 2.3162	 | 	Valid Accuracy     : 0.3793 | 	Valid F1-score      : 0.3210

Epoch : 53
Train Loss     : 2.2820	 | 	Train Accuracy     : 0.4395
Valid Loss     : 2.3090	 | 	Valid Accuracy     : 0.3836 | 	Valid F1-score      : 0.3392

Epoch : 54
Train Loss     : 2.2594	 | 	Train Accuracy     : 0.4323
Valid Loss     : 2.3194	 | 	Valid Accuracy     : 0.3600 | 	Valid F1-score      : 0.3028

Epoch : 55
Train Loss     : 2.2840	 | 	Train Accuracy     : 0.4147
Valid Loss     : 2.3207	 | 	Valid Accuracy     : 0.3758 | 	Valid F1-score      : 0.3260

Epoch : 56
Train Loss     : 2.2634	 | 	Train Accuracy     : 0.4427
Valid Loss     : 2.3198	 | 	Valid Accuracy     : 0.3651 | 	Valid F1-score      : 0.3286

Epoch : 57
Train Loss     : 2.2551	 | 	Train Accuracy     : 0.4271
Valid Loss     : 2.3061	 | 	Valid Accuracy     : 0.3382 | 	Valid F1-score      : 0.2728

Epoch : 58
Train Loss     : 2.2431	 | 	Train Accuracy     : 0.4466
Valid Loss     : 2.2928	 | 	Valid Accuracy     : 0.3834 | 	Valid F1-score      : 0.3383

Epoch : 59
Train Loss     : 2.2701	 | 	Train Accuracy     : 0.4375
Valid Loss     : 2.2980	 | 	Valid Accuracy     : 0.3568 | 	Valid F1-score      : 0.3010

Epoch : 60
Train Loss     : 2.2359	 | 	Train Accuracy     : 0.4583
Valid Loss     : 2.2777	 | 	Valid Accuracy     : 0.3639 | 	Valid F1-score      : 0.3261

Epoch : 61
Train Loss     : 2.2384	 | 	Train Accuracy     : 0.4382
Valid Loss     : 2.2848	 | 	Valid Accuracy     : 0.3795 | 	Valid F1-score      : 0.3236

Epoch : 62
Train Loss     : 2.2235	 | 	Train Accuracy     : 0.4525
Valid Loss     : 2.2745	 | 	Valid Accuracy     : 0.3986 | 	Valid F1-score      : 0.3428

Epoch : 63
Train Loss     : 2.2198	 | 	Train Accuracy     : 0.4382
Valid Loss     : 2.2576	 | 	Valid Accuracy     : 0.3912 | 	Valid F1-score      : 0.3363

Epoch : 64
Train Loss     : 2.2200	 | 	Train Accuracy     : 0.4349
Valid Loss     : 2.2750	 | 	Valid Accuracy     : 0.3763 | 	Valid F1-score      : 0.3538

Epoch : 65
Train Loss     : 2.2113	 | 	Train Accuracy     : 0.4466
Valid Loss     : 2.2670	 | 	Valid Accuracy     : 0.3722 | 	Valid F1-score      : 0.3552

Epoch : 66
Train Loss     : 2.1964	 | 	Train Accuracy     : 0.4629
Valid Loss     : 2.2566	 | 	Valid Accuracy     : 0.3834 | 	Valid F1-score      : 0.3242

Epoch : 67
Train Loss     : 2.2072	 | 	Train Accuracy     : 0.4460
Valid Loss     : 2.2520	 | 	Valid Accuracy     : 0.3800 | 	Valid F1-score      : 0.3503

Epoch : 68
Train Loss     : 2.1880	 | 	Train Accuracy     : 0.4590
Valid Loss     : 2.2584	 | 	Valid Accuracy     : 0.3875 | 	Valid F1-score      : 0.3590

Epoch : 69
Train Loss     : 2.1988	 | 	Train Accuracy     : 0.4499
Valid Loss     : 2.2540	 | 	Valid Accuracy     : 0.3729 | 	Valid F1-score      : 0.3336

Epoch : 70
Train Loss     : 2.1890	 | 	Train Accuracy     : 0.4499
Valid Loss     : 2.2520	 | 	Valid Accuracy     : 0.4066 | 	Valid F1-score      : 0.3490

Epoch : 71
Train Loss     : 2.1720	 | 	Train Accuracy     : 0.4674
Valid Loss     : 2.2300	 | 	Valid Accuracy     : 0.4103 | 	Valid F1-score      : 0.3629

Epoch : 72
Train Loss     : 2.1674	 | 	Train Accuracy     : 0.4440
Valid Loss     : 2.2337	 | 	Valid Accuracy     : 0.4181 | 	Valid F1-score      : 0.3721

Epoch : 73
Train Loss     : 2.1671	 | 	Train Accuracy     : 0.4427
Valid Loss     : 2.2504	 | 	Valid Accuracy     : 0.3697 | 	Valid F1-score      : 0.3192

Epoch : 74
Train Loss     : 2.1697	 | 	Train Accuracy     : 0.4609
Valid Loss     : 2.2295	 | 	Valid Accuracy     : 0.3988 | 	Valid F1-score      : 0.3523

Epoch : 75
Train Loss     : 2.1460	 | 	Train Accuracy     : 0.4668
Valid Loss     : 2.2272	 | 	Valid Accuracy     : 0.3917 | 	Valid F1-score      : 0.3530

Epoch : 76
Train Loss     : 2.1382	 | 	Train Accuracy     : 0.4857
Valid Loss     : 2.2327	 | 	Valid Accuracy     : 0.3804 | 	Valid F1-score      : 0.3377

Epoch : 77
Train Loss     : 2.1442	 | 	Train Accuracy     : 0.4694
Valid Loss     : 2.2057	 | 	Valid Accuracy     : 0.3880 | 	Valid F1-score      : 0.3467

Epoch : 78
Train Loss     : 2.1411	 | 	Train Accuracy     : 0.4674
Valid Loss     : 2.2184	 | 	Valid Accuracy     : 0.3875 | 	Valid F1-score      : 0.3451

Epoch : 79
Train Loss     : 2.1392	 | 	Train Accuracy     : 0.4661
Valid Loss     : 2.1908	 | 	Valid Accuracy     : 0.4071 | 	Valid F1-score      : 0.3711

Epoch : 80
Train Loss     : 2.1323	 | 	Train Accuracy     : 0.4655
Valid Loss     : 2.2039	 | 	Valid Accuracy     : 0.3990 | 	Valid F1-score      : 0.3664

Epoch : 81
Train Loss     : 2.1092	 | 	Train Accuracy     : 0.4896
Valid Loss     : 2.1906	 | 	Valid Accuracy     : 0.4071 | 	Valid F1-score      : 0.3764

Epoch : 82
Train Loss     : 2.1269	 | 	Train Accuracy     : 0.4831
Valid Loss     : 2.1768	 | 	Valid Accuracy     : 0.4139 | 	Valid F1-score      : 0.3826

Epoch : 83
Train Loss     : 2.1338	 | 	Train Accuracy     : 0.4609
Valid Loss     : 2.1981	 | 	Valid Accuracy     : 0.4036 | 	Valid F1-score      : 0.3639

Epoch : 84
Train Loss     : 2.1036	 | 	Train Accuracy     : 0.4583
Valid Loss     : 2.1750	 | 	Valid Accuracy     : 0.4027 | 	Valid F1-score      : 0.3541

Epoch : 85
Train Loss     : 2.0910	 | 	Train Accuracy     : 0.4688
Valid Loss     : 2.1654	 | 	Valid Accuracy     : 0.3958 | 	Valid F1-score      : 0.3618

Epoch : 86
Train Loss     : 2.0886	 | 	Train Accuracy     : 0.4733
Valid Loss     : 2.1494	 | 	Valid Accuracy     : 0.3978 | 	Valid F1-score      : 0.3535

Epoch : 87
Train Loss     : 2.0891	 | 	Train Accuracy     : 0.4746
Valid Loss     : 2.1581	 | 	Valid Accuracy     : 0.4034 | 	Valid F1-score      : 0.3467

Epoch : 88
Train Loss     : 2.0752	 | 	Train Accuracy     : 0.4896
Valid Loss     : 2.1533	 | 	Valid Accuracy     : 0.4227 | 	Valid F1-score      : 0.3666

Epoch : 89
Train Loss     : 2.0575	 | 	Train Accuracy     : 0.4805
Valid Loss     : 2.1662	 | 	Valid Accuracy     : 0.4073 | 	Valid F1-score      : 0.3643

Epoch : 90
Train Loss     : 2.0584	 | 	Train Accuracy     : 0.4922
Valid Loss     : 2.1540	 | 	Valid Accuracy     : 0.4190 | 	Valid F1-score      : 0.3606

Epoch : 91
Train Loss     : 2.0491	 | 	Train Accuracy     : 0.5365
Valid Loss     : 2.1510	 | 	Valid Accuracy     : 0.4303 | 	Valid F1-score      : 0.3845

Epoch : 92
Train Loss     : 2.0526	 | 	Train Accuracy     : 0.4811
Valid Loss     : 2.1348	 | 	Valid Accuracy     : 0.4225 | 	Valid F1-score      : 0.3803

Epoch : 93
Train Loss     : 2.0431	 | 	Train Accuracy     : 0.5007
Valid Loss     : 2.1362	 | 	Valid Accuracy     : 0.4112 | 	Valid F1-score      : 0.3645

Epoch : 94
Train Loss     : 2.0402	 | 	Train Accuracy     : 0.5059
Valid Loss     : 2.1442	 | 	Valid Accuracy     : 0.3885 | 	Valid F1-score      : 0.3646

Epoch : 95
Train Loss     : 2.0285	 | 	Train Accuracy     : 0.5013
Valid Loss     : 2.1241	 | 	Valid Accuracy     : 0.4073 | 	Valid F1-score      : 0.3667

Epoch : 96
Train Loss     : 2.0304	 | 	Train Accuracy     : 0.5208
Valid Loss     : 2.1165	 | 	Valid Accuracy     : 0.4105 | 	Valid F1-score      : 0.3541

Epoch : 97
Train Loss     : 2.0181	 | 	Train Accuracy     : 0.4993
Valid Loss     : 2.1210	 | 	Valid Accuracy     : 0.3846 | 	Valid F1-score      : 0.3590

Epoch : 98
Train Loss     : 2.0084	 | 	Train Accuracy     : 0.5221
Valid Loss     : 2.0999	 | 	Valid Accuracy     : 0.4183 | 	Valid F1-score      : 0.3807

Epoch : 99
Train Loss     : 2.0043	 | 	Train Accuracy     : 0.4857
Valid Loss     : 2.1242	 | 	Valid Accuracy     : 0.4261 | 	Valid F1-score      : 0.4049

Epoch : 100
Train Loss     : 1.9950	 | 	Train Accuracy     : 0.4870
Valid Loss     : 2.1094	 | 	Valid Accuracy     : 0.4342 | 	Valid F1-score      : 0.4080

Evaluate on the Test set:
Test loss      :2.1109	 | Test Accuracy      : 0.3958	 | Test F1-score      : 0.3522

################## Training is Done! #########################
Training time is : 0:00:14.749141
