=============================================
Dataset: casas
Method:  Novel Human Activity
Mode:    random_init
=============================================
Data loaded ...
Training started ....

Epoch : 1
Train Loss     : 2.7376	 | 	Train Accuracy     : 0.0638
Valid Loss     : 2.7352	 | 	Valid Accuracy     : 0.0696 | 	Valid F1-score      : 0.0090

Epoch : 2
Train Loss     : 2.7171	 | 	Train Accuracy     : 0.0605
Valid Loss     : 2.7130	 | 	Valid Accuracy     : 0.0696 | 	Valid F1-score      : 0.0088

Epoch : 3
Train Loss     : 2.6995	 | 	Train Accuracy     : 0.0671
Valid Loss     : 2.6915	 | 	Valid Accuracy     : 0.0659 | 	Valid F1-score      : 0.0086

Epoch : 4
Train Loss     : 2.6878	 | 	Train Accuracy     : 0.0605
Valid Loss     : 2.6869	 | 	Valid Accuracy     : 0.0659 | 	Valid F1-score      : 0.0082

Epoch : 5
Train Loss     : 2.6774	 | 	Train Accuracy     : 0.0677
Valid Loss     : 2.6729	 | 	Valid Accuracy     : 0.0777 | 	Valid F1-score      : 0.0236

Epoch : 6
Train Loss     : 2.6642	 | 	Train Accuracy     : 0.0664
Valid Loss     : 2.6609	 | 	Valid Accuracy     : 0.1050 | 	Valid F1-score      : 0.0431

Epoch : 7
Train Loss     : 2.6526	 | 	Train Accuracy     : 0.1589
Valid Loss     : 2.6497	 | 	Valid Accuracy     : 0.1504 | 	Valid F1-score      : 0.0706

Epoch : 8
Train Loss     : 2.6418	 | 	Train Accuracy     : 0.1738
Valid Loss     : 2.6423	 | 	Valid Accuracy     : 0.1551 | 	Valid F1-score      : 0.0756

Epoch : 9
Train Loss     : 2.6341	 | 	Train Accuracy     : 0.2038
Valid Loss     : 2.6329	 | 	Valid Accuracy     : 0.1167 | 	Valid F1-score      : 0.0546

Epoch : 10
Train Loss     : 2.6261	 | 	Train Accuracy     : 0.1960
Valid Loss     : 2.6233	 | 	Valid Accuracy     : 0.1512 | 	Valid F1-score      : 0.0880

Epoch : 11
Train Loss     : 2.6168	 | 	Train Accuracy     : 0.1986
Valid Loss     : 2.6167	 | 	Valid Accuracy     : 0.1362 | 	Valid F1-score      : 0.0816

Epoch : 12
Train Loss     : 2.6081	 | 	Train Accuracy     : 0.2227
Valid Loss     : 2.6091	 | 	Valid Accuracy     : 0.1553 | 	Valid F1-score      : 0.0844

Epoch : 13
Train Loss     : 2.5994	 | 	Train Accuracy     : 0.2318
Valid Loss     : 2.5990	 | 	Valid Accuracy     : 0.1897 | 	Valid F1-score      : 0.1134

Epoch : 14
Train Loss     : 2.5870	 | 	Train Accuracy     : 0.2591
Valid Loss     : 2.5871	 | 	Valid Accuracy     : 0.1937 | 	Valid F1-score      : 0.1332

Epoch : 15
Train Loss     : 2.5789	 | 	Train Accuracy     : 0.2402
Valid Loss     : 2.5849	 | 	Valid Accuracy     : 0.2061 | 	Valid F1-score      : 0.1359

Epoch : 16
Train Loss     : 2.5713	 | 	Train Accuracy     : 0.2396
Valid Loss     : 2.5721	 | 	Valid Accuracy     : 0.2134 | 	Valid F1-score      : 0.1497

Epoch : 17
Train Loss     : 2.5632	 | 	Train Accuracy     : 0.2624
Valid Loss     : 2.5638	 | 	Valid Accuracy     : 0.2173 | 	Valid F1-score      : 0.1372

Epoch : 18
Train Loss     : 2.5508	 | 	Train Accuracy     : 0.2812
Valid Loss     : 2.5529	 | 	Valid Accuracy     : 0.2095 | 	Valid F1-score      : 0.1346

Epoch : 19
Train Loss     : 2.5437	 | 	Train Accuracy     : 0.2565
Valid Loss     : 2.5436	 | 	Valid Accuracy     : 0.2247 | 	Valid F1-score      : 0.1458

Epoch : 20
Train Loss     : 2.5298	 | 	Train Accuracy     : 0.2474
Valid Loss     : 2.5368	 | 	Valid Accuracy     : 0.2327 | 	Valid F1-score      : 0.1661

Epoch : 21
Train Loss     : 2.5261	 | 	Train Accuracy     : 0.2526
Valid Loss     : 2.5249	 | 	Valid Accuracy     : 0.2511 | 	Valid F1-score      : 0.1552

Epoch : 22
Train Loss     : 2.5157	 | 	Train Accuracy     : 0.2578
Valid Loss     : 2.5233	 | 	Valid Accuracy     : 0.2520 | 	Valid F1-score      : 0.1771

Epoch : 23
Train Loss     : 2.5149	 | 	Train Accuracy     : 0.2565
Valid Loss     : 2.5168	 | 	Valid Accuracy     : 0.2171 | 	Valid F1-score      : 0.1257

Epoch : 24
Train Loss     : 2.5035	 | 	Train Accuracy     : 0.2702
Valid Loss     : 2.5031	 | 	Valid Accuracy     : 0.2630 | 	Valid F1-score      : 0.1959

Epoch : 25
Train Loss     : 2.4886	 | 	Train Accuracy     : 0.2780
Valid Loss     : 2.4911	 | 	Valid Accuracy     : 0.2579 | 	Valid F1-score      : 0.1759

Epoch : 26
Train Loss     : 2.4848	 | 	Train Accuracy     : 0.2578
Valid Loss     : 2.4927	 | 	Valid Accuracy     : 0.2359 | 	Valid F1-score      : 0.1562

Epoch : 27
Train Loss     : 2.4788	 | 	Train Accuracy     : 0.2546
Valid Loss     : 2.4869	 | 	Valid Accuracy     : 0.2208 | 	Valid F1-score      : 0.1496

Epoch : 28
Train Loss     : 2.4658	 | 	Train Accuracy     : 0.2865
Valid Loss     : 2.4772	 | 	Valid Accuracy     : 0.2547 | 	Valid F1-score      : 0.1686

Epoch : 29
Train Loss     : 2.4699	 | 	Train Accuracy     : 0.2643
Valid Loss     : 2.4712	 | 	Valid Accuracy     : 0.2628 | 	Valid F1-score      : 0.1831

Epoch : 30
Train Loss     : 2.4616	 | 	Train Accuracy     : 0.2676
Valid Loss     : 2.4711	 | 	Valid Accuracy     : 0.2376 | 	Valid F1-score      : 0.1661

Epoch : 31
Train Loss     : 2.4548	 | 	Train Accuracy     : 0.2982
Valid Loss     : 2.4581	 | 	Valid Accuracy     : 0.2640 | 	Valid F1-score      : 0.1953

Epoch : 32
Train Loss     : 2.4406	 | 	Train Accuracy     : 0.2995
Valid Loss     : 2.4478	 | 	Valid Accuracy     : 0.2754 | 	Valid F1-score      : 0.2144

Epoch : 33
Train Loss     : 2.4280	 | 	Train Accuracy     : 0.3145
Valid Loss     : 2.4475	 | 	Valid Accuracy     : 0.3016 | 	Valid F1-score      : 0.2222

Epoch : 34
Train Loss     : 2.4325	 | 	Train Accuracy     : 0.2852
Valid Loss     : 2.4496	 | 	Valid Accuracy     : 0.2642 | 	Valid F1-score      : 0.1818

Epoch : 35
Train Loss     : 2.4236	 | 	Train Accuracy     : 0.2956
Valid Loss     : 2.4395	 | 	Valid Accuracy     : 0.2683 | 	Valid F1-score      : 0.2013

Epoch : 36
Train Loss     : 2.4082	 | 	Train Accuracy     : 0.3118
Valid Loss     : 2.4365	 | 	Valid Accuracy     : 0.2904 | 	Valid F1-score      : 0.2131

Epoch : 37
Train Loss     : 2.4130	 | 	Train Accuracy     : 0.3105
Valid Loss     : 2.4395	 | 	Valid Accuracy     : 0.2833 | 	Valid F1-score      : 0.2048

Epoch : 38
Train Loss     : 2.3925	 | 	Train Accuracy     : 0.3132
Valid Loss     : 2.4290	 | 	Valid Accuracy     : 0.2869 | 	Valid F1-score      : 0.2338

Epoch : 39
Train Loss     : 2.3880	 | 	Train Accuracy     : 0.3092
Valid Loss     : 2.4229	 | 	Valid Accuracy     : 0.2718 | 	Valid F1-score      : 0.1902

Epoch : 40
Train Loss     : 2.4061	 | 	Train Accuracy     : 0.3197
Valid Loss     : 2.4238	 | 	Valid Accuracy     : 0.2915 | 	Valid F1-score      : 0.2299

Epoch : 41
Train Loss     : 2.3853	 | 	Train Accuracy     : 0.3099
Valid Loss     : 2.4093	 | 	Valid Accuracy     : 0.2794 | 	Valid F1-score      : 0.2161

Epoch : 42
Train Loss     : 2.3955	 | 	Train Accuracy     : 0.3281
Valid Loss     : 2.3968	 | 	Valid Accuracy     : 0.3016 | 	Valid F1-score      : 0.2215

Epoch : 43
Train Loss     : 2.3699	 | 	Train Accuracy     : 0.3216
Valid Loss     : 2.4096	 | 	Valid Accuracy     : 0.2723 | 	Valid F1-score      : 0.1938

Epoch : 44
Train Loss     : 2.3667	 | 	Train Accuracy     : 0.3398
Valid Loss     : 2.3934	 | 	Valid Accuracy     : 0.2947 | 	Valid F1-score      : 0.2334

Epoch : 45
Train Loss     : 2.3615	 | 	Train Accuracy     : 0.3197
Valid Loss     : 2.3908	 | 	Valid Accuracy     : 0.3026 | 	Valid F1-score      : 0.2353

Epoch : 46
Train Loss     : 2.3577	 | 	Train Accuracy     : 0.3288
Valid Loss     : 2.3863	 | 	Valid Accuracy     : 0.2950 | 	Valid F1-score      : 0.2510

Epoch : 47
Train Loss     : 2.3566	 | 	Train Accuracy     : 0.3372
Valid Loss     : 2.3859	 | 	Valid Accuracy     : 0.3062 | 	Valid F1-score      : 0.2124

Epoch : 48
Train Loss     : 2.3563	 | 	Train Accuracy     : 0.3652
Valid Loss     : 2.3712	 | 	Valid Accuracy     : 0.3221 | 	Valid F1-score      : 0.2460

Epoch : 49
Train Loss     : 2.3417	 | 	Train Accuracy     : 0.3574
Valid Loss     : 2.3717	 | 	Valid Accuracy     : 0.2828 | 	Valid F1-score      : 0.2212

Epoch : 50
Train Loss     : 2.3422	 | 	Train Accuracy     : 0.3353
Valid Loss     : 2.3654	 | 	Valid Accuracy     : 0.2865 | 	Valid F1-score      : 0.2079

Epoch : 51
Train Loss     : 2.3463	 | 	Train Accuracy     : 0.3359
Valid Loss     : 2.3715	 | 	Valid Accuracy     : 0.2686 | 	Valid F1-score      : 0.1811

Epoch : 52
Train Loss     : 2.3403	 | 	Train Accuracy     : 0.3281
Valid Loss     : 2.3581	 | 	Valid Accuracy     : 0.3101 | 	Valid F1-score      : 0.2374

Epoch : 53
Train Loss     : 2.3431	 | 	Train Accuracy     : 0.3665
Valid Loss     : 2.3556	 | 	Valid Accuracy     : 0.3140 | 	Valid F1-score      : 0.2233

Epoch : 54
Train Loss     : 2.3275	 | 	Train Accuracy     : 0.3561
Valid Loss     : 2.3527	 | 	Valid Accuracy     : 0.3368 | 	Valid F1-score      : 0.2834

Epoch : 55
Train Loss     : 2.3150	 | 	Train Accuracy     : 0.3561
Valid Loss     : 2.3634	 | 	Valid Accuracy     : 0.3074 | 	Valid F1-score      : 0.2578

Epoch : 56
Train Loss     : 2.3184	 | 	Train Accuracy     : 0.3652
Valid Loss     : 2.3597	 | 	Valid Accuracy     : 0.3308 | 	Valid F1-score      : 0.2658

Epoch : 57
Train Loss     : 2.3120	 | 	Train Accuracy     : 0.3509
Valid Loss     : 2.3374	 | 	Valid Accuracy     : 0.3101 | 	Valid F1-score      : 0.2576

Epoch : 58
Train Loss     : 2.3074	 | 	Train Accuracy     : 0.3561
Valid Loss     : 2.3347	 | 	Valid Accuracy     : 0.3219 | 	Valid F1-score      : 0.2961

Epoch : 59
Train Loss     : 2.2959	 | 	Train Accuracy     : 0.3496
Valid Loss     : 2.3388	 | 	Valid Accuracy     : 0.3262 | 	Valid F1-score      : 0.2580

Epoch : 60
Train Loss     : 2.2979	 | 	Train Accuracy     : 0.3685
Valid Loss     : 2.3386	 | 	Valid Accuracy     : 0.2994 | 	Valid F1-score      : 0.2524

Epoch : 61
Train Loss     : 2.2958	 | 	Train Accuracy     : 0.3763
Valid Loss     : 2.3277	 | 	Valid Accuracy     : 0.3258 | 	Valid F1-score      : 0.2807

Epoch : 62
Train Loss     : 2.2843	 | 	Train Accuracy     : 0.4062
Valid Loss     : 2.3122	 | 	Valid Accuracy     : 0.3714 | 	Valid F1-score      : 0.2988

Epoch : 63
Train Loss     : 2.2829	 | 	Train Accuracy     : 0.3737
Valid Loss     : 2.3179	 | 	Valid Accuracy     : 0.3375 | 	Valid F1-score      : 0.2901

Epoch : 64
Train Loss     : 2.2716	 | 	Train Accuracy     : 0.3919
Valid Loss     : 2.3085	 | 	Valid Accuracy     : 0.3338 | 	Valid F1-score      : 0.2891

Epoch : 65
Train Loss     : 2.2687	 | 	Train Accuracy     : 0.4069
Valid Loss     : 2.3203	 | 	Valid Accuracy     : 0.3419 | 	Valid F1-score      : 0.2782

Epoch : 66
Train Loss     : 2.2701	 | 	Train Accuracy     : 0.3874
Valid Loss     : 2.3233	 | 	Valid Accuracy     : 0.3572 | 	Valid F1-score      : 0.2996

Epoch : 67
Train Loss     : 2.2679	 | 	Train Accuracy     : 0.3828
Valid Loss     : 2.2804	 | 	Valid Accuracy     : 0.3636 | 	Valid F1-score      : 0.2884

Epoch : 68
Train Loss     : 2.2659	 | 	Train Accuracy     : 0.3861
Valid Loss     : 2.2940	 | 	Valid Accuracy     : 0.3565 | 	Valid F1-score      : 0.2688

Epoch : 69
Train Loss     : 2.2551	 | 	Train Accuracy     : 0.3997
Valid Loss     : 2.2991	 | 	Valid Accuracy     : 0.3492 | 	Valid F1-score      : 0.2982

Epoch : 70
Train Loss     : 2.2429	 | 	Train Accuracy     : 0.3971
Valid Loss     : 2.3000	 | 	Valid Accuracy     : 0.3304 | 	Valid F1-score      : 0.2780

Epoch : 71
Train Loss     : 2.2492	 | 	Train Accuracy     : 0.3776
Valid Loss     : 2.2712	 | 	Valid Accuracy     : 0.3986 | 	Valid F1-score      : 0.3459

Epoch : 72
Train Loss     : 2.2561	 | 	Train Accuracy     : 0.4141
Valid Loss     : 2.2903	 | 	Valid Accuracy     : 0.3575 | 	Valid F1-score      : 0.2846

Epoch : 73
Train Loss     : 2.2460	 | 	Train Accuracy     : 0.3893
Valid Loss     : 2.2905	 | 	Valid Accuracy     : 0.3726 | 	Valid F1-score      : 0.3099

Epoch : 74
Train Loss     : 2.2385	 | 	Train Accuracy     : 0.3809
Valid Loss     : 2.2887	 | 	Valid Accuracy     : 0.3570 | 	Valid F1-score      : 0.2998

Epoch : 75
Train Loss     : 2.2308	 | 	Train Accuracy     : 0.3971
Valid Loss     : 2.2658	 | 	Valid Accuracy     : 0.3761 | 	Valid F1-score      : 0.3141

Epoch : 76
Train Loss     : 2.2187	 | 	Train Accuracy     : 0.3965
Valid Loss     : 2.2669	 | 	Valid Accuracy     : 0.3873 | 	Valid F1-score      : 0.3243

Epoch : 77
Train Loss     : 2.2097	 | 	Train Accuracy     : 0.4284
Valid Loss     : 2.2692	 | 	Valid Accuracy     : 0.3910 | 	Valid F1-score      : 0.3340

Epoch : 78
Train Loss     : 2.2204	 | 	Train Accuracy     : 0.4030
Valid Loss     : 2.2653	 | 	Valid Accuracy     : 0.3763 | 	Valid F1-score      : 0.3129

Epoch : 79
Train Loss     : 2.1976	 | 	Train Accuracy     : 0.4115
Valid Loss     : 2.2632	 | 	Valid Accuracy     : 0.3917 | 	Valid F1-score      : 0.2972

Epoch : 80
Train Loss     : 2.2227	 | 	Train Accuracy     : 0.4219
Valid Loss     : 2.2539	 | 	Valid Accuracy     : 0.3797 | 	Valid F1-score      : 0.3208

Epoch : 81
Train Loss     : 2.2224	 | 	Train Accuracy     : 0.4180
Valid Loss     : 2.2302	 | 	Valid Accuracy     : 0.3907 | 	Valid F1-score      : 0.3268

Epoch : 82
Train Loss     : 2.1969	 | 	Train Accuracy     : 0.3965
Valid Loss     : 2.2316	 | 	Valid Accuracy     : 0.3800 | 	Valid F1-score      : 0.3122

Epoch : 83
Train Loss     : 2.1871	 | 	Train Accuracy     : 0.4336
Valid Loss     : 2.2419	 | 	Valid Accuracy     : 0.3714 | 	Valid F1-score      : 0.3157

Epoch : 84
Train Loss     : 2.2026	 | 	Train Accuracy     : 0.4225
Valid Loss     : 2.2322	 | 	Valid Accuracy     : 0.3907 | 	Valid F1-score      : 0.3416

Epoch : 85
Train Loss     : 2.1819	 | 	Train Accuracy     : 0.4453
Valid Loss     : 2.2363	 | 	Valid Accuracy     : 0.3729 | 	Valid F1-score      : 0.3036

Epoch : 86
Train Loss     : 2.1827	 | 	Train Accuracy     : 0.4232
Valid Loss     : 2.2258	 | 	Valid Accuracy     : 0.4025 | 	Valid F1-score      : 0.3364

Epoch : 87
Train Loss     : 2.1889	 | 	Train Accuracy     : 0.4460
Valid Loss     : 2.2080	 | 	Valid Accuracy     : 0.4059 | 	Valid F1-score      : 0.3644

Epoch : 88
Train Loss     : 2.1691	 | 	Train Accuracy     : 0.4258
Valid Loss     : 2.2360	 | 	Valid Accuracy     : 0.3651 | 	Valid F1-score      : 0.3190

Epoch : 89
Train Loss     : 2.1619	 | 	Train Accuracy     : 0.4505
Valid Loss     : 2.2210	 | 	Valid Accuracy     : 0.3958 | 	Valid F1-score      : 0.3387

Epoch : 90
Train Loss     : 2.1598	 | 	Train Accuracy     : 0.4115
Valid Loss     : 2.2295	 | 	Valid Accuracy     : 0.3655 | 	Valid F1-score      : 0.3106

Epoch : 91
Train Loss     : 2.1384	 | 	Train Accuracy     : 0.4427
Valid Loss     : 2.2187	 | 	Valid Accuracy     : 0.3958 | 	Valid F1-score      : 0.3375

Epoch : 92
Train Loss     : 2.1447	 | 	Train Accuracy     : 0.4342
Valid Loss     : 2.2120	 | 	Valid Accuracy     : 0.3875 | 	Valid F1-score      : 0.3193

Epoch : 93
Train Loss     : 2.1550	 | 	Train Accuracy     : 0.4408
Valid Loss     : 2.1913	 | 	Valid Accuracy     : 0.4371 | 	Valid F1-score      : 0.3815

Epoch : 94
Train Loss     : 2.1308	 | 	Train Accuracy     : 0.4453
Valid Loss     : 2.1883	 | 	Valid Accuracy     : 0.4068 | 	Valid F1-score      : 0.3571

Epoch : 95
Train Loss     : 2.1197	 | 	Train Accuracy     : 0.4473
Valid Loss     : 2.1861	 | 	Valid Accuracy     : 0.3988 | 	Valid F1-score      : 0.3284

Epoch : 96
Train Loss     : 2.1256	 | 	Train Accuracy     : 0.4206
Valid Loss     : 2.1760	 | 	Valid Accuracy     : 0.4105 | 	Valid F1-score      : 0.3336

Epoch : 97
Train Loss     : 2.1260	 | 	Train Accuracy     : 0.4505
Valid Loss     : 2.1892	 | 	Valid Accuracy     : 0.3954 | 	Valid F1-score      : 0.3249

Epoch : 98
Train Loss     : 2.1242	 | 	Train Accuracy     : 0.4154
Valid Loss     : 2.1774	 | 	Valid Accuracy     : 0.3993 | 	Valid F1-score      : 0.3401

Epoch : 99
Train Loss     : 2.1332	 | 	Train Accuracy     : 0.4362
Valid Loss     : 2.1747	 | 	Valid Accuracy     : 0.4107 | 	Valid F1-score      : 0.3329

Epoch : 100
Train Loss     : 2.1118	 | 	Train Accuracy     : 0.4479
Valid Loss     : 2.1685	 | 	Valid Accuracy     : 0.4071 | 	Valid F1-score      : 0.3452

Evaluate on the Test set:
Test loss      :2.1673	 | Test Accuracy      : 0.3878	 | Test F1-score      : 0.3281

################## Training is Done! #########################
Training time is : 0:00:13.730811
