=============================================
Dataset: casas
Method:  Novel Human Activity
Mode:    supervised
=============================================
Data loaded ...
Training started ....

Epoch : 1
Train Loss     : 2.6964	 | 	Train Accuracy     : 0.1270
Valid Loss     : 2.6211	 | 	Valid Accuracy     : 0.1626 | 	Valid F1-score      : 0.0843

Epoch : 2
Train Loss     : 2.5812	 | 	Train Accuracy     : 0.2493
Valid Loss     : 2.5263	 | 	Valid Accuracy     : 0.2754 | 	Valid F1-score      : 0.1968

Epoch : 3
Train Loss     : 2.4870	 | 	Train Accuracy     : 0.3919
Valid Loss     : 2.4629	 | 	Valid Accuracy     : 0.3680 | 	Valid F1-score      : 0.2848

Epoch : 4
Train Loss     : 2.3813	 | 	Train Accuracy     : 0.4609
Valid Loss     : 2.3851	 | 	Valid Accuracy     : 0.3834 | 	Valid F1-score      : 0.3152

Epoch : 5
Train Loss     : 2.3023	 | 	Train Accuracy     : 0.4987
Valid Loss     : 2.3058	 | 	Valid Accuracy     : 0.4308 | 	Valid F1-score      : 0.3926

Epoch : 6
Train Loss     : 2.2092	 | 	Train Accuracy     : 0.5599
Valid Loss     : 2.2201	 | 	Valid Accuracy     : 0.4804 | 	Valid F1-score      : 0.3838

Epoch : 7
Train Loss     : 2.1184	 | 	Train Accuracy     : 0.6029
Valid Loss     : 2.1555	 | 	Valid Accuracy     : 0.5194 | 	Valid F1-score      : 0.4629

Epoch : 8
Train Loss     : 2.0174	 | 	Train Accuracy     : 0.6510
Valid Loss     : 2.0744	 | 	Valid Accuracy     : 0.5399 | 	Valid F1-score      : 0.4800

Epoch : 9
Train Loss     : 1.9324	 | 	Train Accuracy     : 0.7064
Valid Loss     : 2.0003	 | 	Valid Accuracy     : 0.5858 | 	Valid F1-score      : 0.5362

Epoch : 10
Train Loss     : 1.8280	 | 	Train Accuracy     : 0.7520
Valid Loss     : 1.8884	 | 	Valid Accuracy     : 0.6853 | 	Valid F1-score      : 0.6264

Epoch : 11
Train Loss     : 1.7167	 | 	Train Accuracy     : 0.8066
Valid Loss     : 1.7943	 | 	Valid Accuracy     : 0.7133 | 	Valid F1-score      : 0.6715

Epoch : 12
Train Loss     : 1.6329	 | 	Train Accuracy     : 0.8118
Valid Loss     : 1.6982	 | 	Valid Accuracy     : 0.7363 | 	Valid F1-score      : 0.6598

Epoch : 13
Train Loss     : 1.5397	 | 	Train Accuracy     : 0.8040
Valid Loss     : 1.6251	 | 	Valid Accuracy     : 0.7595 | 	Valid F1-score      : 0.7287

Epoch : 14
Train Loss     : 1.4611	 | 	Train Accuracy     : 0.8385
Valid Loss     : 1.5581	 | 	Valid Accuracy     : 0.7602 | 	Valid F1-score      : 0.7376

Epoch : 15
Train Loss     : 1.3828	 | 	Train Accuracy     : 0.8581
Valid Loss     : 1.4989	 | 	Valid Accuracy     : 0.8100 | 	Valid F1-score      : 0.7676

Epoch : 16
Train Loss     : 1.3010	 | 	Train Accuracy     : 0.8880
Valid Loss     : 1.4220	 | 	Valid Accuracy     : 0.8063 | 	Valid F1-score      : 0.7765

Epoch : 17
Train Loss     : 1.2476	 | 	Train Accuracy     : 0.8978
Valid Loss     : 1.4005	 | 	Valid Accuracy     : 0.8146 | 	Valid F1-score      : 0.7917

Epoch : 18
Train Loss     : 1.1790	 | 	Train Accuracy     : 0.9134
Valid Loss     : 1.3429	 | 	Valid Accuracy     : 0.8410 | 	Valid F1-score      : 0.8318

Epoch : 19
Train Loss     : 1.1329	 | 	Train Accuracy     : 0.9290
Valid Loss     : 1.2911	 | 	Valid Accuracy     : 0.8371 | 	Valid F1-score      : 0.7935

Epoch : 20
Train Loss     : 1.0826	 | 	Train Accuracy     : 0.9427
Valid Loss     : 1.2415	 | 	Valid Accuracy     : 0.8408 | 	Valid F1-score      : 0.8460

Epoch : 21
Train Loss     : 1.0263	 | 	Train Accuracy     : 0.9395
Valid Loss     : 1.1984	 | 	Valid Accuracy     : 0.8217 | 	Valid F1-score      : 0.7848

Epoch : 22
Train Loss     : 0.9883	 | 	Train Accuracy     : 0.9388
Valid Loss     : 1.1611	 | 	Valid Accuracy     : 0.8256 | 	Valid F1-score      : 0.7919

Epoch : 23
Train Loss     : 0.9350	 | 	Train Accuracy     : 0.9505
Valid Loss     : 1.1440	 | 	Valid Accuracy     : 0.8488 | 	Valid F1-score      : 0.8222

Epoch : 24
Train Loss     : 0.8930	 | 	Train Accuracy     : 0.9486
Valid Loss     : 1.1022	 | 	Valid Accuracy     : 0.8716 | 	Valid F1-score      : 0.8648

Epoch : 25
Train Loss     : 0.8500	 | 	Train Accuracy     : 0.9512
Valid Loss     : 1.0831	 | 	Valid Accuracy     : 0.8567 | 	Valid F1-score      : 0.8135

Epoch : 26
Train Loss     : 0.8404	 | 	Train Accuracy     : 0.9661
Valid Loss     : 1.0376	 | 	Valid Accuracy     : 0.8564 | 	Valid F1-score      : 0.8286

Epoch : 27
Train Loss     : 0.7925	 | 	Train Accuracy     : 0.9531
Valid Loss     : 1.0265	 | 	Valid Accuracy     : 0.8833 | 	Valid F1-score      : 0.8688

Epoch : 28
Train Loss     : 0.7506	 | 	Train Accuracy     : 0.9694
Valid Loss     : 1.0233	 | 	Valid Accuracy     : 0.8762 | 	Valid F1-score      : 0.8336

Epoch : 29
Train Loss     : 0.7219	 | 	Train Accuracy     : 0.9694
Valid Loss     : 0.9943	 | 	Valid Accuracy     : 0.8723 | 	Valid F1-score      : 0.8488

Epoch : 30
Train Loss     : 0.6937	 | 	Train Accuracy     : 0.9694
Valid Loss     : 0.9586	 | 	Valid Accuracy     : 0.8686 | 	Valid F1-score      : 0.8353

Epoch : 31
Train Loss     : 0.6776	 | 	Train Accuracy     : 0.9701
Valid Loss     : 0.9312	 | 	Valid Accuracy     : 0.8838 | 	Valid F1-score      : 0.8464

Epoch : 32
Train Loss     : 0.6311	 | 	Train Accuracy     : 0.9772
Valid Loss     : 0.8989	 | 	Valid Accuracy     : 0.8799 | 	Valid F1-score      : 0.8581

Epoch : 33
Train Loss     : 0.6082	 | 	Train Accuracy     : 0.9805
Valid Loss     : 0.8795	 | 	Valid Accuracy     : 0.8838 | 	Valid F1-score      : 0.8773

Epoch : 34
Train Loss     : 0.5922	 | 	Train Accuracy     : 0.9805
Valid Loss     : 0.8629	 | 	Valid Accuracy     : 0.8835 | 	Valid F1-score      : 0.8723

Epoch : 35
Train Loss     : 0.5648	 | 	Train Accuracy     : 0.9824
Valid Loss     : 0.8598	 | 	Valid Accuracy     : 0.8723 | 	Valid F1-score      : 0.8626

Epoch : 36
Train Loss     : 0.5514	 | 	Train Accuracy     : 0.9818
Valid Loss     : 0.8262	 | 	Valid Accuracy     : 0.8681 | 	Valid F1-score      : 0.8439

Epoch : 37
Train Loss     : 0.5230	 | 	Train Accuracy     : 0.9766
Valid Loss     : 0.8062	 | 	Valid Accuracy     : 0.8874 | 	Valid F1-score      : 0.8831

Epoch : 38
Train Loss     : 0.4936	 | 	Train Accuracy     : 0.9844
Valid Loss     : 0.7967	 | 	Valid Accuracy     : 0.8755 | 	Valid F1-score      : 0.8656

Epoch : 39
Train Loss     : 0.4884	 | 	Train Accuracy     : 0.9779
Valid Loss     : 0.8065	 | 	Valid Accuracy     : 0.8567 | 	Valid F1-score      : 0.8204

Epoch : 40
Train Loss     : 0.4741	 | 	Train Accuracy     : 0.9792
Valid Loss     : 0.7662	 | 	Valid Accuracy     : 0.8989 | 	Valid F1-score      : 0.8736

Epoch : 41
Train Loss     : 0.4445	 | 	Train Accuracy     : 0.9902
Valid Loss     : 0.7672	 | 	Valid Accuracy     : 0.8794 | 	Valid F1-score      : 0.8513

Epoch : 42
Train Loss     : 0.4261	 | 	Train Accuracy     : 0.9941
Valid Loss     : 0.7411	 | 	Valid Accuracy     : 0.8874 | 	Valid F1-score      : 0.8636

Epoch : 43
Train Loss     : 0.4180	 | 	Train Accuracy     : 0.9850
Valid Loss     : 0.7549	 | 	Valid Accuracy     : 0.8838 | 	Valid F1-score      : 0.8574

Epoch : 44
Train Loss     : 0.4052	 | 	Train Accuracy     : 0.9889
Valid Loss     : 0.7386	 | 	Valid Accuracy     : 0.8759 | 	Valid F1-score      : 0.8658

Epoch : 45
Train Loss     : 0.3944	 | 	Train Accuracy     : 0.9850
Valid Loss     : 0.6988	 | 	Valid Accuracy     : 0.8879 | 	Valid F1-score      : 0.8843

Epoch : 46
Train Loss     : 0.3793	 | 	Train Accuracy     : 0.9837
Valid Loss     : 0.7185	 | 	Valid Accuracy     : 0.8994 | 	Valid F1-score      : 0.8845

Epoch : 47
Train Loss     : 0.3655	 | 	Train Accuracy     : 0.9785
Valid Loss     : 0.6973	 | 	Valid Accuracy     : 0.8684 | 	Valid F1-score      : 0.8403

Epoch : 48
Train Loss     : 0.3429	 | 	Train Accuracy     : 0.9902
Valid Loss     : 0.7123	 | 	Valid Accuracy     : 0.8723 | 	Valid F1-score      : 0.8152

Epoch : 49
Train Loss     : 0.3350	 | 	Train Accuracy     : 0.9922
Valid Loss     : 0.7126	 | 	Valid Accuracy     : 0.8491 | 	Valid F1-score      : 0.8157

Epoch : 50
Train Loss     : 0.3286	 | 	Train Accuracy     : 0.9883
Valid Loss     : 0.6487	 | 	Valid Accuracy     : 0.8759 | 	Valid F1-score      : 0.8744

Epoch : 51
Train Loss     : 0.3038	 | 	Train Accuracy     : 0.9961
Valid Loss     : 0.6529	 | 	Valid Accuracy     : 0.8872 | 	Valid F1-score      : 0.8666

Epoch : 52
Train Loss     : 0.2964	 | 	Train Accuracy     : 0.9909
Valid Loss     : 0.6260	 | 	Valid Accuracy     : 0.8909 | 	Valid F1-score      : 0.8794

Epoch : 53
Train Loss     : 0.2948	 | 	Train Accuracy     : 0.9941
Valid Loss     : 0.6566	 | 	Valid Accuracy     : 0.8757 | 	Valid F1-score      : 0.8699

Epoch : 54
Train Loss     : 0.2779	 | 	Train Accuracy     : 0.9961
Valid Loss     : 0.6300	 | 	Valid Accuracy     : 0.8991 | 	Valid F1-score      : 0.8698

Epoch : 55
Train Loss     : 0.2772	 | 	Train Accuracy     : 0.9922
Valid Loss     : 0.6038	 | 	Valid Accuracy     : 0.8801 | 	Valid F1-score      : 0.8608

Epoch : 56
Train Loss     : 0.2577	 | 	Train Accuracy     : 0.9961
Valid Loss     : 0.6702	 | 	Valid Accuracy     : 0.8613 | 	Valid F1-score      : 0.8270

Epoch : 57
Train Loss     : 0.2513	 | 	Train Accuracy     : 0.9909
Valid Loss     : 0.6337	 | 	Valid Accuracy     : 0.8645 | 	Valid F1-score      : 0.8306

Epoch : 58
Train Loss     : 0.2454	 | 	Train Accuracy     : 0.9922
Valid Loss     : 0.6348	 | 	Valid Accuracy     : 0.8571 | 	Valid F1-score      : 0.8024

Epoch : 59
Train Loss     : 0.2438	 | 	Train Accuracy     : 0.9870
Valid Loss     : 0.6076	 | 	Valid Accuracy     : 0.8532 | 	Valid F1-score      : 0.8328

Epoch : 60
Train Loss     : 0.2233	 | 	Train Accuracy     : 0.9980
Valid Loss     : 0.6177	 | 	Valid Accuracy     : 0.8491 | 	Valid F1-score      : 0.8362

Epoch : 61
Train Loss     : 0.2204	 | 	Train Accuracy     : 0.9941
Valid Loss     : 0.5899	 | 	Valid Accuracy     : 0.8833 | 	Valid F1-score      : 0.8668

Epoch : 62
Train Loss     : 0.2093	 | 	Train Accuracy     : 0.9980
Valid Loss     : 0.5942	 | 	Valid Accuracy     : 0.8757 | 	Valid F1-score      : 0.8669

Epoch : 63
Train Loss     : 0.2045	 | 	Train Accuracy     : 0.9980
Valid Loss     : 0.5673	 | 	Valid Accuracy     : 0.8989 | 	Valid F1-score      : 0.8874

Epoch : 64
Train Loss     : 0.1964	 | 	Train Accuracy     : 0.9980
Valid Loss     : 0.6068	 | 	Valid Accuracy     : 0.8877 | 	Valid F1-score      : 0.8917

Epoch : 65
Train Loss     : 0.1905	 | 	Train Accuracy     : 0.9941
Valid Loss     : 0.6098	 | 	Valid Accuracy     : 0.8567 | 	Valid F1-score      : 0.8394

Epoch : 66
Train Loss     : 0.1851	 | 	Train Accuracy     : 0.9980
Valid Loss     : 0.5843	 | 	Valid Accuracy     : 0.8796 | 	Valid F1-score      : 0.8788

Epoch : 67
Train Loss     : 0.1770	 | 	Train Accuracy     : 0.9980
Valid Loss     : 0.5817	 | 	Valid Accuracy     : 0.8569 | 	Valid F1-score      : 0.8346

Epoch : 68
Train Loss     : 0.1668	 | 	Train Accuracy     : 0.9980
Valid Loss     : 0.5507	 | 	Valid Accuracy     : 0.8796 | 	Valid F1-score      : 0.8635

Epoch : 69
Train Loss     : 0.1641	 | 	Train Accuracy     : 0.9980
Valid Loss     : 0.5447	 | 	Valid Accuracy     : 0.8686 | 	Valid F1-score      : 0.8414

Epoch : 70
Train Loss     : 0.1593	 | 	Train Accuracy     : 0.9980
Valid Loss     : 0.5183	 | 	Valid Accuracy     : 0.8874 | 	Valid F1-score      : 0.8651

Epoch : 71
Train Loss     : 0.1549	 | 	Train Accuracy     : 0.9961
Valid Loss     : 0.5204	 | 	Valid Accuracy     : 0.8916 | 	Valid F1-score      : 0.8628

Epoch : 72
Train Loss     : 0.1483	 | 	Train Accuracy     : 0.9980
Valid Loss     : 0.5321	 | 	Valid Accuracy     : 0.8870 | 	Valid F1-score      : 0.8783

Epoch : 73
Train Loss     : 0.1486	 | 	Train Accuracy     : 0.9980
Valid Loss     : 0.5746	 | 	Valid Accuracy     : 0.8647 | 	Valid F1-score      : 0.8140

Epoch : 74
Train Loss     : 0.1465	 | 	Train Accuracy     : 0.9941
Valid Loss     : 0.5653	 | 	Valid Accuracy     : 0.8720 | 	Valid F1-score      : 0.8514

Epoch : 75
Train Loss     : 0.1454	 | 	Train Accuracy     : 0.9961
Valid Loss     : 0.5424	 | 	Valid Accuracy     : 0.8757 | 	Valid F1-score      : 0.8474

Epoch : 76
Train Loss     : 0.1475	 | 	Train Accuracy     : 0.9928
Valid Loss     : 0.5392	 | 	Valid Accuracy     : 0.8606 | 	Valid F1-score      : 0.8037

Epoch : 77
Train Loss     : 0.1334	 | 	Train Accuracy     : 0.9980
Valid Loss     : 0.5360	 | 	Valid Accuracy     : 0.8759 | 	Valid F1-score      : 0.8528

Epoch : 78
Train Loss     : 0.1289	 | 	Train Accuracy     : 0.9980
Valid Loss     : 0.5336	 | 	Valid Accuracy     : 0.8681 | 	Valid F1-score      : 0.8553

Epoch : 79
Train Loss     : 0.1248	 | 	Train Accuracy     : 0.9961
Valid Loss     : 0.5417	 | 	Valid Accuracy     : 0.8681 | 	Valid F1-score      : 0.8367

Epoch : 80
Train Loss     : 0.1217	 | 	Train Accuracy     : 0.9961
Valid Loss     : 0.5188	 | 	Valid Accuracy     : 0.8684 | 	Valid F1-score      : 0.8568

Epoch : 81
Train Loss     : 0.1162	 | 	Train Accuracy     : 0.9980
Valid Loss     : 0.5297	 | 	Valid Accuracy     : 0.8688 | 	Valid F1-score      : 0.8444

Epoch : 82
Train Loss     : 0.1231	 | 	Train Accuracy     : 0.9948
Valid Loss     : 0.5094	 | 	Valid Accuracy     : 0.8684 | 	Valid F1-score      : 0.8247

Epoch : 83
Train Loss     : 0.1068	 | 	Train Accuracy     : 1.0000
Valid Loss     : 0.5306	 | 	Valid Accuracy     : 0.8759 | 	Valid F1-score      : 0.8393

Epoch : 84
Train Loss     : 0.1076	 | 	Train Accuracy     : 0.9980
Valid Loss     : 0.5072	 | 	Valid Accuracy     : 0.8603 | 	Valid F1-score      : 0.8249

Epoch : 85
Train Loss     : 0.1028	 | 	Train Accuracy     : 0.9948
Valid Loss     : 0.5121	 | 	Valid Accuracy     : 0.8803 | 	Valid F1-score      : 0.8627

Epoch : 86
Train Loss     : 0.0937	 | 	Train Accuracy     : 0.9980
Valid Loss     : 0.5517	 | 	Valid Accuracy     : 0.8803 | 	Valid F1-score      : 0.8781

Epoch : 87
Train Loss     : 0.0950	 | 	Train Accuracy     : 1.0000
Valid Loss     : 0.4933	 | 	Valid Accuracy     : 0.8952 | 	Valid F1-score      : 0.8802

Epoch : 88
Train Loss     : 0.0889	 | 	Train Accuracy     : 1.0000
Valid Loss     : 0.5141	 | 	Valid Accuracy     : 0.8649 | 	Valid F1-score      : 0.8567

Epoch : 89
Train Loss     : 0.0863	 | 	Train Accuracy     : 1.0000
Valid Loss     : 0.5393	 | 	Valid Accuracy     : 0.8456 | 	Valid F1-score      : 0.8114

Epoch : 90
Train Loss     : 0.0836	 | 	Train Accuracy     : 0.9980
Valid Loss     : 0.4885	 | 	Valid Accuracy     : 0.8796 | 	Valid F1-score      : 0.8635

Epoch : 91
Train Loss     : 0.0793	 | 	Train Accuracy     : 1.0000
Valid Loss     : 0.4681	 | 	Valid Accuracy     : 0.8794 | 	Valid F1-score      : 0.8752

Epoch : 92
Train Loss     : 0.0788	 | 	Train Accuracy     : 1.0000
Valid Loss     : 0.5042	 | 	Valid Accuracy     : 0.8720 | 	Valid F1-score      : 0.8465

Epoch : 93
Train Loss     : 0.0757	 | 	Train Accuracy     : 1.0000
Valid Loss     : 0.4788	 | 	Valid Accuracy     : 0.8833 | 	Valid F1-score      : 0.8613

Epoch : 94
Train Loss     : 0.0748	 | 	Train Accuracy     : 1.0000
Valid Loss     : 0.5240	 | 	Valid Accuracy     : 0.8608 | 	Valid F1-score      : 0.8174

Epoch : 95
Train Loss     : 0.0710	 | 	Train Accuracy     : 1.0000
Valid Loss     : 0.4804	 | 	Valid Accuracy     : 0.8718 | 	Valid F1-score      : 0.8329

Epoch : 96
Train Loss     : 0.0728	 | 	Train Accuracy     : 1.0000
Valid Loss     : 0.4953	 | 	Valid Accuracy     : 0.8799 | 	Valid F1-score      : 0.8539

Epoch : 97
Train Loss     : 0.0681	 | 	Train Accuracy     : 1.0000
Valid Loss     : 0.5127	 | 	Valid Accuracy     : 0.8762 | 	Valid F1-score      : 0.8310

Epoch : 98
Train Loss     : 0.0648	 | 	Train Accuracy     : 1.0000
Valid Loss     : 0.4716	 | 	Valid Accuracy     : 0.8830 | 	Valid F1-score      : 0.8762

Epoch : 99
Train Loss     : 0.0628	 | 	Train Accuracy     : 1.0000
Valid Loss     : 0.4856	 | 	Valid Accuracy     : 0.8681 | 	Valid F1-score      : 0.8373

Epoch : 100
Train Loss     : 0.0620	 | 	Train Accuracy     : 1.0000
Valid Loss     : 0.4914	 | 	Valid Accuracy     : 0.8764 | 	Valid F1-score      : 0.8555

Evaluate on the Test set:
Test loss      :0.4778	 | Test Accuracy      : 0.8647	 | Test F1-score      : 0.8447

################## Training is Done! #########################
Training time is : 0:00:28.612464
