=============================================
Dataset: casas
Method:  Novel Human Activity
Mode:    self_supervised
=============================================
Data loaded ...
Training started ....

Epoch : 1
Train Loss     : 7.3143	 | 	Train Accuracy     : 0.0000
Valid Loss     : 0.0000	 | 	Valid Accuracy     : 0.0000 | 	Valid F1-score      : 0.0000

Epoch : 2
Train Loss     : 6.0407	 | 	Train Accuracy     : 0.0000
Valid Loss     : 0.0000	 | 	Valid Accuracy     : 0.0000 | 	Valid F1-score      : 0.0000

Epoch : 3
Train Loss     : 5.6430	 | 	Train Accuracy     : 0.0000
Valid Loss     : 0.0000	 | 	Valid Accuracy     : 0.0000 | 	Valid F1-score      : 0.0000

Epoch : 4
Train Loss     : 5.2647	 | 	Train Accuracy     : 0.0000
Valid Loss     : 0.0000	 | 	Valid Accuracy     : 0.0000 | 	Valid F1-score      : 0.0000

Epoch : 5
Train Loss     : 4.9395	 | 	Train Accuracy     : 0.0000
Valid Loss     : 0.0000	 | 	Valid Accuracy     : 0.0000 | 	Valid F1-score      : 0.0000

Epoch : 6
Train Loss     : 4.6885	 | 	Train Accuracy     : 0.0000
Valid Loss     : 0.0000	 | 	Valid Accuracy     : 0.0000 | 	Valid F1-score      : 0.0000

Epoch : 7
Train Loss     : 4.4738	 | 	Train Accuracy     : 0.0000
Valid Loss     : 0.0000	 | 	Valid Accuracy     : 0.0000 | 	Valid F1-score      : 0.0000

Epoch : 8
Train Loss     : 4.3380	 | 	Train Accuracy     : 0.0000
Valid Loss     : 0.0000	 | 	Valid Accuracy     : 0.0000 | 	Valid F1-score      : 0.0000

Epoch : 9
Train Loss     : 4.1801	 | 	Train Accuracy     : 0.0000
Valid Loss     : 0.0000	 | 	Valid Accuracy     : 0.0000 | 	Valid F1-score      : 0.0000

Epoch : 10
Train Loss     : 4.1667	 | 	Train Accuracy     : 0.0000
Valid Loss     : 0.0000	 | 	Valid Accuracy     : 0.0000 | 	Valid F1-score      : 0.0000

Epoch : 11
Train Loss     : 3.9926	 | 	Train Accuracy     : 0.0000
Valid Loss     : 0.0000	 | 	Valid Accuracy     : 0.0000 | 	Valid F1-score      : 0.0000

Epoch : 12
Train Loss     : 3.9358	 | 	Train Accuracy     : 0.0000
Valid Loss     : 0.0000	 | 	Valid Accuracy     : 0.0000 | 	Valid F1-score      : 0.0000

Epoch : 13
Train Loss     : 3.8304	 | 	Train Accuracy     : 0.0000
Valid Loss     : 0.0000	 | 	Valid Accuracy     : 0.0000 | 	Valid F1-score      : 0.0000

Epoch : 14
Train Loss     : 3.7772	 | 	Train Accuracy     : 0.0000
Valid Loss     : 0.0000	 | 	Valid Accuracy     : 0.0000 | 	Valid F1-score      : 0.0000

Epoch : 15
Train Loss     : 3.6768	 | 	Train Accuracy     : 0.0000
Valid Loss     : 0.0000	 | 	Valid Accuracy     : 0.0000 | 	Valid F1-score      : 0.0000

Epoch : 16
Train Loss     : 3.6654	 | 	Train Accuracy     : 0.0000
Valid Loss     : 0.0000	 | 	Valid Accuracy     : 0.0000 | 	Valid F1-score      : 0.0000

Epoch : 17
Train Loss     : 3.5774	 | 	Train Accuracy     : 0.0000
Valid Loss     : 0.0000	 | 	Valid Accuracy     : 0.0000 | 	Valid F1-score      : 0.0000

Epoch : 18
Train Loss     : 3.5674	 | 	Train Accuracy     : 0.0000
Valid Loss     : 0.0000	 | 	Valid Accuracy     : 0.0000 | 	Valid F1-score      : 0.0000

Epoch : 19
Train Loss     : 3.5285	 | 	Train Accuracy     : 0.0000
Valid Loss     : 0.0000	 | 	Valid Accuracy     : 0.0000 | 	Valid F1-score      : 0.0000

Epoch : 20
Train Loss     : 3.4859	 | 	Train Accuracy     : 0.0000
Valid Loss     : 0.0000	 | 	Valid Accuracy     : 0.0000 | 	Valid F1-score      : 0.0000

Epoch : 21
Train Loss     : 3.5050	 | 	Train Accuracy     : 0.0000
Valid Loss     : 0.0000	 | 	Valid Accuracy     : 0.0000 | 	Valid F1-score      : 0.0000

Epoch : 22
Train Loss     : 3.4360	 | 	Train Accuracy     : 0.0000
Valid Loss     : 0.0000	 | 	Valid Accuracy     : 0.0000 | 	Valid F1-score      : 0.0000

Epoch : 23
Train Loss     : 3.4464	 | 	Train Accuracy     : 0.0000
Valid Loss     : 0.0000	 | 	Valid Accuracy     : 0.0000 | 	Valid F1-score      : 0.0000

Epoch : 24
Train Loss     : 3.4099	 | 	Train Accuracy     : 0.0000
Valid Loss     : 0.0000	 | 	Valid Accuracy     : 0.0000 | 	Valid F1-score      : 0.0000

Epoch : 25
Train Loss     : 3.3644	 | 	Train Accuracy     : 0.0000
Valid Loss     : 0.0000	 | 	Valid Accuracy     : 0.0000 | 	Valid F1-score      : 0.0000

Epoch : 26
Train Loss     : 3.3174	 | 	Train Accuracy     : 0.0000
Valid Loss     : 0.0000	 | 	Valid Accuracy     : 0.0000 | 	Valid F1-score      : 0.0000

Epoch : 27
Train Loss     : 3.3140	 | 	Train Accuracy     : 0.0000
Valid Loss     : 0.0000	 | 	Valid Accuracy     : 0.0000 | 	Valid F1-score      : 0.0000

Epoch : 28
Train Loss     : 3.3062	 | 	Train Accuracy     : 0.0000
Valid Loss     : 0.0000	 | 	Valid Accuracy     : 0.0000 | 	Valid F1-score      : 0.0000

Epoch : 29
Train Loss     : 3.2268	 | 	Train Accuracy     : 0.0000
Valid Loss     : 0.0000	 | 	Valid Accuracy     : 0.0000 | 	Valid F1-score      : 0.0000

Epoch : 30
Train Loss     : 3.2076	 | 	Train Accuracy     : 0.0000
Valid Loss     : 0.0000	 | 	Valid Accuracy     : 0.0000 | 	Valid F1-score      : 0.0000

Epoch : 31
Train Loss     : 3.1841	 | 	Train Accuracy     : 0.0000
Valid Loss     : 0.0000	 | 	Valid Accuracy     : 0.0000 | 	Valid F1-score      : 0.0000

Epoch : 32
Train Loss     : 3.1888	 | 	Train Accuracy     : 0.0000
Valid Loss     : 0.0000	 | 	Valid Accuracy     : 0.0000 | 	Valid F1-score      : 0.0000

Epoch : 33
Train Loss     : 3.1782	 | 	Train Accuracy     : 0.0000
Valid Loss     : 0.0000	 | 	Valid Accuracy     : 0.0000 | 	Valid F1-score      : 0.0000

Epoch : 34
Train Loss     : 3.1979	 | 	Train Accuracy     : 0.0000
Valid Loss     : 0.0000	 | 	Valid Accuracy     : 0.0000 | 	Valid F1-score      : 0.0000

Epoch : 35
Train Loss     : 3.1580	 | 	Train Accuracy     : 0.0000
Valid Loss     : 0.0000	 | 	Valid Accuracy     : 0.0000 | 	Valid F1-score      : 0.0000

Epoch : 36
Train Loss     : 3.1613	 | 	Train Accuracy     : 0.0000
Valid Loss     : 0.0000	 | 	Valid Accuracy     : 0.0000 | 	Valid F1-score      : 0.0000

Epoch : 37
Train Loss     : 3.0848	 | 	Train Accuracy     : 0.0000
Valid Loss     : 0.0000	 | 	Valid Accuracy     : 0.0000 | 	Valid F1-score      : 0.0000

Epoch : 38
Train Loss     : 3.1423	 | 	Train Accuracy     : 0.0000
Valid Loss     : 0.0000	 | 	Valid Accuracy     : 0.0000 | 	Valid F1-score      : 0.0000

Epoch : 39
Train Loss     : 3.0652	 | 	Train Accuracy     : 0.0000
Valid Loss     : 0.0000	 | 	Valid Accuracy     : 0.0000 | 	Valid F1-score      : 0.0000

Epoch : 40
Train Loss     : 3.1031	 | 	Train Accuracy     : 0.0000
Valid Loss     : 0.0000	 | 	Valid Accuracy     : 0.0000 | 	Valid F1-score      : 0.0000

Epoch : 41
Train Loss     : 3.0801	 | 	Train Accuracy     : 0.0000
Valid Loss     : 0.0000	 | 	Valid Accuracy     : 0.0000 | 	Valid F1-score      : 0.0000

Epoch : 42
Train Loss     : 3.0465	 | 	Train Accuracy     : 0.0000
Valid Loss     : 0.0000	 | 	Valid Accuracy     : 0.0000 | 	Valid F1-score      : 0.0000

Epoch : 43
Train Loss     : 3.0106	 | 	Train Accuracy     : 0.0000
Valid Loss     : 0.0000	 | 	Valid Accuracy     : 0.0000 | 	Valid F1-score      : 0.0000

Epoch : 44
Train Loss     : 3.0250	 | 	Train Accuracy     : 0.0000
Valid Loss     : 0.0000	 | 	Valid Accuracy     : 0.0000 | 	Valid F1-score      : 0.0000

Epoch : 45
Train Loss     : 3.0738	 | 	Train Accuracy     : 0.0000
Valid Loss     : 0.0000	 | 	Valid Accuracy     : 0.0000 | 	Valid F1-score      : 0.0000

Epoch : 46
Train Loss     : 2.9885	 | 	Train Accuracy     : 0.0000
Valid Loss     : 0.0000	 | 	Valid Accuracy     : 0.0000 | 	Valid F1-score      : 0.0000

Epoch : 47
Train Loss     : 2.9907	 | 	Train Accuracy     : 0.0000
Valid Loss     : 0.0000	 | 	Valid Accuracy     : 0.0000 | 	Valid F1-score      : 0.0000

Epoch : 48
Train Loss     : 2.9935	 | 	Train Accuracy     : 0.0000
Valid Loss     : 0.0000	 | 	Valid Accuracy     : 0.0000 | 	Valid F1-score      : 0.0000

Epoch : 49
Train Loss     : 3.0215	 | 	Train Accuracy     : 0.0000
Valid Loss     : 0.0000	 | 	Valid Accuracy     : 0.0000 | 	Valid F1-score      : 0.0000

Epoch : 50
Train Loss     : 3.0155	 | 	Train Accuracy     : 0.0000
Valid Loss     : 0.0000	 | 	Valid Accuracy     : 0.0000 | 	Valid F1-score      : 0.0000

Epoch : 51
Train Loss     : 2.9589	 | 	Train Accuracy     : 0.0000
Valid Loss     : 0.0000	 | 	Valid Accuracy     : 0.0000 | 	Valid F1-score      : 0.0000

Epoch : 52
Train Loss     : 2.9206	 | 	Train Accuracy     : 0.0000
Valid Loss     : 0.0000	 | 	Valid Accuracy     : 0.0000 | 	Valid F1-score      : 0.0000

Epoch : 53
Train Loss     : 2.9549	 | 	Train Accuracy     : 0.0000
Valid Loss     : 0.0000	 | 	Valid Accuracy     : 0.0000 | 	Valid F1-score      : 0.0000

Epoch : 54
Train Loss     : 2.9583	 | 	Train Accuracy     : 0.0000
Valid Loss     : 0.0000	 | 	Valid Accuracy     : 0.0000 | 	Valid F1-score      : 0.0000

Epoch : 55
Train Loss     : 2.9639	 | 	Train Accuracy     : 0.0000
Valid Loss     : 0.0000	 | 	Valid Accuracy     : 0.0000 | 	Valid F1-score      : 0.0000

Epoch : 56
Train Loss     : 2.8963	 | 	Train Accuracy     : 0.0000
Valid Loss     : 0.0000	 | 	Valid Accuracy     : 0.0000 | 	Valid F1-score      : 0.0000

Epoch : 57
Train Loss     : 2.8924	 | 	Train Accuracy     : 0.0000
Valid Loss     : 0.0000	 | 	Valid Accuracy     : 0.0000 | 	Valid F1-score      : 0.0000

Epoch : 58
Train Loss     : 2.9410	 | 	Train Accuracy     : 0.0000
Valid Loss     : 0.0000	 | 	Valid Accuracy     : 0.0000 | 	Valid F1-score      : 0.0000

Epoch : 59
Train Loss     : 2.9297	 | 	Train Accuracy     : 0.0000
Valid Loss     : 0.0000	 | 	Valid Accuracy     : 0.0000 | 	Valid F1-score      : 0.0000

Epoch : 60
Train Loss     : 2.8889	 | 	Train Accuracy     : 0.0000
Valid Loss     : 0.0000	 | 	Valid Accuracy     : 0.0000 | 	Valid F1-score      : 0.0000

Epoch : 61
Train Loss     : 2.8892	 | 	Train Accuracy     : 0.0000
Valid Loss     : 0.0000	 | 	Valid Accuracy     : 0.0000 | 	Valid F1-score      : 0.0000

Epoch : 62
Train Loss     : 2.9138	 | 	Train Accuracy     : 0.0000
Valid Loss     : 0.0000	 | 	Valid Accuracy     : 0.0000 | 	Valid F1-score      : 0.0000

Epoch : 63
Train Loss     : 2.8848	 | 	Train Accuracy     : 0.0000
Valid Loss     : 0.0000	 | 	Valid Accuracy     : 0.0000 | 	Valid F1-score      : 0.0000

Epoch : 64
Train Loss     : 2.8461	 | 	Train Accuracy     : 0.0000
Valid Loss     : 0.0000	 | 	Valid Accuracy     : 0.0000 | 	Valid F1-score      : 0.0000

Epoch : 65
Train Loss     : 2.9298	 | 	Train Accuracy     : 0.0000
Valid Loss     : 0.0000	 | 	Valid Accuracy     : 0.0000 | 	Valid F1-score      : 0.0000

Epoch : 66
Train Loss     : 2.8900	 | 	Train Accuracy     : 0.0000
Valid Loss     : 0.0000	 | 	Valid Accuracy     : 0.0000 | 	Valid F1-score      : 0.0000

Epoch : 67
Train Loss     : 2.9049	 | 	Train Accuracy     : 0.0000
Valid Loss     : 0.0000	 | 	Valid Accuracy     : 0.0000 | 	Valid F1-score      : 0.0000

Epoch : 68
Train Loss     : 2.8550	 | 	Train Accuracy     : 0.0000
Valid Loss     : 0.0000	 | 	Valid Accuracy     : 0.0000 | 	Valid F1-score      : 0.0000

Epoch : 69
Train Loss     : 2.8695	 | 	Train Accuracy     : 0.0000
Valid Loss     : 0.0000	 | 	Valid Accuracy     : 0.0000 | 	Valid F1-score      : 0.0000

Epoch : 70
Train Loss     : 2.8521	 | 	Train Accuracy     : 0.0000
Valid Loss     : 0.0000	 | 	Valid Accuracy     : 0.0000 | 	Valid F1-score      : 0.0000

Epoch : 71
Train Loss     : 2.8200	 | 	Train Accuracy     : 0.0000
Valid Loss     : 0.0000	 | 	Valid Accuracy     : 0.0000 | 	Valid F1-score      : 0.0000

Epoch : 72
Train Loss     : 2.8966	 | 	Train Accuracy     : 0.0000
Valid Loss     : 0.0000	 | 	Valid Accuracy     : 0.0000 | 	Valid F1-score      : 0.0000

Epoch : 73
Train Loss     : 2.8379	 | 	Train Accuracy     : 0.0000
Valid Loss     : 0.0000	 | 	Valid Accuracy     : 0.0000 | 	Valid F1-score      : 0.0000

Epoch : 74
Train Loss     : 2.8255	 | 	Train Accuracy     : 0.0000
Valid Loss     : 0.0000	 | 	Valid Accuracy     : 0.0000 | 	Valid F1-score      : 0.0000

Epoch : 75
Train Loss     : 2.8181	 | 	Train Accuracy     : 0.0000
Valid Loss     : 0.0000	 | 	Valid Accuracy     : 0.0000 | 	Valid F1-score      : 0.0000

Epoch : 76
Train Loss     : 2.7925	 | 	Train Accuracy     : 0.0000
Valid Loss     : 0.0000	 | 	Valid Accuracy     : 0.0000 | 	Valid F1-score      : 0.0000

Epoch : 77
Train Loss     : 2.8207	 | 	Train Accuracy     : 0.0000
Valid Loss     : 0.0000	 | 	Valid Accuracy     : 0.0000 | 	Valid F1-score      : 0.0000

Epoch : 78
Train Loss     : 2.8075	 | 	Train Accuracy     : 0.0000
Valid Loss     : 0.0000	 | 	Valid Accuracy     : 0.0000 | 	Valid F1-score      : 0.0000

Epoch : 79
Train Loss     : 2.7671	 | 	Train Accuracy     : 0.0000
Valid Loss     : 0.0000	 | 	Valid Accuracy     : 0.0000 | 	Valid F1-score      : 0.0000

Epoch : 80
Train Loss     : 2.7619	 | 	Train Accuracy     : 0.0000
Valid Loss     : 0.0000	 | 	Valid Accuracy     : 0.0000 | 	Valid F1-score      : 0.0000

Epoch : 81
Train Loss     : 2.7935	 | 	Train Accuracy     : 0.0000
Valid Loss     : 0.0000	 | 	Valid Accuracy     : 0.0000 | 	Valid F1-score      : 0.0000

Epoch : 82
Train Loss     : 2.7628	 | 	Train Accuracy     : 0.0000
Valid Loss     : 0.0000	 | 	Valid Accuracy     : 0.0000 | 	Valid F1-score      : 0.0000

Epoch : 83
Train Loss     : 2.7703	 | 	Train Accuracy     : 0.0000
Valid Loss     : 0.0000	 | 	Valid Accuracy     : 0.0000 | 	Valid F1-score      : 0.0000

Epoch : 84
Train Loss     : 2.7446	 | 	Train Accuracy     : 0.0000
Valid Loss     : 0.0000	 | 	Valid Accuracy     : 0.0000 | 	Valid F1-score      : 0.0000

Epoch : 85
Train Loss     : 2.7655	 | 	Train Accuracy     : 0.0000
Valid Loss     : 0.0000	 | 	Valid Accuracy     : 0.0000 | 	Valid F1-score      : 0.0000

Epoch : 86
Train Loss     : 2.7413	 | 	Train Accuracy     : 0.0000
Valid Loss     : 0.0000	 | 	Valid Accuracy     : 0.0000 | 	Valid F1-score      : 0.0000

Epoch : 87
Train Loss     : 2.7856	 | 	Train Accuracy     : 0.0000
Valid Loss     : 0.0000	 | 	Valid Accuracy     : 0.0000 | 	Valid F1-score      : 0.0000

Epoch : 88
Train Loss     : 2.7419	 | 	Train Accuracy     : 0.0000
Valid Loss     : 0.0000	 | 	Valid Accuracy     : 0.0000 | 	Valid F1-score      : 0.0000

Epoch : 89
Train Loss     : 2.7729	 | 	Train Accuracy     : 0.0000
Valid Loss     : 0.0000	 | 	Valid Accuracy     : 0.0000 | 	Valid F1-score      : 0.0000

Epoch : 90
Train Loss     : 2.7268	 | 	Train Accuracy     : 0.0000
Valid Loss     : 0.0000	 | 	Valid Accuracy     : 0.0000 | 	Valid F1-score      : 0.0000

Epoch : 91
Train Loss     : 2.7301	 | 	Train Accuracy     : 0.0000
Valid Loss     : 0.0000	 | 	Valid Accuracy     : 0.0000 | 	Valid F1-score      : 0.0000

Epoch : 92
Train Loss     : 2.6782	 | 	Train Accuracy     : 0.0000
Valid Loss     : 0.0000	 | 	Valid Accuracy     : 0.0000 | 	Valid F1-score      : 0.0000

Epoch : 93
Train Loss     : 2.7340	 | 	Train Accuracy     : 0.0000
Valid Loss     : 0.0000	 | 	Valid Accuracy     : 0.0000 | 	Valid F1-score      : 0.0000

Epoch : 94
Train Loss     : 2.6955	 | 	Train Accuracy     : 0.0000
Valid Loss     : 0.0000	 | 	Valid Accuracy     : 0.0000 | 	Valid F1-score      : 0.0000

Epoch : 95
Train Loss     : 2.7215	 | 	Train Accuracy     : 0.0000
Valid Loss     : 0.0000	 | 	Valid Accuracy     : 0.0000 | 	Valid F1-score      : 0.0000

Epoch : 96
Train Loss     : 2.7045	 | 	Train Accuracy     : 0.0000
Valid Loss     : 0.0000	 | 	Valid Accuracy     : 0.0000 | 	Valid F1-score      : 0.0000

Epoch : 97
Train Loss     : 2.6743	 | 	Train Accuracy     : 0.0000
Valid Loss     : 0.0000	 | 	Valid Accuracy     : 0.0000 | 	Valid F1-score      : 0.0000

Epoch : 98
Train Loss     : 2.7069	 | 	Train Accuracy     : 0.0000
Valid Loss     : 0.0000	 | 	Valid Accuracy     : 0.0000 | 	Valid F1-score      : 0.0000

Epoch : 99
Train Loss     : 2.7027	 | 	Train Accuracy     : 0.0000
Valid Loss     : 0.0000	 | 	Valid Accuracy     : 0.0000 | 	Valid F1-score      : 0.0000

Epoch : 100
Train Loss     : 2.7026	 | 	Train Accuracy     : 0.0000
Valid Loss     : 0.0000	 | 	Valid Accuracy     : 0.0000 | 	Valid F1-score      : 0.0000

################## Training is Done! #########################
Training time is : 0:00:35.477719
