=============================================
Dataset: casas
Method:  Novel Human Activity
Mode:    fine_tune
=============================================
Data loaded ...
Training started ....

Epoch : 1
Train Loss     : 2.7195	 | 	Train Accuracy     : 0.0794
Valid Loss     : 2.6438	 | 	Valid Accuracy     : 0.0813 | 	Valid F1-score      : 0.0241

Epoch : 2
Train Loss     : 2.5912	 | 	Train Accuracy     : 0.1615
Valid Loss     : 2.5505	 | 	Valid Accuracy     : 0.2408 | 	Valid F1-score      : 0.1779

Epoch : 3
Train Loss     : 2.4668	 | 	Train Accuracy     : 0.3789
Valid Loss     : 2.4447	 | 	Valid Accuracy     : 0.3648 | 	Valid F1-score      : 0.2921

Epoch : 4
Train Loss     : 2.3506	 | 	Train Accuracy     : 0.5085
Valid Loss     : 2.3226	 | 	Valid Accuracy     : 0.4843 | 	Valid F1-score      : 0.4388

Epoch : 5
Train Loss     : 2.2314	 | 	Train Accuracy     : 0.6074
Valid Loss     : 2.2191	 | 	Valid Accuracy     : 0.5932 | 	Valid F1-score      : 0.5513

Epoch : 6
Train Loss     : 2.1149	 | 	Train Accuracy     : 0.6914
Valid Loss     : 2.1184	 | 	Valid Accuracy     : 0.6320 | 	Valid F1-score      : 0.6033

Epoch : 7
Train Loss     : 1.9953	 | 	Train Accuracy     : 0.7533
Valid Loss     : 2.0181	 | 	Valid Accuracy     : 0.6552 | 	Valid F1-score      : 0.5855

Epoch : 8
Train Loss     : 1.8759	 | 	Train Accuracy     : 0.7891
Valid Loss     : 1.9284	 | 	Valid Accuracy     : 0.6977 | 	Valid F1-score      : 0.6704

Epoch : 9
Train Loss     : 1.7805	 | 	Train Accuracy     : 0.8105
Valid Loss     : 1.8495	 | 	Valid Accuracy     : 0.7588 | 	Valid F1-score      : 0.7365

Epoch : 10
Train Loss     : 1.6986	 | 	Train Accuracy     : 0.8451
Valid Loss     : 1.7705	 | 	Valid Accuracy     : 0.7558 | 	Valid F1-score      : 0.7183

Epoch : 11
Train Loss     : 1.6192	 | 	Train Accuracy     : 0.8646
Valid Loss     : 1.6944	 | 	Valid Accuracy     : 0.7873 | 	Valid F1-score      : 0.7730

Epoch : 12
Train Loss     : 1.5307	 | 	Train Accuracy     : 0.8809
Valid Loss     : 1.6482	 | 	Valid Accuracy     : 0.7917 | 	Valid F1-score      : 0.7795

Epoch : 13
Train Loss     : 1.4477	 | 	Train Accuracy     : 0.9023
Valid Loss     : 1.5602	 | 	Valid Accuracy     : 0.8139 | 	Valid F1-score      : 0.7998

Epoch : 14
Train Loss     : 1.3676	 | 	Train Accuracy     : 0.9167
Valid Loss     : 1.4978	 | 	Valid Accuracy     : 0.8217 | 	Valid F1-score      : 0.8083

Epoch : 15
Train Loss     : 1.2975	 | 	Train Accuracy     : 0.9199
Valid Loss     : 1.4488	 | 	Valid Accuracy     : 0.8445 | 	Valid F1-score      : 0.8118

Epoch : 16
Train Loss     : 1.2344	 | 	Train Accuracy     : 0.9219
Valid Loss     : 1.4074	 | 	Valid Accuracy     : 0.8146 | 	Valid F1-score      : 0.7728

Epoch : 17
Train Loss     : 1.1771	 | 	Train Accuracy     : 0.9323
Valid Loss     : 1.3507	 | 	Valid Accuracy     : 0.8410 | 	Valid F1-score      : 0.8117

Epoch : 18
Train Loss     : 1.1215	 | 	Train Accuracy     : 0.9264
Valid Loss     : 1.2998	 | 	Valid Accuracy     : 0.8493 | 	Valid F1-score      : 0.8233

Epoch : 19
Train Loss     : 1.0708	 | 	Train Accuracy     : 0.9388
Valid Loss     : 1.2437	 | 	Valid Accuracy     : 0.8642 | 	Valid F1-score      : 0.8545

Epoch : 20
Train Loss     : 1.0013	 | 	Train Accuracy     : 0.9551
Valid Loss     : 1.2338	 | 	Valid Accuracy     : 0.8342 | 	Valid F1-score      : 0.8110

Epoch : 21
Train Loss     : 0.9605	 | 	Train Accuracy     : 0.9538
Valid Loss     : 1.1796	 | 	Valid Accuracy     : 0.8530 | 	Valid F1-score      : 0.8487

Epoch : 22
Train Loss     : 0.9228	 | 	Train Accuracy     : 0.9518
Valid Loss     : 1.1458	 | 	Valid Accuracy     : 0.8447 | 	Valid F1-score      : 0.8283

Epoch : 23
Train Loss     : 0.8803	 | 	Train Accuracy     : 0.9551
Valid Loss     : 1.1111	 | 	Valid Accuracy     : 0.8684 | 	Valid F1-score      : 0.8486

Epoch : 24
Train Loss     : 0.8532	 | 	Train Accuracy     : 0.9570
Valid Loss     : 1.0783	 | 	Valid Accuracy     : 0.8567 | 	Valid F1-score      : 0.8332

Epoch : 25
Train Loss     : 0.7933	 | 	Train Accuracy     : 0.9707
Valid Loss     : 1.0771	 | 	Valid Accuracy     : 0.8530 | 	Valid F1-score      : 0.8011

Epoch : 26
Train Loss     : 0.7630	 | 	Train Accuracy     : 0.9707
Valid Loss     : 1.0345	 | 	Valid Accuracy     : 0.8649 | 	Valid F1-score      : 0.8415

Epoch : 27
Train Loss     : 0.7334	 | 	Train Accuracy     : 0.9681
Valid Loss     : 0.9982	 | 	Valid Accuracy     : 0.8842 | 	Valid F1-score      : 0.8549

Epoch : 28
Train Loss     : 0.6865	 | 	Train Accuracy     : 0.9785
Valid Loss     : 0.9614	 | 	Valid Accuracy     : 0.8718 | 	Valid F1-score      : 0.8545

Epoch : 29
Train Loss     : 0.6659	 | 	Train Accuracy     : 0.9746
Valid Loss     : 0.9358	 | 	Valid Accuracy     : 0.8718 | 	Valid F1-score      : 0.8422

Epoch : 30
Train Loss     : 0.6332	 | 	Train Accuracy     : 0.9824
Valid Loss     : 0.9067	 | 	Valid Accuracy     : 0.8872 | 	Valid F1-score      : 0.8594

Epoch : 31
Train Loss     : 0.6132	 | 	Train Accuracy     : 0.9831
Valid Loss     : 0.8853	 | 	Valid Accuracy     : 0.8872 | 	Valid F1-score      : 0.8865

Epoch : 32
Train Loss     : 0.5793	 | 	Train Accuracy     : 0.9883
Valid Loss     : 0.8617	 | 	Valid Accuracy     : 0.8791 | 	Valid F1-score      : 0.8816

Epoch : 33
Train Loss     : 0.5470	 | 	Train Accuracy     : 0.9883
Valid Loss     : 0.8878	 | 	Valid Accuracy     : 0.8647 | 	Valid F1-score      : 0.8487

Epoch : 34
Train Loss     : 0.5371	 | 	Train Accuracy     : 0.9811
Valid Loss     : 0.8671	 | 	Valid Accuracy     : 0.8491 | 	Valid F1-score      : 0.8245

Epoch : 35
Train Loss     : 0.5043	 | 	Train Accuracy     : 0.9863
Valid Loss     : 0.8412	 | 	Valid Accuracy     : 0.8764 | 	Valid F1-score      : 0.8593

Epoch : 36
Train Loss     : 0.4927	 | 	Train Accuracy     : 0.9902
Valid Loss     : 0.8197	 | 	Valid Accuracy     : 0.8803 | 	Valid F1-score      : 0.8515

Epoch : 37
Train Loss     : 0.4677	 | 	Train Accuracy     : 0.9870
Valid Loss     : 0.8150	 | 	Valid Accuracy     : 0.8684 | 	Valid F1-score      : 0.8595

Epoch : 38
Train Loss     : 0.4501	 | 	Train Accuracy     : 0.9922
Valid Loss     : 0.7824	 | 	Valid Accuracy     : 0.8759 | 	Valid F1-score      : 0.8388

Epoch : 39
Train Loss     : 0.4391	 | 	Train Accuracy     : 0.9922
Valid Loss     : 0.7797	 | 	Valid Accuracy     : 0.8647 | 	Valid F1-score      : 0.8550

Epoch : 40
Train Loss     : 0.4098	 | 	Train Accuracy     : 0.9902
Valid Loss     : 0.7526	 | 	Valid Accuracy     : 0.8796 | 	Valid F1-score      : 0.8817

Epoch : 41
Train Loss     : 0.3946	 | 	Train Accuracy     : 0.9941
Valid Loss     : 0.7764	 | 	Valid Accuracy     : 0.8535 | 	Valid F1-score      : 0.8453

Epoch : 42
Train Loss     : 0.3804	 | 	Train Accuracy     : 0.9902
Valid Loss     : 0.7220	 | 	Valid Accuracy     : 0.8877 | 	Valid F1-score      : 0.8765

Epoch : 43
Train Loss     : 0.3629	 | 	Train Accuracy     : 0.9941
Valid Loss     : 0.6709	 | 	Valid Accuracy     : 0.8911 | 	Valid F1-score      : 0.8914

Epoch : 44
Train Loss     : 0.3501	 | 	Train Accuracy     : 0.9941
Valid Loss     : 0.7187	 | 	Valid Accuracy     : 0.8684 | 	Valid F1-score      : 0.8391

Epoch : 45
Train Loss     : 0.3362	 | 	Train Accuracy     : 0.9922
Valid Loss     : 0.6862	 | 	Valid Accuracy     : 0.8874 | 	Valid F1-score      : 0.8801

Epoch : 46
Train Loss     : 0.3260	 | 	Train Accuracy     : 0.9941
Valid Loss     : 0.6539	 | 	Valid Accuracy     : 0.8755 | 	Valid F1-score      : 0.8722

Epoch : 47
Train Loss     : 0.3149	 | 	Train Accuracy     : 0.9922
Valid Loss     : 0.6871	 | 	Valid Accuracy     : 0.8725 | 	Valid F1-score      : 0.8747

Epoch : 48
Train Loss     : 0.3056	 | 	Train Accuracy     : 0.9980
Valid Loss     : 0.6569	 | 	Valid Accuracy     : 0.8955 | 	Valid F1-score      : 0.8823

Epoch : 49
Train Loss     : 0.2953	 | 	Train Accuracy     : 0.9961
Valid Loss     : 0.6553	 | 	Valid Accuracy     : 0.8835 | 	Valid F1-score      : 0.8528

Epoch : 50
Train Loss     : 0.2814	 | 	Train Accuracy     : 0.9980
Valid Loss     : 0.6656	 | 	Valid Accuracy     : 0.8835 | 	Valid F1-score      : 0.8726

Epoch : 51
Train Loss     : 0.2753	 | 	Train Accuracy     : 0.9922
Valid Loss     : 0.6824	 | 	Valid Accuracy     : 0.8652 | 	Valid F1-score      : 0.8380

Epoch : 52
Train Loss     : 0.2606	 | 	Train Accuracy     : 0.9961
Valid Loss     : 0.5953	 | 	Valid Accuracy     : 0.9026 | 	Valid F1-score      : 0.8877

Epoch : 53
Train Loss     : 0.2493	 | 	Train Accuracy     : 0.9961
Valid Loss     : 0.6251	 | 	Valid Accuracy     : 0.8686 | 	Valid F1-score      : 0.8303

Epoch : 54
Train Loss     : 0.2438	 | 	Train Accuracy     : 0.9928
Valid Loss     : 0.6300	 | 	Valid Accuracy     : 0.8720 | 	Valid F1-score      : 0.8650

Epoch : 55
Train Loss     : 0.2278	 | 	Train Accuracy     : 0.9980
Valid Loss     : 0.6770	 | 	Valid Accuracy     : 0.8613 | 	Valid F1-score      : 0.8248

Epoch : 56
Train Loss     : 0.2212	 | 	Train Accuracy     : 0.9980
Valid Loss     : 0.6283	 | 	Valid Accuracy     : 0.8649 | 	Valid F1-score      : 0.8443

Epoch : 57
Train Loss     : 0.2123	 | 	Train Accuracy     : 0.9980
Valid Loss     : 0.6055	 | 	Valid Accuracy     : 0.8649 | 	Valid F1-score      : 0.8670

Epoch : 58
Train Loss     : 0.2109	 | 	Train Accuracy     : 0.9948
Valid Loss     : 0.5859	 | 	Valid Accuracy     : 0.8723 | 	Valid F1-score      : 0.8657

Epoch : 59
Train Loss     : 0.2054	 | 	Train Accuracy     : 0.9980
Valid Loss     : 0.6030	 | 	Valid Accuracy     : 0.8759 | 	Valid F1-score      : 0.8379

Epoch : 60
Train Loss     : 0.2018	 | 	Train Accuracy     : 0.9941
Valid Loss     : 0.5974	 | 	Valid Accuracy     : 0.8608 | 	Valid F1-score      : 0.8318

Epoch : 61
Train Loss     : 0.2018	 | 	Train Accuracy     : 0.9961
Valid Loss     : 0.5876	 | 	Valid Accuracy     : 0.8645 | 	Valid F1-score      : 0.8188

Epoch : 62
Train Loss     : 0.1830	 | 	Train Accuracy     : 0.9941
Valid Loss     : 0.5750	 | 	Valid Accuracy     : 0.8874 | 	Valid F1-score      : 0.8821

Epoch : 63
Train Loss     : 0.1764	 | 	Train Accuracy     : 0.9961
Valid Loss     : 0.6080	 | 	Valid Accuracy     : 0.8684 | 	Valid F1-score      : 0.8538

Epoch : 64
Train Loss     : 0.1710	 | 	Train Accuracy     : 0.9980
Valid Loss     : 0.5827	 | 	Valid Accuracy     : 0.8759 | 	Valid F1-score      : 0.8558

Epoch : 65
Train Loss     : 0.1619	 | 	Train Accuracy     : 0.9980
Valid Loss     : 0.5905	 | 	Valid Accuracy     : 0.8796 | 	Valid F1-score      : 0.8543

Epoch : 66
Train Loss     : 0.1588	 | 	Train Accuracy     : 0.9980
Valid Loss     : 0.5411	 | 	Valid Accuracy     : 0.8799 | 	Valid F1-score      : 0.8636

Epoch : 67
Train Loss     : 0.1538	 | 	Train Accuracy     : 0.9980
Valid Loss     : 0.5257	 | 	Valid Accuracy     : 0.8803 | 	Valid F1-score      : 0.8639

Epoch : 68
Train Loss     : 0.1447	 | 	Train Accuracy     : 0.9980
Valid Loss     : 0.5311	 | 	Valid Accuracy     : 0.8835 | 	Valid F1-score      : 0.8851

Epoch : 69
Train Loss     : 0.1460	 | 	Train Accuracy     : 0.9980
Valid Loss     : 0.5247	 | 	Valid Accuracy     : 0.8835 | 	Valid F1-score      : 0.8692

Epoch : 70
Train Loss     : 0.1423	 | 	Train Accuracy     : 0.9980
Valid Loss     : 0.5381	 | 	Valid Accuracy     : 0.8684 | 	Valid F1-score      : 0.8403

Epoch : 71
Train Loss     : 0.1385	 | 	Train Accuracy     : 0.9980
Valid Loss     : 0.5531	 | 	Valid Accuracy     : 0.8840 | 	Valid F1-score      : 0.8715

Epoch : 72
Train Loss     : 0.1427	 | 	Train Accuracy     : 0.9909
Valid Loss     : 0.5192	 | 	Valid Accuracy     : 0.8764 | 	Valid F1-score      : 0.8591

Epoch : 73
Train Loss     : 0.1378	 | 	Train Accuracy     : 0.9909
Valid Loss     : 0.5288	 | 	Valid Accuracy     : 0.8799 | 	Valid F1-score      : 0.8682

Epoch : 74
Train Loss     : 0.1297	 | 	Train Accuracy     : 0.9980
Valid Loss     : 0.5686	 | 	Valid Accuracy     : 0.8833 | 	Valid F1-score      : 0.8506

Epoch : 75
Train Loss     : 0.1214	 | 	Train Accuracy     : 0.9980
Valid Loss     : 0.5708	 | 	Valid Accuracy     : 0.8610 | 	Valid F1-score      : 0.8553

Epoch : 76
Train Loss     : 0.1170	 | 	Train Accuracy     : 1.0000
Valid Loss     : 0.5930	 | 	Valid Accuracy     : 0.8803 | 	Valid F1-score      : 0.8706

Epoch : 77
Train Loss     : 0.1094	 | 	Train Accuracy     : 0.9980
Valid Loss     : 0.5147	 | 	Valid Accuracy     : 0.8913 | 	Valid F1-score      : 0.8676

Epoch : 78
Train Loss     : 0.1036	 | 	Train Accuracy     : 0.9980
Valid Loss     : 0.5681	 | 	Valid Accuracy     : 0.8686 | 	Valid F1-score      : 0.8378

Epoch : 79
Train Loss     : 0.1069	 | 	Train Accuracy     : 0.9948
Valid Loss     : 0.5380	 | 	Valid Accuracy     : 0.8764 | 	Valid F1-score      : 0.8490

Epoch : 80
Train Loss     : 0.1088	 | 	Train Accuracy     : 0.9961
Valid Loss     : 0.5599	 | 	Valid Accuracy     : 0.8496 | 	Valid F1-score      : 0.8157

Epoch : 81
Train Loss     : 0.1076	 | 	Train Accuracy     : 0.9980
Valid Loss     : 0.5421	 | 	Valid Accuracy     : 0.8645 | 	Valid F1-score      : 0.8400

Epoch : 82
Train Loss     : 0.1013	 | 	Train Accuracy     : 0.9980
Valid Loss     : 0.5237	 | 	Valid Accuracy     : 0.8725 | 	Valid F1-score      : 0.8560

Epoch : 83
Train Loss     : 0.0969	 | 	Train Accuracy     : 0.9948
Valid Loss     : 0.5378	 | 	Valid Accuracy     : 0.8684 | 	Valid F1-score      : 0.8605

Epoch : 84
Train Loss     : 0.0905	 | 	Train Accuracy     : 1.0000
Valid Loss     : 0.5150	 | 	Valid Accuracy     : 0.8794 | 	Valid F1-score      : 0.8774

Epoch : 85
Train Loss     : 0.0873	 | 	Train Accuracy     : 0.9980
Valid Loss     : 0.5134	 | 	Valid Accuracy     : 0.8759 | 	Valid F1-score      : 0.8530

Epoch : 86
Train Loss     : 0.0824	 | 	Train Accuracy     : 0.9980
Valid Loss     : 0.5765	 | 	Valid Accuracy     : 0.8610 | 	Valid F1-score      : 0.8534

Epoch : 87
Train Loss     : 0.0819	 | 	Train Accuracy     : 1.0000
Valid Loss     : 0.5015	 | 	Valid Accuracy     : 0.8720 | 	Valid F1-score      : 0.8242

Epoch : 88
Train Loss     : 0.0766	 | 	Train Accuracy     : 1.0000
Valid Loss     : 0.5602	 | 	Valid Accuracy     : 0.8647 | 	Valid F1-score      : 0.8419

Epoch : 89
Train Loss     : 0.0764	 | 	Train Accuracy     : 1.0000
Valid Loss     : 0.5841	 | 	Valid Accuracy     : 0.8496 | 	Valid F1-score      : 0.8297

Epoch : 90
Train Loss     : 0.0730	 | 	Train Accuracy     : 1.0000
Valid Loss     : 0.4939	 | 	Valid Accuracy     : 0.8835 | 	Valid F1-score      : 0.8691

Epoch : 91
Train Loss     : 0.0705	 | 	Train Accuracy     : 1.0000
Valid Loss     : 0.5181	 | 	Valid Accuracy     : 0.8838 | 	Valid F1-score      : 0.8646

Epoch : 92
Train Loss     : 0.0670	 | 	Train Accuracy     : 1.0000
Valid Loss     : 0.5138	 | 	Valid Accuracy     : 0.8762 | 	Valid F1-score      : 0.8448

Epoch : 93
Train Loss     : 0.0649	 | 	Train Accuracy     : 1.0000
Valid Loss     : 0.4869	 | 	Valid Accuracy     : 0.8757 | 	Valid F1-score      : 0.8426

Epoch : 94
Train Loss     : 0.0635	 | 	Train Accuracy     : 1.0000
Valid Loss     : 0.4847	 | 	Valid Accuracy     : 0.8794 | 	Valid F1-score      : 0.8507

Epoch : 95
Train Loss     : 0.0626	 | 	Train Accuracy     : 1.0000
Valid Loss     : 0.5084	 | 	Valid Accuracy     : 0.8801 | 	Valid F1-score      : 0.8700

Epoch : 96
Train Loss     : 0.0614	 | 	Train Accuracy     : 1.0000
Valid Loss     : 0.5089	 | 	Valid Accuracy     : 0.8684 | 	Valid F1-score      : 0.8474

Epoch : 97
Train Loss     : 0.0592	 | 	Train Accuracy     : 1.0000
Valid Loss     : 0.5158	 | 	Valid Accuracy     : 0.8725 | 	Valid F1-score      : 0.8150

Epoch : 98
Train Loss     : 0.0559	 | 	Train Accuracy     : 1.0000
Valid Loss     : 0.5197	 | 	Valid Accuracy     : 0.8571 | 	Valid F1-score      : 0.8482

Epoch : 99
Train Loss     : 0.0556	 | 	Train Accuracy     : 1.0000
Valid Loss     : 0.5211	 | 	Valid Accuracy     : 0.8762 | 	Valid F1-score      : 0.8640

Epoch : 100
Train Loss     : 0.0523	 | 	Train Accuracy     : 1.0000
Valid Loss     : 0.4924	 | 	Valid Accuracy     : 0.8757 | 	Valid F1-score      : 0.8341

Evaluate on the Test set:
Test loss      :0.5097	 | Test Accuracy      : 0.8725	 | Test F1-score      : 0.8404

################## Training is Done! #########################
Training time is : 0:00:26.081110
