=============================================
Dataset: lapras
Method:  Novel Human Activity
Mode:    fine_tune
=============================================
Data loaded ...
Training started ....

Epoch : 1
Train Loss     : 1.5475	 | 	Train Accuracy     : 0.2109
Valid Loss     : 1.4336	 | 	Valid Accuracy     : 0.2336 | 	Valid F1-score      : 0.0943

Epoch : 2
Train Loss     : 1.3965	 | 	Train Accuracy     : 0.2500
Valid Loss     : 1.2822	 | 	Valid Accuracy     : 0.2622 | 	Valid F1-score      : 0.1030

Epoch : 3
Train Loss     : 1.2507	 | 	Train Accuracy     : 0.2891
Valid Loss     : 1.2078	 | 	Valid Accuracy     : 0.2336 | 	Valid F1-score      : 0.0944

Epoch : 4
Train Loss     : 1.2261	 | 	Train Accuracy     : 0.2109
Valid Loss     : 1.1155	 | 	Valid Accuracy     : 0.2550 | 	Valid F1-score      : 0.1013

Epoch : 5
Train Loss     : 1.1816	 | 	Train Accuracy     : 0.2188
Valid Loss     : 1.0767	 | 	Valid Accuracy     : 0.2596 | 	Valid F1-score      : 0.1431

Epoch : 6
Train Loss     : 1.0284	 | 	Train Accuracy     : 0.3724
Valid Loss     : 0.9773	 | 	Valid Accuracy     : 0.6507 | 	Valid F1-score      : 0.6043

Epoch : 7
Train Loss     : 0.9692	 | 	Train Accuracy     : 0.5469
Valid Loss     : 0.8946	 | 	Valid Accuracy     : 0.8029 | 	Valid F1-score      : 0.7996

Epoch : 8
Train Loss     : 0.9408	 | 	Train Accuracy     : 0.6771
Valid Loss     : 0.8351	 | 	Valid Accuracy     : 0.9323 | 	Valid F1-score      : 0.9314

Epoch : 9
Train Loss     : 0.8609	 | 	Train Accuracy     : 0.8411
Valid Loss     : 0.8238	 | 	Valid Accuracy     : 0.9460 | 	Valid F1-score      : 0.9396

Epoch : 10
Train Loss     : 0.7830	 | 	Train Accuracy     : 0.9688
Valid Loss     : 0.7556	 | 	Valid Accuracy     : 0.9597 | 	Valid F1-score      : 0.9618

Epoch : 11
Train Loss     : 0.7576	 | 	Train Accuracy     : 0.8984
Valid Loss     : 0.7169	 | 	Valid Accuracy     : 0.9597 | 	Valid F1-score      : 0.9559

Epoch : 12
Train Loss     : 0.7158	 | 	Train Accuracy     : 0.9349
Valid Loss     : 0.6600	 | 	Valid Accuracy     : 0.9616 | 	Valid F1-score      : 0.9606

Epoch : 13
Train Loss     : 0.6793	 | 	Train Accuracy     : 0.9375
Valid Loss     : 0.6274	 | 	Valid Accuracy     : 0.9688 | 	Valid F1-score      : 0.9685

Epoch : 14
Train Loss     : 0.6978	 | 	Train Accuracy     : 0.8984
Valid Loss     : 0.5845	 | 	Valid Accuracy     : 0.9688 | 	Valid F1-score      : 0.9693

Epoch : 15
Train Loss     : 0.5969	 | 	Train Accuracy     : 0.9818
Valid Loss     : 0.5682	 | 	Valid Accuracy     : 0.9688 | 	Valid F1-score      : 0.9685

Epoch : 16
Train Loss     : 0.6097	 | 	Train Accuracy     : 0.9427
Valid Loss     : 0.6105	 | 	Valid Accuracy     : 0.9226 | 	Valid F1-score      : 0.9128

Epoch : 17
Train Loss     : 0.6517	 | 	Train Accuracy     : 0.9010
Valid Loss     : 0.5150	 | 	Valid Accuracy     : 0.9688 | 	Valid F1-score      : 0.9682

Epoch : 18
Train Loss     : 0.5720	 | 	Train Accuracy     : 0.9401
Valid Loss     : 0.5484	 | 	Valid Accuracy     : 0.9473 | 	Valid F1-score      : 0.9395

Epoch : 19
Train Loss     : 0.6108	 | 	Train Accuracy     : 0.9427
Valid Loss     : 0.5245	 | 	Valid Accuracy     : 0.9564 | 	Valid F1-score      : 0.9577

Epoch : 20
Train Loss     : 0.5368	 | 	Train Accuracy     : 0.9401
Valid Loss     : 0.5020	 | 	Valid Accuracy     : 0.9616 | 	Valid F1-score      : 0.9607

Epoch : 21
Train Loss     : 0.4967	 | 	Train Accuracy     : 0.9870
Valid Loss     : 0.5014	 | 	Valid Accuracy     : 0.9545 | 	Valid F1-score      : 0.9530

Epoch : 22
Train Loss     : 0.5522	 | 	Train Accuracy     : 0.8984
Valid Loss     : 0.4850	 | 	Valid Accuracy     : 0.9564 | 	Valid F1-score      : 0.9572

Epoch : 23
Train Loss     : 0.6402	 | 	Train Accuracy     : 0.8594
Valid Loss     : 0.4682	 | 	Valid Accuracy     : 0.9616 | 	Valid F1-score      : 0.9610

Epoch : 24
Train Loss     : 0.4292	 | 	Train Accuracy     : 0.9818
Valid Loss     : 0.4501	 | 	Valid Accuracy     : 0.9635 | 	Valid F1-score      : 0.9611

Epoch : 25
Train Loss     : 0.5523	 | 	Train Accuracy     : 0.8984
Valid Loss     : 0.4605	 | 	Valid Accuracy     : 0.9616 | 	Valid F1-score      : 0.9613

Epoch : 26
Train Loss     : 0.4427	 | 	Train Accuracy     : 0.9818
Valid Loss     : 0.4275	 | 	Valid Accuracy     : 0.9688 | 	Valid F1-score      : 0.9671

Epoch : 27
Train Loss     : 0.4625	 | 	Train Accuracy     : 0.9818
Valid Loss     : 0.4599	 | 	Valid Accuracy     : 0.9421 | 	Valid F1-score      : 0.9105

Epoch : 28
Train Loss     : 0.4522	 | 	Train Accuracy     : 0.9401
Valid Loss     : 0.4386	 | 	Valid Accuracy     : 0.9616 | 	Valid F1-score      : 0.9620

Epoch : 29
Train Loss     : 0.4656	 | 	Train Accuracy     : 0.9453
Valid Loss     : 0.4334	 | 	Valid Accuracy     : 0.9616 | 	Valid F1-score      : 0.9615

Epoch : 30
Train Loss     : 0.4403	 | 	Train Accuracy     : 0.9401
Valid Loss     : 0.4370	 | 	Valid Accuracy     : 0.9441 | 	Valid F1-score      : 0.9418

Epoch : 31
Train Loss     : 0.4613	 | 	Train Accuracy     : 0.9427
Valid Loss     : 0.4428	 | 	Valid Accuracy     : 0.9493 | 	Valid F1-score      : 0.9485

Epoch : 32
Train Loss     : 0.3900	 | 	Train Accuracy     : 0.9792
Valid Loss     : 0.4096	 | 	Valid Accuracy     : 0.9616 | 	Valid F1-score      : 0.9606

Epoch : 33
Train Loss     : 0.3600	 | 	Train Accuracy     : 0.9844
Valid Loss     : 0.3844	 | 	Valid Accuracy     : 0.9688 | 	Valid F1-score      : 0.9685

Epoch : 34
Train Loss     : 0.3863	 | 	Train Accuracy     : 0.9818
Valid Loss     : 0.3922	 | 	Valid Accuracy     : 0.9616 | 	Valid F1-score      : 0.9629

Epoch : 35
Train Loss     : 0.4577	 | 	Train Accuracy     : 0.9010
Valid Loss     : 0.3773	 | 	Valid Accuracy     : 0.9688 | 	Valid F1-score      : 0.9676

Epoch : 36
Train Loss     : 0.4484	 | 	Train Accuracy     : 0.8594
Valid Loss     : 0.3997	 | 	Valid Accuracy     : 0.9545 | 	Valid F1-score      : 0.9471

Epoch : 37
Train Loss     : 0.3843	 | 	Train Accuracy     : 0.9844
Valid Loss     : 0.3691	 | 	Valid Accuracy     : 0.9688 | 	Valid F1-score      : 0.9686

Epoch : 38
Train Loss     : 0.3360	 | 	Train Accuracy     : 0.9896
Valid Loss     : 0.4014	 | 	Valid Accuracy     : 0.9473 | 	Valid F1-score      : 0.9457

Epoch : 39
Train Loss     : 0.4608	 | 	Train Accuracy     : 0.9062
Valid Loss     : 0.3589	 | 	Valid Accuracy     : 0.9688 | 	Valid F1-score      : 0.9672

Epoch : 40
Train Loss     : 0.3233	 | 	Train Accuracy     : 0.9896
Valid Loss     : 0.3793	 | 	Valid Accuracy     : 0.9616 | 	Valid F1-score      : 0.9591

Epoch : 41
Train Loss     : 0.4032	 | 	Train Accuracy     : 0.9870
Valid Loss     : 0.3636	 | 	Valid Accuracy     : 0.9616 | 	Valid F1-score      : 0.9609

Epoch : 42
Train Loss     : 0.3497	 | 	Train Accuracy     : 0.9870
Valid Loss     : 0.3838	 | 	Valid Accuracy     : 0.9545 | 	Valid F1-score      : 0.9525

Epoch : 43
Train Loss     : 0.4220	 | 	Train Accuracy     : 0.9010
Valid Loss     : 0.3466	 | 	Valid Accuracy     : 0.9688 | 	Valid F1-score      : 0.9689

Epoch : 44
Train Loss     : 0.3983	 | 	Train Accuracy     : 0.9479
Valid Loss     : 0.3811	 | 	Valid Accuracy     : 0.9545 | 	Valid F1-score      : 0.9515

Epoch : 45
Train Loss     : 0.3608	 | 	Train Accuracy     : 0.9453
Valid Loss     : 0.3683	 | 	Valid Accuracy     : 0.9545 | 	Valid F1-score      : 0.9486

Epoch : 46
Train Loss     : 0.3375	 | 	Train Accuracy     : 0.9896
Valid Loss     : 0.3429	 | 	Valid Accuracy     : 0.9616 | 	Valid F1-score      : 0.9580

Epoch : 47
Train Loss     : 0.3178	 | 	Train Accuracy     : 0.9870
Valid Loss     : 0.3210	 | 	Valid Accuracy     : 0.9740 | 	Valid F1-score      : 0.9759

Epoch : 48
Train Loss     : 0.4007	 | 	Train Accuracy     : 0.9375
Valid Loss     : 0.3431	 | 	Valid Accuracy     : 0.9545 | 	Valid F1-score      : 0.9578

Epoch : 49
Train Loss     : 0.3873	 | 	Train Accuracy     : 0.9375
Valid Loss     : 0.3404	 | 	Valid Accuracy     : 0.9616 | 	Valid F1-score      : 0.9612

Epoch : 50
Train Loss     : 0.3085	 | 	Train Accuracy     : 0.9792
Valid Loss     : 0.3304	 | 	Valid Accuracy     : 0.9616 | 	Valid F1-score      : 0.9619

Epoch : 51
Train Loss     : 0.3064	 | 	Train Accuracy     : 0.9844
Valid Loss     : 0.3390	 | 	Valid Accuracy     : 0.9545 | 	Valid F1-score      : 0.9550

Epoch : 52
Train Loss     : 0.3037	 | 	Train Accuracy     : 0.9427
Valid Loss     : 0.3171	 | 	Valid Accuracy     : 0.9635 | 	Valid F1-score      : 0.9625

Epoch : 53
Train Loss     : 0.3006	 | 	Train Accuracy     : 0.9870
Valid Loss     : 0.3031	 | 	Valid Accuracy     : 0.9688 | 	Valid F1-score      : 0.9687

Epoch : 54
Train Loss     : 0.3486	 | 	Train Accuracy     : 0.9479
Valid Loss     : 0.2977	 | 	Valid Accuracy     : 0.9688 | 	Valid F1-score      : 0.9683

Epoch : 55
Train Loss     : 0.2675	 | 	Train Accuracy     : 0.9870
Valid Loss     : 0.2987	 | 	Valid Accuracy     : 0.9688 | 	Valid F1-score      : 0.9683

Epoch : 56
Train Loss     : 0.3395	 | 	Train Accuracy     : 0.9479
Valid Loss     : 0.3191	 | 	Valid Accuracy     : 0.9616 | 	Valid F1-score      : 0.9619

Epoch : 57
Train Loss     : 0.3156	 | 	Train Accuracy     : 0.9479
Valid Loss     : 0.3207	 | 	Valid Accuracy     : 0.9597 | 	Valid F1-score      : 0.9568

Epoch : 58
Train Loss     : 0.3186	 | 	Train Accuracy     : 0.9479
Valid Loss     : 0.2842	 | 	Valid Accuracy     : 0.9740 | 	Valid F1-score      : 0.9745

Epoch : 59
Train Loss     : 0.2533	 | 	Train Accuracy     : 0.9896
Valid Loss     : 0.3139	 | 	Valid Accuracy     : 0.9740 | 	Valid F1-score      : 0.9735

Epoch : 60
Train Loss     : 0.3642	 | 	Train Accuracy     : 0.9479
Valid Loss     : 0.3090	 | 	Valid Accuracy     : 0.9616 | 	Valid F1-score      : 0.9629

Epoch : 61
Train Loss     : 0.3983	 | 	Train Accuracy     : 0.9062
Valid Loss     : 0.3084	 | 	Valid Accuracy     : 0.9616 | 	Valid F1-score      : 0.9616

Epoch : 62
Train Loss     : 0.2362	 | 	Train Accuracy     : 0.9896
Valid Loss     : 0.3007	 | 	Valid Accuracy     : 0.9545 | 	Valid F1-score      : 0.9571

Epoch : 63
Train Loss     : 0.3771	 | 	Train Accuracy     : 0.9062
Valid Loss     : 0.2775	 | 	Valid Accuracy     : 0.9688 | 	Valid F1-score      : 0.9672

Epoch : 64
Train Loss     : 0.3448	 | 	Train Accuracy     : 0.9089
Valid Loss     : 0.2795	 | 	Valid Accuracy     : 0.9616 | 	Valid F1-score      : 0.9623

Epoch : 65
Train Loss     : 0.3585	 | 	Train Accuracy     : 0.9453
Valid Loss     : 0.2794	 | 	Valid Accuracy     : 0.9616 | 	Valid F1-score      : 0.9671

Epoch : 66
Train Loss     : 0.2352	 | 	Train Accuracy     : 0.9896
Valid Loss     : 0.3013	 | 	Valid Accuracy     : 0.9441 | 	Valid F1-score      : 0.9420

Epoch : 67
Train Loss     : 0.2418	 | 	Train Accuracy     : 0.9896
Valid Loss     : 0.2912	 | 	Valid Accuracy     : 0.9564 | 	Valid F1-score      : 0.9570

Epoch : 68
Train Loss     : 0.2936	 | 	Train Accuracy     : 0.9479
Valid Loss     : 0.3045	 | 	Valid Accuracy     : 0.9616 | 	Valid F1-score      : 0.9626

Epoch : 69
Train Loss     : 0.2845	 | 	Train Accuracy     : 0.9479
Valid Loss     : 0.3327	 | 	Valid Accuracy     : 0.9473 | 	Valid F1-score      : 0.9544

Epoch : 70
Train Loss     : 0.2876	 | 	Train Accuracy     : 0.9896
Valid Loss     : 0.2961	 | 	Valid Accuracy     : 0.9616 | 	Valid F1-score      : 0.9583

Epoch : 71
Train Loss     : 0.2902	 | 	Train Accuracy     : 0.9479
Valid Loss     : 0.2923	 | 	Valid Accuracy     : 0.9616 | 	Valid F1-score      : 0.9605

Epoch : 72
Train Loss     : 0.2318	 | 	Train Accuracy     : 0.9844
Valid Loss     : 0.3800	 | 	Valid Accuracy     : 0.9317 | 	Valid F1-score      : 0.9347

Epoch : 73
Train Loss     : 0.3260	 | 	Train Accuracy     : 0.9297
Valid Loss     : 0.3184	 | 	Valid Accuracy     : 0.9441 | 	Valid F1-score      : 0.9306

Epoch : 74
Train Loss     : 0.2578	 | 	Train Accuracy     : 0.9505
Valid Loss     : 0.2645	 | 	Valid Accuracy     : 0.9616 | 	Valid F1-score      : 0.9614

Epoch : 75
Train Loss     : 0.2714	 | 	Train Accuracy     : 0.9896
Valid Loss     : 0.2719	 | 	Valid Accuracy     : 0.9688 | 	Valid F1-score      : 0.9612

Epoch : 76
Train Loss     : 0.3012	 | 	Train Accuracy     : 0.9479
Valid Loss     : 0.2574	 | 	Valid Accuracy     : 0.9688 | 	Valid F1-score      : 0.9658

Epoch : 77
Train Loss     : 0.2270	 | 	Train Accuracy     : 0.9896
Valid Loss     : 0.2487	 | 	Valid Accuracy     : 0.9792 | 	Valid F1-score      : 0.9789

Epoch : 78
Train Loss     : 0.2567	 | 	Train Accuracy     : 0.9479
Valid Loss     : 0.2880	 | 	Valid Accuracy     : 0.9564 | 	Valid F1-score      : 0.9539

Epoch : 79
Train Loss     : 0.2782	 | 	Train Accuracy     : 0.9479
Valid Loss     : 0.2979	 | 	Valid Accuracy     : 0.9597 | 	Valid F1-score      : 0.9583

Epoch : 80
Train Loss     : 0.2369	 | 	Train Accuracy     : 0.9922
Valid Loss     : 0.2568	 | 	Valid Accuracy     : 0.9635 | 	Valid F1-score      : 0.9627

Epoch : 81
Train Loss     : 0.4463	 | 	Train Accuracy     : 0.8646
Valid Loss     : 0.2552	 | 	Valid Accuracy     : 0.9635 | 	Valid F1-score      : 0.9637

Epoch : 82
Train Loss     : 0.2890	 | 	Train Accuracy     : 0.9505
Valid Loss     : 0.2748	 | 	Valid Accuracy     : 0.9493 | 	Valid F1-score      : 0.9493

Epoch : 83
Train Loss     : 0.2434	 | 	Train Accuracy     : 0.9479
Valid Loss     : 0.2666	 | 	Valid Accuracy     : 0.9616 | 	Valid F1-score      : 0.9623

Epoch : 84
Train Loss     : 0.2938	 | 	Train Accuracy     : 0.8698
Valid Loss     : 0.2505	 | 	Valid Accuracy     : 0.9688 | 	Valid F1-score      : 0.9676

Epoch : 85
Train Loss     : 0.1996	 | 	Train Accuracy     : 0.9922
Valid Loss     : 0.2615	 | 	Valid Accuracy     : 0.9616 | 	Valid F1-score      : 0.9633

Epoch : 86
Train Loss     : 0.2194	 | 	Train Accuracy     : 0.9505
Valid Loss     : 0.2699	 | 	Valid Accuracy     : 0.9616 | 	Valid F1-score      : 0.9614

Epoch : 87
Train Loss     : 0.2357	 | 	Train Accuracy     : 0.9557
Valid Loss     : 0.2625	 | 	Valid Accuracy     : 0.9616 | 	Valid F1-score      : 0.9605

Epoch : 88
Train Loss     : 0.1796	 | 	Train Accuracy     : 0.9922
Valid Loss     : 0.2515	 | 	Valid Accuracy     : 0.9688 | 	Valid F1-score      : 0.9689

Epoch : 89
Train Loss     : 0.1926	 | 	Train Accuracy     : 0.9974
Valid Loss     : 0.2530	 | 	Valid Accuracy     : 0.9616 | 	Valid F1-score      : 0.9627

Epoch : 90
Train Loss     : 0.1889	 | 	Train Accuracy     : 0.9922
Valid Loss     : 0.2425	 | 	Valid Accuracy     : 0.9688 | 	Valid F1-score      : 0.9683

Epoch : 91
Train Loss     : 0.1765	 | 	Train Accuracy     : 0.9948
Valid Loss     : 0.2595	 | 	Valid Accuracy     : 0.9616 | 	Valid F1-score      : 0.9573

Epoch : 92
Train Loss     : 0.2161	 | 	Train Accuracy     : 0.9531
Valid Loss     : 0.2691	 | 	Valid Accuracy     : 0.9616 | 	Valid F1-score      : 0.9592

Epoch : 93
Train Loss     : 0.2315	 | 	Train Accuracy     : 0.9557
Valid Loss     : 0.2409	 | 	Valid Accuracy     : 0.9616 | 	Valid F1-score      : 0.9621

Epoch : 94
Train Loss     : 0.1889	 | 	Train Accuracy     : 0.9922
Valid Loss     : 0.2565	 | 	Valid Accuracy     : 0.9616 | 	Valid F1-score      : 0.9612

Epoch : 95
Train Loss     : 0.1659	 | 	Train Accuracy     : 0.9974
Valid Loss     : 0.2345	 | 	Valid Accuracy     : 0.9688 | 	Valid F1-score      : 0.9684

Epoch : 96
Train Loss     : 0.1652	 | 	Train Accuracy     : 1.0000
Valid Loss     : 0.2413	 | 	Valid Accuracy     : 0.9616 | 	Valid F1-score      : 0.9551

Epoch : 97
Train Loss     : 0.1575	 | 	Train Accuracy     : 0.9948
Valid Loss     : 0.2941	 | 	Valid Accuracy     : 0.9473 | 	Valid F1-score      : 0.9439

Epoch : 98
Train Loss     : 0.1655	 | 	Train Accuracy     : 0.9974
Valid Loss     : 0.2401	 | 	Valid Accuracy     : 0.9616 | 	Valid F1-score      : 0.9498

Epoch : 99
Train Loss     : 0.2008	 | 	Train Accuracy     : 0.9557
Valid Loss     : 0.2773	 | 	Valid Accuracy     : 0.9545 | 	Valid F1-score      : 0.9468

Epoch : 100
Train Loss     : 0.2353	 | 	Train Accuracy     : 0.9557
Valid Loss     : 0.2730	 | 	Valid Accuracy     : 0.9545 | 	Valid F1-score      : 0.9554

Evaluate on the Test set:
Test loss      :0.2385	 | Test Accuracy      : 0.9616	 | Test F1-score      : 0.9615

################## Training is Done! #########################
Training time is : 0:00:43.449834
