=============================================
Dataset: casas
Method:  Novel Human Activity
Mode:    self_supervised
=============================================
Data loaded ...
Training started ....

Epoch : 1
Train Loss     : 7.1970	 | 	Train Accuracy     : 0.0000
Valid Loss     : 0.0000	 | 	Valid Accuracy     : 0.0000 | 	Valid F1-score      : 0.0000

Epoch : 2
Train Loss     : 5.9848	 | 	Train Accuracy     : 0.0000
Valid Loss     : 0.0000	 | 	Valid Accuracy     : 0.0000 | 	Valid F1-score      : 0.0000

Epoch : 3
Train Loss     : 5.6158	 | 	Train Accuracy     : 0.0000
Valid Loss     : 0.0000	 | 	Valid Accuracy     : 0.0000 | 	Valid F1-score      : 0.0000

Epoch : 4
Train Loss     : 5.1922	 | 	Train Accuracy     : 0.0000
Valid Loss     : 0.0000	 | 	Valid Accuracy     : 0.0000 | 	Valid F1-score      : 0.0000

Epoch : 5
Train Loss     : 4.8690	 | 	Train Accuracy     : 0.0000
Valid Loss     : 0.0000	 | 	Valid Accuracy     : 0.0000 | 	Valid F1-score      : 0.0000

Epoch : 6
Train Loss     : 4.6109	 | 	Train Accuracy     : 0.0000
Valid Loss     : 0.0000	 | 	Valid Accuracy     : 0.0000 | 	Valid F1-score      : 0.0000

Epoch : 7
Train Loss     : 4.4093	 | 	Train Accuracy     : 0.0000
Valid Loss     : 0.0000	 | 	Valid Accuracy     : 0.0000 | 	Valid F1-score      : 0.0000

Epoch : 8
Train Loss     : 4.2120	 | 	Train Accuracy     : 0.0000
Valid Loss     : 0.0000	 | 	Valid Accuracy     : 0.0000 | 	Valid F1-score      : 0.0000

Epoch : 9
Train Loss     : 4.0794	 | 	Train Accuracy     : 0.0000
Valid Loss     : 0.0000	 | 	Valid Accuracy     : 0.0000 | 	Valid F1-score      : 0.0000

Epoch : 10
Train Loss     : 4.0077	 | 	Train Accuracy     : 0.0000
Valid Loss     : 0.0000	 | 	Valid Accuracy     : 0.0000 | 	Valid F1-score      : 0.0000

Epoch : 11
Train Loss     : 3.9578	 | 	Train Accuracy     : 0.0000
Valid Loss     : 0.0000	 | 	Valid Accuracy     : 0.0000 | 	Valid F1-score      : 0.0000

Epoch : 12
Train Loss     : 3.8674	 | 	Train Accuracy     : 0.0000
Valid Loss     : 0.0000	 | 	Valid Accuracy     : 0.0000 | 	Valid F1-score      : 0.0000

Epoch : 13
Train Loss     : 3.7857	 | 	Train Accuracy     : 0.0000
Valid Loss     : 0.0000	 | 	Valid Accuracy     : 0.0000 | 	Valid F1-score      : 0.0000

Epoch : 14
Train Loss     : 3.7601	 | 	Train Accuracy     : 0.0000
Valid Loss     : 0.0000	 | 	Valid Accuracy     : 0.0000 | 	Valid F1-score      : 0.0000

Epoch : 15
Train Loss     : 3.6914	 | 	Train Accuracy     : 0.0000
Valid Loss     : 0.0000	 | 	Valid Accuracy     : 0.0000 | 	Valid F1-score      : 0.0000

Epoch : 16
Train Loss     : 3.6477	 | 	Train Accuracy     : 0.0000
Valid Loss     : 0.0000	 | 	Valid Accuracy     : 0.0000 | 	Valid F1-score      : 0.0000

Epoch : 17
Train Loss     : 3.6316	 | 	Train Accuracy     : 0.0000
Valid Loss     : 0.0000	 | 	Valid Accuracy     : 0.0000 | 	Valid F1-score      : 0.0000

Epoch : 18
Train Loss     : 3.5648	 | 	Train Accuracy     : 0.0000
Valid Loss     : 0.0000	 | 	Valid Accuracy     : 0.0000 | 	Valid F1-score      : 0.0000

Epoch : 19
Train Loss     : 3.5047	 | 	Train Accuracy     : 0.0000
Valid Loss     : 0.0000	 | 	Valid Accuracy     : 0.0000 | 	Valid F1-score      : 0.0000

Epoch : 20
Train Loss     : 3.5024	 | 	Train Accuracy     : 0.0000
Valid Loss     : 0.0000	 | 	Valid Accuracy     : 0.0000 | 	Valid F1-score      : 0.0000

Epoch : 21
Train Loss     : 3.4591	 | 	Train Accuracy     : 0.0000
Valid Loss     : 0.0000	 | 	Valid Accuracy     : 0.0000 | 	Valid F1-score      : 0.0000

Epoch : 22
Train Loss     : 3.4189	 | 	Train Accuracy     : 0.0000
Valid Loss     : 0.0000	 | 	Valid Accuracy     : 0.0000 | 	Valid F1-score      : 0.0000

Epoch : 23
Train Loss     : 3.4189	 | 	Train Accuracy     : 0.0000
Valid Loss     : 0.0000	 | 	Valid Accuracy     : 0.0000 | 	Valid F1-score      : 0.0000

Epoch : 24
Train Loss     : 3.3853	 | 	Train Accuracy     : 0.0000
Valid Loss     : 0.0000	 | 	Valid Accuracy     : 0.0000 | 	Valid F1-score      : 0.0000

Epoch : 25
Train Loss     : 3.3095	 | 	Train Accuracy     : 0.0000
Valid Loss     : 0.0000	 | 	Valid Accuracy     : 0.0000 | 	Valid F1-score      : 0.0000

Epoch : 26
Train Loss     : 3.3023	 | 	Train Accuracy     : 0.0000
Valid Loss     : 0.0000	 | 	Valid Accuracy     : 0.0000 | 	Valid F1-score      : 0.0000

Epoch : 27
Train Loss     : 3.2496	 | 	Train Accuracy     : 0.0000
Valid Loss     : 0.0000	 | 	Valid Accuracy     : 0.0000 | 	Valid F1-score      : 0.0000

Epoch : 28
Train Loss     : 3.2766	 | 	Train Accuracy     : 0.0000
Valid Loss     : 0.0000	 | 	Valid Accuracy     : 0.0000 | 	Valid F1-score      : 0.0000

Epoch : 29
Train Loss     : 3.2436	 | 	Train Accuracy     : 0.0000
Valid Loss     : 0.0000	 | 	Valid Accuracy     : 0.0000 | 	Valid F1-score      : 0.0000

Epoch : 30
Train Loss     : 3.3178	 | 	Train Accuracy     : 0.0000
Valid Loss     : 0.0000	 | 	Valid Accuracy     : 0.0000 | 	Valid F1-score      : 0.0000

Epoch : 31
Train Loss     : 3.2539	 | 	Train Accuracy     : 0.0000
Valid Loss     : 0.0000	 | 	Valid Accuracy     : 0.0000 | 	Valid F1-score      : 0.0000

Epoch : 32
Train Loss     : 3.2053	 | 	Train Accuracy     : 0.0000
Valid Loss     : 0.0000	 | 	Valid Accuracy     : 0.0000 | 	Valid F1-score      : 0.0000

Epoch : 33
Train Loss     : 3.2412	 | 	Train Accuracy     : 0.0000
Valid Loss     : 0.0000	 | 	Valid Accuracy     : 0.0000 | 	Valid F1-score      : 0.0000

Epoch : 34
Train Loss     : 3.1924	 | 	Train Accuracy     : 0.0000
Valid Loss     : 0.0000	 | 	Valid Accuracy     : 0.0000 | 	Valid F1-score      : 0.0000

Epoch : 35
Train Loss     : 3.1363	 | 	Train Accuracy     : 0.0000
Valid Loss     : 0.0000	 | 	Valid Accuracy     : 0.0000 | 	Valid F1-score      : 0.0000

Epoch : 36
Train Loss     : 3.1788	 | 	Train Accuracy     : 0.0000
Valid Loss     : 0.0000	 | 	Valid Accuracy     : 0.0000 | 	Valid F1-score      : 0.0000

Epoch : 37
Train Loss     : 3.1023	 | 	Train Accuracy     : 0.0000
Valid Loss     : 0.0000	 | 	Valid Accuracy     : 0.0000 | 	Valid F1-score      : 0.0000

Epoch : 38
Train Loss     : 3.0959	 | 	Train Accuracy     : 0.0000
Valid Loss     : 0.0000	 | 	Valid Accuracy     : 0.0000 | 	Valid F1-score      : 0.0000

Epoch : 39
Train Loss     : 3.0829	 | 	Train Accuracy     : 0.0000
Valid Loss     : 0.0000	 | 	Valid Accuracy     : 0.0000 | 	Valid F1-score      : 0.0000

Epoch : 40
Train Loss     : 3.1214	 | 	Train Accuracy     : 0.0000
Valid Loss     : 0.0000	 | 	Valid Accuracy     : 0.0000 | 	Valid F1-score      : 0.0000

Epoch : 41
Train Loss     : 3.0868	 | 	Train Accuracy     : 0.0000
Valid Loss     : 0.0000	 | 	Valid Accuracy     : 0.0000 | 	Valid F1-score      : 0.0000

Epoch : 42
Train Loss     : 3.0925	 | 	Train Accuracy     : 0.0000
Valid Loss     : 0.0000	 | 	Valid Accuracy     : 0.0000 | 	Valid F1-score      : 0.0000

Epoch : 43
Train Loss     : 3.0046	 | 	Train Accuracy     : 0.0000
Valid Loss     : 0.0000	 | 	Valid Accuracy     : 0.0000 | 	Valid F1-score      : 0.0000

Epoch : 44
Train Loss     : 3.0668	 | 	Train Accuracy     : 0.0000
Valid Loss     : 0.0000	 | 	Valid Accuracy     : 0.0000 | 	Valid F1-score      : 0.0000

Epoch : 45
Train Loss     : 3.0094	 | 	Train Accuracy     : 0.0000
Valid Loss     : 0.0000	 | 	Valid Accuracy     : 0.0000 | 	Valid F1-score      : 0.0000

Epoch : 46
Train Loss     : 3.0429	 | 	Train Accuracy     : 0.0000
Valid Loss     : 0.0000	 | 	Valid Accuracy     : 0.0000 | 	Valid F1-score      : 0.0000

Epoch : 47
Train Loss     : 2.9480	 | 	Train Accuracy     : 0.0000
Valid Loss     : 0.0000	 | 	Valid Accuracy     : 0.0000 | 	Valid F1-score      : 0.0000

Epoch : 48
Train Loss     : 2.9528	 | 	Train Accuracy     : 0.0000
Valid Loss     : 0.0000	 | 	Valid Accuracy     : 0.0000 | 	Valid F1-score      : 0.0000

Epoch : 49
Train Loss     : 3.0212	 | 	Train Accuracy     : 0.0000
Valid Loss     : 0.0000	 | 	Valid Accuracy     : 0.0000 | 	Valid F1-score      : 0.0000

Epoch : 50
Train Loss     : 2.9614	 | 	Train Accuracy     : 0.0000
Valid Loss     : 0.0000	 | 	Valid Accuracy     : 0.0000 | 	Valid F1-score      : 0.0000

Epoch : 51
Train Loss     : 2.9681	 | 	Train Accuracy     : 0.0000
Valid Loss     : 0.0000	 | 	Valid Accuracy     : 0.0000 | 	Valid F1-score      : 0.0000

Epoch : 52
Train Loss     : 2.9252	 | 	Train Accuracy     : 0.0000
Valid Loss     : 0.0000	 | 	Valid Accuracy     : 0.0000 | 	Valid F1-score      : 0.0000

Epoch : 53
Train Loss     : 2.9400	 | 	Train Accuracy     : 0.0000
Valid Loss     : 0.0000	 | 	Valid Accuracy     : 0.0000 | 	Valid F1-score      : 0.0000

Epoch : 54
Train Loss     : 2.9512	 | 	Train Accuracy     : 0.0000
Valid Loss     : 0.0000	 | 	Valid Accuracy     : 0.0000 | 	Valid F1-score      : 0.0000

Epoch : 55
Train Loss     : 2.9384	 | 	Train Accuracy     : 0.0000
Valid Loss     : 0.0000	 | 	Valid Accuracy     : 0.0000 | 	Valid F1-score      : 0.0000

Epoch : 56
Train Loss     : 2.9335	 | 	Train Accuracy     : 0.0000
Valid Loss     : 0.0000	 | 	Valid Accuracy     : 0.0000 | 	Valid F1-score      : 0.0000

Epoch : 57
Train Loss     : 2.9192	 | 	Train Accuracy     : 0.0000
Valid Loss     : 0.0000	 | 	Valid Accuracy     : 0.0000 | 	Valid F1-score      : 0.0000

Epoch : 58
Train Loss     : 2.8805	 | 	Train Accuracy     : 0.0000
Valid Loss     : 0.0000	 | 	Valid Accuracy     : 0.0000 | 	Valid F1-score      : 0.0000

Epoch : 59
Train Loss     : 2.8982	 | 	Train Accuracy     : 0.0000
Valid Loss     : 0.0000	 | 	Valid Accuracy     : 0.0000 | 	Valid F1-score      : 0.0000

Epoch : 60
Train Loss     : 2.8802	 | 	Train Accuracy     : 0.0000
Valid Loss     : 0.0000	 | 	Valid Accuracy     : 0.0000 | 	Valid F1-score      : 0.0000

Epoch : 61
Train Loss     : 2.9074	 | 	Train Accuracy     : 0.0000
Valid Loss     : 0.0000	 | 	Valid Accuracy     : 0.0000 | 	Valid F1-score      : 0.0000

Epoch : 62
Train Loss     : 2.8647	 | 	Train Accuracy     : 0.0000
Valid Loss     : 0.0000	 | 	Valid Accuracy     : 0.0000 | 	Valid F1-score      : 0.0000

Epoch : 63
Train Loss     : 2.8167	 | 	Train Accuracy     : 0.0000
Valid Loss     : 0.0000	 | 	Valid Accuracy     : 0.0000 | 	Valid F1-score      : 0.0000

Epoch : 64
Train Loss     : 2.8410	 | 	Train Accuracy     : 0.0000
Valid Loss     : 0.0000	 | 	Valid Accuracy     : 0.0000 | 	Valid F1-score      : 0.0000

Epoch : 65
Train Loss     : 2.8503	 | 	Train Accuracy     : 0.0000
Valid Loss     : 0.0000	 | 	Valid Accuracy     : 0.0000 | 	Valid F1-score      : 0.0000

Epoch : 66
Train Loss     : 2.8332	 | 	Train Accuracy     : 0.0000
Valid Loss     : 0.0000	 | 	Valid Accuracy     : 0.0000 | 	Valid F1-score      : 0.0000

Epoch : 67
Train Loss     : 2.8711	 | 	Train Accuracy     : 0.0000
Valid Loss     : 0.0000	 | 	Valid Accuracy     : 0.0000 | 	Valid F1-score      : 0.0000

Epoch : 68
Train Loss     : 2.8410	 | 	Train Accuracy     : 0.0000
Valid Loss     : 0.0000	 | 	Valid Accuracy     : 0.0000 | 	Valid F1-score      : 0.0000

Epoch : 69
Train Loss     : 2.8055	 | 	Train Accuracy     : 0.0000
Valid Loss     : 0.0000	 | 	Valid Accuracy     : 0.0000 | 	Valid F1-score      : 0.0000

Epoch : 70
Train Loss     : 2.8106	 | 	Train Accuracy     : 0.0000
Valid Loss     : 0.0000	 | 	Valid Accuracy     : 0.0000 | 	Valid F1-score      : 0.0000

Epoch : 71
Train Loss     : 2.8019	 | 	Train Accuracy     : 0.0000
Valid Loss     : 0.0000	 | 	Valid Accuracy     : 0.0000 | 	Valid F1-score      : 0.0000

Epoch : 72
Train Loss     : 2.8489	 | 	Train Accuracy     : 0.0000
Valid Loss     : 0.0000	 | 	Valid Accuracy     : 0.0000 | 	Valid F1-score      : 0.0000

Epoch : 73
Train Loss     : 2.8149	 | 	Train Accuracy     : 0.0000
Valid Loss     : 0.0000	 | 	Valid Accuracy     : 0.0000 | 	Valid F1-score      : 0.0000

Epoch : 74
Train Loss     : 2.8106	 | 	Train Accuracy     : 0.0000
Valid Loss     : 0.0000	 | 	Valid Accuracy     : 0.0000 | 	Valid F1-score      : 0.0000

Epoch : 75
Train Loss     : 2.8199	 | 	Train Accuracy     : 0.0000
Valid Loss     : 0.0000	 | 	Valid Accuracy     : 0.0000 | 	Valid F1-score      : 0.0000

Epoch : 76
Train Loss     : 2.7577	 | 	Train Accuracy     : 0.0000
Valid Loss     : 0.0000	 | 	Valid Accuracy     : 0.0000 | 	Valid F1-score      : 0.0000

Epoch : 77
Train Loss     : 2.7353	 | 	Train Accuracy     : 0.0000
Valid Loss     : 0.0000	 | 	Valid Accuracy     : 0.0000 | 	Valid F1-score      : 0.0000

Epoch : 78
Train Loss     : 2.7652	 | 	Train Accuracy     : 0.0000
Valid Loss     : 0.0000	 | 	Valid Accuracy     : 0.0000 | 	Valid F1-score      : 0.0000

Epoch : 79
Train Loss     : 2.7841	 | 	Train Accuracy     : 0.0000
Valid Loss     : 0.0000	 | 	Valid Accuracy     : 0.0000 | 	Valid F1-score      : 0.0000

Epoch : 80
Train Loss     : 2.7254	 | 	Train Accuracy     : 0.0000
Valid Loss     : 0.0000	 | 	Valid Accuracy     : 0.0000 | 	Valid F1-score      : 0.0000

Epoch : 81
Train Loss     : 2.7746	 | 	Train Accuracy     : 0.0000
Valid Loss     : 0.0000	 | 	Valid Accuracy     : 0.0000 | 	Valid F1-score      : 0.0000

Epoch : 82
Train Loss     : 2.7622	 | 	Train Accuracy     : 0.0000
Valid Loss     : 0.0000	 | 	Valid Accuracy     : 0.0000 | 	Valid F1-score      : 0.0000

Epoch : 83
Train Loss     : 2.7801	 | 	Train Accuracy     : 0.0000
Valid Loss     : 0.0000	 | 	Valid Accuracy     : 0.0000 | 	Valid F1-score      : 0.0000

Epoch : 84
Train Loss     : 2.7951	 | 	Train Accuracy     : 0.0000
Valid Loss     : 0.0000	 | 	Valid Accuracy     : 0.0000 | 	Valid F1-score      : 0.0000

Epoch : 85
Train Loss     : 2.7371	 | 	Train Accuracy     : 0.0000
Valid Loss     : 0.0000	 | 	Valid Accuracy     : 0.0000 | 	Valid F1-score      : 0.0000

Epoch : 86
Train Loss     : 2.7285	 | 	Train Accuracy     : 0.0000
Valid Loss     : 0.0000	 | 	Valid Accuracy     : 0.0000 | 	Valid F1-score      : 0.0000

Epoch : 87
Train Loss     : 2.7099	 | 	Train Accuracy     : 0.0000
Valid Loss     : 0.0000	 | 	Valid Accuracy     : 0.0000 | 	Valid F1-score      : 0.0000

Epoch : 88
Train Loss     : 2.7191	 | 	Train Accuracy     : 0.0000
Valid Loss     : 0.0000	 | 	Valid Accuracy     : 0.0000 | 	Valid F1-score      : 0.0000

Epoch : 89
Train Loss     : 2.7304	 | 	Train Accuracy     : 0.0000
Valid Loss     : 0.0000	 | 	Valid Accuracy     : 0.0000 | 	Valid F1-score      : 0.0000

Epoch : 90
Train Loss     : 2.6905	 | 	Train Accuracy     : 0.0000
Valid Loss     : 0.0000	 | 	Valid Accuracy     : 0.0000 | 	Valid F1-score      : 0.0000

Epoch : 91
Train Loss     : 2.7431	 | 	Train Accuracy     : 0.0000
Valid Loss     : 0.0000	 | 	Valid Accuracy     : 0.0000 | 	Valid F1-score      : 0.0000

Epoch : 92
Train Loss     : 2.7347	 | 	Train Accuracy     : 0.0000
Valid Loss     : 0.0000	 | 	Valid Accuracy     : 0.0000 | 	Valid F1-score      : 0.0000

Epoch : 93
Train Loss     : 2.7294	 | 	Train Accuracy     : 0.0000
Valid Loss     : 0.0000	 | 	Valid Accuracy     : 0.0000 | 	Valid F1-score      : 0.0000

Epoch : 94
Train Loss     : 2.7007	 | 	Train Accuracy     : 0.0000
Valid Loss     : 0.0000	 | 	Valid Accuracy     : 0.0000 | 	Valid F1-score      : 0.0000

Epoch : 95
Train Loss     : 2.6805	 | 	Train Accuracy     : 0.0000
Valid Loss     : 0.0000	 | 	Valid Accuracy     : 0.0000 | 	Valid F1-score      : 0.0000

Epoch : 96
Train Loss     : 2.6731	 | 	Train Accuracy     : 0.0000
Valid Loss     : 0.0000	 | 	Valid Accuracy     : 0.0000 | 	Valid F1-score      : 0.0000

Epoch : 97
Train Loss     : 2.6998	 | 	Train Accuracy     : 0.0000
Valid Loss     : 0.0000	 | 	Valid Accuracy     : 0.0000 | 	Valid F1-score      : 0.0000

Epoch : 98
Train Loss     : 2.6905	 | 	Train Accuracy     : 0.0000
Valid Loss     : 0.0000	 | 	Valid Accuracy     : 0.0000 | 	Valid F1-score      : 0.0000

Epoch : 99
Train Loss     : 2.7181	 | 	Train Accuracy     : 0.0000
Valid Loss     : 0.0000	 | 	Valid Accuracy     : 0.0000 | 	Valid F1-score      : 0.0000

Epoch : 100
Train Loss     : 2.6642	 | 	Train Accuracy     : 0.0000
Valid Loss     : 0.0000	 | 	Valid Accuracy     : 0.0000 | 	Valid F1-score      : 0.0000

################## Training is Done! #########################
Training time is : 0:00:33.919167
