=============================================
Dataset: casas
Method:  Novel Human Activity
Mode:    fine_tune
=============================================
Data loaded ...
Training started ....

Epoch : 1
Train Loss     : 2.7330	 | 	Train Accuracy     : 0.0625
Valid Loss     : 2.6525	 | 	Valid Accuracy     : 0.0740 | 	Valid F1-score      : 0.0279

Epoch : 2
Train Loss     : 2.5818	 | 	Train Accuracy     : 0.1523
Valid Loss     : 2.5269	 | 	Valid Accuracy     : 0.2134 | 	Valid F1-score      : 0.1330

Epoch : 3
Train Loss     : 2.4529	 | 	Train Accuracy     : 0.3275
Valid Loss     : 2.3979	 | 	Valid Accuracy     : 0.4068 | 	Valid F1-score      : 0.3381

Epoch : 4
Train Loss     : 2.3284	 | 	Train Accuracy     : 0.5052
Valid Loss     : 2.2527	 | 	Valid Accuracy     : 0.5495 | 	Valid F1-score      : 0.4394

Epoch : 5
Train Loss     : 2.2024	 | 	Train Accuracy     : 0.6055
Valid Loss     : 2.1396	 | 	Valid Accuracy     : 0.5849 | 	Valid F1-score      : 0.4888

Epoch : 6
Train Loss     : 2.0667	 | 	Train Accuracy     : 0.6543
Valid Loss     : 2.0272	 | 	Valid Accuracy     : 0.6051 | 	Valid F1-score      : 0.5481

Epoch : 7
Train Loss     : 1.9603	 | 	Train Accuracy     : 0.7096
Valid Loss     : 1.9155	 | 	Valid Accuracy     : 0.6366 | 	Valid F1-score      : 0.5787

Epoch : 8
Train Loss     : 1.8337	 | 	Train Accuracy     : 0.7689
Valid Loss     : 1.8354	 | 	Valid Accuracy     : 0.6972 | 	Valid F1-score      : 0.5929

Epoch : 9
Train Loss     : 1.7295	 | 	Train Accuracy     : 0.8027
Valid Loss     : 1.7338	 | 	Valid Accuracy     : 0.7434 | 	Valid F1-score      : 0.6985

Epoch : 10
Train Loss     : 1.6535	 | 	Train Accuracy     : 0.8066
Valid Loss     : 1.6531	 | 	Valid Accuracy     : 0.7170 | 	Valid F1-score      : 0.6806

Epoch : 11
Train Loss     : 1.5620	 | 	Train Accuracy     : 0.8451
Valid Loss     : 1.5896	 | 	Valid Accuracy     : 0.7370 | 	Valid F1-score      : 0.6502

Epoch : 12
Train Loss     : 1.4792	 | 	Train Accuracy     : 0.8581
Valid Loss     : 1.5476	 | 	Valid Accuracy     : 0.7599 | 	Valid F1-score      : 0.7230

Epoch : 13
Train Loss     : 1.4056	 | 	Train Accuracy     : 0.8516
Valid Loss     : 1.4631	 | 	Valid Accuracy     : 0.7834 | 	Valid F1-score      : 0.7180

Epoch : 14
Train Loss     : 1.3439	 | 	Train Accuracy     : 0.8770
Valid Loss     : 1.3900	 | 	Valid Accuracy     : 0.8093 | 	Valid F1-score      : 0.7627

Epoch : 15
Train Loss     : 1.2649	 | 	Train Accuracy     : 0.8978
Valid Loss     : 1.3556	 | 	Valid Accuracy     : 0.7790 | 	Valid F1-score      : 0.7314

Epoch : 16
Train Loss     : 1.2338	 | 	Train Accuracy     : 0.8783
Valid Loss     : 1.2899	 | 	Valid Accuracy     : 0.7973 | 	Valid F1-score      : 0.7529

Epoch : 17
Train Loss     : 1.1737	 | 	Train Accuracy     : 0.9141
Valid Loss     : 1.2684	 | 	Valid Accuracy     : 0.7946 | 	Valid F1-score      : 0.7662

Epoch : 18
Train Loss     : 1.1085	 | 	Train Accuracy     : 0.9342
Valid Loss     : 1.2198	 | 	Valid Accuracy     : 0.8139 | 	Valid F1-score      : 0.7710

Epoch : 19
Train Loss     : 1.0580	 | 	Train Accuracy     : 0.9206
Valid Loss     : 1.1534	 | 	Valid Accuracy     : 0.8327 | 	Valid F1-score      : 0.8089

Epoch : 20
Train Loss     : 1.0072	 | 	Train Accuracy     : 0.9290
Valid Loss     : 1.1347	 | 	Valid Accuracy     : 0.8213 | 	Valid F1-score      : 0.7654

Epoch : 21
Train Loss     : 0.9738	 | 	Train Accuracy     : 0.9440
Valid Loss     : 1.0895	 | 	Valid Accuracy     : 0.8176 | 	Valid F1-score      : 0.7947

Epoch : 22
Train Loss     : 0.9331	 | 	Train Accuracy     : 0.9408
Valid Loss     : 1.0698	 | 	Valid Accuracy     : 0.8178 | 	Valid F1-score      : 0.7865

Epoch : 23
Train Loss     : 0.8834	 | 	Train Accuracy     : 0.9596
Valid Loss     : 1.0254	 | 	Valid Accuracy     : 0.8217 | 	Valid F1-score      : 0.7882

Epoch : 24
Train Loss     : 0.8415	 | 	Train Accuracy     : 0.9616
Valid Loss     : 0.9858	 | 	Valid Accuracy     : 0.8445 | 	Valid F1-score      : 0.8236

Epoch : 25
Train Loss     : 0.8067	 | 	Train Accuracy     : 0.9714
Valid Loss     : 0.9551	 | 	Valid Accuracy     : 0.8369 | 	Valid F1-score      : 0.8083

Epoch : 26
Train Loss     : 0.7795	 | 	Train Accuracy     : 0.9596
Valid Loss     : 0.9420	 | 	Valid Accuracy     : 0.8488 | 	Valid F1-score      : 0.8244

Epoch : 27
Train Loss     : 0.7344	 | 	Train Accuracy     : 0.9694
Valid Loss     : 0.9081	 | 	Valid Accuracy     : 0.8523 | 	Valid F1-score      : 0.8408

Epoch : 28
Train Loss     : 0.7146	 | 	Train Accuracy     : 0.9701
Valid Loss     : 0.8965	 | 	Valid Accuracy     : 0.8603 | 	Valid F1-score      : 0.8434

Epoch : 29
Train Loss     : 0.6816	 | 	Train Accuracy     : 0.9805
Valid Loss     : 0.8811	 | 	Valid Accuracy     : 0.8415 | 	Valid F1-score      : 0.8251

Epoch : 30
Train Loss     : 0.6491	 | 	Train Accuracy     : 0.9844
Valid Loss     : 0.8355	 | 	Valid Accuracy     : 0.8716 | 	Valid F1-score      : 0.8259

Epoch : 31
Train Loss     : 0.6263	 | 	Train Accuracy     : 0.9792
Valid Loss     : 0.8395	 | 	Valid Accuracy     : 0.8449 | 	Valid F1-score      : 0.8346

Epoch : 32
Train Loss     : 0.5942	 | 	Train Accuracy     : 0.9792
Valid Loss     : 0.7925	 | 	Valid Accuracy     : 0.8638 | 	Valid F1-score      : 0.8473

Epoch : 33
Train Loss     : 0.5605	 | 	Train Accuracy     : 0.9883
Valid Loss     : 0.8030	 | 	Valid Accuracy     : 0.8378 | 	Valid F1-score      : 0.7988

Epoch : 34
Train Loss     : 0.5382	 | 	Train Accuracy     : 0.9863
Valid Loss     : 0.7870	 | 	Valid Accuracy     : 0.8608 | 	Valid F1-score      : 0.8385

Epoch : 35
Train Loss     : 0.5160	 | 	Train Accuracy     : 0.9844
Valid Loss     : 0.7455	 | 	Valid Accuracy     : 0.8638 | 	Valid F1-score      : 0.8313

Epoch : 36
Train Loss     : 0.4976	 | 	Train Accuracy     : 0.9863
Valid Loss     : 0.7447	 | 	Valid Accuracy     : 0.8564 | 	Valid F1-score      : 0.8348

Epoch : 37
Train Loss     : 0.4869	 | 	Train Accuracy     : 0.9811
Valid Loss     : 0.7393	 | 	Valid Accuracy     : 0.8564 | 	Valid F1-score      : 0.8196

Epoch : 38
Train Loss     : 0.4656	 | 	Train Accuracy     : 0.9870
Valid Loss     : 0.7152	 | 	Valid Accuracy     : 0.8681 | 	Valid F1-score      : 0.8642

Epoch : 39
Train Loss     : 0.4515	 | 	Train Accuracy     : 0.9883
Valid Loss     : 0.6889	 | 	Valid Accuracy     : 0.8640 | 	Valid F1-score      : 0.8402

Epoch : 40
Train Loss     : 0.4236	 | 	Train Accuracy     : 0.9902
Valid Loss     : 0.7143	 | 	Valid Accuracy     : 0.8488 | 	Valid F1-score      : 0.8358

Epoch : 41
Train Loss     : 0.4268	 | 	Train Accuracy     : 0.9818
Valid Loss     : 0.7102	 | 	Valid Accuracy     : 0.8647 | 	Valid F1-score      : 0.8437

Epoch : 42
Train Loss     : 0.3999	 | 	Train Accuracy     : 0.9818
Valid Loss     : 0.6568	 | 	Valid Accuracy     : 0.8677 | 	Valid F1-score      : 0.8333

Epoch : 43
Train Loss     : 0.3850	 | 	Train Accuracy     : 0.9870
Valid Loss     : 0.6975	 | 	Valid Accuracy     : 0.8447 | 	Valid F1-score      : 0.8259

Epoch : 44
Train Loss     : 0.3727	 | 	Train Accuracy     : 0.9844
Valid Loss     : 0.6605	 | 	Valid Accuracy     : 0.8376 | 	Valid F1-score      : 0.8206

Epoch : 45
Train Loss     : 0.3531	 | 	Train Accuracy     : 0.9902
Valid Loss     : 0.6451	 | 	Valid Accuracy     : 0.8527 | 	Valid F1-score      : 0.8118

Epoch : 46
Train Loss     : 0.3399	 | 	Train Accuracy     : 0.9941
Valid Loss     : 0.6132	 | 	Valid Accuracy     : 0.8603 | 	Valid F1-score      : 0.8107

Epoch : 47
Train Loss     : 0.3220	 | 	Train Accuracy     : 0.9922
Valid Loss     : 0.6137	 | 	Valid Accuracy     : 0.8530 | 	Valid F1-score      : 0.8272

Epoch : 48
Train Loss     : 0.3171	 | 	Train Accuracy     : 0.9941
Valid Loss     : 0.6169	 | 	Valid Accuracy     : 0.8571 | 	Valid F1-score      : 0.8465

Epoch : 49
Train Loss     : 0.3009	 | 	Train Accuracy     : 0.9941
Valid Loss     : 0.6070	 | 	Valid Accuracy     : 0.8486 | 	Valid F1-score      : 0.8054

Epoch : 50
Train Loss     : 0.2961	 | 	Train Accuracy     : 0.9961
Valid Loss     : 0.6256	 | 	Valid Accuracy     : 0.8491 | 	Valid F1-score      : 0.8516

Epoch : 51
Train Loss     : 0.2766	 | 	Train Accuracy     : 0.9922
Valid Loss     : 0.5779	 | 	Valid Accuracy     : 0.8674 | 	Valid F1-score      : 0.8566

Epoch : 52
Train Loss     : 0.2816	 | 	Train Accuracy     : 0.9928
Valid Loss     : 0.5815	 | 	Valid Accuracy     : 0.8640 | 	Valid F1-score      : 0.8149

Epoch : 53
Train Loss     : 0.2622	 | 	Train Accuracy     : 0.9902
Valid Loss     : 0.5805	 | 	Valid Accuracy     : 0.8679 | 	Valid F1-score      : 0.8358

Epoch : 54
Train Loss     : 0.2590	 | 	Train Accuracy     : 0.9941
Valid Loss     : 0.5645	 | 	Valid Accuracy     : 0.8645 | 	Valid F1-score      : 0.8389

Epoch : 55
Train Loss     : 0.2424	 | 	Train Accuracy     : 0.9980
Valid Loss     : 0.5288	 | 	Valid Accuracy     : 0.8718 | 	Valid F1-score      : 0.8509

Epoch : 56
Train Loss     : 0.2361	 | 	Train Accuracy     : 0.9941
Valid Loss     : 0.5441	 | 	Valid Accuracy     : 0.8720 | 	Valid F1-score      : 0.8542

Epoch : 57
Train Loss     : 0.2363	 | 	Train Accuracy     : 0.9876
Valid Loss     : 0.5493	 | 	Valid Accuracy     : 0.8684 | 	Valid F1-score      : 0.8367

Epoch : 58
Train Loss     : 0.2204	 | 	Train Accuracy     : 0.9980
Valid Loss     : 0.5195	 | 	Valid Accuracy     : 0.8830 | 	Valid F1-score      : 0.8703

Epoch : 59
Train Loss     : 0.2113	 | 	Train Accuracy     : 0.9980
Valid Loss     : 0.5444	 | 	Valid Accuracy     : 0.8757 | 	Valid F1-score      : 0.8552

Epoch : 60
Train Loss     : 0.2022	 | 	Train Accuracy     : 0.9980
Valid Loss     : 0.5405	 | 	Valid Accuracy     : 0.8759 | 	Valid F1-score      : 0.8376

Epoch : 61
Train Loss     : 0.2040	 | 	Train Accuracy     : 0.9948
Valid Loss     : 0.5494	 | 	Valid Accuracy     : 0.8569 | 	Valid F1-score      : 0.8454

Epoch : 62
Train Loss     : 0.1918	 | 	Train Accuracy     : 0.9980
Valid Loss     : 0.5163	 | 	Valid Accuracy     : 0.8564 | 	Valid F1-score      : 0.8410

Epoch : 63
Train Loss     : 0.1851	 | 	Train Accuracy     : 0.9980
Valid Loss     : 0.5082	 | 	Valid Accuracy     : 0.8762 | 	Valid F1-score      : 0.8583

Epoch : 64
Train Loss     : 0.1825	 | 	Train Accuracy     : 0.9909
Valid Loss     : 0.4944	 | 	Valid Accuracy     : 0.8835 | 	Valid F1-score      : 0.8653

Epoch : 65
Train Loss     : 0.1780	 | 	Train Accuracy     : 0.9941
Valid Loss     : 0.5388	 | 	Valid Accuracy     : 0.8527 | 	Valid F1-score      : 0.8381

Epoch : 66
Train Loss     : 0.1647	 | 	Train Accuracy     : 0.9980
Valid Loss     : 0.5244	 | 	Valid Accuracy     : 0.8454 | 	Valid F1-score      : 0.8508

Epoch : 67
Train Loss     : 0.1662	 | 	Train Accuracy     : 0.9980
Valid Loss     : 0.5291	 | 	Valid Accuracy     : 0.8840 | 	Valid F1-score      : 0.8323

Epoch : 68
Train Loss     : 0.1539	 | 	Train Accuracy     : 0.9980
Valid Loss     : 0.4847	 | 	Valid Accuracy     : 0.8684 | 	Valid F1-score      : 0.8496

Epoch : 69
Train Loss     : 0.1504	 | 	Train Accuracy     : 0.9980
Valid Loss     : 0.5067	 | 	Valid Accuracy     : 0.8608 | 	Valid F1-score      : 0.8296

Epoch : 70
Train Loss     : 0.1451	 | 	Train Accuracy     : 0.9980
Valid Loss     : 0.4738	 | 	Valid Accuracy     : 0.8757 | 	Valid F1-score      : 0.8494

Epoch : 71
Train Loss     : 0.1484	 | 	Train Accuracy     : 0.9980
Valid Loss     : 0.4947	 | 	Valid Accuracy     : 0.8647 | 	Valid F1-score      : 0.8444

Epoch : 72
Train Loss     : 0.1383	 | 	Train Accuracy     : 0.9980
Valid Loss     : 0.5194	 | 	Valid Accuracy     : 0.8610 | 	Valid F1-score      : 0.8495

Epoch : 73
Train Loss     : 0.1311	 | 	Train Accuracy     : 0.9980
Valid Loss     : 0.5179	 | 	Valid Accuracy     : 0.8454 | 	Valid F1-score      : 0.8431

Epoch : 74
Train Loss     : 0.1283	 | 	Train Accuracy     : 0.9980
Valid Loss     : 0.4912	 | 	Valid Accuracy     : 0.8718 | 	Valid F1-score      : 0.8389

Epoch : 75
Train Loss     : 0.1269	 | 	Train Accuracy     : 0.9941
Valid Loss     : 0.4505	 | 	Valid Accuracy     : 0.8909 | 	Valid F1-score      : 0.8635

Epoch : 76
Train Loss     : 0.1228	 | 	Train Accuracy     : 0.9980
Valid Loss     : 0.4696	 | 	Valid Accuracy     : 0.8720 | 	Valid F1-score      : 0.8409

Epoch : 77
Train Loss     : 0.1220	 | 	Train Accuracy     : 0.9980
Valid Loss     : 0.4490	 | 	Valid Accuracy     : 0.8874 | 	Valid F1-score      : 0.8654

Epoch : 78
Train Loss     : 0.1168	 | 	Train Accuracy     : 0.9980
Valid Loss     : 0.4819	 | 	Valid Accuracy     : 0.8835 | 	Valid F1-score      : 0.8521

Epoch : 79
Train Loss     : 0.1111	 | 	Train Accuracy     : 0.9980
Valid Loss     : 0.4658	 | 	Valid Accuracy     : 0.8606 | 	Valid F1-score      : 0.8294

Epoch : 80
Train Loss     : 0.1079	 | 	Train Accuracy     : 0.9980
Valid Loss     : 0.4834	 | 	Valid Accuracy     : 0.8647 | 	Valid F1-score      : 0.8578

Epoch : 81
Train Loss     : 0.1055	 | 	Train Accuracy     : 0.9980
Valid Loss     : 0.4665	 | 	Valid Accuracy     : 0.8840 | 	Valid F1-score      : 0.8736

Epoch : 82
Train Loss     : 0.1086	 | 	Train Accuracy     : 0.9948
Valid Loss     : 0.4753	 | 	Valid Accuracy     : 0.8723 | 	Valid F1-score      : 0.8597

Epoch : 83
Train Loss     : 0.1036	 | 	Train Accuracy     : 0.9941
Valid Loss     : 0.4554	 | 	Valid Accuracy     : 0.8642 | 	Valid F1-score      : 0.8367

Epoch : 84
Train Loss     : 0.0960	 | 	Train Accuracy     : 0.9980
Valid Loss     : 0.4478	 | 	Valid Accuracy     : 0.8716 | 	Valid F1-score      : 0.8497

Epoch : 85
Train Loss     : 0.0975	 | 	Train Accuracy     : 0.9980
Valid Loss     : 0.4855	 | 	Valid Accuracy     : 0.8532 | 	Valid F1-score      : 0.8290

Epoch : 86
Train Loss     : 0.0920	 | 	Train Accuracy     : 0.9980
Valid Loss     : 0.4607	 | 	Valid Accuracy     : 0.8759 | 	Valid F1-score      : 0.8501

Epoch : 87
Train Loss     : 0.0870	 | 	Train Accuracy     : 0.9980
Valid Loss     : 0.4300	 | 	Valid Accuracy     : 0.8833 | 	Valid F1-score      : 0.8752

Epoch : 88
Train Loss     : 0.0867	 | 	Train Accuracy     : 0.9980
Valid Loss     : 0.4301	 | 	Valid Accuracy     : 0.8794 | 	Valid F1-score      : 0.8621

Epoch : 89
Train Loss     : 0.0882	 | 	Train Accuracy     : 0.9948
Valid Loss     : 0.4637	 | 	Valid Accuracy     : 0.8723 | 	Valid F1-score      : 0.8491

Epoch : 90
Train Loss     : 0.0841	 | 	Train Accuracy     : 0.9961
Valid Loss     : 0.4409	 | 	Valid Accuracy     : 0.8762 | 	Valid F1-score      : 0.8488

Epoch : 91
Train Loss     : 0.0791	 | 	Train Accuracy     : 0.9980
Valid Loss     : 0.4960	 | 	Valid Accuracy     : 0.8574 | 	Valid F1-score      : 0.8161

Epoch : 92
Train Loss     : 0.0764	 | 	Train Accuracy     : 0.9980
Valid Loss     : 0.4309	 | 	Valid Accuracy     : 0.8759 | 	Valid F1-score      : 0.8734

Epoch : 93
Train Loss     : 0.0762	 | 	Train Accuracy     : 0.9980
Valid Loss     : 0.4729	 | 	Valid Accuracy     : 0.8608 | 	Valid F1-score      : 0.8193

Epoch : 94
Train Loss     : 0.0720	 | 	Train Accuracy     : 0.9980
Valid Loss     : 0.4202	 | 	Valid Accuracy     : 0.8757 | 	Valid F1-score      : 0.8286

Epoch : 95
Train Loss     : 0.0739	 | 	Train Accuracy     : 0.9928
Valid Loss     : 0.4357	 | 	Valid Accuracy     : 0.8796 | 	Valid F1-score      : 0.8574

Epoch : 96
Train Loss     : 0.0795	 | 	Train Accuracy     : 0.9941
Valid Loss     : 0.5015	 | 	Valid Accuracy     : 0.8456 | 	Valid F1-score      : 0.8440

Epoch : 97
Train Loss     : 0.0728	 | 	Train Accuracy     : 0.9980
Valid Loss     : 0.4502	 | 	Valid Accuracy     : 0.8718 | 	Valid F1-score      : 0.8619

Epoch : 98
Train Loss     : 0.0714	 | 	Train Accuracy     : 0.9980
Valid Loss     : 0.5176	 | 	Valid Accuracy     : 0.8491 | 	Valid F1-score      : 0.8147

Epoch : 99
Train Loss     : 0.0662	 | 	Train Accuracy     : 0.9980
Valid Loss     : 0.5140	 | 	Valid Accuracy     : 0.8417 | 	Valid F1-score      : 0.8088

Epoch : 100
Train Loss     : 0.0654	 | 	Train Accuracy     : 0.9961
Valid Loss     : 0.4371	 | 	Valid Accuracy     : 0.8718 | 	Valid F1-score      : 0.8589

Evaluate on the Test set:
Test loss      :0.4137	 | Test Accuracy      : 0.8752	 | Test F1-score      : 0.8486

################## Training is Done! #########################
Training time is : 0:00:24.575578
