=============================================
Dataset: casas
Method:  Novel Human Activity
Mode:    fine_tune
=============================================
Data loaded ...
Training started ....

Epoch : 1
Train Loss     : 2.7323	 | 	Train Accuracy     : 0.0625
Valid Loss     : 2.6567	 | 	Valid Accuracy     : 0.0623 | 	Valid F1-score      : 0.0081

Epoch : 2
Train Loss     : 2.5808	 | 	Train Accuracy     : 0.1406
Valid Loss     : 2.5305	 | 	Valid Accuracy     : 0.1978 | 	Valid F1-score      : 0.1227

Epoch : 3
Train Loss     : 2.4509	 | 	Train Accuracy     : 0.3620
Valid Loss     : 2.3955	 | 	Valid Accuracy     : 0.4027 | 	Valid F1-score      : 0.3306

Epoch : 4
Train Loss     : 2.3235	 | 	Train Accuracy     : 0.5189
Valid Loss     : 2.2442	 | 	Valid Accuracy     : 0.5495 | 	Valid F1-score      : 0.4318

Epoch : 5
Train Loss     : 2.1959	 | 	Train Accuracy     : 0.6042
Valid Loss     : 2.1307	 | 	Valid Accuracy     : 0.6081 | 	Valid F1-score      : 0.5447

Epoch : 6
Train Loss     : 2.0614	 | 	Train Accuracy     : 0.6771
Valid Loss     : 2.0170	 | 	Valid Accuracy     : 0.6207 | 	Valid F1-score      : 0.5761

Epoch : 7
Train Loss     : 1.9566	 | 	Train Accuracy     : 0.7135
Valid Loss     : 1.9102	 | 	Valid Accuracy     : 0.6593 | 	Valid F1-score      : 0.6037

Epoch : 8
Train Loss     : 1.8317	 | 	Train Accuracy     : 0.7812
Valid Loss     : 1.8348	 | 	Valid Accuracy     : 0.6825 | 	Valid F1-score      : 0.5895

Epoch : 9
Train Loss     : 1.7312	 | 	Train Accuracy     : 0.8164
Valid Loss     : 1.7249	 | 	Valid Accuracy     : 0.7509 | 	Valid F1-score      : 0.7173

Epoch : 10
Train Loss     : 1.6593	 | 	Train Accuracy     : 0.8132
Valid Loss     : 1.6536	 | 	Valid Accuracy     : 0.7478 | 	Valid F1-score      : 0.7272

Epoch : 11
Train Loss     : 1.5703	 | 	Train Accuracy     : 0.8359
Valid Loss     : 1.5928	 | 	Valid Accuracy     : 0.7326 | 	Valid F1-score      : 0.6615

Epoch : 12
Train Loss     : 1.4872	 | 	Train Accuracy     : 0.8587
Valid Loss     : 1.5518	 | 	Valid Accuracy     : 0.7489 | 	Valid F1-score      : 0.7285

Epoch : 13
Train Loss     : 1.4192	 | 	Train Accuracy     : 0.8633
Valid Loss     : 1.4735	 | 	Valid Accuracy     : 0.7756 | 	Valid F1-score      : 0.7245

Epoch : 14
Train Loss     : 1.3594	 | 	Train Accuracy     : 0.8737
Valid Loss     : 1.4128	 | 	Valid Accuracy     : 0.8095 | 	Valid F1-score      : 0.7752

Epoch : 15
Train Loss     : 1.2821	 | 	Train Accuracy     : 0.8978
Valid Loss     : 1.3716	 | 	Valid Accuracy     : 0.7905 | 	Valid F1-score      : 0.7393

Epoch : 16
Train Loss     : 1.2528	 | 	Train Accuracy     : 0.8750
Valid Loss     : 1.3064	 | 	Valid Accuracy     : 0.8132 | 	Valid F1-score      : 0.7787

Epoch : 17
Train Loss     : 1.1847	 | 	Train Accuracy     : 0.9121
Valid Loss     : 1.2912	 | 	Valid Accuracy     : 0.7871 | 	Valid F1-score      : 0.7457

Epoch : 18
Train Loss     : 1.1296	 | 	Train Accuracy     : 0.9303
Valid Loss     : 1.2449	 | 	Valid Accuracy     : 0.8181 | 	Valid F1-score      : 0.7721

Epoch : 19
Train Loss     : 1.0766	 | 	Train Accuracy     : 0.9329
Valid Loss     : 1.1776	 | 	Valid Accuracy     : 0.8286 | 	Valid F1-score      : 0.7922

Epoch : 20
Train Loss     : 1.0246	 | 	Train Accuracy     : 0.9310
Valid Loss     : 1.1497	 | 	Valid Accuracy     : 0.8213 | 	Valid F1-score      : 0.7707

Epoch : 21
Train Loss     : 0.9979	 | 	Train Accuracy     : 0.9512
Valid Loss     : 1.1157	 | 	Valid Accuracy     : 0.8291 | 	Valid F1-score      : 0.7952

Epoch : 22
Train Loss     : 0.9508	 | 	Train Accuracy     : 0.9329
Valid Loss     : 1.1072	 | 	Valid Accuracy     : 0.8217 | 	Valid F1-score      : 0.7739

Epoch : 23
Train Loss     : 0.9016	 | 	Train Accuracy     : 0.9499
Valid Loss     : 1.0539	 | 	Valid Accuracy     : 0.8408 | 	Valid F1-score      : 0.8136

Epoch : 24
Train Loss     : 0.8602	 | 	Train Accuracy     : 0.9616
Valid Loss     : 1.0075	 | 	Valid Accuracy     : 0.8330 | 	Valid F1-score      : 0.8100

Epoch : 25
Train Loss     : 0.8232	 | 	Train Accuracy     : 0.9674
Valid Loss     : 0.9819	 | 	Valid Accuracy     : 0.8408 | 	Valid F1-score      : 0.8107

Epoch : 26
Train Loss     : 0.7962	 | 	Train Accuracy     : 0.9655
Valid Loss     : 0.9641	 | 	Valid Accuracy     : 0.8408 | 	Valid F1-score      : 0.8254

Epoch : 27
Train Loss     : 0.7552	 | 	Train Accuracy     : 0.9655
Valid Loss     : 0.9434	 | 	Valid Accuracy     : 0.8366 | 	Valid F1-score      : 0.8178

Epoch : 28
Train Loss     : 0.7348	 | 	Train Accuracy     : 0.9694
Valid Loss     : 0.9293	 | 	Valid Accuracy     : 0.8447 | 	Valid F1-score      : 0.8154

Epoch : 29
Train Loss     : 0.6960	 | 	Train Accuracy     : 0.9785
Valid Loss     : 0.8963	 | 	Valid Accuracy     : 0.8564 | 	Valid F1-score      : 0.8265

Epoch : 30
Train Loss     : 0.6633	 | 	Train Accuracy     : 0.9805
Valid Loss     : 0.8593	 | 	Valid Accuracy     : 0.8598 | 	Valid F1-score      : 0.8226

Epoch : 31
Train Loss     : 0.6387	 | 	Train Accuracy     : 0.9792
Valid Loss     : 0.8804	 | 	Valid Accuracy     : 0.8525 | 	Valid F1-score      : 0.8312

Epoch : 32
Train Loss     : 0.6036	 | 	Train Accuracy     : 0.9863
Valid Loss     : 0.8246	 | 	Valid Accuracy     : 0.8713 | 	Valid F1-score      : 0.8499

Epoch : 33
Train Loss     : 0.5693	 | 	Train Accuracy     : 0.9844
Valid Loss     : 0.8310	 | 	Valid Accuracy     : 0.8452 | 	Valid F1-score      : 0.8060

Epoch : 34
Train Loss     : 0.5450	 | 	Train Accuracy     : 0.9863
Valid Loss     : 0.8295	 | 	Valid Accuracy     : 0.8486 | 	Valid F1-score      : 0.8340

Epoch : 35
Train Loss     : 0.5256	 | 	Train Accuracy     : 0.9863
Valid Loss     : 0.7665	 | 	Valid Accuracy     : 0.8638 | 	Valid F1-score      : 0.8322

Epoch : 36
Train Loss     : 0.5036	 | 	Train Accuracy     : 0.9844
Valid Loss     : 0.7550	 | 	Valid Accuracy     : 0.8718 | 	Valid F1-score      : 0.8561

Epoch : 37
Train Loss     : 0.4922	 | 	Train Accuracy     : 0.9831
Valid Loss     : 0.7768	 | 	Valid Accuracy     : 0.8374 | 	Valid F1-score      : 0.7998

Epoch : 38
Train Loss     : 0.4674	 | 	Train Accuracy     : 0.9902
Valid Loss     : 0.7273	 | 	Valid Accuracy     : 0.8530 | 	Valid F1-score      : 0.8530

Epoch : 39
Train Loss     : 0.4532	 | 	Train Accuracy     : 0.9902
Valid Loss     : 0.7077	 | 	Valid Accuracy     : 0.8640 | 	Valid F1-score      : 0.8510

Epoch : 40
Train Loss     : 0.4277	 | 	Train Accuracy     : 0.9902
Valid Loss     : 0.7300	 | 	Valid Accuracy     : 0.8642 | 	Valid F1-score      : 0.8494

Epoch : 41
Train Loss     : 0.4334	 | 	Train Accuracy     : 0.9818
Valid Loss     : 0.7358	 | 	Valid Accuracy     : 0.8415 | 	Valid F1-score      : 0.8152

Epoch : 42
Train Loss     : 0.4087	 | 	Train Accuracy     : 0.9779
Valid Loss     : 0.6581	 | 	Valid Accuracy     : 0.8872 | 	Valid F1-score      : 0.8487

Epoch : 43
Train Loss     : 0.3897	 | 	Train Accuracy     : 0.9831
Valid Loss     : 0.6875	 | 	Valid Accuracy     : 0.8415 | 	Valid F1-score      : 0.8185

Epoch : 44
Train Loss     : 0.3708	 | 	Train Accuracy     : 0.9863
Valid Loss     : 0.6748	 | 	Valid Accuracy     : 0.8569 | 	Valid F1-score      : 0.8374

Epoch : 45
Train Loss     : 0.3521	 | 	Train Accuracy     : 0.9922
Valid Loss     : 0.6496	 | 	Valid Accuracy     : 0.8645 | 	Valid F1-score      : 0.8344

Epoch : 46
Train Loss     : 0.3461	 | 	Train Accuracy     : 0.9922
Valid Loss     : 0.6405	 | 	Valid Accuracy     : 0.8681 | 	Valid F1-score      : 0.8404

Epoch : 47
Train Loss     : 0.3295	 | 	Train Accuracy     : 0.9883
Valid Loss     : 0.6434	 | 	Valid Accuracy     : 0.8569 | 	Valid F1-score      : 0.8361

Epoch : 48
Train Loss     : 0.3225	 | 	Train Accuracy     : 0.9902
Valid Loss     : 0.6356	 | 	Valid Accuracy     : 0.8606 | 	Valid F1-score      : 0.8601

Epoch : 49
Train Loss     : 0.3051	 | 	Train Accuracy     : 0.9961
Valid Loss     : 0.6222	 | 	Valid Accuracy     : 0.8681 | 	Valid F1-score      : 0.8617

Epoch : 50
Train Loss     : 0.3034	 | 	Train Accuracy     : 0.9870
Valid Loss     : 0.6462	 | 	Valid Accuracy     : 0.8610 | 	Valid F1-score      : 0.8452

Epoch : 51
Train Loss     : 0.2843	 | 	Train Accuracy     : 0.9941
Valid Loss     : 0.5955	 | 	Valid Accuracy     : 0.8794 | 	Valid F1-score      : 0.8738

Epoch : 52
Train Loss     : 0.2809	 | 	Train Accuracy     : 0.9980
Valid Loss     : 0.6004	 | 	Valid Accuracy     : 0.8833 | 	Valid F1-score      : 0.8492

Epoch : 53
Train Loss     : 0.2651	 | 	Train Accuracy     : 0.9922
Valid Loss     : 0.5922	 | 	Valid Accuracy     : 0.8679 | 	Valid F1-score      : 0.8509

Epoch : 54
Train Loss     : 0.2610	 | 	Train Accuracy     : 0.9941
Valid Loss     : 0.5943	 | 	Valid Accuracy     : 0.8647 | 	Valid F1-score      : 0.8400

Epoch : 55
Train Loss     : 0.2447	 | 	Train Accuracy     : 0.9941
Valid Loss     : 0.5773	 | 	Valid Accuracy     : 0.8718 | 	Valid F1-score      : 0.8488

Epoch : 56
Train Loss     : 0.2394	 | 	Train Accuracy     : 0.9941
Valid Loss     : 0.6109	 | 	Valid Accuracy     : 0.8569 | 	Valid F1-score      : 0.8399

Epoch : 57
Train Loss     : 0.2387	 | 	Train Accuracy     : 0.9876
Valid Loss     : 0.5882	 | 	Valid Accuracy     : 0.8606 | 	Valid F1-score      : 0.8230

Epoch : 58
Train Loss     : 0.2213	 | 	Train Accuracy     : 0.9980
Valid Loss     : 0.5570	 | 	Valid Accuracy     : 0.8640 | 	Valid F1-score      : 0.8391

Epoch : 59
Train Loss     : 0.2151	 | 	Train Accuracy     : 0.9961
Valid Loss     : 0.5904	 | 	Valid Accuracy     : 0.8530 | 	Valid F1-score      : 0.8390

Epoch : 60
Train Loss     : 0.2030	 | 	Train Accuracy     : 0.9980
Valid Loss     : 0.5769	 | 	Valid Accuracy     : 0.8569 | 	Valid F1-score      : 0.8235

Epoch : 61
Train Loss     : 0.2067	 | 	Train Accuracy     : 0.9948
Valid Loss     : 0.6072	 | 	Valid Accuracy     : 0.8569 | 	Valid F1-score      : 0.8465

Epoch : 62
Train Loss     : 0.1939	 | 	Train Accuracy     : 0.9941
Valid Loss     : 0.5346	 | 	Valid Accuracy     : 0.8640 | 	Valid F1-score      : 0.8628

Epoch : 63
Train Loss     : 0.1835	 | 	Train Accuracy     : 0.9980
Valid Loss     : 0.5550	 | 	Valid Accuracy     : 0.8606 | 	Valid F1-score      : 0.8452

Epoch : 64
Train Loss     : 0.1818	 | 	Train Accuracy     : 0.9980
Valid Loss     : 0.5417	 | 	Valid Accuracy     : 0.8642 | 	Valid F1-score      : 0.8400

Epoch : 65
Train Loss     : 0.1730	 | 	Train Accuracy     : 0.9980
Valid Loss     : 0.5789	 | 	Valid Accuracy     : 0.8527 | 	Valid F1-score      : 0.8243

Epoch : 66
Train Loss     : 0.1674	 | 	Train Accuracy     : 0.9961
Valid Loss     : 0.5619	 | 	Valid Accuracy     : 0.8420 | 	Valid F1-score      : 0.8296

Epoch : 67
Train Loss     : 0.1633	 | 	Train Accuracy     : 0.9980
Valid Loss     : 0.5755	 | 	Valid Accuracy     : 0.8452 | 	Valid F1-score      : 0.7981

Epoch : 68
Train Loss     : 0.1532	 | 	Train Accuracy     : 1.0000
Valid Loss     : 0.5212	 | 	Valid Accuracy     : 0.8759 | 	Valid F1-score      : 0.8660

Epoch : 69
Train Loss     : 0.1500	 | 	Train Accuracy     : 0.9980
Valid Loss     : 0.5607	 | 	Valid Accuracy     : 0.8532 | 	Valid F1-score      : 0.8217

Epoch : 70
Train Loss     : 0.1456	 | 	Train Accuracy     : 0.9980
Valid Loss     : 0.5426	 | 	Valid Accuracy     : 0.8642 | 	Valid F1-score      : 0.8329

Epoch : 71
Train Loss     : 0.1477	 | 	Train Accuracy     : 0.9980
Valid Loss     : 0.5550	 | 	Valid Accuracy     : 0.8454 | 	Valid F1-score      : 0.8254

Epoch : 72
Train Loss     : 0.1388	 | 	Train Accuracy     : 0.9980
Valid Loss     : 0.5397	 | 	Valid Accuracy     : 0.8488 | 	Valid F1-score      : 0.8217

Epoch : 73
Train Loss     : 0.1299	 | 	Train Accuracy     : 0.9980
Valid Loss     : 0.5526	 | 	Valid Accuracy     : 0.8530 | 	Valid F1-score      : 0.8359

Epoch : 74
Train Loss     : 0.1263	 | 	Train Accuracy     : 0.9980
Valid Loss     : 0.5680	 | 	Valid Accuracy     : 0.8525 | 	Valid F1-score      : 0.8208

Epoch : 75
Train Loss     : 0.1225	 | 	Train Accuracy     : 0.9980
Valid Loss     : 0.4965	 | 	Valid Accuracy     : 0.8755 | 	Valid F1-score      : 0.8561

Epoch : 76
Train Loss     : 0.1231	 | 	Train Accuracy     : 0.9980
Valid Loss     : 0.5410	 | 	Valid Accuracy     : 0.8569 | 	Valid F1-score      : 0.8166

Epoch : 77
Train Loss     : 0.1234	 | 	Train Accuracy     : 0.9980
Valid Loss     : 0.5168	 | 	Valid Accuracy     : 0.8606 | 	Valid F1-score      : 0.8201

Epoch : 78
Train Loss     : 0.1203	 | 	Train Accuracy     : 0.9980
Valid Loss     : 0.5134	 | 	Valid Accuracy     : 0.8677 | 	Valid F1-score      : 0.8429

Epoch : 79
Train Loss     : 0.1146	 | 	Train Accuracy     : 0.9980
Valid Loss     : 0.5240	 | 	Valid Accuracy     : 0.8567 | 	Valid F1-score      : 0.8371

Epoch : 80
Train Loss     : 0.1106	 | 	Train Accuracy     : 0.9961
Valid Loss     : 0.5095	 | 	Valid Accuracy     : 0.8762 | 	Valid F1-score      : 0.8726

Epoch : 81
Train Loss     : 0.1067	 | 	Train Accuracy     : 0.9980
Valid Loss     : 0.5409	 | 	Valid Accuracy     : 0.8532 | 	Valid F1-score      : 0.8465

Epoch : 82
Train Loss     : 0.1037	 | 	Train Accuracy     : 1.0000
Valid Loss     : 0.5138	 | 	Valid Accuracy     : 0.8491 | 	Valid F1-score      : 0.8487

Epoch : 83
Train Loss     : 0.1038	 | 	Train Accuracy     : 0.9961
Valid Loss     : 0.5122	 | 	Valid Accuracy     : 0.8562 | 	Valid F1-score      : 0.8178

Epoch : 84
Train Loss     : 0.0992	 | 	Train Accuracy     : 0.9961
Valid Loss     : 0.4683	 | 	Valid Accuracy     : 0.8716 | 	Valid F1-score      : 0.8504

Epoch : 85
Train Loss     : 0.0993	 | 	Train Accuracy     : 0.9980
Valid Loss     : 0.4866	 | 	Valid Accuracy     : 0.8799 | 	Valid F1-score      : 0.8601

Epoch : 86
Train Loss     : 0.1000	 | 	Train Accuracy     : 0.9941
Valid Loss     : 0.4768	 | 	Valid Accuracy     : 0.8679 | 	Valid F1-score      : 0.8497

Epoch : 87
Train Loss     : 0.0935	 | 	Train Accuracy     : 0.9941
Valid Loss     : 0.4690	 | 	Valid Accuracy     : 0.8679 | 	Valid F1-score      : 0.8676

Epoch : 88
Train Loss     : 0.0962	 | 	Train Accuracy     : 0.9941
Valid Loss     : 0.4626	 | 	Valid Accuracy     : 0.8598 | 	Valid F1-score      : 0.8385

Epoch : 89
Train Loss     : 0.0840	 | 	Train Accuracy     : 1.0000
Valid Loss     : 0.5200	 | 	Valid Accuracy     : 0.8530 | 	Valid F1-score      : 0.8112

Epoch : 90
Train Loss     : 0.0832	 | 	Train Accuracy     : 0.9961
Valid Loss     : 0.4783	 | 	Valid Accuracy     : 0.8645 | 	Valid F1-score      : 0.8355

Epoch : 91
Train Loss     : 0.0792	 | 	Train Accuracy     : 0.9980
Valid Loss     : 0.5440	 | 	Valid Accuracy     : 0.8574 | 	Valid F1-score      : 0.8219

Epoch : 92
Train Loss     : 0.0782	 | 	Train Accuracy     : 0.9980
Valid Loss     : 0.4795	 | 	Valid Accuracy     : 0.8640 | 	Valid F1-score      : 0.8720

Epoch : 93
Train Loss     : 0.0762	 | 	Train Accuracy     : 0.9980
Valid Loss     : 0.5271	 | 	Valid Accuracy     : 0.8569 | 	Valid F1-score      : 0.8318

Epoch : 94
Train Loss     : 0.0717	 | 	Train Accuracy     : 0.9980
Valid Loss     : 0.5111	 | 	Valid Accuracy     : 0.8486 | 	Valid F1-score      : 0.8167

Epoch : 95
Train Loss     : 0.0684	 | 	Train Accuracy     : 0.9980
Valid Loss     : 0.5163	 | 	Valid Accuracy     : 0.8491 | 	Valid F1-score      : 0.8143

Epoch : 96
Train Loss     : 0.0712	 | 	Train Accuracy     : 0.9980
Valid Loss     : 0.4817	 | 	Valid Accuracy     : 0.8488 | 	Valid F1-score      : 0.8433

Epoch : 97
Train Loss     : 0.0672	 | 	Train Accuracy     : 0.9980
Valid Loss     : 0.4719	 | 	Valid Accuracy     : 0.8601 | 	Valid F1-score      : 0.8519

Epoch : 98
Train Loss     : 0.0639	 | 	Train Accuracy     : 0.9980
Valid Loss     : 0.5152	 | 	Valid Accuracy     : 0.8567 | 	Valid F1-score      : 0.8420

Epoch : 99
Train Loss     : 0.0617	 | 	Train Accuracy     : 1.0000
Valid Loss     : 0.5124	 | 	Valid Accuracy     : 0.8454 | 	Valid F1-score      : 0.8360

Epoch : 100
Train Loss     : 0.0594	 | 	Train Accuracy     : 1.0000
Valid Loss     : 0.4629	 | 	Valid Accuracy     : 0.8640 | 	Valid F1-score      : 0.8376

Evaluate on the Test set:
Test loss      :0.4604	 | Test Accuracy      : 0.8601	 | Test F1-score      : 0.8060

################## Training is Done! #########################
Training time is : 0:00:24.015444
