=============================================
Dataset: casas
Method:  Novel Human Activity
Mode:    random_init
=============================================
Data loaded ...
Training started ....

Epoch : 1
Train Loss     : 2.7700	 | 	Train Accuracy     : 0.0625
Valid Loss     : 2.7541	 | 	Valid Accuracy     : 0.0623 | 	Valid F1-score      : 0.0081

Epoch : 2
Train Loss     : 2.7339	 | 	Train Accuracy     : 0.0625
Valid Loss     : 2.7290	 | 	Valid Accuracy     : 0.0659 | 	Valid F1-score      : 0.0084

Epoch : 3
Train Loss     : 2.7163	 | 	Train Accuracy     : 0.0658
Valid Loss     : 2.7077	 | 	Valid Accuracy     : 0.0733 | 	Valid F1-score      : 0.0096

Epoch : 4
Train Loss     : 2.7035	 | 	Train Accuracy     : 0.0625
Valid Loss     : 2.6932	 | 	Valid Accuracy     : 0.0623 | 	Valid F1-score      : 0.0078

Epoch : 5
Train Loss     : 2.6910	 | 	Train Accuracy     : 0.0742
Valid Loss     : 2.6772	 | 	Valid Accuracy     : 0.1158 | 	Valid F1-score      : 0.0283

Epoch : 6
Train Loss     : 2.6770	 | 	Train Accuracy     : 0.1230
Valid Loss     : 2.6715	 | 	Valid Accuracy     : 0.1280 | 	Valid F1-score      : 0.0419

Epoch : 7
Train Loss     : 2.6699	 | 	Train Accuracy     : 0.1497
Valid Loss     : 2.6653	 | 	Valid Accuracy     : 0.1558 | 	Valid F1-score      : 0.0599

Epoch : 8
Train Loss     : 2.6560	 | 	Train Accuracy     : 0.1758
Valid Loss     : 2.6545	 | 	Valid Accuracy     : 0.1941 | 	Valid F1-score      : 0.0783

Epoch : 9
Train Loss     : 2.6472	 | 	Train Accuracy     : 0.1940
Valid Loss     : 2.6399	 | 	Valid Accuracy     : 0.2283 | 	Valid F1-score      : 0.1069

Epoch : 10
Train Loss     : 2.6436	 | 	Train Accuracy     : 0.1751
Valid Loss     : 2.6336	 | 	Valid Accuracy     : 0.1861 | 	Valid F1-score      : 0.0728

Epoch : 11
Train Loss     : 2.6333	 | 	Train Accuracy     : 0.2044
Valid Loss     : 2.6265	 | 	Valid Accuracy     : 0.1824 | 	Valid F1-score      : 0.0765

Epoch : 12
Train Loss     : 2.6235	 | 	Train Accuracy     : 0.2070
Valid Loss     : 2.6210	 | 	Valid Accuracy     : 0.2058 | 	Valid F1-score      : 0.1006

Epoch : 13
Train Loss     : 2.6178	 | 	Train Accuracy     : 0.2396
Valid Loss     : 2.6126	 | 	Valid Accuracy     : 0.2058 | 	Valid F1-score      : 0.1104

Epoch : 14
Train Loss     : 2.6061	 | 	Train Accuracy     : 0.2070
Valid Loss     : 2.5976	 | 	Valid Accuracy     : 0.2518 | 	Valid F1-score      : 0.1697

Epoch : 15
Train Loss     : 2.5957	 | 	Train Accuracy     : 0.2734
Valid Loss     : 2.5929	 | 	Valid Accuracy     : 0.2713 | 	Valid F1-score      : 0.1707

Epoch : 16
Train Loss     : 2.5922	 | 	Train Accuracy     : 0.2656
Valid Loss     : 2.5851	 | 	Valid Accuracy     : 0.2750 | 	Valid F1-score      : 0.1885

Epoch : 17
Train Loss     : 2.5820	 | 	Train Accuracy     : 0.2793
Valid Loss     : 2.5783	 | 	Valid Accuracy     : 0.2669 | 	Valid F1-score      : 0.1786

Epoch : 18
Train Loss     : 2.5728	 | 	Train Accuracy     : 0.2839
Valid Loss     : 2.5725	 | 	Valid Accuracy     : 0.2444 | 	Valid F1-score      : 0.1582

Epoch : 19
Train Loss     : 2.5649	 | 	Train Accuracy     : 0.2773
Valid Loss     : 2.5565	 | 	Valid Accuracy     : 0.2557 | 	Valid F1-score      : 0.1560

Epoch : 20
Train Loss     : 2.5499	 | 	Train Accuracy     : 0.2832
Valid Loss     : 2.5513	 | 	Valid Accuracy     : 0.2371 | 	Valid F1-score      : 0.1472

Epoch : 21
Train Loss     : 2.5507	 | 	Train Accuracy     : 0.2786
Valid Loss     : 2.5422	 | 	Valid Accuracy     : 0.2557 | 	Valid F1-score      : 0.1594

Epoch : 22
Train Loss     : 2.5415	 | 	Train Accuracy     : 0.2539
Valid Loss     : 2.5429	 | 	Valid Accuracy     : 0.2603 | 	Valid F1-score      : 0.1585

Epoch : 23
Train Loss     : 2.5313	 | 	Train Accuracy     : 0.2630
Valid Loss     : 2.5275	 | 	Valid Accuracy     : 0.2557 | 	Valid F1-score      : 0.1602

Epoch : 24
Train Loss     : 2.5225	 | 	Train Accuracy     : 0.2975
Valid Loss     : 2.5142	 | 	Valid Accuracy     : 0.2865 | 	Valid F1-score      : 0.2164

Epoch : 25
Train Loss     : 2.5081	 | 	Train Accuracy     : 0.3040
Valid Loss     : 2.5064	 | 	Valid Accuracy     : 0.2669 | 	Valid F1-score      : 0.1709

Epoch : 26
Train Loss     : 2.5062	 | 	Train Accuracy     : 0.3138
Valid Loss     : 2.5007	 | 	Valid Accuracy     : 0.2718 | 	Valid F1-score      : 0.1974

Epoch : 27
Train Loss     : 2.4951	 | 	Train Accuracy     : 0.2884
Valid Loss     : 2.4946	 | 	Valid Accuracy     : 0.2750 | 	Valid F1-score      : 0.2205

Epoch : 28
Train Loss     : 2.4895	 | 	Train Accuracy     : 0.3053
Valid Loss     : 2.4904	 | 	Valid Accuracy     : 0.2833 | 	Valid F1-score      : 0.2018

Epoch : 29
Train Loss     : 2.4773	 | 	Train Accuracy     : 0.2910
Valid Loss     : 2.4842	 | 	Valid Accuracy     : 0.2486 | 	Valid F1-score      : 0.1719

Epoch : 30
Train Loss     : 2.4708	 | 	Train Accuracy     : 0.3021
Valid Loss     : 2.4727	 | 	Valid Accuracy     : 0.2750 | 	Valid F1-score      : 0.1938

Epoch : 31
Train Loss     : 2.4674	 | 	Train Accuracy     : 0.3249
Valid Loss     : 2.4702	 | 	Valid Accuracy     : 0.2679 | 	Valid F1-score      : 0.1845

Epoch : 32
Train Loss     : 2.4526	 | 	Train Accuracy     : 0.3040
Valid Loss     : 2.4500	 | 	Valid Accuracy     : 0.2750 | 	Valid F1-score      : 0.1726

Epoch : 33
Train Loss     : 2.4459	 | 	Train Accuracy     : 0.2845
Valid Loss     : 2.4508	 | 	Valid Accuracy     : 0.2669 | 	Valid F1-score      : 0.1662

Epoch : 34
Train Loss     : 2.4416	 | 	Train Accuracy     : 0.3014
Valid Loss     : 2.4403	 | 	Valid Accuracy     : 0.2562 | 	Valid F1-score      : 0.1656

Epoch : 35
Train Loss     : 2.4302	 | 	Train Accuracy     : 0.2982
Valid Loss     : 2.4363	 | 	Valid Accuracy     : 0.2977 | 	Valid F1-score      : 0.2300

Epoch : 36
Train Loss     : 2.4218	 | 	Train Accuracy     : 0.3294
Valid Loss     : 2.4298	 | 	Valid Accuracy     : 0.2713 | 	Valid F1-score      : 0.2014

Epoch : 37
Train Loss     : 2.4270	 | 	Train Accuracy     : 0.2773
Valid Loss     : 2.4359	 | 	Valid Accuracy     : 0.2598 | 	Valid F1-score      : 0.1770

Epoch : 38
Train Loss     : 2.4102	 | 	Train Accuracy     : 0.3092
Valid Loss     : 2.4206	 | 	Valid Accuracy     : 0.2750 | 	Valid F1-score      : 0.2064

Epoch : 39
Train Loss     : 2.3972	 | 	Train Accuracy     : 0.3581
Valid Loss     : 2.4107	 | 	Valid Accuracy     : 0.2752 | 	Valid F1-score      : 0.1918

Epoch : 40
Train Loss     : 2.3987	 | 	Train Accuracy     : 0.3190
Valid Loss     : 2.3983	 | 	Valid Accuracy     : 0.2860 | 	Valid F1-score      : 0.2026

Epoch : 41
Train Loss     : 2.3986	 | 	Train Accuracy     : 0.3073
Valid Loss     : 2.4147	 | 	Valid Accuracy     : 0.2828 | 	Valid F1-score      : 0.2002

Epoch : 42
Train Loss     : 2.3858	 | 	Train Accuracy     : 0.3177
Valid Loss     : 2.3920	 | 	Valid Accuracy     : 0.2987 | 	Valid F1-score      : 0.2134

Epoch : 43
Train Loss     : 2.3781	 | 	Train Accuracy     : 0.3477
Valid Loss     : 2.3970	 | 	Valid Accuracy     : 0.3177 | 	Valid F1-score      : 0.2312

Epoch : 44
Train Loss     : 2.3717	 | 	Train Accuracy     : 0.3307
Valid Loss     : 2.3993	 | 	Valid Accuracy     : 0.3026 | 	Valid F1-score      : 0.2060

Epoch : 45
Train Loss     : 2.3729	 | 	Train Accuracy     : 0.3372
Valid Loss     : 2.3977	 | 	Valid Accuracy     : 0.3177 | 	Valid F1-score      : 0.2303

Epoch : 46
Train Loss     : 2.3753	 | 	Train Accuracy     : 0.3281
Valid Loss     : 2.3852	 | 	Valid Accuracy     : 0.3023 | 	Valid F1-score      : 0.2162

Epoch : 47
Train Loss     : 2.3560	 | 	Train Accuracy     : 0.3451
Valid Loss     : 2.3812	 | 	Valid Accuracy     : 0.2913 | 	Valid F1-score      : 0.2046

Epoch : 48
Train Loss     : 2.3700	 | 	Train Accuracy     : 0.3359
Valid Loss     : 2.3725	 | 	Valid Accuracy     : 0.2764 | 	Valid F1-score      : 0.1931

Epoch : 49
Train Loss     : 2.3476	 | 	Train Accuracy     : 0.3118
Valid Loss     : 2.3922	 | 	Valid Accuracy     : 0.2876 | 	Valid F1-score      : 0.1964

Epoch : 50
Train Loss     : 2.3438	 | 	Train Accuracy     : 0.3359
Valid Loss     : 2.3593	 | 	Valid Accuracy     : 0.2947 | 	Valid F1-score      : 0.2238

Epoch : 51
Train Loss     : 2.3566	 | 	Train Accuracy     : 0.3236
Valid Loss     : 2.3599	 | 	Valid Accuracy     : 0.3021 | 	Valid F1-score      : 0.2253

Epoch : 52
Train Loss     : 2.3457	 | 	Train Accuracy     : 0.3424
Valid Loss     : 2.3690	 | 	Valid Accuracy     : 0.2947 | 	Valid F1-score      : 0.1964

Epoch : 53
Train Loss     : 2.3424	 | 	Train Accuracy     : 0.3451
Valid Loss     : 2.3597	 | 	Valid Accuracy     : 0.2796 | 	Valid F1-score      : 0.1992

Epoch : 54
Train Loss     : 2.3405	 | 	Train Accuracy     : 0.3307
Valid Loss     : 2.3465	 | 	Valid Accuracy     : 0.2872 | 	Valid F1-score      : 0.1840

Epoch : 55
Train Loss     : 2.3203	 | 	Train Accuracy     : 0.3535
Valid Loss     : 2.3449	 | 	Valid Accuracy     : 0.3069 | 	Valid F1-score      : 0.2220

Epoch : 56
Train Loss     : 2.3280	 | 	Train Accuracy     : 0.3451
Valid Loss     : 2.3609	 | 	Valid Accuracy     : 0.3143 | 	Valid F1-score      : 0.2352

Epoch : 57
Train Loss     : 2.3177	 | 	Train Accuracy     : 0.3542
Valid Loss     : 2.3383	 | 	Valid Accuracy     : 0.3143 | 	Valid F1-score      : 0.2447

Epoch : 58
Train Loss     : 2.3067	 | 	Train Accuracy     : 0.3548
Valid Loss     : 2.3310	 | 	Valid Accuracy     : 0.3138 | 	Valid F1-score      : 0.2192

Epoch : 59
Train Loss     : 2.2942	 | 	Train Accuracy     : 0.3737
Valid Loss     : 2.3159	 | 	Valid Accuracy     : 0.3561 | 	Valid F1-score      : 0.2874

Epoch : 60
Train Loss     : 2.3202	 | 	Train Accuracy     : 0.3483
Valid Loss     : 2.3311	 | 	Valid Accuracy     : 0.3140 | 	Valid F1-score      : 0.2435

Epoch : 61
Train Loss     : 2.3081	 | 	Train Accuracy     : 0.3574
Valid Loss     : 2.3380	 | 	Valid Accuracy     : 0.2991 | 	Valid F1-score      : 0.2281

Epoch : 62
Train Loss     : 2.2939	 | 	Train Accuracy     : 0.3490
Valid Loss     : 2.3141	 | 	Valid Accuracy     : 0.3062 | 	Valid F1-score      : 0.2411

Epoch : 63
Train Loss     : 2.2791	 | 	Train Accuracy     : 0.3626
Valid Loss     : 2.3016	 | 	Valid Accuracy     : 0.3255 | 	Valid F1-score      : 0.2537

Epoch : 64
Train Loss     : 2.2781	 | 	Train Accuracy     : 0.3730
Valid Loss     : 2.3014	 | 	Valid Accuracy     : 0.3485 | 	Valid F1-score      : 0.2685

Epoch : 65
Train Loss     : 2.2678	 | 	Train Accuracy     : 0.3802
Valid Loss     : 2.2860	 | 	Valid Accuracy     : 0.3480 | 	Valid F1-score      : 0.2596

Epoch : 66
Train Loss     : 2.2593	 | 	Train Accuracy     : 0.3874
Valid Loss     : 2.3222	 | 	Valid Accuracy     : 0.3191 | 	Valid F1-score      : 0.2525

Epoch : 67
Train Loss     : 2.2652	 | 	Train Accuracy     : 0.4076
Valid Loss     : 2.2920	 | 	Valid Accuracy     : 0.3485 | 	Valid F1-score      : 0.2637

Epoch : 68
Train Loss     : 2.2697	 | 	Train Accuracy     : 0.3783
Valid Loss     : 2.3031	 | 	Valid Accuracy     : 0.3299 | 	Valid F1-score      : 0.2752

Epoch : 69
Train Loss     : 2.2612	 | 	Train Accuracy     : 0.3685
Valid Loss     : 2.2948	 | 	Valid Accuracy     : 0.3265 | 	Valid F1-score      : 0.2609

Epoch : 70
Train Loss     : 2.2414	 | 	Train Accuracy     : 0.3796
Valid Loss     : 2.2777	 | 	Valid Accuracy     : 0.3531 | 	Valid F1-score      : 0.3100

Epoch : 71
Train Loss     : 2.2543	 | 	Train Accuracy     : 0.3802
Valid Loss     : 2.2618	 | 	Valid Accuracy     : 0.4025 | 	Valid F1-score      : 0.3312

Epoch : 72
Train Loss     : 2.2464	 | 	Train Accuracy     : 0.3789
Valid Loss     : 2.2732	 | 	Valid Accuracy     : 0.3487 | 	Valid F1-score      : 0.2850

Epoch : 73
Train Loss     : 2.2332	 | 	Train Accuracy     : 0.3757
Valid Loss     : 2.2765	 | 	Valid Accuracy     : 0.3685 | 	Valid F1-score      : 0.2911

Epoch : 74
Train Loss     : 2.2366	 | 	Train Accuracy     : 0.3828
Valid Loss     : 2.2743	 | 	Valid Accuracy     : 0.3455 | 	Valid F1-score      : 0.2911

Epoch : 75
Train Loss     : 2.2331	 | 	Train Accuracy     : 0.3997
Valid Loss     : 2.2718	 | 	Valid Accuracy     : 0.3340 | 	Valid F1-score      : 0.2470

Epoch : 76
Train Loss     : 2.2218	 | 	Train Accuracy     : 0.3906
Valid Loss     : 2.2622	 | 	Valid Accuracy     : 0.3568 | 	Valid F1-score      : 0.2907

Epoch : 77
Train Loss     : 2.2329	 | 	Train Accuracy     : 0.3945
Valid Loss     : 2.2671	 | 	Valid Accuracy     : 0.3411 | 	Valid F1-score      : 0.2844

Epoch : 78
Train Loss     : 2.2304	 | 	Train Accuracy     : 0.3978
Valid Loss     : 2.2669	 | 	Valid Accuracy     : 0.3338 | 	Valid F1-score      : 0.2574

Epoch : 79
Train Loss     : 2.2176	 | 	Train Accuracy     : 0.3991
Valid Loss     : 2.2345	 | 	Valid Accuracy     : 0.3338 | 	Valid F1-score      : 0.2593

Epoch : 80
Train Loss     : 2.2119	 | 	Train Accuracy     : 0.4193
Valid Loss     : 2.2306	 | 	Valid Accuracy     : 0.3797 | 	Valid F1-score      : 0.3239

Epoch : 81
Train Loss     : 2.1884	 | 	Train Accuracy     : 0.4199
Valid Loss     : 2.2402	 | 	Valid Accuracy     : 0.3382 | 	Valid F1-score      : 0.2670

Epoch : 82
Train Loss     : 2.2145	 | 	Train Accuracy     : 0.4121
Valid Loss     : 2.2348	 | 	Valid Accuracy     : 0.3646 | 	Valid F1-score      : 0.3182

Epoch : 83
Train Loss     : 2.1938	 | 	Train Accuracy     : 0.4023
Valid Loss     : 2.2471	 | 	Valid Accuracy     : 0.3731 | 	Valid F1-score      : 0.2936

Epoch : 84
Train Loss     : 2.1914	 | 	Train Accuracy     : 0.4258
Valid Loss     : 2.2213	 | 	Valid Accuracy     : 0.3949 | 	Valid F1-score      : 0.3463

Epoch : 85
Train Loss     : 2.1828	 | 	Train Accuracy     : 0.4082
Valid Loss     : 2.2151	 | 	Valid Accuracy     : 0.3751 | 	Valid F1-score      : 0.2975

Epoch : 86
Train Loss     : 2.1872	 | 	Train Accuracy     : 0.4258
Valid Loss     : 2.1996	 | 	Valid Accuracy     : 0.3719 | 	Valid F1-score      : 0.3265

Epoch : 87
Train Loss     : 2.1721	 | 	Train Accuracy     : 0.4277
Valid Loss     : 2.2067	 | 	Valid Accuracy     : 0.3802 | 	Valid F1-score      : 0.3340

Epoch : 88
Train Loss     : 2.1819	 | 	Train Accuracy     : 0.4010
Valid Loss     : 2.2039	 | 	Valid Accuracy     : 0.3719 | 	Valid F1-score      : 0.3079

Epoch : 89
Train Loss     : 2.1688	 | 	Train Accuracy     : 0.4388
Valid Loss     : 2.2082	 | 	Valid Accuracy     : 0.3455 | 	Valid F1-score      : 0.2874

Epoch : 90
Train Loss     : 2.1632	 | 	Train Accuracy     : 0.4193
Valid Loss     : 2.1894	 | 	Valid Accuracy     : 0.3754 | 	Valid F1-score      : 0.2943

Epoch : 91
Train Loss     : 2.1611	 | 	Train Accuracy     : 0.4401
Valid Loss     : 2.1846	 | 	Valid Accuracy     : 0.3687 | 	Valid F1-score      : 0.3038

Epoch : 92
Train Loss     : 2.1520	 | 	Train Accuracy     : 0.4316
Valid Loss     : 2.1849	 | 	Valid Accuracy     : 0.3993 | 	Valid F1-score      : 0.3574

Epoch : 93
Train Loss     : 2.1435	 | 	Train Accuracy     : 0.4134
Valid Loss     : 2.1841	 | 	Valid Accuracy     : 0.3719 | 	Valid F1-score      : 0.2955

Epoch : 94
Train Loss     : 2.1390	 | 	Train Accuracy     : 0.4193
Valid Loss     : 2.1663	 | 	Valid Accuracy     : 0.3880 | 	Valid F1-score      : 0.3195

Epoch : 95
Train Loss     : 2.1376	 | 	Train Accuracy     : 0.4518
Valid Loss     : 2.1926	 | 	Valid Accuracy     : 0.3802 | 	Valid F1-score      : 0.3075

Epoch : 96
Train Loss     : 2.1510	 | 	Train Accuracy     : 0.4180
Valid Loss     : 2.1600	 | 	Valid Accuracy     : 0.3612 | 	Valid F1-score      : 0.3017

Epoch : 97
Train Loss     : 2.1209	 | 	Train Accuracy     : 0.4505
Valid Loss     : 2.1391	 | 	Valid Accuracy     : 0.3988 | 	Valid F1-score      : 0.3436

Epoch : 98
Train Loss     : 2.1193	 | 	Train Accuracy     : 0.4362
Valid Loss     : 2.1771	 | 	Valid Accuracy     : 0.3804 | 	Valid F1-score      : 0.3239

Epoch : 99
Train Loss     : 2.1145	 | 	Train Accuracy     : 0.4264
Valid Loss     : 2.1557	 | 	Valid Accuracy     : 0.4032 | 	Valid F1-score      : 0.3531

Epoch : 100
Train Loss     : 2.1038	 | 	Train Accuracy     : 0.4486
Valid Loss     : 2.1468	 | 	Valid Accuracy     : 0.3770 | 	Valid F1-score      : 0.3436

Evaluate on the Test set:
Test loss      :2.1438	 | Test Accuracy      : 0.3871	 | Test F1-score      : 0.3329

################## Training is Done! #########################
Training time is : 0:00:13.067030
