=============================================
Dataset: casas
Method:  Novel Human Activity
Mode:    supervised
=============================================
Data loaded ...
Training started ....

Epoch : 1
Train Loss     : 2.6795	 | 	Train Accuracy     : 0.0918
Valid Loss     : 2.6170	 | 	Valid Accuracy     : 0.1241 | 	Valid F1-score      : 0.0428

Epoch : 2
Train Loss     : 2.5532	 | 	Train Accuracy     : 0.1497
Valid Loss     : 2.5296	 | 	Valid Accuracy     : 0.2132 | 	Valid F1-score      : 0.1349

Epoch : 3
Train Loss     : 2.4558	 | 	Train Accuracy     : 0.2930
Valid Loss     : 2.4583	 | 	Valid Accuracy     : 0.2955 | 	Valid F1-score      : 0.2444

Epoch : 4
Train Loss     : 2.3671	 | 	Train Accuracy     : 0.4043
Valid Loss     : 2.3604	 | 	Valid Accuracy     : 0.3683 | 	Valid F1-score      : 0.2985

Epoch : 5
Train Loss     : 2.2791	 | 	Train Accuracy     : 0.4759
Valid Loss     : 2.2843	 | 	Valid Accuracy     : 0.4493 | 	Valid F1-score      : 0.3810

Epoch : 6
Train Loss     : 2.1881	 | 	Train Accuracy     : 0.5273
Valid Loss     : 2.2182	 | 	Valid Accuracy     : 0.4847 | 	Valid F1-score      : 0.4356

Epoch : 7
Train Loss     : 2.1014	 | 	Train Accuracy     : 0.5911
Valid Loss     : 2.1409	 | 	Valid Accuracy     : 0.5426 | 	Valid F1-score      : 0.5183

Epoch : 8
Train Loss     : 2.0005	 | 	Train Accuracy     : 0.6504
Valid Loss     : 2.0705	 | 	Valid Accuracy     : 0.5927 | 	Valid F1-score      : 0.5529

Epoch : 9
Train Loss     : 1.9193	 | 	Train Accuracy     : 0.6829
Valid Loss     : 1.9499	 | 	Valid Accuracy     : 0.6276 | 	Valid F1-score      : 0.5668

Epoch : 10
Train Loss     : 1.8243	 | 	Train Accuracy     : 0.7285
Valid Loss     : 1.8653	 | 	Valid Accuracy     : 0.6696 | 	Valid F1-score      : 0.6395

Epoch : 11
Train Loss     : 1.7282	 | 	Train Accuracy     : 0.7819
Valid Loss     : 1.7958	 | 	Valid Accuracy     : 0.7013 | 	Valid F1-score      : 0.6948

Epoch : 12
Train Loss     : 1.6355	 | 	Train Accuracy     : 0.8027
Valid Loss     : 1.6932	 | 	Valid Accuracy     : 0.7321 | 	Valid F1-score      : 0.7139

Epoch : 13
Train Loss     : 1.5374	 | 	Train Accuracy     : 0.8574
Valid Loss     : 1.6559	 | 	Valid Accuracy     : 0.7450 | 	Valid F1-score      : 0.6944

Epoch : 14
Train Loss     : 1.4500	 | 	Train Accuracy     : 0.8763
Valid Loss     : 1.5614	 | 	Valid Accuracy     : 0.7714 | 	Valid F1-score      : 0.7261

Epoch : 15
Train Loss     : 1.3787	 | 	Train Accuracy     : 0.9010
Valid Loss     : 1.5082	 | 	Valid Accuracy     : 0.7751 | 	Valid F1-score      : 0.7294

Epoch : 16
Train Loss     : 1.3198	 | 	Train Accuracy     : 0.9043
Valid Loss     : 1.4548	 | 	Valid Accuracy     : 0.8103 | 	Valid F1-score      : 0.7912

Epoch : 17
Train Loss     : 1.2558	 | 	Train Accuracy     : 0.9219
Valid Loss     : 1.4010	 | 	Valid Accuracy     : 0.7724 | 	Valid F1-score      : 0.7515

Epoch : 18
Train Loss     : 1.1850	 | 	Train Accuracy     : 0.9043
Valid Loss     : 1.3446	 | 	Valid Accuracy     : 0.7946 | 	Valid F1-score      : 0.7598

Epoch : 19
Train Loss     : 1.1219	 | 	Train Accuracy     : 0.9095
Valid Loss     : 1.3144	 | 	Valid Accuracy     : 0.7792 | 	Valid F1-score      : 0.7304

Epoch : 20
Train Loss     : 1.0577	 | 	Train Accuracy     : 0.9284
Valid Loss     : 1.2436	 | 	Valid Accuracy     : 0.8134 | 	Valid F1-score      : 0.7947

Epoch : 21
Train Loss     : 1.0233	 | 	Train Accuracy     : 0.9238
Valid Loss     : 1.2279	 | 	Valid Accuracy     : 0.8139 | 	Valid F1-score      : 0.7914

Epoch : 22
Train Loss     : 0.9672	 | 	Train Accuracy     : 0.9473
Valid Loss     : 1.1894	 | 	Valid Accuracy     : 0.8059 | 	Valid F1-score      : 0.7784

Epoch : 23
Train Loss     : 0.9257	 | 	Train Accuracy     : 0.9499
Valid Loss     : 1.1421	 | 	Valid Accuracy     : 0.8332 | 	Valid F1-score      : 0.8056

Epoch : 24
Train Loss     : 0.8827	 | 	Train Accuracy     : 0.9557
Valid Loss     : 1.1288	 | 	Valid Accuracy     : 0.8139 | 	Valid F1-score      : 0.8083

Epoch : 25
Train Loss     : 0.8449	 | 	Train Accuracy     : 0.9440
Valid Loss     : 1.0876	 | 	Valid Accuracy     : 0.8291 | 	Valid F1-score      : 0.7762

Epoch : 26
Train Loss     : 0.7961	 | 	Train Accuracy     : 0.9688
Valid Loss     : 1.0747	 | 	Valid Accuracy     : 0.8217 | 	Valid F1-score      : 0.8098

Epoch : 27
Train Loss     : 0.7649	 | 	Train Accuracy     : 0.9785
Valid Loss     : 1.0267	 | 	Valid Accuracy     : 0.8327 | 	Valid F1-score      : 0.8191

Epoch : 28
Train Loss     : 0.7345	 | 	Train Accuracy     : 0.9714
Valid Loss     : 1.0147	 | 	Valid Accuracy     : 0.8408 | 	Valid F1-score      : 0.8170

Epoch : 29
Train Loss     : 0.7175	 | 	Train Accuracy     : 0.9661
Valid Loss     : 0.9928	 | 	Valid Accuracy     : 0.8137 | 	Valid F1-score      : 0.7757

Epoch : 30
Train Loss     : 0.6803	 | 	Train Accuracy     : 0.9863
Valid Loss     : 0.9506	 | 	Valid Accuracy     : 0.8291 | 	Valid F1-score      : 0.7978

Epoch : 31
Train Loss     : 0.6467	 | 	Train Accuracy     : 0.9766
Valid Loss     : 0.9332	 | 	Valid Accuracy     : 0.8330 | 	Valid F1-score      : 0.8123

Epoch : 32
Train Loss     : 0.6106	 | 	Train Accuracy     : 0.9902
Valid Loss     : 0.9416	 | 	Valid Accuracy     : 0.8408 | 	Valid F1-score      : 0.8451

Epoch : 33
Train Loss     : 0.5845	 | 	Train Accuracy     : 0.9733
Valid Loss     : 0.9093	 | 	Valid Accuracy     : 0.8254 | 	Valid F1-score      : 0.7907

Epoch : 34
Train Loss     : 0.5629	 | 	Train Accuracy     : 0.9766
Valid Loss     : 0.8872	 | 	Valid Accuracy     : 0.8295 | 	Valid F1-score      : 0.7788

Epoch : 35
Train Loss     : 0.5339	 | 	Train Accuracy     : 0.9824
Valid Loss     : 0.8768	 | 	Valid Accuracy     : 0.8295 | 	Valid F1-score      : 0.7902

Epoch : 36
Train Loss     : 0.5089	 | 	Train Accuracy     : 0.9844
Valid Loss     : 0.8512	 | 	Valid Accuracy     : 0.8366 | 	Valid F1-score      : 0.8156

Epoch : 37
Train Loss     : 0.4951	 | 	Train Accuracy     : 0.9889
Valid Loss     : 0.8472	 | 	Valid Accuracy     : 0.8332 | 	Valid F1-score      : 0.7987

Epoch : 38
Train Loss     : 0.4681	 | 	Train Accuracy     : 0.9870
Valid Loss     : 0.8182	 | 	Valid Accuracy     : 0.8445 | 	Valid F1-score      : 0.8297

Epoch : 39
Train Loss     : 0.4535	 | 	Train Accuracy     : 0.9870
Valid Loss     : 0.8222	 | 	Valid Accuracy     : 0.8254 | 	Valid F1-score      : 0.7999

Epoch : 40
Train Loss     : 0.4264	 | 	Train Accuracy     : 0.9883
Valid Loss     : 0.8131	 | 	Valid Accuracy     : 0.8332 | 	Valid F1-score      : 0.8243

Epoch : 41
Train Loss     : 0.4267	 | 	Train Accuracy     : 0.9922
Valid Loss     : 0.8241	 | 	Valid Accuracy     : 0.8259 | 	Valid F1-score      : 0.8092

Epoch : 42
Train Loss     : 0.4127	 | 	Train Accuracy     : 0.9902
Valid Loss     : 0.8274	 | 	Valid Accuracy     : 0.8105 | 	Valid F1-score      : 0.7911

Epoch : 43
Train Loss     : 0.3878	 | 	Train Accuracy     : 0.9922
Valid Loss     : 0.8188	 | 	Valid Accuracy     : 0.8146 | 	Valid F1-score      : 0.8012

Epoch : 44
Train Loss     : 0.3675	 | 	Train Accuracy     : 0.9941
Valid Loss     : 0.7998	 | 	Valid Accuracy     : 0.8220 | 	Valid F1-score      : 0.8034

Epoch : 45
Train Loss     : 0.3554	 | 	Train Accuracy     : 0.9941
Valid Loss     : 0.7772	 | 	Valid Accuracy     : 0.8103 | 	Valid F1-score      : 0.7913

Epoch : 46
Train Loss     : 0.3405	 | 	Train Accuracy     : 0.9961
Valid Loss     : 0.7552	 | 	Valid Accuracy     : 0.8254 | 	Valid F1-score      : 0.8279

Epoch : 47
Train Loss     : 0.3249	 | 	Train Accuracy     : 0.9961
Valid Loss     : 0.7743	 | 	Valid Accuracy     : 0.8142 | 	Valid F1-score      : 0.7665

Epoch : 48
Train Loss     : 0.3151	 | 	Train Accuracy     : 1.0000
Valid Loss     : 0.7560	 | 	Valid Accuracy     : 0.8098 | 	Valid F1-score      : 0.7732

Epoch : 49
Train Loss     : 0.3007	 | 	Train Accuracy     : 1.0000
Valid Loss     : 0.7617	 | 	Valid Accuracy     : 0.8181 | 	Valid F1-score      : 0.7959

Epoch : 50
Train Loss     : 0.2856	 | 	Train Accuracy     : 1.0000
Valid Loss     : 0.7575	 | 	Valid Accuracy     : 0.8105 | 	Valid F1-score      : 0.7485

Epoch : 51
Train Loss     : 0.2814	 | 	Train Accuracy     : 0.9961
Valid Loss     : 0.7302	 | 	Valid Accuracy     : 0.8335 | 	Valid F1-score      : 0.7801

Epoch : 52
Train Loss     : 0.2861	 | 	Train Accuracy     : 0.9876
Valid Loss     : 0.7260	 | 	Valid Accuracy     : 0.8171 | 	Valid F1-score      : 0.7688

Epoch : 53
Train Loss     : 0.2593	 | 	Train Accuracy     : 1.0000
Valid Loss     : 0.7445	 | 	Valid Accuracy     : 0.8256 | 	Valid F1-score      : 0.7922

Epoch : 54
Train Loss     : 0.2713	 | 	Train Accuracy     : 0.9941
Valid Loss     : 0.7535	 | 	Valid Accuracy     : 0.8449 | 	Valid F1-score      : 0.8357

Epoch : 55
Train Loss     : 0.2508	 | 	Train Accuracy     : 0.9961
Valid Loss     : 0.7101	 | 	Valid Accuracy     : 0.8371 | 	Valid F1-score      : 0.7955

Epoch : 56
Train Loss     : 0.2342	 | 	Train Accuracy     : 1.0000
Valid Loss     : 0.6978	 | 	Valid Accuracy     : 0.8366 | 	Valid F1-score      : 0.8309

Epoch : 57
Train Loss     : 0.2348	 | 	Train Accuracy     : 0.9941
Valid Loss     : 0.6834	 | 	Valid Accuracy     : 0.8288 | 	Valid F1-score      : 0.8113

Epoch : 58
Train Loss     : 0.2179	 | 	Train Accuracy     : 1.0000
Valid Loss     : 0.7006	 | 	Valid Accuracy     : 0.8215 | 	Valid F1-score      : 0.7905

Epoch : 59
Train Loss     : 0.2081	 | 	Train Accuracy     : 1.0000
Valid Loss     : 0.7260	 | 	Valid Accuracy     : 0.8146 | 	Valid F1-score      : 0.7783

Epoch : 60
Train Loss     : 0.1970	 | 	Train Accuracy     : 1.0000
Valid Loss     : 0.7168	 | 	Valid Accuracy     : 0.8100 | 	Valid F1-score      : 0.7683

Epoch : 61
Train Loss     : 0.1921	 | 	Train Accuracy     : 0.9948
Valid Loss     : 0.6992	 | 	Valid Accuracy     : 0.8142 | 	Valid F1-score      : 0.8038

Epoch : 62
Train Loss     : 0.1858	 | 	Train Accuracy     : 1.0000
Valid Loss     : 0.6754	 | 	Valid Accuracy     : 0.8288 | 	Valid F1-score      : 0.8084

Epoch : 63
Train Loss     : 0.1802	 | 	Train Accuracy     : 0.9980
Valid Loss     : 0.6873	 | 	Valid Accuracy     : 0.8295 | 	Valid F1-score      : 0.8149

Epoch : 64
Train Loss     : 0.1712	 | 	Train Accuracy     : 1.0000
Valid Loss     : 0.7140	 | 	Valid Accuracy     : 0.7958 | 	Valid F1-score      : 0.7714

Epoch : 65
Train Loss     : 0.1625	 | 	Train Accuracy     : 1.0000
Valid Loss     : 0.7163	 | 	Valid Accuracy     : 0.8146 | 	Valid F1-score      : 0.7858

Epoch : 66
Train Loss     : 0.1593	 | 	Train Accuracy     : 1.0000
Valid Loss     : 0.6939	 | 	Valid Accuracy     : 0.8220 | 	Valid F1-score      : 0.7531

Epoch : 67
Train Loss     : 0.1524	 | 	Train Accuracy     : 1.0000
Valid Loss     : 0.6802	 | 	Valid Accuracy     : 0.8144 | 	Valid F1-score      : 0.7941

Epoch : 68
Train Loss     : 0.1490	 | 	Train Accuracy     : 1.0000
Valid Loss     : 0.7145	 | 	Valid Accuracy     : 0.8071 | 	Valid F1-score      : 0.7842

Epoch : 69
Train Loss     : 0.1438	 | 	Train Accuracy     : 1.0000
Valid Loss     : 0.6814	 | 	Valid Accuracy     : 0.8295 | 	Valid F1-score      : 0.8248

Epoch : 70
Train Loss     : 0.1392	 | 	Train Accuracy     : 0.9980
Valid Loss     : 0.6532	 | 	Valid Accuracy     : 0.8330 | 	Valid F1-score      : 0.8055

Epoch : 71
Train Loss     : 0.1327	 | 	Train Accuracy     : 1.0000
Valid Loss     : 0.6724	 | 	Valid Accuracy     : 0.8445 | 	Valid F1-score      : 0.8308

Epoch : 72
Train Loss     : 0.1276	 | 	Train Accuracy     : 1.0000
Valid Loss     : 0.6571	 | 	Valid Accuracy     : 0.8293 | 	Valid F1-score      : 0.8306

Epoch : 73
Train Loss     : 0.1242	 | 	Train Accuracy     : 1.0000
Valid Loss     : 0.6567	 | 	Valid Accuracy     : 0.8374 | 	Valid F1-score      : 0.8268

Epoch : 74
Train Loss     : 0.1194	 | 	Train Accuracy     : 1.0000
Valid Loss     : 0.6519	 | 	Valid Accuracy     : 0.8332 | 	Valid F1-score      : 0.8170

Epoch : 75
Train Loss     : 0.1182	 | 	Train Accuracy     : 1.0000
Valid Loss     : 0.6558	 | 	Valid Accuracy     : 0.8139 | 	Valid F1-score      : 0.7586

Epoch : 76
Train Loss     : 0.1168	 | 	Train Accuracy     : 1.0000
Valid Loss     : 0.6758	 | 	Valid Accuracy     : 0.8259 | 	Valid F1-score      : 0.8093

Epoch : 77
Train Loss     : 0.1101	 | 	Train Accuracy     : 1.0000
Valid Loss     : 0.6942	 | 	Valid Accuracy     : 0.8298 | 	Valid F1-score      : 0.8148

Epoch : 78
Train Loss     : 0.1074	 | 	Train Accuracy     : 1.0000
Valid Loss     : 0.6196	 | 	Valid Accuracy     : 0.8408 | 	Valid F1-score      : 0.8055

Epoch : 79
Train Loss     : 0.1021	 | 	Train Accuracy     : 1.0000
Valid Loss     : 0.6061	 | 	Valid Accuracy     : 0.8410 | 	Valid F1-score      : 0.8202

Epoch : 80
Train Loss     : 0.1001	 | 	Train Accuracy     : 1.0000
Valid Loss     : 0.6324	 | 	Valid Accuracy     : 0.8369 | 	Valid F1-score      : 0.8102

Epoch : 81
Train Loss     : 0.0992	 | 	Train Accuracy     : 1.0000
Valid Loss     : 0.6718	 | 	Valid Accuracy     : 0.8181 | 	Valid F1-score      : 0.8090

Epoch : 82
Train Loss     : 0.1013	 | 	Train Accuracy     : 0.9980
Valid Loss     : 0.6618	 | 	Valid Accuracy     : 0.8256 | 	Valid F1-score      : 0.8107

Epoch : 83
Train Loss     : 0.0996	 | 	Train Accuracy     : 0.9980
Valid Loss     : 0.7281	 | 	Valid Accuracy     : 0.7907 | 	Valid F1-score      : 0.7524

Epoch : 84
Train Loss     : 0.0950	 | 	Train Accuracy     : 1.0000
Valid Loss     : 0.6719	 | 	Valid Accuracy     : 0.8252 | 	Valid F1-score      : 0.8202

Epoch : 85
Train Loss     : 0.1008	 | 	Train Accuracy     : 0.9948
Valid Loss     : 0.6405	 | 	Valid Accuracy     : 0.8374 | 	Valid F1-score      : 0.8348

Epoch : 86
Train Loss     : 0.0932	 | 	Train Accuracy     : 0.9961
Valid Loss     : 0.7243	 | 	Valid Accuracy     : 0.8029 | 	Valid F1-score      : 0.7903

Epoch : 87
Train Loss     : 0.0861	 | 	Train Accuracy     : 1.0000
Valid Loss     : 0.6966	 | 	Valid Accuracy     : 0.8300 | 	Valid F1-score      : 0.7948

Epoch : 88
Train Loss     : 0.0796	 | 	Train Accuracy     : 1.0000
Valid Loss     : 0.6814	 | 	Valid Accuracy     : 0.8107 | 	Valid F1-score      : 0.7882

Epoch : 89
Train Loss     : 0.0767	 | 	Train Accuracy     : 1.0000
Valid Loss     : 0.6266	 | 	Valid Accuracy     : 0.8330 | 	Valid F1-score      : 0.8293

Epoch : 90
Train Loss     : 0.0741	 | 	Train Accuracy     : 1.0000
Valid Loss     : 0.6505	 | 	Valid Accuracy     : 0.8259 | 	Valid F1-score      : 0.8122

Epoch : 91
Train Loss     : 0.0718	 | 	Train Accuracy     : 1.0000
Valid Loss     : 0.6654	 | 	Valid Accuracy     : 0.8222 | 	Valid F1-score      : 0.7862

Epoch : 92
Train Loss     : 0.0718	 | 	Train Accuracy     : 1.0000
Valid Loss     : 0.6631	 | 	Valid Accuracy     : 0.8215 | 	Valid F1-score      : 0.7749

Epoch : 93
Train Loss     : 0.0657	 | 	Train Accuracy     : 1.0000
Valid Loss     : 0.6842	 | 	Valid Accuracy     : 0.8142 | 	Valid F1-score      : 0.8027

Epoch : 94
Train Loss     : 0.0642	 | 	Train Accuracy     : 1.0000
Valid Loss     : 0.7155	 | 	Valid Accuracy     : 0.8112 | 	Valid F1-score      : 0.8032

Epoch : 95
Train Loss     : 0.0631	 | 	Train Accuracy     : 1.0000
Valid Loss     : 0.6885	 | 	Valid Accuracy     : 0.8261 | 	Valid F1-score      : 0.7983

Epoch : 96
Train Loss     : 0.0606	 | 	Train Accuracy     : 1.0000
Valid Loss     : 0.6530	 | 	Valid Accuracy     : 0.8217 | 	Valid F1-score      : 0.7790

Epoch : 97
Train Loss     : 0.0583	 | 	Train Accuracy     : 1.0000
Valid Loss     : 0.6346	 | 	Valid Accuracy     : 0.8332 | 	Valid F1-score      : 0.7794

Epoch : 98
Train Loss     : 0.0584	 | 	Train Accuracy     : 1.0000
Valid Loss     : 0.6887	 | 	Valid Accuracy     : 0.8066 | 	Valid F1-score      : 0.7902

Epoch : 99
Train Loss     : 0.0557	 | 	Train Accuracy     : 1.0000
Valid Loss     : 0.6812	 | 	Valid Accuracy     : 0.8217 | 	Valid F1-score      : 0.8173

Epoch : 100
Train Loss     : 0.0553	 | 	Train Accuracy     : 1.0000
Valid Loss     : 0.6806	 | 	Valid Accuracy     : 0.8144 | 	Valid F1-score      : 0.8139

Evaluate on the Test set:
Test loss      :0.6697	 | Test Accuracy      : 0.8105	 | Test F1-score      : 0.7646

################## Training is Done! #########################
Training time is : 0:00:28.544791
