=============================================
Dataset: casas
Method:  Novel Human Activity
Mode:    supervised
=============================================
Data loaded ...
Training started ....

Epoch : 1
Train Loss     : 2.6752	 | 	Train Accuracy     : 0.1198
Valid Loss     : 2.6288	 | 	Valid Accuracy     : 0.1861 | 	Valid F1-score      : 0.0955

Epoch : 2
Train Loss     : 2.5601	 | 	Train Accuracy     : 0.3314
Valid Loss     : 2.5471	 | 	Valid Accuracy     : 0.3299 | 	Valid F1-score      : 0.2631

Epoch : 3
Train Loss     : 2.4677	 | 	Train Accuracy     : 0.4701
Valid Loss     : 2.4663	 | 	Valid Accuracy     : 0.4147 | 	Valid F1-score      : 0.3584

Epoch : 4
Train Loss     : 2.3858	 | 	Train Accuracy     : 0.4753
Valid Loss     : 2.3915	 | 	Valid Accuracy     : 0.4342 | 	Valid F1-score      : 0.4167

Epoch : 5
Train Loss     : 2.2876	 | 	Train Accuracy     : 0.5065
Valid Loss     : 2.3319	 | 	Valid Accuracy     : 0.4154 | 	Valid F1-score      : 0.3968

Epoch : 6
Train Loss     : 2.2237	 | 	Train Accuracy     : 0.5169
Valid Loss     : 2.2427	 | 	Valid Accuracy     : 0.4457 | 	Valid F1-score      : 0.4151

Epoch : 7
Train Loss     : 2.1138	 | 	Train Accuracy     : 0.5540
Valid Loss     : 2.1838	 | 	Valid Accuracy     : 0.4847 | 	Valid F1-score      : 0.4753

Epoch : 8
Train Loss     : 2.0258	 | 	Train Accuracy     : 0.6517
Valid Loss     : 2.1019	 | 	Valid Accuracy     : 0.5700 | 	Valid F1-score      : 0.5768

Epoch : 9
Train Loss     : 1.9310	 | 	Train Accuracy     : 0.7357
Valid Loss     : 2.0039	 | 	Valid Accuracy     : 0.6306 | 	Valid F1-score      : 0.6214

Epoch : 10
Train Loss     : 1.8314	 | 	Train Accuracy     : 0.7741
Valid Loss     : 1.9303	 | 	Valid Accuracy     : 0.6320 | 	Valid F1-score      : 0.5870

Epoch : 11
Train Loss     : 1.7423	 | 	Train Accuracy     : 0.7884
Valid Loss     : 1.8192	 | 	Valid Accuracy     : 0.6667 | 	Valid F1-score      : 0.6536

Epoch : 12
Train Loss     : 1.6283	 | 	Train Accuracy     : 0.8555
Valid Loss     : 1.7445	 | 	Valid Accuracy     : 0.7016 | 	Valid F1-score      : 0.6807

Epoch : 13
Train Loss     : 1.5475	 | 	Train Accuracy     : 0.8757
Valid Loss     : 1.6496	 | 	Valid Accuracy     : 0.7321 | 	Valid F1-score      : 0.6903

Epoch : 14
Train Loss     : 1.4625	 | 	Train Accuracy     : 0.8685
Valid Loss     : 1.5911	 | 	Valid Accuracy     : 0.7443 | 	Valid F1-score      : 0.7168

Epoch : 15
Train Loss     : 1.3804	 | 	Train Accuracy     : 0.9030
Valid Loss     : 1.5248	 | 	Valid Accuracy     : 0.7592 | 	Valid F1-score      : 0.7413

Epoch : 16
Train Loss     : 1.2918	 | 	Train Accuracy     : 0.9167
Valid Loss     : 1.4879	 | 	Valid Accuracy     : 0.7714 | 	Valid F1-score      : 0.7482

Epoch : 17
Train Loss     : 1.2329	 | 	Train Accuracy     : 0.9225
Valid Loss     : 1.4212	 | 	Valid Accuracy     : 0.7902 | 	Valid F1-score      : 0.7443

Epoch : 18
Train Loss     : 1.1578	 | 	Train Accuracy     : 0.9251
Valid Loss     : 1.3687	 | 	Valid Accuracy     : 0.7900 | 	Valid F1-score      : 0.7644

Epoch : 19
Train Loss     : 1.1054	 | 	Train Accuracy     : 0.9440
Valid Loss     : 1.3297	 | 	Valid Accuracy     : 0.7751 | 	Valid F1-score      : 0.7435

Epoch : 20
Train Loss     : 1.0682	 | 	Train Accuracy     : 0.9336
Valid Loss     : 1.3160	 | 	Valid Accuracy     : 0.7829 | 	Valid F1-score      : 0.7414

Epoch : 21
Train Loss     : 0.9910	 | 	Train Accuracy     : 0.9551
Valid Loss     : 1.2684	 | 	Valid Accuracy     : 0.7910 | 	Valid F1-score      : 0.7648

Epoch : 22
Train Loss     : 0.9527	 | 	Train Accuracy     : 0.9538
Valid Loss     : 1.2397	 | 	Valid Accuracy     : 0.8022 | 	Valid F1-score      : 0.7892

Epoch : 23
Train Loss     : 0.8956	 | 	Train Accuracy     : 0.9629
Valid Loss     : 1.2056	 | 	Valid Accuracy     : 0.7949 | 	Valid F1-score      : 0.7622

Epoch : 24
Train Loss     : 0.8459	 | 	Train Accuracy     : 0.9603
Valid Loss     : 1.1579	 | 	Valid Accuracy     : 0.8137 | 	Valid F1-score      : 0.8037

Epoch : 25
Train Loss     : 0.8126	 | 	Train Accuracy     : 0.9655
Valid Loss     : 1.1405	 | 	Valid Accuracy     : 0.7912 | 	Valid F1-score      : 0.7608

Epoch : 26
Train Loss     : 0.7756	 | 	Train Accuracy     : 0.9824
Valid Loss     : 1.1198	 | 	Valid Accuracy     : 0.7912 | 	Valid F1-score      : 0.7287

Epoch : 27
Train Loss     : 0.7343	 | 	Train Accuracy     : 0.9863
Valid Loss     : 1.0590	 | 	Valid Accuracy     : 0.8178 | 	Valid F1-score      : 0.7427

Epoch : 28
Train Loss     : 0.6940	 | 	Train Accuracy     : 0.9805
Valid Loss     : 1.0491	 | 	Valid Accuracy     : 0.8252 | 	Valid F1-score      : 0.8039

Epoch : 29
Train Loss     : 0.6768	 | 	Train Accuracy     : 0.9870
Valid Loss     : 1.0146	 | 	Valid Accuracy     : 0.8249 | 	Valid F1-score      : 0.7941

Epoch : 30
Train Loss     : 0.6539	 | 	Train Accuracy     : 0.9831
Valid Loss     : 0.9941	 | 	Valid Accuracy     : 0.8252 | 	Valid F1-score      : 0.8028

Epoch : 31
Train Loss     : 0.6242	 | 	Train Accuracy     : 0.9850
Valid Loss     : 0.9915	 | 	Valid Accuracy     : 0.8371 | 	Valid F1-score      : 0.7699

Epoch : 32
Train Loss     : 0.5851	 | 	Train Accuracy     : 0.9831
Valid Loss     : 0.9905	 | 	Valid Accuracy     : 0.8139 | 	Valid F1-score      : 0.7566

Epoch : 33
Train Loss     : 0.5706	 | 	Train Accuracy     : 0.9811
Valid Loss     : 0.9486	 | 	Valid Accuracy     : 0.8369 | 	Valid F1-score      : 0.7985

Epoch : 34
Train Loss     : 0.5426	 | 	Train Accuracy     : 0.9883
Valid Loss     : 0.9463	 | 	Valid Accuracy     : 0.8293 | 	Valid F1-score      : 0.8061

Epoch : 35
Train Loss     : 0.5216	 | 	Train Accuracy     : 0.9883
Valid Loss     : 0.9339	 | 	Valid Accuracy     : 0.8298 | 	Valid F1-score      : 0.7979

Epoch : 36
Train Loss     : 0.4954	 | 	Train Accuracy     : 0.9863
Valid Loss     : 0.9404	 | 	Valid Accuracy     : 0.8295 | 	Valid F1-score      : 0.8028

Epoch : 37
Train Loss     : 0.4812	 | 	Train Accuracy     : 0.9883
Valid Loss     : 0.9234	 | 	Valid Accuracy     : 0.8224 | 	Valid F1-score      : 0.7911

Epoch : 38
Train Loss     : 0.4614	 | 	Train Accuracy     : 0.9902
Valid Loss     : 0.8977	 | 	Valid Accuracy     : 0.8217 | 	Valid F1-score      : 0.7877

Epoch : 39
Train Loss     : 0.4398	 | 	Train Accuracy     : 0.9941
Valid Loss     : 0.8747	 | 	Valid Accuracy     : 0.8415 | 	Valid F1-score      : 0.8349

Epoch : 40
Train Loss     : 0.4172	 | 	Train Accuracy     : 0.9922
Valid Loss     : 0.8691	 | 	Valid Accuracy     : 0.8564 | 	Valid F1-score      : 0.8156

Epoch : 41
Train Loss     : 0.4041	 | 	Train Accuracy     : 0.9941
Valid Loss     : 0.8274	 | 	Valid Accuracy     : 0.8525 | 	Valid F1-score      : 0.7976

Epoch : 42
Train Loss     : 0.3942	 | 	Train Accuracy     : 0.9909
Valid Loss     : 0.8000	 | 	Valid Accuracy     : 0.8523 | 	Valid F1-score      : 0.8129

Epoch : 43
Train Loss     : 0.3921	 | 	Train Accuracy     : 0.9876
Valid Loss     : 0.7895	 | 	Valid Accuracy     : 0.8596 | 	Valid F1-score      : 0.8473

Epoch : 44
Train Loss     : 0.3681	 | 	Train Accuracy     : 0.9922
Valid Loss     : 0.8022	 | 	Valid Accuracy     : 0.8527 | 	Valid F1-score      : 0.8221

Epoch : 45
Train Loss     : 0.3457	 | 	Train Accuracy     : 0.9961
Valid Loss     : 0.8060	 | 	Valid Accuracy     : 0.8364 | 	Valid F1-score      : 0.8024

Epoch : 46
Train Loss     : 0.3334	 | 	Train Accuracy     : 0.9941
Valid Loss     : 0.7863	 | 	Valid Accuracy     : 0.8486 | 	Valid F1-score      : 0.7998

Epoch : 47
Train Loss     : 0.3321	 | 	Train Accuracy     : 0.9928
Valid Loss     : 0.7927	 | 	Valid Accuracy     : 0.8374 | 	Valid F1-score      : 0.8092

Epoch : 48
Train Loss     : 0.3136	 | 	Train Accuracy     : 0.9941
Valid Loss     : 0.7414	 | 	Valid Accuracy     : 0.8596 | 	Valid F1-score      : 0.8348

Epoch : 49
Train Loss     : 0.2964	 | 	Train Accuracy     : 0.9961
Valid Loss     : 0.7741	 | 	Valid Accuracy     : 0.8410 | 	Valid F1-score      : 0.8122

Epoch : 50
Train Loss     : 0.2944	 | 	Train Accuracy     : 0.9941
Valid Loss     : 0.7991	 | 	Valid Accuracy     : 0.8103 | 	Valid F1-score      : 0.7977

Epoch : 51
Train Loss     : 0.2797	 | 	Train Accuracy     : 0.9961
Valid Loss     : 0.7853	 | 	Valid Accuracy     : 0.8181 | 	Valid F1-score      : 0.7503

Epoch : 52
Train Loss     : 0.2722	 | 	Train Accuracy     : 0.9961
Valid Loss     : 0.7449	 | 	Valid Accuracy     : 0.8484 | 	Valid F1-score      : 0.8163

Epoch : 53
Train Loss     : 0.2683	 | 	Train Accuracy     : 0.9961
Valid Loss     : 0.7659	 | 	Valid Accuracy     : 0.8376 | 	Valid F1-score      : 0.7808

Epoch : 54
Train Loss     : 0.2559	 | 	Train Accuracy     : 0.9922
Valid Loss     : 0.7364	 | 	Valid Accuracy     : 0.8488 | 	Valid F1-score      : 0.8015

Epoch : 55
Train Loss     : 0.2383	 | 	Train Accuracy     : 0.9961
Valid Loss     : 0.7592	 | 	Valid Accuracy     : 0.8300 | 	Valid F1-score      : 0.8123

Epoch : 56
Train Loss     : 0.2327	 | 	Train Accuracy     : 0.9961
Valid Loss     : 0.7525	 | 	Valid Accuracy     : 0.8256 | 	Valid F1-score      : 0.8154

Epoch : 57
Train Loss     : 0.2258	 | 	Train Accuracy     : 0.9961
Valid Loss     : 0.7626	 | 	Valid Accuracy     : 0.8254 | 	Valid F1-score      : 0.8180

Epoch : 58
Train Loss     : 0.2206	 | 	Train Accuracy     : 0.9961
Valid Loss     : 0.6978	 | 	Valid Accuracy     : 0.8557 | 	Valid F1-score      : 0.8364

Epoch : 59
Train Loss     : 0.2115	 | 	Train Accuracy     : 0.9961
Valid Loss     : 0.7500	 | 	Valid Accuracy     : 0.8259 | 	Valid F1-score      : 0.7670

Epoch : 60
Train Loss     : 0.2014	 | 	Train Accuracy     : 0.9961
Valid Loss     : 0.7065	 | 	Valid Accuracy     : 0.8447 | 	Valid F1-score      : 0.8161

Epoch : 61
Train Loss     : 0.1950	 | 	Train Accuracy     : 0.9980
Valid Loss     : 0.6703	 | 	Valid Accuracy     : 0.8559 | 	Valid F1-score      : 0.8455

Epoch : 62
Train Loss     : 0.1874	 | 	Train Accuracy     : 0.9980
Valid Loss     : 0.7122	 | 	Valid Accuracy     : 0.8369 | 	Valid F1-score      : 0.8013

Epoch : 63
Train Loss     : 0.1823	 | 	Train Accuracy     : 0.9980
Valid Loss     : 0.7278	 | 	Valid Accuracy     : 0.8337 | 	Valid F1-score      : 0.7768

Epoch : 64
Train Loss     : 0.1760	 | 	Train Accuracy     : 0.9980
Valid Loss     : 0.7155	 | 	Valid Accuracy     : 0.8413 | 	Valid F1-score      : 0.8140

Epoch : 65
Train Loss     : 0.1666	 | 	Train Accuracy     : 0.9980
Valid Loss     : 0.7366	 | 	Valid Accuracy     : 0.8071 | 	Valid F1-score      : 0.7443

Epoch : 66
Train Loss     : 0.1660	 | 	Train Accuracy     : 0.9980
Valid Loss     : 0.7106	 | 	Valid Accuracy     : 0.8295 | 	Valid F1-score      : 0.8207

Epoch : 67
Train Loss     : 0.1642	 | 	Train Accuracy     : 0.9980
Valid Loss     : 0.7039	 | 	Valid Accuracy     : 0.8295 | 	Valid F1-score      : 0.8034

Epoch : 68
Train Loss     : 0.1564	 | 	Train Accuracy     : 0.9980
Valid Loss     : 0.6959	 | 	Valid Accuracy     : 0.8291 | 	Valid F1-score      : 0.7733

Epoch : 69
Train Loss     : 0.1557	 | 	Train Accuracy     : 0.9961
Valid Loss     : 0.6881	 | 	Valid Accuracy     : 0.8408 | 	Valid F1-score      : 0.7959

Epoch : 70
Train Loss     : 0.1469	 | 	Train Accuracy     : 0.9980
Valid Loss     : 0.7124	 | 	Valid Accuracy     : 0.8374 | 	Valid F1-score      : 0.8176

Epoch : 71
Train Loss     : 0.1450	 | 	Train Accuracy     : 0.9928
Valid Loss     : 0.7110	 | 	Valid Accuracy     : 0.8337 | 	Valid F1-score      : 0.7693

Epoch : 72
Train Loss     : 0.1527	 | 	Train Accuracy     : 0.9909
Valid Loss     : 0.7227	 | 	Valid Accuracy     : 0.8215 | 	Valid F1-score      : 0.7971

Epoch : 73
Train Loss     : 0.1389	 | 	Train Accuracy     : 0.9928
Valid Loss     : 0.6963	 | 	Valid Accuracy     : 0.8176 | 	Valid F1-score      : 0.7828

Epoch : 74
Train Loss     : 0.1305	 | 	Train Accuracy     : 0.9980
Valid Loss     : 0.7012	 | 	Valid Accuracy     : 0.8100 | 	Valid F1-score      : 0.7879

Epoch : 75
Train Loss     : 0.1274	 | 	Train Accuracy     : 0.9961
Valid Loss     : 0.7081	 | 	Valid Accuracy     : 0.8213 | 	Valid F1-score      : 0.7966

Epoch : 76
Train Loss     : 0.1198	 | 	Train Accuracy     : 0.9980
Valid Loss     : 0.6873	 | 	Valid Accuracy     : 0.8288 | 	Valid F1-score      : 0.7831

Epoch : 77
Train Loss     : 0.1156	 | 	Train Accuracy     : 0.9980
Valid Loss     : 0.7043	 | 	Valid Accuracy     : 0.8220 | 	Valid F1-score      : 0.8135

Epoch : 78
Train Loss     : 0.1138	 | 	Train Accuracy     : 0.9980
Valid Loss     : 0.6592	 | 	Valid Accuracy     : 0.8327 | 	Valid F1-score      : 0.8153

Epoch : 79
Train Loss     : 0.1076	 | 	Train Accuracy     : 0.9980
Valid Loss     : 0.6937	 | 	Valid Accuracy     : 0.8142 | 	Valid F1-score      : 0.7877

Epoch : 80
Train Loss     : 0.1042	 | 	Train Accuracy     : 0.9980
Valid Loss     : 0.7096	 | 	Valid Accuracy     : 0.8259 | 	Valid F1-score      : 0.8078

Epoch : 81
Train Loss     : 0.1015	 | 	Train Accuracy     : 0.9980
Valid Loss     : 0.6688	 | 	Valid Accuracy     : 0.8256 | 	Valid F1-score      : 0.8174

Epoch : 82
Train Loss     : 0.0973	 | 	Train Accuracy     : 0.9980
Valid Loss     : 0.6632	 | 	Valid Accuracy     : 0.8369 | 	Valid F1-score      : 0.8104

Epoch : 83
Train Loss     : 0.0942	 | 	Train Accuracy     : 0.9980
Valid Loss     : 0.6893	 | 	Valid Accuracy     : 0.8298 | 	Valid F1-score      : 0.8016

Epoch : 84
Train Loss     : 0.0916	 | 	Train Accuracy     : 0.9980
Valid Loss     : 0.6949	 | 	Valid Accuracy     : 0.8259 | 	Valid F1-score      : 0.8067

Epoch : 85
Train Loss     : 0.0892	 | 	Train Accuracy     : 0.9980
Valid Loss     : 0.6611	 | 	Valid Accuracy     : 0.8332 | 	Valid F1-score      : 0.8217

Epoch : 86
Train Loss     : 0.0900	 | 	Train Accuracy     : 0.9980
Valid Loss     : 0.6999	 | 	Valid Accuracy     : 0.8374 | 	Valid F1-score      : 0.8171

Epoch : 87
Train Loss     : 0.0853	 | 	Train Accuracy     : 0.9980
Valid Loss     : 0.6545	 | 	Valid Accuracy     : 0.8374 | 	Valid F1-score      : 0.7900

Epoch : 88
Train Loss     : 0.0860	 | 	Train Accuracy     : 0.9948
Valid Loss     : 0.7152	 | 	Valid Accuracy     : 0.8110 | 	Valid F1-score      : 0.7852

Epoch : 89
Train Loss     : 0.0797	 | 	Train Accuracy     : 0.9980
Valid Loss     : 0.6985	 | 	Valid Accuracy     : 0.8183 | 	Valid F1-score      : 0.7683

Epoch : 90
Train Loss     : 0.0772	 | 	Train Accuracy     : 0.9980
Valid Loss     : 0.6130	 | 	Valid Accuracy     : 0.8445 | 	Valid F1-score      : 0.8044

Epoch : 91
Train Loss     : 0.0742	 | 	Train Accuracy     : 1.0000
Valid Loss     : 0.6172	 | 	Valid Accuracy     : 0.8520 | 	Valid F1-score      : 0.8384

Epoch : 92
Train Loss     : 0.0814	 | 	Train Accuracy     : 0.9948
Valid Loss     : 0.6625	 | 	Valid Accuracy     : 0.8408 | 	Valid F1-score      : 0.7867

Epoch : 93
Train Loss     : 0.0698	 | 	Train Accuracy     : 1.0000
Valid Loss     : 0.6662	 | 	Valid Accuracy     : 0.8256 | 	Valid F1-score      : 0.7623

Epoch : 94
Train Loss     : 0.0681	 | 	Train Accuracy     : 1.0000
Valid Loss     : 0.6299	 | 	Valid Accuracy     : 0.8366 | 	Valid F1-score      : 0.8184

Epoch : 95
Train Loss     : 0.0663	 | 	Train Accuracy     : 1.0000
Valid Loss     : 0.6765	 | 	Valid Accuracy     : 0.8295 | 	Valid F1-score      : 0.7919

Epoch : 96
Train Loss     : 0.0643	 | 	Train Accuracy     : 1.0000
Valid Loss     : 0.6743	 | 	Valid Accuracy     : 0.8335 | 	Valid F1-score      : 0.7853

Epoch : 97
Train Loss     : 0.0647	 | 	Train Accuracy     : 1.0000
Valid Loss     : 0.6640	 | 	Valid Accuracy     : 0.8374 | 	Valid F1-score      : 0.7916

Epoch : 98
Train Loss     : 0.0596	 | 	Train Accuracy     : 1.0000
Valid Loss     : 0.6529	 | 	Valid Accuracy     : 0.8369 | 	Valid F1-score      : 0.7907

Epoch : 99
Train Loss     : 0.0586	 | 	Train Accuracy     : 1.0000
Valid Loss     : 0.6432	 | 	Valid Accuracy     : 0.8217 | 	Valid F1-score      : 0.7866

Epoch : 100
Train Loss     : 0.0569	 | 	Train Accuracy     : 1.0000
Valid Loss     : 0.6523	 | 	Valid Accuracy     : 0.8410 | 	Valid F1-score      : 0.8049

Evaluate on the Test set:
Test loss      :0.6798	 | Test Accuracy      : 0.8337	 | Test F1-score      : 0.8122

################## Training is Done! #########################
Training time is : 0:00:28.609872
