=============================================
Dataset: casas
Method:  Novel Human Activity
Mode:    fine_tune
=============================================
Data loaded ...
Training started ....

Epoch : 1
Train Loss     : 2.7024	 | 	Train Accuracy     : 0.1048
Valid Loss     : 2.6296	 | 	Valid Accuracy     : 0.1665 | 	Valid F1-score      : 0.0664

Epoch : 2
Train Loss     : 2.5666	 | 	Train Accuracy     : 0.1979
Valid Loss     : 2.5319	 | 	Valid Accuracy     : 0.2908 | 	Valid F1-score      : 0.1688

Epoch : 3
Train Loss     : 2.4442	 | 	Train Accuracy     : 0.3691
Valid Loss     : 2.4181	 | 	Valid Accuracy     : 0.4181 | 	Valid F1-score      : 0.3352

Epoch : 4
Train Loss     : 2.3146	 | 	Train Accuracy     : 0.5391
Valid Loss     : 2.3012	 | 	Valid Accuracy     : 0.5612 | 	Valid F1-score      : 0.5084

Epoch : 5
Train Loss     : 2.1891	 | 	Train Accuracy     : 0.6771
Valid Loss     : 2.1754	 | 	Valid Accuracy     : 0.6547 | 	Valid F1-score      : 0.6170

Epoch : 6
Train Loss     : 2.0687	 | 	Train Accuracy     : 0.7383
Valid Loss     : 2.0560	 | 	Valid Accuracy     : 0.6972 | 	Valid F1-score      : 0.6594

Epoch : 7
Train Loss     : 1.9485	 | 	Train Accuracy     : 0.7630
Valid Loss     : 1.9517	 | 	Valid Accuracy     : 0.7399 | 	Valid F1-score      : 0.6686

Epoch : 8
Train Loss     : 1.8378	 | 	Train Accuracy     : 0.7969
Valid Loss     : 1.8635	 | 	Valid Accuracy     : 0.7446 | 	Valid F1-score      : 0.7099

Epoch : 9
Train Loss     : 1.7346	 | 	Train Accuracy     : 0.8125
Valid Loss     : 1.7631	 | 	Valid Accuracy     : 0.7372 | 	Valid F1-score      : 0.6630

Epoch : 10
Train Loss     : 1.6344	 | 	Train Accuracy     : 0.8275
Valid Loss     : 1.6721	 | 	Valid Accuracy     : 0.7487 | 	Valid F1-score      : 0.6952

Epoch : 11
Train Loss     : 1.5664	 | 	Train Accuracy     : 0.8490
Valid Loss     : 1.6014	 | 	Valid Accuracy     : 0.7480 | 	Valid F1-score      : 0.7092

Epoch : 12
Train Loss     : 1.4766	 | 	Train Accuracy     : 0.8600
Valid Loss     : 1.5449	 | 	Valid Accuracy     : 0.7675 | 	Valid F1-score      : 0.7458

Epoch : 13
Train Loss     : 1.3869	 | 	Train Accuracy     : 0.8724
Valid Loss     : 1.4968	 | 	Valid Accuracy     : 0.7712 | 	Valid F1-score      : 0.7515

Epoch : 14
Train Loss     : 1.3207	 | 	Train Accuracy     : 0.8880
Valid Loss     : 1.4280	 | 	Valid Accuracy     : 0.7795 | 	Valid F1-score      : 0.7351

Epoch : 15
Train Loss     : 1.2665	 | 	Train Accuracy     : 0.8906
Valid Loss     : 1.3776	 | 	Valid Accuracy     : 0.7907 | 	Valid F1-score      : 0.7502

Epoch : 16
Train Loss     : 1.1943	 | 	Train Accuracy     : 0.9134
Valid Loss     : 1.3533	 | 	Valid Accuracy     : 0.7721 | 	Valid F1-score      : 0.7611

Epoch : 17
Train Loss     : 1.1318	 | 	Train Accuracy     : 0.9303
Valid Loss     : 1.3048	 | 	Valid Accuracy     : 0.7829 | 	Valid F1-score      : 0.7392

Epoch : 18
Train Loss     : 1.0920	 | 	Train Accuracy     : 0.9342
Valid Loss     : 1.2439	 | 	Valid Accuracy     : 0.8061 | 	Valid F1-score      : 0.7758

Epoch : 19
Train Loss     : 1.0221	 | 	Train Accuracy     : 0.9238
Valid Loss     : 1.2430	 | 	Valid Accuracy     : 0.7873 | 	Valid F1-score      : 0.7747

Epoch : 20
Train Loss     : 0.9870	 | 	Train Accuracy     : 0.9368
Valid Loss     : 1.1979	 | 	Valid Accuracy     : 0.7949 | 	Valid F1-score      : 0.7574

Epoch : 21
Train Loss     : 0.9499	 | 	Train Accuracy     : 0.9577
Valid Loss     : 1.1700	 | 	Valid Accuracy     : 0.7831 | 	Valid F1-score      : 0.7466

Epoch : 22
Train Loss     : 0.8899	 | 	Train Accuracy     : 0.9557
Valid Loss     : 1.1336	 | 	Valid Accuracy     : 0.7981 | 	Valid F1-score      : 0.7725

Epoch : 23
Train Loss     : 0.8557	 | 	Train Accuracy     : 0.9622
Valid Loss     : 1.0912	 | 	Valid Accuracy     : 0.8174 | 	Valid F1-score      : 0.7852

Epoch : 24
Train Loss     : 0.8226	 | 	Train Accuracy     : 0.9655
Valid Loss     : 1.0752	 | 	Valid Accuracy     : 0.7985 | 	Valid F1-score      : 0.7646

Epoch : 25
Train Loss     : 0.7778	 | 	Train Accuracy     : 0.9635
Valid Loss     : 1.0695	 | 	Valid Accuracy     : 0.7946 | 	Valid F1-score      : 0.7668

Epoch : 26
Train Loss     : 0.7430	 | 	Train Accuracy     : 0.9655
Valid Loss     : 1.0524	 | 	Valid Accuracy     : 0.8061 | 	Valid F1-score      : 0.7899

Epoch : 27
Train Loss     : 0.7127	 | 	Train Accuracy     : 0.9714
Valid Loss     : 1.0288	 | 	Valid Accuracy     : 0.8066 | 	Valid F1-score      : 0.7632

Epoch : 28
Train Loss     : 0.6734	 | 	Train Accuracy     : 0.9785
Valid Loss     : 0.9625	 | 	Valid Accuracy     : 0.8323 | 	Valid F1-score      : 0.8186

Epoch : 29
Train Loss     : 0.6545	 | 	Train Accuracy     : 0.9733
Valid Loss     : 0.9549	 | 	Valid Accuracy     : 0.8134 | 	Valid F1-score      : 0.8133

Epoch : 30
Train Loss     : 0.6324	 | 	Train Accuracy     : 0.9779
Valid Loss     : 0.9557	 | 	Valid Accuracy     : 0.7983 | 	Valid F1-score      : 0.7676

Epoch : 31
Train Loss     : 0.5950	 | 	Train Accuracy     : 0.9792
Valid Loss     : 0.9403	 | 	Valid Accuracy     : 0.8020 | 	Valid F1-score      : 0.7731

Epoch : 32
Train Loss     : 0.5705	 | 	Train Accuracy     : 0.9844
Valid Loss     : 0.9341	 | 	Valid Accuracy     : 0.8095 | 	Valid F1-score      : 0.7961

Epoch : 33
Train Loss     : 0.5443	 | 	Train Accuracy     : 0.9844
Valid Loss     : 0.9330	 | 	Valid Accuracy     : 0.7992 | 	Valid F1-score      : 0.7860

Epoch : 34
Train Loss     : 0.5272	 | 	Train Accuracy     : 0.9844
Valid Loss     : 0.9065	 | 	Valid Accuracy     : 0.7946 | 	Valid F1-score      : 0.7827

Epoch : 35
Train Loss     : 0.5059	 | 	Train Accuracy     : 0.9883
Valid Loss     : 0.8960	 | 	Valid Accuracy     : 0.7834 | 	Valid F1-score      : 0.7558

Epoch : 36
Train Loss     : 0.4866	 | 	Train Accuracy     : 0.9850
Valid Loss     : 0.8820	 | 	Valid Accuracy     : 0.8098 | 	Valid F1-score      : 0.7985

Epoch : 37
Train Loss     : 0.4741	 | 	Train Accuracy     : 0.9811
Valid Loss     : 0.8592	 | 	Valid Accuracy     : 0.7910 | 	Valid F1-score      : 0.7773

Epoch : 38
Train Loss     : 0.4533	 | 	Train Accuracy     : 0.9902
Valid Loss     : 0.8487	 | 	Valid Accuracy     : 0.7914 | 	Valid F1-score      : 0.7644

Epoch : 39
Train Loss     : 0.4300	 | 	Train Accuracy     : 0.9902
Valid Loss     : 0.8405	 | 	Valid Accuracy     : 0.8137 | 	Valid F1-score      : 0.7823

Epoch : 40
Train Loss     : 0.4141	 | 	Train Accuracy     : 0.9922
Valid Loss     : 0.8238	 | 	Valid Accuracy     : 0.8066 | 	Valid F1-score      : 0.8042

Epoch : 41
Train Loss     : 0.3955	 | 	Train Accuracy     : 0.9922
Valid Loss     : 0.7985	 | 	Valid Accuracy     : 0.8217 | 	Valid F1-score      : 0.8053

Epoch : 42
Train Loss     : 0.3862	 | 	Train Accuracy     : 0.9870
Valid Loss     : 0.8215	 | 	Valid Accuracy     : 0.7990 | 	Valid F1-score      : 0.7786

Epoch : 43
Train Loss     : 0.3634	 | 	Train Accuracy     : 0.9941
Valid Loss     : 0.8080	 | 	Valid Accuracy     : 0.8100 | 	Valid F1-score      : 0.7946

Epoch : 44
Train Loss     : 0.3570	 | 	Train Accuracy     : 0.9941
Valid Loss     : 0.7552	 | 	Valid Accuracy     : 0.8093 | 	Valid F1-score      : 0.7968

Epoch : 45
Train Loss     : 0.3411	 | 	Train Accuracy     : 0.9902
Valid Loss     : 0.7922	 | 	Valid Accuracy     : 0.7868 | 	Valid F1-score      : 0.7449

Epoch : 46
Train Loss     : 0.3323	 | 	Train Accuracy     : 0.9922
Valid Loss     : 0.7721	 | 	Valid Accuracy     : 0.8059 | 	Valid F1-score      : 0.7794

Epoch : 47
Train Loss     : 0.3186	 | 	Train Accuracy     : 0.9922
Valid Loss     : 0.7724	 | 	Valid Accuracy     : 0.8059 | 	Valid F1-score      : 0.8082

Epoch : 48
Train Loss     : 0.3020	 | 	Train Accuracy     : 0.9961
Valid Loss     : 0.7983	 | 	Valid Accuracy     : 0.7758 | 	Valid F1-score      : 0.7456

Epoch : 49
Train Loss     : 0.2928	 | 	Train Accuracy     : 0.9922
Valid Loss     : 0.7307	 | 	Valid Accuracy     : 0.8176 | 	Valid F1-score      : 0.7851

Epoch : 50
Train Loss     : 0.2855	 | 	Train Accuracy     : 0.9961
Valid Loss     : 0.8061	 | 	Valid Accuracy     : 0.7880 | 	Valid F1-score      : 0.7721

Epoch : 51
Train Loss     : 0.2676	 | 	Train Accuracy     : 0.9961
Valid Loss     : 0.7708	 | 	Valid Accuracy     : 0.8103 | 	Valid F1-score      : 0.7738

Epoch : 52
Train Loss     : 0.2601	 | 	Train Accuracy     : 0.9941
Valid Loss     : 0.7434	 | 	Valid Accuracy     : 0.8022 | 	Valid F1-score      : 0.7875

Epoch : 53
Train Loss     : 0.2471	 | 	Train Accuracy     : 0.9961
Valid Loss     : 0.7362	 | 	Valid Accuracy     : 0.8066 | 	Valid F1-score      : 0.7810

Epoch : 54
Train Loss     : 0.2414	 | 	Train Accuracy     : 0.9961
Valid Loss     : 0.7330	 | 	Valid Accuracy     : 0.8098 | 	Valid F1-score      : 0.7832

Epoch : 55
Train Loss     : 0.2303	 | 	Train Accuracy     : 0.9941
Valid Loss     : 0.7074	 | 	Valid Accuracy     : 0.8020 | 	Valid F1-score      : 0.7599

Epoch : 56
Train Loss     : 0.2218	 | 	Train Accuracy     : 0.9980
Valid Loss     : 0.7127	 | 	Valid Accuracy     : 0.8142 | 	Valid F1-score      : 0.8089

Epoch : 57
Train Loss     : 0.2150	 | 	Train Accuracy     : 0.9980
Valid Loss     : 0.7008	 | 	Valid Accuracy     : 0.8056 | 	Valid F1-score      : 0.7927

Epoch : 58
Train Loss     : 0.2088	 | 	Train Accuracy     : 0.9980
Valid Loss     : 0.6992	 | 	Valid Accuracy     : 0.8066 | 	Valid F1-score      : 0.7959

Epoch : 59
Train Loss     : 0.2014	 | 	Train Accuracy     : 0.9961
Valid Loss     : 0.7410	 | 	Valid Accuracy     : 0.7912 | 	Valid F1-score      : 0.7299

Epoch : 60
Train Loss     : 0.1936	 | 	Train Accuracy     : 0.9980
Valid Loss     : 0.6971	 | 	Valid Accuracy     : 0.8017 | 	Valid F1-score      : 0.7452

Epoch : 61
Train Loss     : 0.1878	 | 	Train Accuracy     : 0.9980
Valid Loss     : 0.7181	 | 	Valid Accuracy     : 0.7990 | 	Valid F1-score      : 0.7684

Epoch : 62
Train Loss     : 0.1870	 | 	Train Accuracy     : 0.9980
Valid Loss     : 0.6764	 | 	Valid Accuracy     : 0.8288 | 	Valid F1-score      : 0.8112

Epoch : 63
Train Loss     : 0.1756	 | 	Train Accuracy     : 0.9980
Valid Loss     : 0.6834	 | 	Valid Accuracy     : 0.8137 | 	Valid F1-score      : 0.7758

Epoch : 64
Train Loss     : 0.1694	 | 	Train Accuracy     : 1.0000
Valid Loss     : 0.6788	 | 	Valid Accuracy     : 0.8103 | 	Valid F1-score      : 0.7747

Epoch : 65
Train Loss     : 0.1657	 | 	Train Accuracy     : 0.9980
Valid Loss     : 0.6973	 | 	Valid Accuracy     : 0.7868 | 	Valid F1-score      : 0.7519

Epoch : 66
Train Loss     : 0.1573	 | 	Train Accuracy     : 0.9980
Valid Loss     : 0.6639	 | 	Valid Accuracy     : 0.8100 | 	Valid F1-score      : 0.7853

Epoch : 67
Train Loss     : 0.1545	 | 	Train Accuracy     : 1.0000
Valid Loss     : 0.6712	 | 	Valid Accuracy     : 0.8098 | 	Valid F1-score      : 0.7723

Epoch : 68
Train Loss     : 0.1512	 | 	Train Accuracy     : 0.9980
Valid Loss     : 0.7038	 | 	Valid Accuracy     : 0.8066 | 	Valid F1-score      : 0.7538

Epoch : 69
Train Loss     : 0.1453	 | 	Train Accuracy     : 0.9980
Valid Loss     : 0.7089	 | 	Valid Accuracy     : 0.7910 | 	Valid F1-score      : 0.7417

Epoch : 70
Train Loss     : 0.1432	 | 	Train Accuracy     : 0.9961
Valid Loss     : 0.7150	 | 	Valid Accuracy     : 0.8022 | 	Valid F1-score      : 0.7946

Epoch : 71
Train Loss     : 0.1380	 | 	Train Accuracy     : 0.9980
Valid Loss     : 0.6935	 | 	Valid Accuracy     : 0.7942 | 	Valid F1-score      : 0.7826

Epoch : 72
Train Loss     : 0.1381	 | 	Train Accuracy     : 0.9961
Valid Loss     : 0.6877	 | 	Valid Accuracy     : 0.8174 | 	Valid F1-score      : 0.7817

Epoch : 73
Train Loss     : 0.1320	 | 	Train Accuracy     : 0.9980
Valid Loss     : 0.6814	 | 	Valid Accuracy     : 0.7912 | 	Valid F1-score      : 0.7753

Epoch : 74
Train Loss     : 0.1270	 | 	Train Accuracy     : 0.9980
Valid Loss     : 0.6360	 | 	Valid Accuracy     : 0.8171 | 	Valid F1-score      : 0.8117

Epoch : 75
Train Loss     : 0.1208	 | 	Train Accuracy     : 1.0000
Valid Loss     : 0.6742	 | 	Valid Accuracy     : 0.8061 | 	Valid F1-score      : 0.7621

Epoch : 76
Train Loss     : 0.1161	 | 	Train Accuracy     : 0.9980
Valid Loss     : 0.6711	 | 	Valid Accuracy     : 0.8220 | 	Valid F1-score      : 0.8038

Epoch : 77
Train Loss     : 0.1130	 | 	Train Accuracy     : 0.9980
Valid Loss     : 0.6200	 | 	Valid Accuracy     : 0.8213 | 	Valid F1-score      : 0.8134

Epoch : 78
Train Loss     : 0.1103	 | 	Train Accuracy     : 1.0000
Valid Loss     : 0.6348	 | 	Valid Accuracy     : 0.8137 | 	Valid F1-score      : 0.8136

Epoch : 79
Train Loss     : 0.1120	 | 	Train Accuracy     : 0.9980
Valid Loss     : 0.6746	 | 	Valid Accuracy     : 0.8139 | 	Valid F1-score      : 0.7856

Epoch : 80
Train Loss     : 0.1207	 | 	Train Accuracy     : 0.9928
Valid Loss     : 0.6583	 | 	Valid Accuracy     : 0.8215 | 	Valid F1-score      : 0.7859

Epoch : 81
Train Loss     : 0.1050	 | 	Train Accuracy     : 0.9941
Valid Loss     : 0.6552	 | 	Valid Accuracy     : 0.7946 | 	Valid F1-score      : 0.7591

Epoch : 82
Train Loss     : 0.1012	 | 	Train Accuracy     : 0.9980
Valid Loss     : 0.6358	 | 	Valid Accuracy     : 0.7985 | 	Valid F1-score      : 0.7578

Epoch : 83
Train Loss     : 0.0962	 | 	Train Accuracy     : 1.0000
Valid Loss     : 0.6806	 | 	Valid Accuracy     : 0.7868 | 	Valid F1-score      : 0.7555

Epoch : 84
Train Loss     : 0.0900	 | 	Train Accuracy     : 1.0000
Valid Loss     : 0.6626	 | 	Valid Accuracy     : 0.8022 | 	Valid F1-score      : 0.7612

Epoch : 85
Train Loss     : 0.0868	 | 	Train Accuracy     : 0.9980
Valid Loss     : 0.6198	 | 	Valid Accuracy     : 0.8169 | 	Valid F1-score      : 0.8021

Epoch : 86
Train Loss     : 0.0833	 | 	Train Accuracy     : 1.0000
Valid Loss     : 0.6231	 | 	Valid Accuracy     : 0.8174 | 	Valid F1-score      : 0.7797

Epoch : 87
Train Loss     : 0.0827	 | 	Train Accuracy     : 1.0000
Valid Loss     : 0.6765	 | 	Valid Accuracy     : 0.8063 | 	Valid F1-score      : 0.7798

Epoch : 88
Train Loss     : 0.0792	 | 	Train Accuracy     : 0.9980
Valid Loss     : 0.6694	 | 	Valid Accuracy     : 0.7866 | 	Valid F1-score      : 0.7252

Epoch : 89
Train Loss     : 0.0760	 | 	Train Accuracy     : 1.0000
Valid Loss     : 0.6868	 | 	Valid Accuracy     : 0.7824 | 	Valid F1-score      : 0.7699

Epoch : 90
Train Loss     : 0.0717	 | 	Train Accuracy     : 1.0000
Valid Loss     : 0.6138	 | 	Valid Accuracy     : 0.8213 | 	Valid F1-score      : 0.8091

Epoch : 91
Train Loss     : 0.0697	 | 	Train Accuracy     : 1.0000
Valid Loss     : 0.6376	 | 	Valid Accuracy     : 0.8061 | 	Valid F1-score      : 0.7881

Epoch : 92
Train Loss     : 0.0682	 | 	Train Accuracy     : 1.0000
Valid Loss     : 0.6332	 | 	Valid Accuracy     : 0.8139 | 	Valid F1-score      : 0.8015

Epoch : 93
Train Loss     : 0.0655	 | 	Train Accuracy     : 1.0000
Valid Loss     : 0.6592	 | 	Valid Accuracy     : 0.8103 | 	Valid F1-score      : 0.8040

Epoch : 94
Train Loss     : 0.0644	 | 	Train Accuracy     : 1.0000
Valid Loss     : 0.6480	 | 	Valid Accuracy     : 0.8066 | 	Valid F1-score      : 0.7994

Epoch : 95
Train Loss     : 0.0611	 | 	Train Accuracy     : 1.0000
Valid Loss     : 0.6159	 | 	Valid Accuracy     : 0.8020 | 	Valid F1-score      : 0.7788

Epoch : 96
Train Loss     : 0.0583	 | 	Train Accuracy     : 1.0000
Valid Loss     : 0.6329	 | 	Valid Accuracy     : 0.8061 | 	Valid F1-score      : 0.7963

Epoch : 97
Train Loss     : 0.0569	 | 	Train Accuracy     : 1.0000
Valid Loss     : 0.6612	 | 	Valid Accuracy     : 0.8142 | 	Valid F1-score      : 0.7775

Epoch : 98
Train Loss     : 0.0572	 | 	Train Accuracy     : 1.0000
Valid Loss     : 0.6317	 | 	Valid Accuracy     : 0.8142 | 	Valid F1-score      : 0.7683

Epoch : 99
Train Loss     : 0.0548	 | 	Train Accuracy     : 1.0000
Valid Loss     : 0.6518	 | 	Valid Accuracy     : 0.8176 | 	Valid F1-score      : 0.7991

Epoch : 100
Train Loss     : 0.0531	 | 	Train Accuracy     : 1.0000
Valid Loss     : 0.6659	 | 	Valid Accuracy     : 0.8022 | 	Valid F1-score      : 0.7732

Evaluate on the Test set:
Test loss      :0.6788	 | Test Accuracy      : 0.8066	 | Test F1-score      : 0.7829

################## Training is Done! #########################
Training time is : 0:00:27.443944
