=============================================
Dataset: casas
Method:  Novel Human Activity
Mode:    fine_tune
=============================================
Data loaded ...
Training started ....

Epoch : 1
Train Loss     : 2.6272	 | 	Train Accuracy     : 0.1354
Valid Loss     : 2.5756	 | 	Valid Accuracy     : 0.1887 | 	Valid F1-score      : 0.0712

Epoch : 2
Train Loss     : 2.3430	 | 	Train Accuracy     : 0.2695
Valid Loss     : 2.3786	 | 	Valid Accuracy     : 0.2830 | 	Valid F1-score      : 0.1820

Epoch : 3
Train Loss     : 2.1392	 | 	Train Accuracy     : 0.3275
Valid Loss     : 2.2150	 | 	Valid Accuracy     : 0.3774 | 	Valid F1-score      : 0.2926

Epoch : 4
Train Loss     : 1.9534	 | 	Train Accuracy     : 0.4460
Valid Loss     : 2.0221	 | 	Valid Accuracy     : 0.4906 | 	Valid F1-score      : 0.4235

Epoch : 5
Train Loss     : 1.7571	 | 	Train Accuracy     : 0.5618
Valid Loss     : 1.8563	 | 	Valid Accuracy     : 0.5849 | 	Valid F1-score      : 0.5490

Epoch : 6
Train Loss     : 1.6342	 | 	Train Accuracy     : 0.5905
Valid Loss     : 1.6981	 | 	Valid Accuracy     : 0.6415 | 	Valid F1-score      : 0.5983

Epoch : 7
Train Loss     : 1.5090	 | 	Train Accuracy     : 0.6243
Valid Loss     : 1.5927	 | 	Valid Accuracy     : 0.6792 | 	Valid F1-score      : 0.6429

Epoch : 8
Train Loss     : 1.3952	 | 	Train Accuracy     : 0.6784
Valid Loss     : 1.4535	 | 	Valid Accuracy     : 0.7547 | 	Valid F1-score      : 0.7341

Epoch : 9
Train Loss     : 1.2735	 | 	Train Accuracy     : 0.7116
Valid Loss     : 1.3521	 | 	Valid Accuracy     : 0.7925 | 	Valid F1-score      : 0.7845

Epoch : 10
Train Loss     : 1.1771	 | 	Train Accuracy     : 0.7441
Valid Loss     : 1.2451	 | 	Valid Accuracy     : 0.7547 | 	Valid F1-score      : 0.7194

Epoch : 11
Train Loss     : 1.0973	 | 	Train Accuracy     : 0.7520
Valid Loss     : 1.1735	 | 	Valid Accuracy     : 0.7736 | 	Valid F1-score      : 0.7370

Epoch : 12
Train Loss     : 1.0233	 | 	Train Accuracy     : 0.7695
Valid Loss     : 1.0969	 | 	Valid Accuracy     : 0.7925 | 	Valid F1-score      : 0.7567

Epoch : 13
Train Loss     : 0.9293	 | 	Train Accuracy     : 0.7845
Valid Loss     : 1.0524	 | 	Valid Accuracy     : 0.7736 | 	Valid F1-score      : 0.7408

Epoch : 14
Train Loss     : 0.8883	 | 	Train Accuracy     : 0.7897
Valid Loss     : 0.9812	 | 	Valid Accuracy     : 0.7925 | 	Valid F1-score      : 0.7560

Epoch : 15
Train Loss     : 0.8373	 | 	Train Accuracy     : 0.7988
Valid Loss     : 0.9305	 | 	Valid Accuracy     : 0.7925 | 	Valid F1-score      : 0.7588

Epoch : 16
Train Loss     : 0.7891	 | 	Train Accuracy     : 0.8053
Valid Loss     : 0.8643	 | 	Valid Accuracy     : 0.8113 | 	Valid F1-score      : 0.7792

Epoch : 17
Train Loss     : 0.7379	 | 	Train Accuracy     : 0.8366
Valid Loss     : 0.8167	 | 	Valid Accuracy     : 0.8302 | 	Valid F1-score      : 0.7975

Epoch : 18
Train Loss     : 0.6968	 | 	Train Accuracy     : 0.8418
Valid Loss     : 0.7730	 | 	Valid Accuracy     : 0.7925 | 	Valid F1-score      : 0.7612

Epoch : 19
Train Loss     : 0.6810	 | 	Train Accuracy     : 0.8255
Valid Loss     : 0.7447	 | 	Valid Accuracy     : 0.7925 | 	Valid F1-score      : 0.7593

Epoch : 20
Train Loss     : 0.6311	 | 	Train Accuracy     : 0.8464
Valid Loss     : 0.7028	 | 	Valid Accuracy     : 0.8302 | 	Valid F1-score      : 0.7993

Epoch : 21
Train Loss     : 0.6029	 | 	Train Accuracy     : 0.8483
Valid Loss     : 0.6681	 | 	Valid Accuracy     : 0.8491 | 	Valid F1-score      : 0.8163

Epoch : 22
Train Loss     : 0.5886	 | 	Train Accuracy     : 0.8503
Valid Loss     : 0.6559	 | 	Valid Accuracy     : 0.8491 | 	Valid F1-score      : 0.8204

Epoch : 23
Train Loss     : 0.5417	 | 	Train Accuracy     : 0.8685
Valid Loss     : 0.6416	 | 	Valid Accuracy     : 0.8302 | 	Valid F1-score      : 0.7958

Epoch : 24
Train Loss     : 0.5317	 | 	Train Accuracy     : 0.8685
Valid Loss     : 0.6195	 | 	Valid Accuracy     : 0.8113 | 	Valid F1-score      : 0.7793

Epoch : 25
Train Loss     : 0.4923	 | 	Train Accuracy     : 0.8965
Valid Loss     : 0.5819	 | 	Valid Accuracy     : 0.8491 | 	Valid F1-score      : 0.8204

Epoch : 26
Train Loss     : 0.4881	 | 	Train Accuracy     : 0.8887
Valid Loss     : 0.5585	 | 	Valid Accuracy     : 0.8679 | 	Valid F1-score      : 0.8373

Epoch : 27
Train Loss     : 0.4559	 | 	Train Accuracy     : 0.8991
Valid Loss     : 0.5600	 | 	Valid Accuracy     : 0.8302 | 	Valid F1-score      : 0.8026

Epoch : 28
Train Loss     : 0.4349	 | 	Train Accuracy     : 0.9108
Valid Loss     : 0.5563	 | 	Valid Accuracy     : 0.8113 | 	Valid F1-score      : 0.7859

Epoch : 29
Train Loss     : 0.4336	 | 	Train Accuracy     : 0.9043
Valid Loss     : 0.5148	 | 	Valid Accuracy     : 0.8491 | 	Valid F1-score      : 0.8159

Epoch : 30
Train Loss     : 0.4117	 | 	Train Accuracy     : 0.9062
Valid Loss     : 0.5270	 | 	Valid Accuracy     : 0.8302 | 	Valid F1-score      : 0.8026

Epoch : 31
Train Loss     : 0.4326	 | 	Train Accuracy     : 0.8900
Valid Loss     : 0.4989	 | 	Valid Accuracy     : 0.8302 | 	Valid F1-score      : 0.7986

Epoch : 32
Train Loss     : 0.3872	 | 	Train Accuracy     : 0.8965
Valid Loss     : 0.4846	 | 	Valid Accuracy     : 0.8491 | 	Valid F1-score      : 0.8206

Epoch : 33
Train Loss     : 0.3488	 | 	Train Accuracy     : 0.9238
Valid Loss     : 0.4754	 | 	Valid Accuracy     : 0.8679 | 	Valid F1-score      : 0.8373

Epoch : 34
Train Loss     : 0.3621	 | 	Train Accuracy     : 0.9056
Valid Loss     : 0.4943	 | 	Valid Accuracy     : 0.8679 | 	Valid F1-score      : 0.8624

Epoch : 35
Train Loss     : 0.3441	 | 	Train Accuracy     : 0.9180
Valid Loss     : 0.4716	 | 	Valid Accuracy     : 0.8679 | 	Valid F1-score      : 0.8613

Epoch : 36
Train Loss     : 0.3492	 | 	Train Accuracy     : 0.9082
Valid Loss     : 0.4630	 | 	Valid Accuracy     : 0.8679 | 	Valid F1-score      : 0.8373

Epoch : 37
Train Loss     : 0.3164	 | 	Train Accuracy     : 0.9382
Valid Loss     : 0.4347	 | 	Valid Accuracy     : 0.8868 | 	Valid F1-score      : 0.8802

Epoch : 38
Train Loss     : 0.3108	 | 	Train Accuracy     : 0.9479
Valid Loss     : 0.4667	 | 	Valid Accuracy     : 0.8491 | 	Valid F1-score      : 0.8184

Epoch : 39
Train Loss     : 0.2815	 | 	Train Accuracy     : 0.9440
Valid Loss     : 0.4227	 | 	Valid Accuracy     : 0.8679 | 	Valid F1-score      : 0.8373

Epoch : 40
Train Loss     : 0.2805	 | 	Train Accuracy     : 0.9401
Valid Loss     : 0.4401	 | 	Valid Accuracy     : 0.8679 | 	Valid F1-score      : 0.8373

Epoch : 41
Train Loss     : 0.2630	 | 	Train Accuracy     : 0.9421
Valid Loss     : 0.4150	 | 	Valid Accuracy     : 0.8679 | 	Valid F1-score      : 0.8373

Epoch : 42
Train Loss     : 0.2630	 | 	Train Accuracy     : 0.9479
Valid Loss     : 0.4202	 | 	Valid Accuracy     : 0.8679 | 	Valid F1-score      : 0.8373

Epoch : 43
Train Loss     : 0.2479	 | 	Train Accuracy     : 0.9564
Valid Loss     : 0.4203	 | 	Valid Accuracy     : 0.8868 | 	Valid F1-score      : 0.8802

Epoch : 44
Train Loss     : 0.2376	 | 	Train Accuracy     : 0.9688
Valid Loss     : 0.4041	 | 	Valid Accuracy     : 0.8679 | 	Valid F1-score      : 0.8373

Epoch : 45
Train Loss     : 0.2445	 | 	Train Accuracy     : 0.9440
Valid Loss     : 0.3887	 | 	Valid Accuracy     : 0.8679 | 	Valid F1-score      : 0.8373

Epoch : 46
Train Loss     : 0.2194	 | 	Train Accuracy     : 0.9557
Valid Loss     : 0.3832	 | 	Valid Accuracy     : 0.8868 | 	Valid F1-score      : 0.8802

Epoch : 47
Train Loss     : 0.2109	 | 	Train Accuracy     : 0.9616
Valid Loss     : 0.4018	 | 	Valid Accuracy     : 0.8679 | 	Valid F1-score      : 0.8613

Epoch : 48
Train Loss     : 0.1997	 | 	Train Accuracy     : 0.9616
Valid Loss     : 0.3759	 | 	Valid Accuracy     : 0.8491 | 	Valid F1-score      : 0.8184

Epoch : 49
Train Loss     : 0.2086	 | 	Train Accuracy     : 0.9557
Valid Loss     : 0.3951	 | 	Valid Accuracy     : 0.8491 | 	Valid F1-score      : 0.8184

Epoch : 50
Train Loss     : 0.2009	 | 	Train Accuracy     : 0.9714
Valid Loss     : 0.3826	 | 	Valid Accuracy     : 0.8868 | 	Valid F1-score      : 0.8802

Epoch : 51
Train Loss     : 0.1841	 | 	Train Accuracy     : 0.9707
Valid Loss     : 0.3700	 | 	Valid Accuracy     : 0.8868 | 	Valid F1-score      : 0.8802

Epoch : 52
Train Loss     : 0.1936	 | 	Train Accuracy     : 0.9714
Valid Loss     : 0.3555	 | 	Valid Accuracy     : 0.8868 | 	Valid F1-score      : 0.8802

Epoch : 53
Train Loss     : 0.1732	 | 	Train Accuracy     : 0.9714
Valid Loss     : 0.3798	 | 	Valid Accuracy     : 0.8679 | 	Valid F1-score      : 0.8613

Epoch : 54
Train Loss     : 0.1554	 | 	Train Accuracy     : 0.9746
Valid Loss     : 0.3740	 | 	Valid Accuracy     : 0.8679 | 	Valid F1-score      : 0.8613

Epoch : 55
Train Loss     : 0.1783	 | 	Train Accuracy     : 0.9681
Valid Loss     : 0.3589	 | 	Valid Accuracy     : 0.8868 | 	Valid F1-score      : 0.8802

Epoch : 56
Train Loss     : 0.1623	 | 	Train Accuracy     : 0.9746
Valid Loss     : 0.3536	 | 	Valid Accuracy     : 0.8868 | 	Valid F1-score      : 0.8802

Epoch : 57
Train Loss     : 0.1484	 | 	Train Accuracy     : 0.9772
Valid Loss     : 0.3897	 | 	Valid Accuracy     : 0.8868 | 	Valid F1-score      : 0.8802

Epoch : 58
Train Loss     : 0.1466	 | 	Train Accuracy     : 0.9714
Valid Loss     : 0.3699	 | 	Valid Accuracy     : 0.8679 | 	Valid F1-score      : 0.8373

Epoch : 59
Train Loss     : 0.1626	 | 	Train Accuracy     : 0.9720
Valid Loss     : 0.3351	 | 	Valid Accuracy     : 0.8491 | 	Valid F1-score      : 0.8184

Epoch : 60
Train Loss     : 0.1610	 | 	Train Accuracy     : 0.9727
Valid Loss     : 0.3556	 | 	Valid Accuracy     : 0.9057 | 	Valid F1-score      : 0.8952

Epoch : 61
Train Loss     : 0.1475	 | 	Train Accuracy     : 0.9727
Valid Loss     : 0.3807	 | 	Valid Accuracy     : 0.8868 | 	Valid F1-score      : 0.8763

Epoch : 62
Train Loss     : 0.1467	 | 	Train Accuracy     : 0.9681
Valid Loss     : 0.3770	 | 	Valid Accuracy     : 0.9057 | 	Valid F1-score      : 0.8952

Epoch : 63
Train Loss     : 0.1410	 | 	Train Accuracy     : 0.9766
Valid Loss     : 0.3731	 | 	Valid Accuracy     : 0.8679 | 	Valid F1-score      : 0.8335

Epoch : 64
Train Loss     : 0.1445	 | 	Train Accuracy     : 0.9772
Valid Loss     : 0.3766	 | 	Valid Accuracy     : 0.8679 | 	Valid F1-score      : 0.8597

Epoch : 65
Train Loss     : 0.1208	 | 	Train Accuracy     : 0.9805
Valid Loss     : 0.3307	 | 	Valid Accuracy     : 0.9057 | 	Valid F1-score      : 0.8952

Epoch : 66
Train Loss     : 0.1353	 | 	Train Accuracy     : 0.9740
Valid Loss     : 0.3242	 | 	Valid Accuracy     : 0.9057 | 	Valid F1-score      : 0.8952

Epoch : 67
Train Loss     : 0.1228	 | 	Train Accuracy     : 0.9753
Valid Loss     : 0.3152	 | 	Valid Accuracy     : 0.9057 | 	Valid F1-score      : 0.8952

Epoch : 68
Train Loss     : 0.1154	 | 	Train Accuracy     : 0.9772
Valid Loss     : 0.3394	 | 	Valid Accuracy     : 0.8868 | 	Valid F1-score      : 0.8786

Epoch : 69
Train Loss     : 0.1125	 | 	Train Accuracy     : 0.9831
Valid Loss     : 0.3064	 | 	Valid Accuracy     : 0.9057 | 	Valid F1-score      : 0.8952

Epoch : 70
Train Loss     : 0.1018	 | 	Train Accuracy     : 0.9850
Valid Loss     : 0.3057	 | 	Valid Accuracy     : 0.9057 | 	Valid F1-score      : 0.8952

Epoch : 71
Train Loss     : 0.1219	 | 	Train Accuracy     : 0.9772
Valid Loss     : 0.3345	 | 	Valid Accuracy     : 0.9057 | 	Valid F1-score      : 0.8952

Epoch : 72
Train Loss     : 0.1219	 | 	Train Accuracy     : 0.9792
Valid Loss     : 0.3230	 | 	Valid Accuracy     : 0.9245 | 	Valid F1-score      : 0.9248

Epoch : 73
Train Loss     : 0.0997	 | 	Train Accuracy     : 0.9922
Valid Loss     : 0.3555	 | 	Valid Accuracy     : 0.8679 | 	Valid F1-score      : 0.8597

Epoch : 74
Train Loss     : 0.0945	 | 	Train Accuracy     : 0.9844
Valid Loss     : 0.2969	 | 	Valid Accuracy     : 0.9057 | 	Valid F1-score      : 0.8952

Epoch : 75
Train Loss     : 0.0947	 | 	Train Accuracy     : 0.9811
Valid Loss     : 0.2933	 | 	Valid Accuracy     : 0.9057 | 	Valid F1-score      : 0.8952

Epoch : 76
Train Loss     : 0.0966	 | 	Train Accuracy     : 0.9811
Valid Loss     : 0.3045	 | 	Valid Accuracy     : 0.8868 | 	Valid F1-score      : 0.8786

Epoch : 77
Train Loss     : 0.0889	 | 	Train Accuracy     : 0.9844
Valid Loss     : 0.3153	 | 	Valid Accuracy     : 0.9057 | 	Valid F1-score      : 0.8952

Epoch : 78
Train Loss     : 0.0886	 | 	Train Accuracy     : 0.9902
Valid Loss     : 0.3151	 | 	Valid Accuracy     : 0.8868 | 	Valid F1-score      : 0.8786

Epoch : 79
Train Loss     : 0.0887	 | 	Train Accuracy     : 0.9850
Valid Loss     : 0.3618	 | 	Valid Accuracy     : 0.8868 | 	Valid F1-score      : 0.8786

Epoch : 80
Train Loss     : 0.0916	 | 	Train Accuracy     : 0.9844
Valid Loss     : 0.3237	 | 	Valid Accuracy     : 0.9057 | 	Valid F1-score      : 0.8952

Epoch : 81
Train Loss     : 0.0816	 | 	Train Accuracy     : 0.9792
Valid Loss     : 0.2988	 | 	Valid Accuracy     : 0.9057 | 	Valid F1-score      : 0.8952

Epoch : 82
Train Loss     : 0.0826	 | 	Train Accuracy     : 0.9779
Valid Loss     : 0.3102	 | 	Valid Accuracy     : 0.9057 | 	Valid F1-score      : 0.8952

Epoch : 83
Train Loss     : 0.0741	 | 	Train Accuracy     : 0.9922
Valid Loss     : 0.3021	 | 	Valid Accuracy     : 0.9057 | 	Valid F1-score      : 0.8952

Epoch : 84
Train Loss     : 0.0659	 | 	Train Accuracy     : 0.9941
Valid Loss     : 0.2899	 | 	Valid Accuracy     : 0.9057 | 	Valid F1-score      : 0.8952

Epoch : 85
Train Loss     : 0.0856	 | 	Train Accuracy     : 0.9811
Valid Loss     : 0.3069	 | 	Valid Accuracy     : 0.9057 | 	Valid F1-score      : 0.8952

Epoch : 86
Train Loss     : 0.0697	 | 	Train Accuracy     : 0.9902
Valid Loss     : 0.3563	 | 	Valid Accuracy     : 0.9057 | 	Valid F1-score      : 0.8952

Epoch : 87
Train Loss     : 0.0736	 | 	Train Accuracy     : 0.9922
Valid Loss     : 0.3196	 | 	Valid Accuracy     : 0.9057 | 	Valid F1-score      : 0.8952

Epoch : 88
Train Loss     : 0.0620	 | 	Train Accuracy     : 0.9941
Valid Loss     : 0.3307	 | 	Valid Accuracy     : 0.9057 | 	Valid F1-score      : 0.8952

Epoch : 89
Train Loss     : 0.0655	 | 	Train Accuracy     : 0.9889
Valid Loss     : 0.3150	 | 	Valid Accuracy     : 0.9057 | 	Valid F1-score      : 0.8952

Epoch : 90
Train Loss     : 0.0580	 | 	Train Accuracy     : 0.9980
Valid Loss     : 0.3406	 | 	Valid Accuracy     : 0.8868 | 	Valid F1-score      : 0.8786

Epoch : 91
Train Loss     : 0.0746	 | 	Train Accuracy     : 0.9850
Valid Loss     : 0.3203	 | 	Valid Accuracy     : 0.9057 | 	Valid F1-score      : 0.8952

Epoch : 92
Train Loss     : 0.0562	 | 	Train Accuracy     : 0.9922
Valid Loss     : 0.3412	 | 	Valid Accuracy     : 0.9057 | 	Valid F1-score      : 0.8952

Epoch : 93
Train Loss     : 0.0657	 | 	Train Accuracy     : 0.9870
Valid Loss     : 0.3197	 | 	Valid Accuracy     : 0.9057 | 	Valid F1-score      : 0.8952

Epoch : 94
Train Loss     : 0.0665	 | 	Train Accuracy     : 0.9883
Valid Loss     : 0.3079	 | 	Valid Accuracy     : 0.8868 | 	Valid F1-score      : 0.8786

Epoch : 95
Train Loss     : 0.0542	 | 	Train Accuracy     : 0.9961
Valid Loss     : 0.3089	 | 	Valid Accuracy     : 0.9057 | 	Valid F1-score      : 0.8952

Epoch : 96
Train Loss     : 0.0484	 | 	Train Accuracy     : 0.9941
Valid Loss     : 0.3184	 | 	Valid Accuracy     : 0.9057 | 	Valid F1-score      : 0.8952

Epoch : 97
Train Loss     : 0.0520	 | 	Train Accuracy     : 0.9941
Valid Loss     : 0.3327	 | 	Valid Accuracy     : 0.8868 | 	Valid F1-score      : 0.8786

Epoch : 98
Train Loss     : 0.0566	 | 	Train Accuracy     : 0.9870
Valid Loss     : 0.3274	 | 	Valid Accuracy     : 0.8868 | 	Valid F1-score      : 0.8786

Epoch : 99
Train Loss     : 0.0460	 | 	Train Accuracy     : 0.9980
Valid Loss     : 0.3228	 | 	Valid Accuracy     : 0.8868 | 	Valid F1-score      : 0.8786

Epoch : 100
Train Loss     : 0.0454	 | 	Train Accuracy     : 0.9941
Valid Loss     : 0.3068	 | 	Valid Accuracy     : 0.9057 | 	Valid F1-score      : 0.8952

Evaluate on the Test set:
Test loss      :0.7501	 | Test Accuracy      : 0.8063	 | Test F1-score      : 0.7539

################## Training is Done! #########################
Training time is : 0:00:10.596553
