=============================================
Dataset: casas
Method:  Novel Human Activity
Mode:    fine_tune
=============================================
Data loaded ...
Training started ....

Epoch : 1
Train Loss     : 2.7039	 | 	Train Accuracy     : 0.1048
Valid Loss     : 2.6329	 | 	Valid Accuracy     : 0.1702 | 	Valid F1-score      : 0.0637

Epoch : 2
Train Loss     : 2.5737	 | 	Train Accuracy     : 0.1940
Valid Loss     : 2.5416	 | 	Valid Accuracy     : 0.3023 | 	Valid F1-score      : 0.2231

Epoch : 3
Train Loss     : 2.4579	 | 	Train Accuracy     : 0.3496
Valid Loss     : 2.4366	 | 	Valid Accuracy     : 0.4105 | 	Valid F1-score      : 0.3378

Epoch : 4
Train Loss     : 2.3332	 | 	Train Accuracy     : 0.5247
Valid Loss     : 2.3298	 | 	Valid Accuracy     : 0.5150 | 	Valid F1-score      : 0.4546

Epoch : 5
Train Loss     : 2.2137	 | 	Train Accuracy     : 0.6380
Valid Loss     : 2.2168	 | 	Valid Accuracy     : 0.6049 | 	Valid F1-score      : 0.5616

Epoch : 6
Train Loss     : 2.0965	 | 	Train Accuracy     : 0.7201
Valid Loss     : 2.1063	 | 	Valid Accuracy     : 0.6738 | 	Valid F1-score      : 0.6332

Epoch : 7
Train Loss     : 1.9798	 | 	Train Accuracy     : 0.7318
Valid Loss     : 2.0040	 | 	Valid Accuracy     : 0.6747 | 	Valid F1-score      : 0.6025

Epoch : 8
Train Loss     : 1.8674	 | 	Train Accuracy     : 0.7897
Valid Loss     : 1.9140	 | 	Valid Accuracy     : 0.7140 | 	Valid F1-score      : 0.6701

Epoch : 9
Train Loss     : 1.7677	 | 	Train Accuracy     : 0.8008
Valid Loss     : 1.8185	 | 	Valid Accuracy     : 0.7108 | 	Valid F1-score      : 0.6286

Epoch : 10
Train Loss     : 1.6685	 | 	Train Accuracy     : 0.8216
Valid Loss     : 1.7214	 | 	Valid Accuracy     : 0.7714 | 	Valid F1-score      : 0.7434

Epoch : 11
Train Loss     : 1.5923	 | 	Train Accuracy     : 0.8509
Valid Loss     : 1.6388	 | 	Valid Accuracy     : 0.7480 | 	Valid F1-score      : 0.7122

Epoch : 12
Train Loss     : 1.5023	 | 	Train Accuracy     : 0.8548
Valid Loss     : 1.5746	 | 	Valid Accuracy     : 0.7753 | 	Valid F1-score      : 0.7504

Epoch : 13
Train Loss     : 1.4085	 | 	Train Accuracy     : 0.8874
Valid Loss     : 1.5200	 | 	Valid Accuracy     : 0.7868 | 	Valid F1-score      : 0.7524

Epoch : 14
Train Loss     : 1.3326	 | 	Train Accuracy     : 0.8932
Valid Loss     : 1.4655	 | 	Valid Accuracy     : 0.7641 | 	Valid F1-score      : 0.7202

Epoch : 15
Train Loss     : 1.2802	 | 	Train Accuracy     : 0.9160
Valid Loss     : 1.4120	 | 	Valid Accuracy     : 0.7790 | 	Valid F1-score      : 0.7356

Epoch : 16
Train Loss     : 1.2095	 | 	Train Accuracy     : 0.9245
Valid Loss     : 1.3799	 | 	Valid Accuracy     : 0.7646 | 	Valid F1-score      : 0.7475

Epoch : 17
Train Loss     : 1.1478	 | 	Train Accuracy     : 0.9303
Valid Loss     : 1.3304	 | 	Valid Accuracy     : 0.7868 | 	Valid F1-score      : 0.7508

Epoch : 18
Train Loss     : 1.1001	 | 	Train Accuracy     : 0.9453
Valid Loss     : 1.2718	 | 	Valid Accuracy     : 0.8098 | 	Valid F1-score      : 0.7823

Epoch : 19
Train Loss     : 1.0302	 | 	Train Accuracy     : 0.9355
Valid Loss     : 1.2567	 | 	Valid Accuracy     : 0.7788 | 	Valid F1-score      : 0.7565

Epoch : 20
Train Loss     : 0.9885	 | 	Train Accuracy     : 0.9551
Valid Loss     : 1.2185	 | 	Valid Accuracy     : 0.8029 | 	Valid F1-score      : 0.7629

Epoch : 21
Train Loss     : 0.9533	 | 	Train Accuracy     : 0.9525
Valid Loss     : 1.1833	 | 	Valid Accuracy     : 0.7905 | 	Valid F1-score      : 0.7563

Epoch : 22
Train Loss     : 0.8983	 | 	Train Accuracy     : 0.9648
Valid Loss     : 1.1570	 | 	Valid Accuracy     : 0.7946 | 	Valid F1-score      : 0.7628

Epoch : 23
Train Loss     : 0.8588	 | 	Train Accuracy     : 0.9714
Valid Loss     : 1.1171	 | 	Valid Accuracy     : 0.8134 | 	Valid F1-score      : 0.7904

Epoch : 24
Train Loss     : 0.8215	 | 	Train Accuracy     : 0.9714
Valid Loss     : 1.1060	 | 	Valid Accuracy     : 0.7792 | 	Valid F1-score      : 0.7489

Epoch : 25
Train Loss     : 0.7747	 | 	Train Accuracy     : 0.9746
Valid Loss     : 1.0958	 | 	Valid Accuracy     : 0.8022 | 	Valid F1-score      : 0.7880

Epoch : 26
Train Loss     : 0.7409	 | 	Train Accuracy     : 0.9772
Valid Loss     : 1.0752	 | 	Valid Accuracy     : 0.7831 | 	Valid F1-score      : 0.7608

Epoch : 27
Train Loss     : 0.7071	 | 	Train Accuracy     : 0.9831
Valid Loss     : 1.0564	 | 	Valid Accuracy     : 0.7567 | 	Valid F1-score      : 0.7149

Epoch : 28
Train Loss     : 0.6706	 | 	Train Accuracy     : 0.9863
Valid Loss     : 1.0005	 | 	Valid Accuracy     : 0.8171 | 	Valid F1-score      : 0.7999

Epoch : 29
Train Loss     : 0.6543	 | 	Train Accuracy     : 0.9740
Valid Loss     : 0.9829	 | 	Valid Accuracy     : 0.7978 | 	Valid F1-score      : 0.7986

Epoch : 30
Train Loss     : 0.6255	 | 	Train Accuracy     : 0.9811
Valid Loss     : 0.9862	 | 	Valid Accuracy     : 0.7866 | 	Valid F1-score      : 0.7527

Epoch : 31
Train Loss     : 0.5900	 | 	Train Accuracy     : 0.9811
Valid Loss     : 0.9491	 | 	Valid Accuracy     : 0.8100 | 	Valid F1-score      : 0.7729

Epoch : 32
Train Loss     : 0.5672	 | 	Train Accuracy     : 0.9844
Valid Loss     : 0.9394	 | 	Valid Accuracy     : 0.7902 | 	Valid F1-score      : 0.7788

Epoch : 33
Train Loss     : 0.5378	 | 	Train Accuracy     : 0.9902
Valid Loss     : 0.9740	 | 	Valid Accuracy     : 0.7763 | 	Valid F1-score      : 0.7647

Epoch : 34
Train Loss     : 0.5231	 | 	Train Accuracy     : 0.9902
Valid Loss     : 0.9215	 | 	Valid Accuracy     : 0.7871 | 	Valid F1-score      : 0.7798

Epoch : 35
Train Loss     : 0.5019	 | 	Train Accuracy     : 0.9850
Valid Loss     : 0.9191	 | 	Valid Accuracy     : 0.7682 | 	Valid F1-score      : 0.7411

Epoch : 36
Train Loss     : 0.4822	 | 	Train Accuracy     : 0.9811
Valid Loss     : 0.9043	 | 	Valid Accuracy     : 0.7868 | 	Valid F1-score      : 0.7831

Epoch : 37
Train Loss     : 0.4703	 | 	Train Accuracy     : 0.9902
Valid Loss     : 0.8957	 | 	Valid Accuracy     : 0.7944 | 	Valid F1-score      : 0.7709

Epoch : 38
Train Loss     : 0.4540	 | 	Train Accuracy     : 0.9850
Valid Loss     : 0.8795	 | 	Valid Accuracy     : 0.7907 | 	Valid F1-score      : 0.7731

Epoch : 39
Train Loss     : 0.4317	 | 	Train Accuracy     : 0.9902
Valid Loss     : 0.8698	 | 	Valid Accuracy     : 0.7905 | 	Valid F1-score      : 0.7679

Epoch : 40
Train Loss     : 0.4091	 | 	Train Accuracy     : 0.9922
Valid Loss     : 0.8664	 | 	Valid Accuracy     : 0.7680 | 	Valid F1-score      : 0.7529

Epoch : 41
Train Loss     : 0.3914	 | 	Train Accuracy     : 0.9941
Valid Loss     : 0.8476	 | 	Valid Accuracy     : 0.7983 | 	Valid F1-score      : 0.7636

Epoch : 42
Train Loss     : 0.3839	 | 	Train Accuracy     : 0.9870
Valid Loss     : 0.8720	 | 	Valid Accuracy     : 0.7717 | 	Valid F1-score      : 0.7593

Epoch : 43
Train Loss     : 0.3585	 | 	Train Accuracy     : 0.9961
Valid Loss     : 0.8668	 | 	Valid Accuracy     : 0.7756 | 	Valid F1-score      : 0.7718

Epoch : 44
Train Loss     : 0.3514	 | 	Train Accuracy     : 0.9961
Valid Loss     : 0.7917	 | 	Valid Accuracy     : 0.7937 | 	Valid F1-score      : 0.7742

Epoch : 45
Train Loss     : 0.3358	 | 	Train Accuracy     : 0.9941
Valid Loss     : 0.8407	 | 	Valid Accuracy     : 0.7827 | 	Valid F1-score      : 0.7307

Epoch : 46
Train Loss     : 0.3292	 | 	Train Accuracy     : 0.9909
Valid Loss     : 0.8249	 | 	Valid Accuracy     : 0.7790 | 	Valid F1-score      : 0.7391

Epoch : 47
Train Loss     : 0.3109	 | 	Train Accuracy     : 0.9980
Valid Loss     : 0.8251	 | 	Valid Accuracy     : 0.7827 | 	Valid F1-score      : 0.7830

Epoch : 48
Train Loss     : 0.2987	 | 	Train Accuracy     : 0.9941
Valid Loss     : 0.8309	 | 	Valid Accuracy     : 0.7951 | 	Valid F1-score      : 0.7652

Epoch : 49
Train Loss     : 0.2883	 | 	Train Accuracy     : 0.9909
Valid Loss     : 0.7826	 | 	Valid Accuracy     : 0.8059 | 	Valid F1-score      : 0.7761

Epoch : 50
Train Loss     : 0.2812	 | 	Train Accuracy     : 0.9980
Valid Loss     : 0.8721	 | 	Valid Accuracy     : 0.7685 | 	Valid F1-score      : 0.7232

Epoch : 51
Train Loss     : 0.2725	 | 	Train Accuracy     : 0.9922
Valid Loss     : 0.8051	 | 	Valid Accuracy     : 0.7868 | 	Valid F1-score      : 0.7505

Epoch : 52
Train Loss     : 0.2578	 | 	Train Accuracy     : 0.9961
Valid Loss     : 0.7823	 | 	Valid Accuracy     : 0.7905 | 	Valid F1-score      : 0.7813

Epoch : 53
Train Loss     : 0.2444	 | 	Train Accuracy     : 0.9980
Valid Loss     : 0.8119	 | 	Valid Accuracy     : 0.7685 | 	Valid F1-score      : 0.7407

Epoch : 54
Train Loss     : 0.2361	 | 	Train Accuracy     : 0.9980
Valid Loss     : 0.7794	 | 	Valid Accuracy     : 0.7795 | 	Valid F1-score      : 0.7599

Epoch : 55
Train Loss     : 0.2260	 | 	Train Accuracy     : 0.9980
Valid Loss     : 0.7756	 | 	Valid Accuracy     : 0.7902 | 	Valid F1-score      : 0.7443

Epoch : 56
Train Loss     : 0.2174	 | 	Train Accuracy     : 0.9980
Valid Loss     : 0.8068	 | 	Valid Accuracy     : 0.7871 | 	Valid F1-score      : 0.7784

Epoch : 57
Train Loss     : 0.2108	 | 	Train Accuracy     : 0.9980
Valid Loss     : 0.7572	 | 	Valid Accuracy     : 0.7978 | 	Valid F1-score      : 0.7771

Epoch : 58
Train Loss     : 0.2024	 | 	Train Accuracy     : 0.9980
Valid Loss     : 0.7747	 | 	Valid Accuracy     : 0.7675 | 	Valid F1-score      : 0.7565

Epoch : 59
Train Loss     : 0.1945	 | 	Train Accuracy     : 0.9980
Valid Loss     : 0.8225	 | 	Valid Accuracy     : 0.7604 | 	Valid F1-score      : 0.7110

Epoch : 60
Train Loss     : 0.1875	 | 	Train Accuracy     : 0.9980
Valid Loss     : 0.7529	 | 	Valid Accuracy     : 0.7978 | 	Valid F1-score      : 0.7630

Epoch : 61
Train Loss     : 0.1828	 | 	Train Accuracy     : 0.9980
Valid Loss     : 0.7739	 | 	Valid Accuracy     : 0.7756 | 	Valid F1-score      : 0.7405

Epoch : 62
Train Loss     : 0.1824	 | 	Train Accuracy     : 0.9980
Valid Loss     : 0.7450	 | 	Valid Accuracy     : 0.7827 | 	Valid F1-score      : 0.7723

Epoch : 63
Train Loss     : 0.1710	 | 	Train Accuracy     : 0.9980
Valid Loss     : 0.7542	 | 	Valid Accuracy     : 0.7751 | 	Valid F1-score      : 0.7617

Epoch : 64
Train Loss     : 0.1676	 | 	Train Accuracy     : 0.9980
Valid Loss     : 0.7593	 | 	Valid Accuracy     : 0.7831 | 	Valid F1-score      : 0.7556

Epoch : 65
Train Loss     : 0.1615	 | 	Train Accuracy     : 0.9961
Valid Loss     : 0.7586	 | 	Valid Accuracy     : 0.7868 | 	Valid F1-score      : 0.7756

Epoch : 66
Train Loss     : 0.1566	 | 	Train Accuracy     : 0.9961
Valid Loss     : 0.7340	 | 	Valid Accuracy     : 0.7912 | 	Valid F1-score      : 0.7542

Epoch : 67
Train Loss     : 0.1515	 | 	Train Accuracy     : 0.9980
Valid Loss     : 0.7299	 | 	Valid Accuracy     : 0.7788 | 	Valid F1-score      : 0.7452

Epoch : 68
Train Loss     : 0.1482	 | 	Train Accuracy     : 0.9980
Valid Loss     : 0.7477	 | 	Valid Accuracy     : 0.7866 | 	Valid F1-score      : 0.7419

Epoch : 69
Train Loss     : 0.1443	 | 	Train Accuracy     : 0.9980
Valid Loss     : 0.7929	 | 	Valid Accuracy     : 0.7758 | 	Valid F1-score      : 0.7405

Epoch : 70
Train Loss     : 0.1416	 | 	Train Accuracy     : 0.9980
Valid Loss     : 0.7706	 | 	Valid Accuracy     : 0.7749 | 	Valid F1-score      : 0.7609

Epoch : 71
Train Loss     : 0.1356	 | 	Train Accuracy     : 0.9980
Valid Loss     : 0.7457	 | 	Valid Accuracy     : 0.7939 | 	Valid F1-score      : 0.7823

Epoch : 72
Train Loss     : 0.1321	 | 	Train Accuracy     : 0.9980
Valid Loss     : 0.7306	 | 	Valid Accuracy     : 0.7939 | 	Valid F1-score      : 0.7749

Epoch : 73
Train Loss     : 0.1253	 | 	Train Accuracy     : 0.9980
Valid Loss     : 0.7549	 | 	Valid Accuracy     : 0.7753 | 	Valid F1-score      : 0.7407

Epoch : 74
Train Loss     : 0.1226	 | 	Train Accuracy     : 0.9980
Valid Loss     : 0.7213	 | 	Valid Accuracy     : 0.8052 | 	Valid F1-score      : 0.7999

Epoch : 75
Train Loss     : 0.1171	 | 	Train Accuracy     : 0.9980
Valid Loss     : 0.7444	 | 	Valid Accuracy     : 0.7981 | 	Valid F1-score      : 0.7694

Epoch : 76
Train Loss     : 0.1131	 | 	Train Accuracy     : 0.9980
Valid Loss     : 0.7515	 | 	Valid Accuracy     : 0.7795 | 	Valid F1-score      : 0.7455

Epoch : 77
Train Loss     : 0.1097	 | 	Train Accuracy     : 0.9980
Valid Loss     : 0.6921	 | 	Valid Accuracy     : 0.8020 | 	Valid F1-score      : 0.7913

Epoch : 78
Train Loss     : 0.1059	 | 	Train Accuracy     : 0.9980
Valid Loss     : 0.7134	 | 	Valid Accuracy     : 0.7946 | 	Valid F1-score      : 0.7992

Epoch : 79
Train Loss     : 0.1064	 | 	Train Accuracy     : 0.9980
Valid Loss     : 0.7290	 | 	Valid Accuracy     : 0.7831 | 	Valid F1-score      : 0.7801

Epoch : 80
Train Loss     : 0.1068	 | 	Train Accuracy     : 0.9980
Valid Loss     : 0.7409	 | 	Valid Accuracy     : 0.7944 | 	Valid F1-score      : 0.7893

Epoch : 81
Train Loss     : 0.1014	 | 	Train Accuracy     : 0.9961
Valid Loss     : 0.8218	 | 	Valid Accuracy     : 0.7673 | 	Valid F1-score      : 0.7147

Epoch : 82
Train Loss     : 0.0960	 | 	Train Accuracy     : 0.9980
Valid Loss     : 0.7681	 | 	Valid Accuracy     : 0.7827 | 	Valid F1-score      : 0.7623

Epoch : 83
Train Loss     : 0.0935	 | 	Train Accuracy     : 0.9980
Valid Loss     : 0.7866	 | 	Valid Accuracy     : 0.7824 | 	Valid F1-score      : 0.7584

Epoch : 84
Train Loss     : 0.0931	 | 	Train Accuracy     : 0.9980
Valid Loss     : 0.7123	 | 	Valid Accuracy     : 0.7863 | 	Valid F1-score      : 0.7285

Epoch : 85
Train Loss     : 0.0854	 | 	Train Accuracy     : 0.9980
Valid Loss     : 0.6921	 | 	Valid Accuracy     : 0.7937 | 	Valid F1-score      : 0.7718

Epoch : 86
Train Loss     : 0.0843	 | 	Train Accuracy     : 0.9980
Valid Loss     : 0.7013	 | 	Valid Accuracy     : 0.7859 | 	Valid F1-score      : 0.7654

Epoch : 87
Train Loss     : 0.0832	 | 	Train Accuracy     : 1.0000
Valid Loss     : 0.7814	 | 	Valid Accuracy     : 0.7719 | 	Valid F1-score      : 0.7342

Epoch : 88
Train Loss     : 0.0793	 | 	Train Accuracy     : 0.9980
Valid Loss     : 0.7400	 | 	Valid Accuracy     : 0.7790 | 	Valid F1-score      : 0.7347

Epoch : 89
Train Loss     : 0.0772	 | 	Train Accuracy     : 0.9980
Valid Loss     : 0.7344	 | 	Valid Accuracy     : 0.7824 | 	Valid F1-score      : 0.7643

Epoch : 90
Train Loss     : 0.0715	 | 	Train Accuracy     : 1.0000
Valid Loss     : 0.7450	 | 	Valid Accuracy     : 0.7868 | 	Valid F1-score      : 0.7865

Epoch : 91
Train Loss     : 0.0705	 | 	Train Accuracy     : 0.9980
Valid Loss     : 0.7401	 | 	Valid Accuracy     : 0.7641 | 	Valid F1-score      : 0.7306

Epoch : 92
Train Loss     : 0.0675	 | 	Train Accuracy     : 1.0000
Valid Loss     : 0.7550	 | 	Valid Accuracy     : 0.7643 | 	Valid F1-score      : 0.7450

Epoch : 93
Train Loss     : 0.0647	 | 	Train Accuracy     : 1.0000
Valid Loss     : 0.7342	 | 	Valid Accuracy     : 0.7790 | 	Valid F1-score      : 0.7806

Epoch : 94
Train Loss     : 0.0639	 | 	Train Accuracy     : 1.0000
Valid Loss     : 0.7179	 | 	Valid Accuracy     : 0.7749 | 	Valid F1-score      : 0.7603

Epoch : 95
Train Loss     : 0.0629	 | 	Train Accuracy     : 1.0000
Valid Loss     : 0.7296	 | 	Valid Accuracy     : 0.7788 | 	Valid F1-score      : 0.7476

Epoch : 96
Train Loss     : 0.0583	 | 	Train Accuracy     : 1.0000
Valid Loss     : 0.7374	 | 	Valid Accuracy     : 0.7905 | 	Valid F1-score      : 0.7754

Epoch : 97
Train Loss     : 0.0574	 | 	Train Accuracy     : 1.0000
Valid Loss     : 0.7368	 | 	Valid Accuracy     : 0.7753 | 	Valid F1-score      : 0.7356

Epoch : 98
Train Loss     : 0.0573	 | 	Train Accuracy     : 1.0000
Valid Loss     : 0.7677	 | 	Valid Accuracy     : 0.7717 | 	Valid F1-score      : 0.7278

Epoch : 99
Train Loss     : 0.0542	 | 	Train Accuracy     : 1.0000
Valid Loss     : 0.7551	 | 	Valid Accuracy     : 0.7560 | 	Valid F1-score      : 0.7430

Epoch : 100
Train Loss     : 0.0523	 | 	Train Accuracy     : 1.0000
Valid Loss     : 0.7431	 | 	Valid Accuracy     : 0.7712 | 	Valid F1-score      : 0.7031

Evaluate on the Test set:
Test loss      :0.8044	 | Test Accuracy      : 0.7487	 | Test F1-score      : 0.7268

################## Training is Done! #########################
Training time is : 0:00:28.767803
