=============================================
Dataset: casas
Method:  Novel Human Activity
Mode:    fine_tune
=============================================
Data loaded ...
Training started ....

Epoch : 1
Train Loss     : 2.7039	 | 	Train Accuracy     : 0.0827
Valid Loss     : 2.6300	 | 	Valid Accuracy     : 0.1780 | 	Valid F1-score      : 0.0731

Epoch : 2
Train Loss     : 2.5664	 | 	Train Accuracy     : 0.1810
Valid Loss     : 2.5316	 | 	Valid Accuracy     : 0.2945 | 	Valid F1-score      : 0.1891

Epoch : 3
Train Loss     : 2.4443	 | 	Train Accuracy     : 0.3887
Valid Loss     : 2.4187	 | 	Valid Accuracy     : 0.4567 | 	Valid F1-score      : 0.3802

Epoch : 4
Train Loss     : 2.3129	 | 	Train Accuracy     : 0.5664
Valid Loss     : 2.3011	 | 	Valid Accuracy     : 0.5617 | 	Valid F1-score      : 0.4914

Epoch : 5
Train Loss     : 2.1863	 | 	Train Accuracy     : 0.6908
Valid Loss     : 2.1721	 | 	Valid Accuracy     : 0.6430 | 	Valid F1-score      : 0.6077

Epoch : 6
Train Loss     : 2.0611	 | 	Train Accuracy     : 0.7708
Valid Loss     : 2.0584	 | 	Valid Accuracy     : 0.6816 | 	Valid F1-score      : 0.6409

Epoch : 7
Train Loss     : 1.9393	 | 	Train Accuracy     : 0.7741
Valid Loss     : 1.9507	 | 	Valid Accuracy     : 0.6977 | 	Valid F1-score      : 0.6312

Epoch : 8
Train Loss     : 1.8231	 | 	Train Accuracy     : 0.8125
Valid Loss     : 1.8567	 | 	Valid Accuracy     : 0.7179 | 	Valid F1-score      : 0.6724

Epoch : 9
Train Loss     : 1.7247	 | 	Train Accuracy     : 0.8014
Valid Loss     : 1.7586	 | 	Valid Accuracy     : 0.7140 | 	Valid F1-score      : 0.6346

Epoch : 10
Train Loss     : 1.6207	 | 	Train Accuracy     : 0.8249
Valid Loss     : 1.6728	 | 	Valid Accuracy     : 0.7255 | 	Valid F1-score      : 0.6709

Epoch : 11
Train Loss     : 1.5550	 | 	Train Accuracy     : 0.8379
Valid Loss     : 1.6029	 | 	Valid Accuracy     : 0.7438 | 	Valid F1-score      : 0.6936

Epoch : 12
Train Loss     : 1.4647	 | 	Train Accuracy     : 0.8509
Valid Loss     : 1.5379	 | 	Valid Accuracy     : 0.7673 | 	Valid F1-score      : 0.7345

Epoch : 13
Train Loss     : 1.3731	 | 	Train Accuracy     : 0.8665
Valid Loss     : 1.4997	 | 	Valid Accuracy     : 0.7595 | 	Valid F1-score      : 0.7308

Epoch : 14
Train Loss     : 1.3081	 | 	Train Accuracy     : 0.8900
Valid Loss     : 1.4244	 | 	Valid Accuracy     : 0.7524 | 	Valid F1-score      : 0.6994

Epoch : 15
Train Loss     : 1.2522	 | 	Train Accuracy     : 0.8945
Valid Loss     : 1.3796	 | 	Valid Accuracy     : 0.7756 | 	Valid F1-score      : 0.7265

Epoch : 16
Train Loss     : 1.1835	 | 	Train Accuracy     : 0.9245
Valid Loss     : 1.3486	 | 	Valid Accuracy     : 0.7721 | 	Valid F1-score      : 0.7544

Epoch : 17
Train Loss     : 1.1241	 | 	Train Accuracy     : 0.9251
Valid Loss     : 1.2946	 | 	Valid Accuracy     : 0.7944 | 	Valid F1-score      : 0.7558

Epoch : 18
Train Loss     : 1.0790	 | 	Train Accuracy     : 0.9440
Valid Loss     : 1.2426	 | 	Valid Accuracy     : 0.7790 | 	Valid F1-score      : 0.7421

Epoch : 19
Train Loss     : 1.0116	 | 	Train Accuracy     : 0.9329
Valid Loss     : 1.2249	 | 	Valid Accuracy     : 0.7829 | 	Valid F1-score      : 0.7616

Epoch : 20
Train Loss     : 0.9716	 | 	Train Accuracy     : 0.9440
Valid Loss     : 1.1941	 | 	Valid Accuracy     : 0.7910 | 	Valid F1-score      : 0.7539

Epoch : 21
Train Loss     : 0.9407	 | 	Train Accuracy     : 0.9414
Valid Loss     : 1.1680	 | 	Valid Accuracy     : 0.7797 | 	Valid F1-score      : 0.7512

Epoch : 22
Train Loss     : 0.8777	 | 	Train Accuracy     : 0.9648
Valid Loss     : 1.1428	 | 	Valid Accuracy     : 0.7944 | 	Valid F1-score      : 0.7676

Epoch : 23
Train Loss     : 0.8440	 | 	Train Accuracy     : 0.9694
Valid Loss     : 1.0900	 | 	Valid Accuracy     : 0.8095 | 	Valid F1-score      : 0.7800

Epoch : 24
Train Loss     : 0.8122	 | 	Train Accuracy     : 0.9714
Valid Loss     : 1.0636	 | 	Valid Accuracy     : 0.8063 | 	Valid F1-score      : 0.7807

Epoch : 25
Train Loss     : 0.7613	 | 	Train Accuracy     : 0.9766
Valid Loss     : 1.0682	 | 	Valid Accuracy     : 0.7946 | 	Valid F1-score      : 0.7751

Epoch : 26
Train Loss     : 0.7321	 | 	Train Accuracy     : 0.9746
Valid Loss     : 1.0387	 | 	Valid Accuracy     : 0.7983 | 	Valid F1-score      : 0.7777

Epoch : 27
Train Loss     : 0.7020	 | 	Train Accuracy     : 0.9753
Valid Loss     : 1.0336	 | 	Valid Accuracy     : 0.7836 | 	Valid F1-score      : 0.7355

Epoch : 28
Train Loss     : 0.6624	 | 	Train Accuracy     : 0.9785
Valid Loss     : 0.9698	 | 	Valid Accuracy     : 0.8134 | 	Valid F1-score      : 0.7850

Epoch : 29
Train Loss     : 0.6457	 | 	Train Accuracy     : 0.9785
Valid Loss     : 0.9522	 | 	Valid Accuracy     : 0.8056 | 	Valid F1-score      : 0.7945

Epoch : 30
Train Loss     : 0.6157	 | 	Train Accuracy     : 0.9811
Valid Loss     : 0.9554	 | 	Valid Accuracy     : 0.7871 | 	Valid F1-score      : 0.7702

Epoch : 31
Train Loss     : 0.5816	 | 	Train Accuracy     : 0.9831
Valid Loss     : 0.9304	 | 	Valid Accuracy     : 0.8020 | 	Valid F1-score      : 0.7679

Epoch : 32
Train Loss     : 0.5598	 | 	Train Accuracy     : 0.9824
Valid Loss     : 0.9293	 | 	Valid Accuracy     : 0.8134 | 	Valid F1-score      : 0.8181

Epoch : 33
Train Loss     : 0.5337	 | 	Train Accuracy     : 0.9883
Valid Loss     : 0.9385	 | 	Valid Accuracy     : 0.7841 | 	Valid F1-score      : 0.7579

Epoch : 34
Train Loss     : 0.5185	 | 	Train Accuracy     : 0.9863
Valid Loss     : 0.8990	 | 	Valid Accuracy     : 0.7949 | 	Valid F1-score      : 0.7729

Epoch : 35
Train Loss     : 0.4979	 | 	Train Accuracy     : 0.9883
Valid Loss     : 0.9045	 | 	Valid Accuracy     : 0.7990 | 	Valid F1-score      : 0.7612

Epoch : 36
Train Loss     : 0.4755	 | 	Train Accuracy     : 0.9831
Valid Loss     : 0.8826	 | 	Valid Accuracy     : 0.8095 | 	Valid F1-score      : 0.8134

Epoch : 37
Train Loss     : 0.4612	 | 	Train Accuracy     : 0.9902
Valid Loss     : 0.8481	 | 	Valid Accuracy     : 0.8059 | 	Valid F1-score      : 0.7894

Epoch : 38
Train Loss     : 0.4405	 | 	Train Accuracy     : 0.9902
Valid Loss     : 0.8395	 | 	Valid Accuracy     : 0.8220 | 	Valid F1-score      : 0.7997

Epoch : 39
Train Loss     : 0.4204	 | 	Train Accuracy     : 0.9902
Valid Loss     : 0.8512	 | 	Valid Accuracy     : 0.8024 | 	Valid F1-score      : 0.7771

Epoch : 40
Train Loss     : 0.4036	 | 	Train Accuracy     : 0.9922
Valid Loss     : 0.8424	 | 	Valid Accuracy     : 0.8024 | 	Valid F1-score      : 0.8008

Epoch : 41
Train Loss     : 0.3860	 | 	Train Accuracy     : 0.9941
Valid Loss     : 0.8089	 | 	Valid Accuracy     : 0.8061 | 	Valid F1-score      : 0.7853

Epoch : 42
Train Loss     : 0.3730	 | 	Train Accuracy     : 0.9909
Valid Loss     : 0.8313	 | 	Valid Accuracy     : 0.7914 | 	Valid F1-score      : 0.7723

Epoch : 43
Train Loss     : 0.3532	 | 	Train Accuracy     : 0.9941
Valid Loss     : 0.8186	 | 	Valid Accuracy     : 0.7910 | 	Valid F1-score      : 0.7895

Epoch : 44
Train Loss     : 0.3446	 | 	Train Accuracy     : 0.9941
Valid Loss     : 0.7519	 | 	Valid Accuracy     : 0.8284 | 	Valid F1-score      : 0.8242

Epoch : 45
Train Loss     : 0.3283	 | 	Train Accuracy     : 0.9941
Valid Loss     : 0.8049	 | 	Valid Accuracy     : 0.7985 | 	Valid F1-score      : 0.7401

Epoch : 46
Train Loss     : 0.3188	 | 	Train Accuracy     : 0.9941
Valid Loss     : 0.7847	 | 	Valid Accuracy     : 0.7983 | 	Valid F1-score      : 0.7586

Epoch : 47
Train Loss     : 0.3067	 | 	Train Accuracy     : 0.9961
Valid Loss     : 0.7817	 | 	Valid Accuracy     : 0.8020 | 	Valid F1-score      : 0.7904

Epoch : 48
Train Loss     : 0.2925	 | 	Train Accuracy     : 0.9941
Valid Loss     : 0.8034	 | 	Valid Accuracy     : 0.7914 | 	Valid F1-score      : 0.7694

Epoch : 49
Train Loss     : 0.2814	 | 	Train Accuracy     : 0.9961
Valid Loss     : 0.7449	 | 	Valid Accuracy     : 0.8061 | 	Valid F1-score      : 0.7860

Epoch : 50
Train Loss     : 0.2758	 | 	Train Accuracy     : 0.9961
Valid Loss     : 0.8064	 | 	Valid Accuracy     : 0.7799 | 	Valid F1-score      : 0.7587

Epoch : 51
Train Loss     : 0.2601	 | 	Train Accuracy     : 0.9961
Valid Loss     : 0.7659	 | 	Valid Accuracy     : 0.8024 | 	Valid F1-score      : 0.7697

Epoch : 52
Train Loss     : 0.2521	 | 	Train Accuracy     : 0.9980
Valid Loss     : 0.7472	 | 	Valid Accuracy     : 0.8022 | 	Valid F1-score      : 0.7882

Epoch : 53
Train Loss     : 0.2403	 | 	Train Accuracy     : 0.9980
Valid Loss     : 0.7448	 | 	Valid Accuracy     : 0.7912 | 	Valid F1-score      : 0.7692

Epoch : 54
Train Loss     : 0.2341	 | 	Train Accuracy     : 0.9961
Valid Loss     : 0.7338	 | 	Valid Accuracy     : 0.7868 | 	Valid F1-score      : 0.7470

Epoch : 55
Train Loss     : 0.2242	 | 	Train Accuracy     : 0.9980
Valid Loss     : 0.6908	 | 	Valid Accuracy     : 0.8100 | 	Valid F1-score      : 0.7705

Epoch : 56
Train Loss     : 0.2161	 | 	Train Accuracy     : 0.9980
Valid Loss     : 0.7449	 | 	Valid Accuracy     : 0.8105 | 	Valid F1-score      : 0.8078

Epoch : 57
Train Loss     : 0.2089	 | 	Train Accuracy     : 0.9980
Valid Loss     : 0.6998	 | 	Valid Accuracy     : 0.8132 | 	Valid F1-score      : 0.7973

Epoch : 58
Train Loss     : 0.2038	 | 	Train Accuracy     : 0.9980
Valid Loss     : 0.7151	 | 	Valid Accuracy     : 0.7907 | 	Valid F1-score      : 0.7629

Epoch : 59
Train Loss     : 0.1952	 | 	Train Accuracy     : 0.9980
Valid Loss     : 0.7775	 | 	Valid Accuracy     : 0.7878 | 	Valid F1-score      : 0.7318

Epoch : 60
Train Loss     : 0.1879	 | 	Train Accuracy     : 0.9980
Valid Loss     : 0.6957	 | 	Valid Accuracy     : 0.8017 | 	Valid F1-score      : 0.7672

Epoch : 61
Train Loss     : 0.1819	 | 	Train Accuracy     : 0.9980
Valid Loss     : 0.7242	 | 	Valid Accuracy     : 0.7797 | 	Valid F1-score      : 0.7383

Epoch : 62
Train Loss     : 0.1829	 | 	Train Accuracy     : 0.9980
Valid Loss     : 0.6849	 | 	Valid Accuracy     : 0.8020 | 	Valid F1-score      : 0.7824

Epoch : 63
Train Loss     : 0.1726	 | 	Train Accuracy     : 0.9980
Valid Loss     : 0.6955	 | 	Valid Accuracy     : 0.7985 | 	Valid F1-score      : 0.7614

Epoch : 64
Train Loss     : 0.1701	 | 	Train Accuracy     : 0.9980
Valid Loss     : 0.6922	 | 	Valid Accuracy     : 0.8061 | 	Valid F1-score      : 0.7662

Epoch : 65
Train Loss     : 0.1656	 | 	Train Accuracy     : 0.9961
Valid Loss     : 0.7069	 | 	Valid Accuracy     : 0.7944 | 	Valid F1-score      : 0.7539

Epoch : 66
Train Loss     : 0.1577	 | 	Train Accuracy     : 0.9980
Valid Loss     : 0.6687	 | 	Valid Accuracy     : 0.7946 | 	Valid F1-score      : 0.7578

Epoch : 67
Train Loss     : 0.1543	 | 	Train Accuracy     : 0.9980
Valid Loss     : 0.6741	 | 	Valid Accuracy     : 0.8176 | 	Valid F1-score      : 0.7994

Epoch : 68
Train Loss     : 0.1503	 | 	Train Accuracy     : 0.9941
Valid Loss     : 0.7213	 | 	Valid Accuracy     : 0.7834 | 	Valid F1-score      : 0.7396

Epoch : 69
Train Loss     : 0.1443	 | 	Train Accuracy     : 0.9961
Valid Loss     : 0.7060	 | 	Valid Accuracy     : 0.7949 | 	Valid F1-score      : 0.7629

Epoch : 70
Train Loss     : 0.1387	 | 	Train Accuracy     : 0.9980
Valid Loss     : 0.7039	 | 	Valid Accuracy     : 0.8022 | 	Valid F1-score      : 0.7874

Epoch : 71
Train Loss     : 0.1344	 | 	Train Accuracy     : 0.9980
Valid Loss     : 0.6927	 | 	Valid Accuracy     : 0.8059 | 	Valid F1-score      : 0.7855

Epoch : 72
Train Loss     : 0.1299	 | 	Train Accuracy     : 0.9980
Valid Loss     : 0.6848	 | 	Valid Accuracy     : 0.8091 | 	Valid F1-score      : 0.7830

Epoch : 73
Train Loss     : 0.1266	 | 	Train Accuracy     : 0.9980
Valid Loss     : 0.6775	 | 	Valid Accuracy     : 0.7990 | 	Valid F1-score      : 0.7673

Epoch : 74
Train Loss     : 0.1211	 | 	Train Accuracy     : 0.9980
Valid Loss     : 0.6540	 | 	Valid Accuracy     : 0.8171 | 	Valid F1-score      : 0.8168

Epoch : 75
Train Loss     : 0.1168	 | 	Train Accuracy     : 0.9980
Valid Loss     : 0.6895	 | 	Valid Accuracy     : 0.7983 | 	Valid F1-score      : 0.7717

Epoch : 76
Train Loss     : 0.1117	 | 	Train Accuracy     : 0.9980
Valid Loss     : 0.6821	 | 	Valid Accuracy     : 0.8100 | 	Valid F1-score      : 0.8199

Epoch : 77
Train Loss     : 0.1103	 | 	Train Accuracy     : 0.9980
Valid Loss     : 0.6545	 | 	Valid Accuracy     : 0.8176 | 	Valid F1-score      : 0.7823

Epoch : 78
Train Loss     : 0.1060	 | 	Train Accuracy     : 0.9980
Valid Loss     : 0.6462	 | 	Valid Accuracy     : 0.8017 | 	Valid F1-score      : 0.7978

Epoch : 79
Train Loss     : 0.1059	 | 	Train Accuracy     : 0.9980
Valid Loss     : 0.6894	 | 	Valid Accuracy     : 0.7910 | 	Valid F1-score      : 0.7684

Epoch : 80
Train Loss     : 0.1045	 | 	Train Accuracy     : 0.9980
Valid Loss     : 0.6942	 | 	Valid Accuracy     : 0.7868 | 	Valid F1-score      : 0.7626

Epoch : 81
Train Loss     : 0.1053	 | 	Train Accuracy     : 0.9928
Valid Loss     : 0.6840	 | 	Valid Accuracy     : 0.7792 | 	Valid F1-score      : 0.7549

Epoch : 82
Train Loss     : 0.0978	 | 	Train Accuracy     : 0.9961
Valid Loss     : 0.6701	 | 	Valid Accuracy     : 0.7983 | 	Valid F1-score      : 0.7607

Epoch : 83
Train Loss     : 0.0962	 | 	Train Accuracy     : 0.9980
Valid Loss     : 0.6796	 | 	Valid Accuracy     : 0.7792 | 	Valid F1-score      : 0.7561

Epoch : 84
Train Loss     : 0.0968	 | 	Train Accuracy     : 0.9980
Valid Loss     : 0.6263	 | 	Valid Accuracy     : 0.8134 | 	Valid F1-score      : 0.7826

Epoch : 85
Train Loss     : 0.0890	 | 	Train Accuracy     : 0.9980
Valid Loss     : 0.6346	 | 	Valid Accuracy     : 0.8093 | 	Valid F1-score      : 0.7975

Epoch : 86
Train Loss     : 0.0864	 | 	Train Accuracy     : 0.9980
Valid Loss     : 0.6363	 | 	Valid Accuracy     : 0.8054 | 	Valid F1-score      : 0.7742

Epoch : 87
Train Loss     : 0.0828	 | 	Train Accuracy     : 1.0000
Valid Loss     : 0.6761	 | 	Valid Accuracy     : 0.8100 | 	Valid F1-score      : 0.7890

Epoch : 88
Train Loss     : 0.0792	 | 	Train Accuracy     : 0.9980
Valid Loss     : 0.6687	 | 	Valid Accuracy     : 0.8137 | 	Valid F1-score      : 0.7620

Epoch : 89
Train Loss     : 0.0779	 | 	Train Accuracy     : 0.9980
Valid Loss     : 0.6689	 | 	Valid Accuracy     : 0.8134 | 	Valid F1-score      : 0.7980

Epoch : 90
Train Loss     : 0.0720	 | 	Train Accuracy     : 1.0000
Valid Loss     : 0.6396	 | 	Valid Accuracy     : 0.8027 | 	Valid F1-score      : 0.7741

Epoch : 91
Train Loss     : 0.0713	 | 	Train Accuracy     : 0.9980
Valid Loss     : 0.6565	 | 	Valid Accuracy     : 0.7910 | 	Valid F1-score      : 0.7483

Epoch : 92
Train Loss     : 0.0679	 | 	Train Accuracy     : 1.0000
Valid Loss     : 0.6634	 | 	Valid Accuracy     : 0.7988 | 	Valid F1-score      : 0.7795

Epoch : 93
Train Loss     : 0.0650	 | 	Train Accuracy     : 1.0000
Valid Loss     : 0.6834	 | 	Valid Accuracy     : 0.8022 | 	Valid F1-score      : 0.7978

Epoch : 94
Train Loss     : 0.0632	 | 	Train Accuracy     : 1.0000
Valid Loss     : 0.6751	 | 	Valid Accuracy     : 0.7792 | 	Valid F1-score      : 0.7568

Epoch : 95
Train Loss     : 0.0613	 | 	Train Accuracy     : 1.0000
Valid Loss     : 0.6506	 | 	Valid Accuracy     : 0.7863 | 	Valid F1-score      : 0.7652

Epoch : 96
Train Loss     : 0.0583	 | 	Train Accuracy     : 1.0000
Valid Loss     : 0.6531	 | 	Valid Accuracy     : 0.7905 | 	Valid F1-score      : 0.7771

Epoch : 97
Train Loss     : 0.0569	 | 	Train Accuracy     : 1.0000
Valid Loss     : 0.6695	 | 	Valid Accuracy     : 0.8061 | 	Valid F1-score      : 0.7763

Epoch : 98
Train Loss     : 0.0575	 | 	Train Accuracy     : 1.0000
Valid Loss     : 0.6803	 | 	Valid Accuracy     : 0.7831 | 	Valid F1-score      : 0.7575

Epoch : 99
Train Loss     : 0.0538	 | 	Train Accuracy     : 1.0000
Valid Loss     : 0.6631	 | 	Valid Accuracy     : 0.8022 | 	Valid F1-score      : 0.7858

Epoch : 100
Train Loss     : 0.0526	 | 	Train Accuracy     : 1.0000
Valid Loss     : 0.6734	 | 	Valid Accuracy     : 0.7983 | 	Valid F1-score      : 0.7604

Evaluate on the Test set:
Test loss      :0.7237	 | Test Accuracy      : 0.7834	 | Test F1-score      : 0.7577

################## Training is Done! #########################
Training time is : 0:00:27.076242
