=============================================
Dataset: casas
Method:  Novel Human Activity
Mode:    fine_tune
=============================================
Data loaded ...
Training started ....

Epoch : 1
Train Loss     : 2.7029	 | 	Train Accuracy     : 0.1048
Valid Loss     : 2.6284	 | 	Valid Accuracy     : 0.1702 | 	Valid F1-score      : 0.0681

Epoch : 2
Train Loss     : 2.5678	 | 	Train Accuracy     : 0.1999
Valid Loss     : 2.5312	 | 	Valid Accuracy     : 0.2833 | 	Valid F1-score      : 0.1762

Epoch : 3
Train Loss     : 2.4487	 | 	Train Accuracy     : 0.3555
Valid Loss     : 2.4234	 | 	Valid Accuracy     : 0.3951 | 	Valid F1-score      : 0.3132

Epoch : 4
Train Loss     : 2.3215	 | 	Train Accuracy     : 0.5260
Valid Loss     : 2.3110	 | 	Valid Accuracy     : 0.5419 | 	Valid F1-score      : 0.4785

Epoch : 5
Train Loss     : 2.2009	 | 	Train Accuracy     : 0.6426
Valid Loss     : 2.1930	 | 	Valid Accuracy     : 0.6200 | 	Valid F1-score      : 0.5950

Epoch : 6
Train Loss     : 2.0796	 | 	Train Accuracy     : 0.7435
Valid Loss     : 2.0804	 | 	Valid Accuracy     : 0.6660 | 	Valid F1-score      : 0.6292

Epoch : 7
Train Loss     : 1.9596	 | 	Train Accuracy     : 0.7650
Valid Loss     : 1.9690	 | 	Valid Accuracy     : 0.7016 | 	Valid F1-score      : 0.6434

Epoch : 8
Train Loss     : 1.8478	 | 	Train Accuracy     : 0.8021
Valid Loss     : 1.8791	 | 	Valid Accuracy     : 0.7216 | 	Valid F1-score      : 0.6808

Epoch : 9
Train Loss     : 1.7450	 | 	Train Accuracy     : 0.8145
Valid Loss     : 1.7850	 | 	Valid Accuracy     : 0.7294 | 	Valid F1-score      : 0.6501

Epoch : 10
Train Loss     : 1.6432	 | 	Train Accuracy     : 0.8275
Valid Loss     : 1.6920	 | 	Valid Accuracy     : 0.7409 | 	Valid F1-score      : 0.6960

Epoch : 11
Train Loss     : 1.5727	 | 	Train Accuracy     : 0.8581
Valid Loss     : 1.6083	 | 	Valid Accuracy     : 0.7595 | 	Valid F1-score      : 0.7153

Epoch : 12
Train Loss     : 1.4800	 | 	Train Accuracy     : 0.8672
Valid Loss     : 1.5581	 | 	Valid Accuracy     : 0.7599 | 	Valid F1-score      : 0.7352

Epoch : 13
Train Loss     : 1.3918	 | 	Train Accuracy     : 0.8841
Valid Loss     : 1.5056	 | 	Valid Accuracy     : 0.7631 | 	Valid F1-score      : 0.7357

Epoch : 14
Train Loss     : 1.3193	 | 	Train Accuracy     : 0.9049
Valid Loss     : 1.4341	 | 	Valid Accuracy     : 0.7680 | 	Valid F1-score      : 0.7130

Epoch : 15
Train Loss     : 1.2683	 | 	Train Accuracy     : 0.9030
Valid Loss     : 1.3738	 | 	Valid Accuracy     : 0.7866 | 	Valid F1-score      : 0.7447

Epoch : 16
Train Loss     : 1.1957	 | 	Train Accuracy     : 0.9264
Valid Loss     : 1.3466	 | 	Valid Accuracy     : 0.7719 | 	Valid F1-score      : 0.7512

Epoch : 17
Train Loss     : 1.1335	 | 	Train Accuracy     : 0.9271
Valid Loss     : 1.3051	 | 	Valid Accuracy     : 0.7944 | 	Valid F1-score      : 0.7486

Epoch : 18
Train Loss     : 1.0918	 | 	Train Accuracy     : 0.9401
Valid Loss     : 1.2414	 | 	Valid Accuracy     : 0.8024 | 	Valid F1-score      : 0.7728

Epoch : 19
Train Loss     : 1.0230	 | 	Train Accuracy     : 0.9167
Valid Loss     : 1.2259	 | 	Valid Accuracy     : 0.7831 | 	Valid F1-score      : 0.7682

Epoch : 20
Train Loss     : 0.9812	 | 	Train Accuracy     : 0.9492
Valid Loss     : 1.1932	 | 	Valid Accuracy     : 0.7834 | 	Valid F1-score      : 0.7483

Epoch : 21
Train Loss     : 0.9505	 | 	Train Accuracy     : 0.9486
Valid Loss     : 1.1547	 | 	Valid Accuracy     : 0.7829 | 	Valid F1-score      : 0.7492

Epoch : 22
Train Loss     : 0.8891	 | 	Train Accuracy     : 0.9590
Valid Loss     : 1.1434	 | 	Valid Accuracy     : 0.7871 | 	Valid F1-score      : 0.7535

Epoch : 23
Train Loss     : 0.8523	 | 	Train Accuracy     : 0.9622
Valid Loss     : 1.0926	 | 	Valid Accuracy     : 0.7983 | 	Valid F1-score      : 0.7675

Epoch : 24
Train Loss     : 0.8206	 | 	Train Accuracy     : 0.9674
Valid Loss     : 1.0630	 | 	Valid Accuracy     : 0.7988 | 	Valid F1-score      : 0.7740

Epoch : 25
Train Loss     : 0.7749	 | 	Train Accuracy     : 0.9727
Valid Loss     : 1.0636	 | 	Valid Accuracy     : 0.8061 | 	Valid F1-score      : 0.7864

Epoch : 26
Train Loss     : 0.7417	 | 	Train Accuracy     : 0.9674
Valid Loss     : 1.0298	 | 	Valid Accuracy     : 0.8100 | 	Valid F1-score      : 0.7864

Epoch : 27
Train Loss     : 0.7061	 | 	Train Accuracy     : 0.9714
Valid Loss     : 1.0167	 | 	Valid Accuracy     : 0.7795 | 	Valid F1-score      : 0.7386

Epoch : 28
Train Loss     : 0.6696	 | 	Train Accuracy     : 0.9785
Valid Loss     : 0.9652	 | 	Valid Accuracy     : 0.8252 | 	Valid F1-score      : 0.7913

Epoch : 29
Train Loss     : 0.6507	 | 	Train Accuracy     : 0.9772
Valid Loss     : 0.9545	 | 	Valid Accuracy     : 0.8059 | 	Valid F1-score      : 0.7974

Epoch : 30
Train Loss     : 0.6230	 | 	Train Accuracy     : 0.9844
Valid Loss     : 0.9455	 | 	Valid Accuracy     : 0.8103 | 	Valid F1-score      : 0.7890

Epoch : 31
Train Loss     : 0.5850	 | 	Train Accuracy     : 0.9811
Valid Loss     : 0.9062	 | 	Valid Accuracy     : 0.8176 | 	Valid F1-score      : 0.7949

Epoch : 32
Train Loss     : 0.5619	 | 	Train Accuracy     : 0.9863
Valid Loss     : 0.9178	 | 	Valid Accuracy     : 0.7981 | 	Valid F1-score      : 0.7875

Epoch : 33
Train Loss     : 0.5333	 | 	Train Accuracy     : 0.9902
Valid Loss     : 0.9115	 | 	Valid Accuracy     : 0.8071 | 	Valid F1-score      : 0.7952

Epoch : 34
Train Loss     : 0.5165	 | 	Train Accuracy     : 0.9850
Valid Loss     : 0.8869	 | 	Valid Accuracy     : 0.8259 | 	Valid F1-score      : 0.8003

Epoch : 35
Train Loss     : 0.4958	 | 	Train Accuracy     : 0.9922
Valid Loss     : 0.8955	 | 	Valid Accuracy     : 0.8146 | 	Valid F1-score      : 0.7914

Epoch : 36
Train Loss     : 0.4752	 | 	Train Accuracy     : 0.9831
Valid Loss     : 0.8674	 | 	Valid Accuracy     : 0.8174 | 	Valid F1-score      : 0.8122

Epoch : 37
Train Loss     : 0.4622	 | 	Train Accuracy     : 0.9902
Valid Loss     : 0.8479	 | 	Valid Accuracy     : 0.8063 | 	Valid F1-score      : 0.7964

Epoch : 38
Train Loss     : 0.4410	 | 	Train Accuracy     : 0.9922
Valid Loss     : 0.8215	 | 	Valid Accuracy     : 0.8220 | 	Valid F1-score      : 0.7996

Epoch : 39
Train Loss     : 0.4208	 | 	Train Accuracy     : 0.9941
Valid Loss     : 0.8310	 | 	Valid Accuracy     : 0.8139 | 	Valid F1-score      : 0.7819

Epoch : 40
Train Loss     : 0.4041	 | 	Train Accuracy     : 0.9980
Valid Loss     : 0.8153	 | 	Valid Accuracy     : 0.8222 | 	Valid F1-score      : 0.8188

Epoch : 41
Train Loss     : 0.3850	 | 	Train Accuracy     : 0.9941
Valid Loss     : 0.7940	 | 	Valid Accuracy     : 0.8256 | 	Valid F1-score      : 0.8107

Epoch : 42
Train Loss     : 0.3735	 | 	Train Accuracy     : 0.9928
Valid Loss     : 0.7936	 | 	Valid Accuracy     : 0.8337 | 	Valid F1-score      : 0.8132

Epoch : 43
Train Loss     : 0.3522	 | 	Train Accuracy     : 0.9961
Valid Loss     : 0.8174	 | 	Valid Accuracy     : 0.8068 | 	Valid F1-score      : 0.7970

Epoch : 44
Train Loss     : 0.3430	 | 	Train Accuracy     : 0.9980
Valid Loss     : 0.7429	 | 	Valid Accuracy     : 0.8364 | 	Valid F1-score      : 0.8244

Epoch : 45
Train Loss     : 0.3257	 | 	Train Accuracy     : 0.9961
Valid Loss     : 0.7839	 | 	Valid Accuracy     : 0.8142 | 	Valid F1-score      : 0.7695

Epoch : 46
Train Loss     : 0.3191	 | 	Train Accuracy     : 0.9980
Valid Loss     : 0.7722	 | 	Valid Accuracy     : 0.8291 | 	Valid F1-score      : 0.8118

Epoch : 47
Train Loss     : 0.3088	 | 	Train Accuracy     : 0.9928
Valid Loss     : 0.7700	 | 	Valid Accuracy     : 0.8174 | 	Valid F1-score      : 0.8120

Epoch : 48
Train Loss     : 0.2995	 | 	Train Accuracy     : 0.9961
Valid Loss     : 0.8211	 | 	Valid Accuracy     : 0.7914 | 	Valid F1-score      : 0.7680

Epoch : 49
Train Loss     : 0.2841	 | 	Train Accuracy     : 0.9941
Valid Loss     : 0.7571	 | 	Valid Accuracy     : 0.8295 | 	Valid F1-score      : 0.8028

Epoch : 50
Train Loss     : 0.2850	 | 	Train Accuracy     : 0.9941
Valid Loss     : 0.7696	 | 	Valid Accuracy     : 0.8068 | 	Valid F1-score      : 0.7870

Epoch : 51
Train Loss     : 0.2645	 | 	Train Accuracy     : 0.9961
Valid Loss     : 0.7554	 | 	Valid Accuracy     : 0.8217 | 	Valid F1-score      : 0.8070

Epoch : 52
Train Loss     : 0.2528	 | 	Train Accuracy     : 0.9980
Valid Loss     : 0.7408	 | 	Valid Accuracy     : 0.8139 | 	Valid F1-score      : 0.7982

Epoch : 53
Train Loss     : 0.2397	 | 	Train Accuracy     : 0.9980
Valid Loss     : 0.7396	 | 	Valid Accuracy     : 0.8224 | 	Valid F1-score      : 0.8075

Epoch : 54
Train Loss     : 0.2322	 | 	Train Accuracy     : 0.9980
Valid Loss     : 0.7133	 | 	Valid Accuracy     : 0.8254 | 	Valid F1-score      : 0.7823

Epoch : 55
Train Loss     : 0.2223	 | 	Train Accuracy     : 0.9980
Valid Loss     : 0.6959	 | 	Valid Accuracy     : 0.8332 | 	Valid F1-score      : 0.7992

Epoch : 56
Train Loss     : 0.2154	 | 	Train Accuracy     : 0.9980
Valid Loss     : 0.6896	 | 	Valid Accuracy     : 0.8410 | 	Valid F1-score      : 0.8363

Epoch : 57
Train Loss     : 0.2065	 | 	Train Accuracy     : 0.9980
Valid Loss     : 0.6726	 | 	Valid Accuracy     : 0.8401 | 	Valid F1-score      : 0.8365

Epoch : 58
Train Loss     : 0.2025	 | 	Train Accuracy     : 0.9980
Valid Loss     : 0.6783	 | 	Valid Accuracy     : 0.8220 | 	Valid F1-score      : 0.8092

Epoch : 59
Train Loss     : 0.1932	 | 	Train Accuracy     : 0.9980
Valid Loss     : 0.7349	 | 	Valid Accuracy     : 0.8066 | 	Valid F1-score      : 0.7512

Epoch : 60
Train Loss     : 0.1878	 | 	Train Accuracy     : 0.9980
Valid Loss     : 0.6700	 | 	Valid Accuracy     : 0.8249 | 	Valid F1-score      : 0.7793

Epoch : 61
Train Loss     : 0.1803	 | 	Train Accuracy     : 0.9980
Valid Loss     : 0.7046	 | 	Valid Accuracy     : 0.8068 | 	Valid F1-score      : 0.7393

Epoch : 62
Train Loss     : 0.1813	 | 	Train Accuracy     : 0.9980
Valid Loss     : 0.6859	 | 	Valid Accuracy     : 0.8103 | 	Valid F1-score      : 0.7698

Epoch : 63
Train Loss     : 0.1707	 | 	Train Accuracy     : 0.9980
Valid Loss     : 0.6800	 | 	Valid Accuracy     : 0.8181 | 	Valid F1-score      : 0.7791

Epoch : 64
Train Loss     : 0.1658	 | 	Train Accuracy     : 0.9980
Valid Loss     : 0.6355	 | 	Valid Accuracy     : 0.8220 | 	Valid F1-score      : 0.7889

Epoch : 65
Train Loss     : 0.1619	 | 	Train Accuracy     : 0.9961
Valid Loss     : 0.6547	 | 	Valid Accuracy     : 0.8332 | 	Valid F1-score      : 0.8157

Epoch : 66
Train Loss     : 0.1539	 | 	Train Accuracy     : 0.9980
Valid Loss     : 0.6530	 | 	Valid Accuracy     : 0.8215 | 	Valid F1-score      : 0.7975

Epoch : 67
Train Loss     : 0.1521	 | 	Train Accuracy     : 0.9980
Valid Loss     : 0.6605	 | 	Valid Accuracy     : 0.8252 | 	Valid F1-score      : 0.7976

Epoch : 68
Train Loss     : 0.1492	 | 	Train Accuracy     : 0.9961
Valid Loss     : 0.6969	 | 	Valid Accuracy     : 0.8029 | 	Valid F1-score      : 0.7528

Epoch : 69
Train Loss     : 0.1447	 | 	Train Accuracy     : 0.9961
Valid Loss     : 0.6486	 | 	Valid Accuracy     : 0.8217 | 	Valid F1-score      : 0.7814

Epoch : 70
Train Loss     : 0.1372	 | 	Train Accuracy     : 0.9980
Valid Loss     : 0.6443	 | 	Valid Accuracy     : 0.8408 | 	Valid F1-score      : 0.8360

Epoch : 71
Train Loss     : 0.1312	 | 	Train Accuracy     : 1.0000
Valid Loss     : 0.6497	 | 	Valid Accuracy     : 0.8210 | 	Valid F1-score      : 0.8039

Epoch : 72
Train Loss     : 0.1290	 | 	Train Accuracy     : 1.0000
Valid Loss     : 0.6632	 | 	Valid Accuracy     : 0.8093 | 	Valid F1-score      : 0.7736

Epoch : 73
Train Loss     : 0.1249	 | 	Train Accuracy     : 0.9980
Valid Loss     : 0.6856	 | 	Valid Accuracy     : 0.8181 | 	Valid F1-score      : 0.7891

Epoch : 74
Train Loss     : 0.1176	 | 	Train Accuracy     : 1.0000
Valid Loss     : 0.6313	 | 	Valid Accuracy     : 0.8327 | 	Valid F1-score      : 0.8168

Epoch : 75
Train Loss     : 0.1139	 | 	Train Accuracy     : 1.0000
Valid Loss     : 0.6428	 | 	Valid Accuracy     : 0.8332 | 	Valid F1-score      : 0.8042

Epoch : 76
Train Loss     : 0.1088	 | 	Train Accuracy     : 1.0000
Valid Loss     : 0.6412	 | 	Valid Accuracy     : 0.8178 | 	Valid F1-score      : 0.7985

Epoch : 77
Train Loss     : 0.1062	 | 	Train Accuracy     : 1.0000
Valid Loss     : 0.6631	 | 	Valid Accuracy     : 0.8100 | 	Valid F1-score      : 0.8015

Epoch : 78
Train Loss     : 0.1017	 | 	Train Accuracy     : 1.0000
Valid Loss     : 0.6248	 | 	Valid Accuracy     : 0.8252 | 	Valid F1-score      : 0.8237

Epoch : 79
Train Loss     : 0.1056	 | 	Train Accuracy     : 0.9980
Valid Loss     : 0.6432	 | 	Valid Accuracy     : 0.8142 | 	Valid F1-score      : 0.7976

Epoch : 80
Train Loss     : 0.1057	 | 	Train Accuracy     : 0.9928
Valid Loss     : 0.6675	 | 	Valid Accuracy     : 0.8213 | 	Valid F1-score      : 0.7993

Epoch : 81
Train Loss     : 0.0961	 | 	Train Accuracy     : 0.9980
Valid Loss     : 0.6728	 | 	Valid Accuracy     : 0.8061 | 	Valid F1-score      : 0.7680

Epoch : 82
Train Loss     : 0.0928	 | 	Train Accuracy     : 0.9980
Valid Loss     : 0.6755	 | 	Valid Accuracy     : 0.8142 | 	Valid F1-score      : 0.7831

Epoch : 83
Train Loss     : 0.0902	 | 	Train Accuracy     : 0.9980
Valid Loss     : 0.6845	 | 	Valid Accuracy     : 0.8061 | 	Valid F1-score      : 0.7963

Epoch : 84
Train Loss     : 0.0877	 | 	Train Accuracy     : 1.0000
Valid Loss     : 0.6286	 | 	Valid Accuracy     : 0.8332 | 	Valid F1-score      : 0.7954

Epoch : 85
Train Loss     : 0.0819	 | 	Train Accuracy     : 1.0000
Valid Loss     : 0.6266	 | 	Valid Accuracy     : 0.8174 | 	Valid F1-score      : 0.8048

Epoch : 86
Train Loss     : 0.0804	 | 	Train Accuracy     : 1.0000
Valid Loss     : 0.6105	 | 	Valid Accuracy     : 0.8213 | 	Valid F1-score      : 0.7850

Epoch : 87
Train Loss     : 0.0794	 | 	Train Accuracy     : 1.0000
Valid Loss     : 0.6563	 | 	Valid Accuracy     : 0.8254 | 	Valid F1-score      : 0.7930

Epoch : 88
Train Loss     : 0.0749	 | 	Train Accuracy     : 1.0000
Valid Loss     : 0.6487	 | 	Valid Accuracy     : 0.8178 | 	Valid F1-score      : 0.7424

Epoch : 89
Train Loss     : 0.0732	 | 	Train Accuracy     : 1.0000
Valid Loss     : 0.6865	 | 	Valid Accuracy     : 0.8142 | 	Valid F1-score      : 0.7866

Epoch : 90
Train Loss     : 0.0702	 | 	Train Accuracy     : 1.0000
Valid Loss     : 0.6046	 | 	Valid Accuracy     : 0.8210 | 	Valid F1-score      : 0.8047

Epoch : 91
Train Loss     : 0.0681	 | 	Train Accuracy     : 1.0000
Valid Loss     : 0.6646	 | 	Valid Accuracy     : 0.8103 | 	Valid F1-score      : 0.7885

Epoch : 92
Train Loss     : 0.0660	 | 	Train Accuracy     : 1.0000
Valid Loss     : 0.6463	 | 	Valid Accuracy     : 0.8220 | 	Valid F1-score      : 0.7724

Epoch : 93
Train Loss     : 0.0637	 | 	Train Accuracy     : 1.0000
Valid Loss     : 0.6635	 | 	Valid Accuracy     : 0.8142 | 	Valid F1-score      : 0.8099

Epoch : 94
Train Loss     : 0.0621	 | 	Train Accuracy     : 1.0000
Valid Loss     : 0.6503	 | 	Valid Accuracy     : 0.8183 | 	Valid F1-score      : 0.8105

Epoch : 95
Train Loss     : 0.0599	 | 	Train Accuracy     : 1.0000
Valid Loss     : 0.6349	 | 	Valid Accuracy     : 0.8100 | 	Valid F1-score      : 0.7781

Epoch : 96
Train Loss     : 0.0571	 | 	Train Accuracy     : 1.0000
Valid Loss     : 0.6548	 | 	Valid Accuracy     : 0.8139 | 	Valid F1-score      : 0.7971

Epoch : 97
Train Loss     : 0.0567	 | 	Train Accuracy     : 1.0000
Valid Loss     : 0.6658	 | 	Valid Accuracy     : 0.8139 | 	Valid F1-score      : 0.7663

Epoch : 98
Train Loss     : 0.0565	 | 	Train Accuracy     : 1.0000
Valid Loss     : 0.6580	 | 	Valid Accuracy     : 0.8142 | 	Valid F1-score      : 0.7827

Epoch : 99
Train Loss     : 0.0539	 | 	Train Accuracy     : 1.0000
Valid Loss     : 0.6516	 | 	Valid Accuracy     : 0.8256 | 	Valid F1-score      : 0.8116

Epoch : 100
Train Loss     : 0.0526	 | 	Train Accuracy     : 1.0000
Valid Loss     : 0.6690	 | 	Valid Accuracy     : 0.8068 | 	Valid F1-score      : 0.7846

Evaluate on the Test set:
Test loss      :0.6647	 | Test Accuracy      : 0.8068	 | Test F1-score      : 0.7711

################## Training is Done! #########################
Training time is : 0:00:28.341546
