=============================================
Dataset: casas
Method:  Novel Human Activity
Mode:    fine_tune
=============================================
Data loaded ...
Training started ....

Epoch : 1
Train Loss     : 2.7039	 | 	Train Accuracy     : 0.0990
Valid Loss     : 2.6342	 | 	Valid Accuracy     : 0.1741 | 	Valid F1-score      : 0.0716

Epoch : 2
Train Loss     : 2.5746	 | 	Train Accuracy     : 0.1940
Valid Loss     : 2.5439	 | 	Valid Accuracy     : 0.3026 | 	Valid F1-score      : 0.2278

Epoch : 3
Train Loss     : 2.4597	 | 	Train Accuracy     : 0.3600
Valid Loss     : 2.4403	 | 	Valid Accuracy     : 0.4181 | 	Valid F1-score      : 0.3438

Epoch : 4
Train Loss     : 2.3363	 | 	Train Accuracy     : 0.5247
Valid Loss     : 2.3349	 | 	Valid Accuracy     : 0.5075 | 	Valid F1-score      : 0.4629

Epoch : 5
Train Loss     : 2.2194	 | 	Train Accuracy     : 0.6250
Valid Loss     : 2.2260	 | 	Valid Accuracy     : 0.5743 | 	Valid F1-score      : 0.5317

Epoch : 6
Train Loss     : 2.1023	 | 	Train Accuracy     : 0.7083
Valid Loss     : 2.1207	 | 	Valid Accuracy     : 0.6621 | 	Valid F1-score      : 0.6144

Epoch : 7
Train Loss     : 1.9885	 | 	Train Accuracy     : 0.7415
Valid Loss     : 2.0187	 | 	Valid Accuracy     : 0.6554 | 	Valid F1-score      : 0.5849

Epoch : 8
Train Loss     : 1.8752	 | 	Train Accuracy     : 0.7891
Valid Loss     : 1.9306	 | 	Valid Accuracy     : 0.6942 | 	Valid F1-score      : 0.6541

Epoch : 9
Train Loss     : 1.7775	 | 	Train Accuracy     : 0.7975
Valid Loss     : 1.8344	 | 	Valid Accuracy     : 0.6835 | 	Valid F1-score      : 0.5987

Epoch : 10
Train Loss     : 1.6797	 | 	Train Accuracy     : 0.8047
Valid Loss     : 1.7429	 | 	Valid Accuracy     : 0.7289 | 	Valid F1-score      : 0.6811

Epoch : 11
Train Loss     : 1.6089	 | 	Train Accuracy     : 0.8372
Valid Loss     : 1.6576	 | 	Valid Accuracy     : 0.7285 | 	Valid F1-score      : 0.6823

Epoch : 12
Train Loss     : 1.5100	 | 	Train Accuracy     : 0.8529
Valid Loss     : 1.5913	 | 	Valid Accuracy     : 0.7521 | 	Valid F1-score      : 0.7230

Epoch : 13
Train Loss     : 1.4120	 | 	Train Accuracy     : 0.8607
Valid Loss     : 1.5352	 | 	Valid Accuracy     : 0.7553 | 	Valid F1-score      : 0.7236

Epoch : 14
Train Loss     : 1.3425	 | 	Train Accuracy     : 0.8796
Valid Loss     : 1.4788	 | 	Valid Accuracy     : 0.7328 | 	Valid F1-score      : 0.6825

Epoch : 15
Train Loss     : 1.2993	 | 	Train Accuracy     : 0.8783
Valid Loss     : 1.4393	 | 	Valid Accuracy     : 0.7480 | 	Valid F1-score      : 0.7075

Epoch : 16
Train Loss     : 1.2180	 | 	Train Accuracy     : 0.9186
Valid Loss     : 1.4014	 | 	Valid Accuracy     : 0.7450 | 	Valid F1-score      : 0.7232

Epoch : 17
Train Loss     : 1.1588	 | 	Train Accuracy     : 0.9297
Valid Loss     : 1.3572	 | 	Valid Accuracy     : 0.7446 | 	Valid F1-score      : 0.7126

Epoch : 18
Train Loss     : 1.1124	 | 	Train Accuracy     : 0.9362
Valid Loss     : 1.2962	 | 	Valid Accuracy     : 0.7710 | 	Valid F1-score      : 0.7429

Epoch : 19
Train Loss     : 1.0445	 | 	Train Accuracy     : 0.9212
Valid Loss     : 1.2694	 | 	Valid Accuracy     : 0.7675 | 	Valid F1-score      : 0.7536

Epoch : 20
Train Loss     : 1.0093	 | 	Train Accuracy     : 0.9440
Valid Loss     : 1.2428	 | 	Valid Accuracy     : 0.7834 | 	Valid F1-score      : 0.7448

Epoch : 21
Train Loss     : 0.9677	 | 	Train Accuracy     : 0.9479
Valid Loss     : 1.2129	 | 	Valid Accuracy     : 0.7829 | 	Valid F1-score      : 0.7500

Epoch : 22
Train Loss     : 0.9120	 | 	Train Accuracy     : 0.9505
Valid Loss     : 1.1961	 | 	Valid Accuracy     : 0.7792 | 	Valid F1-score      : 0.7568

Epoch : 23
Train Loss     : 0.8680	 | 	Train Accuracy     : 0.9603
Valid Loss     : 1.1527	 | 	Valid Accuracy     : 0.7556 | 	Valid F1-score      : 0.7270

Epoch : 24
Train Loss     : 0.8398	 | 	Train Accuracy     : 0.9622
Valid Loss     : 1.1376	 | 	Valid Accuracy     : 0.7714 | 	Valid F1-score      : 0.7428

Epoch : 25
Train Loss     : 0.7871	 | 	Train Accuracy     : 0.9648
Valid Loss     : 1.1204	 | 	Valid Accuracy     : 0.7829 | 	Valid F1-score      : 0.7691

Epoch : 26
Train Loss     : 0.7536	 | 	Train Accuracy     : 0.9655
Valid Loss     : 1.0867	 | 	Valid Accuracy     : 0.7866 | 	Valid F1-score      : 0.7650

Epoch : 27
Train Loss     : 0.7202	 | 	Train Accuracy     : 0.9733
Valid Loss     : 1.0716	 | 	Valid Accuracy     : 0.7604 | 	Valid F1-score      : 0.7183

Epoch : 28
Train Loss     : 0.6840	 | 	Train Accuracy     : 0.9785
Valid Loss     : 1.0229	 | 	Valid Accuracy     : 0.7939 | 	Valid F1-score      : 0.7641

Epoch : 29
Train Loss     : 0.6631	 | 	Train Accuracy     : 0.9785
Valid Loss     : 1.0153	 | 	Valid Accuracy     : 0.7822 | 	Valid F1-score      : 0.7679

Epoch : 30
Train Loss     : 0.6375	 | 	Train Accuracy     : 0.9694
Valid Loss     : 1.0009	 | 	Valid Accuracy     : 0.7827 | 	Valid F1-score      : 0.7548

Epoch : 31
Train Loss     : 0.5998	 | 	Train Accuracy     : 0.9772
Valid Loss     : 0.9756	 | 	Valid Accuracy     : 0.7829 | 	Valid F1-score      : 0.7361

Epoch : 32
Train Loss     : 0.5781	 | 	Train Accuracy     : 0.9844
Valid Loss     : 0.9644	 | 	Valid Accuracy     : 0.7978 | 	Valid F1-score      : 0.8022

Epoch : 33
Train Loss     : 0.5503	 | 	Train Accuracy     : 0.9863
Valid Loss     : 1.0020	 | 	Valid Accuracy     : 0.7572 | 	Valid F1-score      : 0.7467

Epoch : 34
Train Loss     : 0.5345	 | 	Train Accuracy     : 0.9883
Valid Loss     : 0.9423	 | 	Valid Accuracy     : 0.7985 | 	Valid F1-score      : 0.7899

Epoch : 35
Train Loss     : 0.5128	 | 	Train Accuracy     : 0.9811
Valid Loss     : 0.9611	 | 	Valid Accuracy     : 0.7643 | 	Valid F1-score      : 0.7433

Epoch : 36
Train Loss     : 0.4908	 | 	Train Accuracy     : 0.9811
Valid Loss     : 0.9276	 | 	Valid Accuracy     : 0.7981 | 	Valid F1-score      : 0.7869

Epoch : 37
Train Loss     : 0.4801	 | 	Train Accuracy     : 0.9883
Valid Loss     : 0.9293	 | 	Valid Accuracy     : 0.7831 | 	Valid F1-score      : 0.7618

Epoch : 38
Train Loss     : 0.4604	 | 	Train Accuracy     : 0.9844
Valid Loss     : 0.8927	 | 	Valid Accuracy     : 0.7907 | 	Valid F1-score      : 0.7622

Epoch : 39
Train Loss     : 0.4394	 | 	Train Accuracy     : 0.9902
Valid Loss     : 0.8956	 | 	Valid Accuracy     : 0.7795 | 	Valid F1-score      : 0.7460

Epoch : 40
Train Loss     : 0.4173	 | 	Train Accuracy     : 0.9863
Valid Loss     : 0.8749	 | 	Valid Accuracy     : 0.7949 | 	Valid F1-score      : 0.7752

Epoch : 41
Train Loss     : 0.3982	 | 	Train Accuracy     : 0.9922
Valid Loss     : 0.8557	 | 	Valid Accuracy     : 0.8027 | 	Valid F1-score      : 0.7804

Epoch : 42
Train Loss     : 0.3919	 | 	Train Accuracy     : 0.9870
Valid Loss     : 0.8870	 | 	Valid Accuracy     : 0.7875 | 	Valid F1-score      : 0.7682

Epoch : 43
Train Loss     : 0.3665	 | 	Train Accuracy     : 0.9922
Valid Loss     : 0.8768	 | 	Valid Accuracy     : 0.7834 | 	Valid F1-score      : 0.7687

Epoch : 44
Train Loss     : 0.3617	 | 	Train Accuracy     : 0.9870
Valid Loss     : 0.8193	 | 	Valid Accuracy     : 0.7902 | 	Valid F1-score      : 0.7722

Epoch : 45
Train Loss     : 0.3421	 | 	Train Accuracy     : 0.9941
Valid Loss     : 0.8705	 | 	Valid Accuracy     : 0.7599 | 	Valid F1-score      : 0.7161

Epoch : 46
Train Loss     : 0.3382	 | 	Train Accuracy     : 0.9909
Valid Loss     : 0.8528	 | 	Valid Accuracy     : 0.7714 | 	Valid F1-score      : 0.7417

Epoch : 47
Train Loss     : 0.3203	 | 	Train Accuracy     : 0.9961
Valid Loss     : 0.8306	 | 	Valid Accuracy     : 0.8020 | 	Valid F1-score      : 0.7819

Epoch : 48
Train Loss     : 0.3058	 | 	Train Accuracy     : 0.9922
Valid Loss     : 0.8683	 | 	Valid Accuracy     : 0.7912 | 	Valid F1-score      : 0.7700

Epoch : 49
Train Loss     : 0.2982	 | 	Train Accuracy     : 0.9870
Valid Loss     : 0.8362	 | 	Valid Accuracy     : 0.7790 | 	Valid F1-score      : 0.7587

Epoch : 50
Train Loss     : 0.2875	 | 	Train Accuracy     : 0.9941
Valid Loss     : 0.8816	 | 	Valid Accuracy     : 0.7643 | 	Valid F1-score      : 0.7517

Epoch : 51
Train Loss     : 0.2751	 | 	Train Accuracy     : 0.9922
Valid Loss     : 0.8139	 | 	Valid Accuracy     : 0.7905 | 	Valid F1-score      : 0.7510

Epoch : 52
Train Loss     : 0.2624	 | 	Train Accuracy     : 0.9941
Valid Loss     : 0.8240	 | 	Valid Accuracy     : 0.7831 | 	Valid F1-score      : 0.7748

Epoch : 53
Train Loss     : 0.2521	 | 	Train Accuracy     : 0.9961
Valid Loss     : 0.8291	 | 	Valid Accuracy     : 0.7678 | 	Valid F1-score      : 0.7366

Epoch : 54
Train Loss     : 0.2426	 | 	Train Accuracy     : 0.9961
Valid Loss     : 0.8081	 | 	Valid Accuracy     : 0.7790 | 	Valid F1-score      : 0.7458

Epoch : 55
Train Loss     : 0.2309	 | 	Train Accuracy     : 0.9980
Valid Loss     : 0.8108	 | 	Valid Accuracy     : 0.7638 | 	Valid F1-score      : 0.7311

Epoch : 56
Train Loss     : 0.2212	 | 	Train Accuracy     : 0.9980
Valid Loss     : 0.8198	 | 	Valid Accuracy     : 0.7719 | 	Valid F1-score      : 0.7652

Epoch : 57
Train Loss     : 0.2167	 | 	Train Accuracy     : 0.9980
Valid Loss     : 0.7643	 | 	Valid Accuracy     : 0.7861 | 	Valid F1-score      : 0.7786

Epoch : 58
Train Loss     : 0.2075	 | 	Train Accuracy     : 0.9980
Valid Loss     : 0.8078	 | 	Valid Accuracy     : 0.7792 | 	Valid F1-score      : 0.7661

Epoch : 59
Train Loss     : 0.1985	 | 	Train Accuracy     : 0.9980
Valid Loss     : 0.8334	 | 	Valid Accuracy     : 0.7719 | 	Valid F1-score      : 0.7062

Epoch : 60
Train Loss     : 0.1927	 | 	Train Accuracy     : 0.9980
Valid Loss     : 0.7789	 | 	Valid Accuracy     : 0.7939 | 	Valid F1-score      : 0.7436

Epoch : 61
Train Loss     : 0.1866	 | 	Train Accuracy     : 0.9980
Valid Loss     : 0.8117	 | 	Valid Accuracy     : 0.7682 | 	Valid F1-score      : 0.7241

Epoch : 62
Train Loss     : 0.1867	 | 	Train Accuracy     : 0.9980
Valid Loss     : 0.7769	 | 	Valid Accuracy     : 0.7905 | 	Valid F1-score      : 0.7724

Epoch : 63
Train Loss     : 0.1757	 | 	Train Accuracy     : 0.9980
Valid Loss     : 0.7706	 | 	Valid Accuracy     : 0.7907 | 	Valid F1-score      : 0.7656

Epoch : 64
Train Loss     : 0.1708	 | 	Train Accuracy     : 0.9980
Valid Loss     : 0.7882	 | 	Valid Accuracy     : 0.7719 | 	Valid F1-score      : 0.7302

Epoch : 65
Train Loss     : 0.1675	 | 	Train Accuracy     : 0.9961
Valid Loss     : 0.7640	 | 	Valid Accuracy     : 0.7788 | 	Valid F1-score      : 0.7423

Epoch : 66
Train Loss     : 0.1594	 | 	Train Accuracy     : 0.9980
Valid Loss     : 0.7650	 | 	Valid Accuracy     : 0.7912 | 	Valid F1-score      : 0.7496

Epoch : 67
Train Loss     : 0.1554	 | 	Train Accuracy     : 0.9980
Valid Loss     : 0.7476	 | 	Valid Accuracy     : 0.7978 | 	Valid F1-score      : 0.7650

Epoch : 68
Train Loss     : 0.1524	 | 	Train Accuracy     : 0.9980
Valid Loss     : 0.7972	 | 	Valid Accuracy     : 0.7675 | 	Valid F1-score      : 0.7245

Epoch : 69
Train Loss     : 0.1499	 | 	Train Accuracy     : 0.9941
Valid Loss     : 0.8182	 | 	Valid Accuracy     : 0.7565 | 	Valid F1-score      : 0.7233

Epoch : 70
Train Loss     : 0.1442	 | 	Train Accuracy     : 0.9980
Valid Loss     : 0.8045	 | 	Valid Accuracy     : 0.7788 | 	Valid F1-score      : 0.7358

Epoch : 71
Train Loss     : 0.1389	 | 	Train Accuracy     : 0.9980
Valid Loss     : 0.7813	 | 	Valid Accuracy     : 0.7905 | 	Valid F1-score      : 0.7499

Epoch : 72
Train Loss     : 0.1344	 | 	Train Accuracy     : 0.9980
Valid Loss     : 0.7762	 | 	Valid Accuracy     : 0.7788 | 	Valid F1-score      : 0.7272

Epoch : 73
Train Loss     : 0.1284	 | 	Train Accuracy     : 0.9980
Valid Loss     : 0.8092	 | 	Valid Accuracy     : 0.7638 | 	Valid F1-score      : 0.7328

Epoch : 74
Train Loss     : 0.1249	 | 	Train Accuracy     : 0.9980
Valid Loss     : 0.7337	 | 	Valid Accuracy     : 0.7973 | 	Valid F1-score      : 0.7823

Epoch : 75
Train Loss     : 0.1209	 | 	Train Accuracy     : 0.9980
Valid Loss     : 0.7889	 | 	Valid Accuracy     : 0.7673 | 	Valid F1-score      : 0.7371

Epoch : 76
Train Loss     : 0.1151	 | 	Train Accuracy     : 0.9961
Valid Loss     : 0.8374	 | 	Valid Accuracy     : 0.7680 | 	Valid F1-score      : 0.7506

Epoch : 77
Train Loss     : 0.1140	 | 	Train Accuracy     : 0.9980
Valid Loss     : 0.7464	 | 	Valid Accuracy     : 0.7866 | 	Valid F1-score      : 0.7774

Epoch : 78
Train Loss     : 0.1094	 | 	Train Accuracy     : 0.9961
Valid Loss     : 0.7385	 | 	Valid Accuracy     : 0.7983 | 	Valid F1-score      : 0.7855

Epoch : 79
Train Loss     : 0.1126	 | 	Train Accuracy     : 0.9980
Valid Loss     : 0.7785	 | 	Valid Accuracy     : 0.7834 | 	Valid F1-score      : 0.7752

Epoch : 80
Train Loss     : 0.1073	 | 	Train Accuracy     : 0.9980
Valid Loss     : 0.7866	 | 	Valid Accuracy     : 0.7905 | 	Valid F1-score      : 0.7594

Epoch : 81
Train Loss     : 0.1034	 | 	Train Accuracy     : 0.9980
Valid Loss     : 0.8072	 | 	Valid Accuracy     : 0.7714 | 	Valid F1-score      : 0.7267

Epoch : 82
Train Loss     : 0.0961	 | 	Train Accuracy     : 0.9980
Valid Loss     : 0.8275	 | 	Valid Accuracy     : 0.7638 | 	Valid F1-score      : 0.7203

Epoch : 83
Train Loss     : 0.0928	 | 	Train Accuracy     : 1.0000
Valid Loss     : 0.8083	 | 	Valid Accuracy     : 0.7636 | 	Valid F1-score      : 0.7272

Epoch : 84
Train Loss     : 0.0935	 | 	Train Accuracy     : 1.0000
Valid Loss     : 0.7722	 | 	Valid Accuracy     : 0.7636 | 	Valid F1-score      : 0.7057

Epoch : 85
Train Loss     : 0.0899	 | 	Train Accuracy     : 0.9980
Valid Loss     : 0.7355	 | 	Valid Accuracy     : 0.7822 | 	Valid F1-score      : 0.7648

Epoch : 86
Train Loss     : 0.0879	 | 	Train Accuracy     : 0.9980
Valid Loss     : 0.7436	 | 	Valid Accuracy     : 0.7822 | 	Valid F1-score      : 0.7484

Epoch : 87
Train Loss     : 0.0902	 | 	Train Accuracy     : 0.9980
Valid Loss     : 0.7966	 | 	Valid Accuracy     : 0.7673 | 	Valid F1-score      : 0.7312

Epoch : 88
Train Loss     : 0.0799	 | 	Train Accuracy     : 0.9980
Valid Loss     : 0.7684	 | 	Valid Accuracy     : 0.7636 | 	Valid F1-score      : 0.7004

Epoch : 89
Train Loss     : 0.0803	 | 	Train Accuracy     : 0.9980
Valid Loss     : 0.8051	 | 	Valid Accuracy     : 0.7673 | 	Valid F1-score      : 0.7378

Epoch : 90
Train Loss     : 0.0726	 | 	Train Accuracy     : 1.0000
Valid Loss     : 0.7696	 | 	Valid Accuracy     : 0.7558 | 	Valid F1-score      : 0.7436

Epoch : 91
Train Loss     : 0.0710	 | 	Train Accuracy     : 1.0000
Valid Loss     : 0.7994	 | 	Valid Accuracy     : 0.7560 | 	Valid F1-score      : 0.7231

Epoch : 92
Train Loss     : 0.0691	 | 	Train Accuracy     : 1.0000
Valid Loss     : 0.7769	 | 	Valid Accuracy     : 0.7602 | 	Valid F1-score      : 0.7180

Epoch : 93
Train Loss     : 0.0658	 | 	Train Accuracy     : 1.0000
Valid Loss     : 0.7902	 | 	Valid Accuracy     : 0.7712 | 	Valid F1-score      : 0.7553

Epoch : 94
Train Loss     : 0.0656	 | 	Train Accuracy     : 1.0000
Valid Loss     : 0.7816	 | 	Valid Accuracy     : 0.7597 | 	Valid F1-score      : 0.7368

Epoch : 95
Train Loss     : 0.0625	 | 	Train Accuracy     : 1.0000
Valid Loss     : 0.7789	 | 	Valid Accuracy     : 0.7673 | 	Valid F1-score      : 0.7272

Epoch : 96
Train Loss     : 0.0603	 | 	Train Accuracy     : 0.9980
Valid Loss     : 0.8036	 | 	Valid Accuracy     : 0.7560 | 	Valid F1-score      : 0.7226

Epoch : 97
Train Loss     : 0.0578	 | 	Train Accuracy     : 1.0000
Valid Loss     : 0.8148	 | 	Valid Accuracy     : 0.7641 | 	Valid F1-score      : 0.7321

Epoch : 98
Train Loss     : 0.0579	 | 	Train Accuracy     : 1.0000
Valid Loss     : 0.8067	 | 	Valid Accuracy     : 0.7678 | 	Valid F1-score      : 0.7287

Epoch : 99
Train Loss     : 0.0557	 | 	Train Accuracy     : 1.0000
Valid Loss     : 0.7620	 | 	Valid Accuracy     : 0.7634 | 	Valid F1-score      : 0.7473

Epoch : 100
Train Loss     : 0.0537	 | 	Train Accuracy     : 1.0000
Valid Loss     : 0.7892	 | 	Valid Accuracy     : 0.7749 | 	Valid F1-score      : 0.7057

Evaluate on the Test set:
Test loss      :0.8297	 | Test Accuracy      : 0.7448	 | Test F1-score      : 0.7238

################## Training is Done! #########################
Training time is : 0:00:28.867629
